ARM GAS  C:\Users\Admin\AppData\Local\Temp\cc2Wi0Kj.s 			page 1


   1              		.cpu cortex-m3
   2              		.arch armv7-m
   3              		.fpu softvfp
   4              		.eabi_attribute 20, 1
   5              		.eabi_attribute 21, 1
   6              		.eabi_attribute 23, 3
   7              		.eabi_attribute 24, 1
   8              		.eabi_attribute 25, 1
   9              		.eabi_attribute 26, 1
  10              		.eabi_attribute 30, 1
  11              		.eabi_attribute 34, 1
  12              		.eabi_attribute 18, 4
  13              		.file	"stm32f1xx_hal_msp.c"
  14              		.text
  15              	.Ltext0:
  16              		.cfi_sections	.debug_frame
  17              		.section	.text.HAL_MspInit,"ax",%progbits
  18              		.align	1
  19              		.global	HAL_MspInit
  20              		.syntax unified
  21              		.thumb
  22              		.thumb_func
  24              	HAL_MspInit:
  25              	.LFB65:
  26              		.file 1 "Core/Src/stm32f1xx_hal_msp.c"
   1:Core/Src/stm32f1xx_hal_msp.c **** /* USER CODE BEGIN Header */
   2:Core/Src/stm32f1xx_hal_msp.c **** /**
   3:Core/Src/stm32f1xx_hal_msp.c ****   ******************************************************************************
   4:Core/Src/stm32f1xx_hal_msp.c ****   * @file         stm32f1xx_hal_msp.c
   5:Core/Src/stm32f1xx_hal_msp.c ****   * @brief        This file provides code for the MSP Initialization
   6:Core/Src/stm32f1xx_hal_msp.c ****   *               and de-Initialization codes.
   7:Core/Src/stm32f1xx_hal_msp.c ****   ******************************************************************************
   8:Core/Src/stm32f1xx_hal_msp.c ****   * @attention
   9:Core/Src/stm32f1xx_hal_msp.c ****   *
  10:Core/Src/stm32f1xx_hal_msp.c ****   * Copyright (c) 2022 STMicroelectronics.
  11:Core/Src/stm32f1xx_hal_msp.c ****   * All rights reserved.
  12:Core/Src/stm32f1xx_hal_msp.c ****   *
  13:Core/Src/stm32f1xx_hal_msp.c ****   * This software is licensed under terms that can be found in the LICENSE file
  14:Core/Src/stm32f1xx_hal_msp.c ****   * in the root directory of this software component.
  15:Core/Src/stm32f1xx_hal_msp.c ****   * If no LICENSE file comes with this software, it is provided AS-IS.
  16:Core/Src/stm32f1xx_hal_msp.c ****   *
  17:Core/Src/stm32f1xx_hal_msp.c ****   ******************************************************************************
  18:Core/Src/stm32f1xx_hal_msp.c ****   */
  19:Core/Src/stm32f1xx_hal_msp.c **** /* USER CODE END Header */
  20:Core/Src/stm32f1xx_hal_msp.c **** 
  21:Core/Src/stm32f1xx_hal_msp.c **** /* Includes ------------------------------------------------------------------*/
  22:Core/Src/stm32f1xx_hal_msp.c **** #include "main.h"
  23:Core/Src/stm32f1xx_hal_msp.c **** /* USER CODE BEGIN Includes */
  24:Core/Src/stm32f1xx_hal_msp.c **** 
  25:Core/Src/stm32f1xx_hal_msp.c **** /* USER CODE END Includes */
  26:Core/Src/stm32f1xx_hal_msp.c **** 
  27:Core/Src/stm32f1xx_hal_msp.c **** /* Private typedef -----------------------------------------------------------*/
  28:Core/Src/stm32f1xx_hal_msp.c **** /* USER CODE BEGIN TD */
  29:Core/Src/stm32f1xx_hal_msp.c **** 
  30:Core/Src/stm32f1xx_hal_msp.c **** /* USER CODE END TD */
  31:Core/Src/stm32f1xx_hal_msp.c **** 
  32:Core/Src/stm32f1xx_hal_msp.c **** /* Private define ------------------------------------------------------------*/
ARM GAS  C:\Users\Admin\AppData\Local\Temp\cc2Wi0Kj.s 			page 2


  33:Core/Src/stm32f1xx_hal_msp.c **** /* USER CODE BEGIN Define */
  34:Core/Src/stm32f1xx_hal_msp.c **** 
  35:Core/Src/stm32f1xx_hal_msp.c **** /* USER CODE END Define */
  36:Core/Src/stm32f1xx_hal_msp.c **** 
  37:Core/Src/stm32f1xx_hal_msp.c **** /* Private macro -------------------------------------------------------------*/
  38:Core/Src/stm32f1xx_hal_msp.c **** /* USER CODE BEGIN Macro */
  39:Core/Src/stm32f1xx_hal_msp.c **** 
  40:Core/Src/stm32f1xx_hal_msp.c **** /* USER CODE END Macro */
  41:Core/Src/stm32f1xx_hal_msp.c **** 
  42:Core/Src/stm32f1xx_hal_msp.c **** /* Private variables ---------------------------------------------------------*/
  43:Core/Src/stm32f1xx_hal_msp.c **** /* USER CODE BEGIN PV */
  44:Core/Src/stm32f1xx_hal_msp.c **** 
  45:Core/Src/stm32f1xx_hal_msp.c **** /* USER CODE END PV */
  46:Core/Src/stm32f1xx_hal_msp.c **** 
  47:Core/Src/stm32f1xx_hal_msp.c **** /* Private function prototypes -----------------------------------------------*/
  48:Core/Src/stm32f1xx_hal_msp.c **** /* USER CODE BEGIN PFP */
  49:Core/Src/stm32f1xx_hal_msp.c **** 
  50:Core/Src/stm32f1xx_hal_msp.c **** /* USER CODE END PFP */
  51:Core/Src/stm32f1xx_hal_msp.c **** 
  52:Core/Src/stm32f1xx_hal_msp.c **** /* External functions --------------------------------------------------------*/
  53:Core/Src/stm32f1xx_hal_msp.c **** /* USER CODE BEGIN ExternalFunctions */
  54:Core/Src/stm32f1xx_hal_msp.c **** 
  55:Core/Src/stm32f1xx_hal_msp.c **** /* USER CODE END ExternalFunctions */
  56:Core/Src/stm32f1xx_hal_msp.c **** 
  57:Core/Src/stm32f1xx_hal_msp.c **** /* USER CODE BEGIN 0 */
  58:Core/Src/stm32f1xx_hal_msp.c **** 
  59:Core/Src/stm32f1xx_hal_msp.c **** /* USER CODE END 0 */
  60:Core/Src/stm32f1xx_hal_msp.c **** /**
  61:Core/Src/stm32f1xx_hal_msp.c ****   * Initializes the Global MSP.
  62:Core/Src/stm32f1xx_hal_msp.c ****   */
  63:Core/Src/stm32f1xx_hal_msp.c **** void HAL_MspInit(void)
  64:Core/Src/stm32f1xx_hal_msp.c **** {
  27              		.loc 1 64 1 view -0
  28              		.cfi_startproc
  29              		@ args = 0, pretend = 0, frame = 8
  30              		@ frame_needed = 0, uses_anonymous_args = 0
  31              		@ link register save eliminated.
  32 0000 82B0     		sub	sp, sp, #8
  33              	.LCFI0:
  34              		.cfi_def_cfa_offset 8
  65:Core/Src/stm32f1xx_hal_msp.c ****   /* USER CODE BEGIN MspInit 0 */
  66:Core/Src/stm32f1xx_hal_msp.c **** 
  67:Core/Src/stm32f1xx_hal_msp.c ****   /* USER CODE END MspInit 0 */
  68:Core/Src/stm32f1xx_hal_msp.c **** 
  69:Core/Src/stm32f1xx_hal_msp.c ****   __HAL_RCC_AFIO_CLK_ENABLE();
  35              		.loc 1 69 3 view .LVU1
  36              	.LBB2:
  37              		.loc 1 69 3 view .LVU2
  38              		.loc 1 69 3 view .LVU3
  39 0002 0E4B     		ldr	r3, .L3
  40 0004 9A69     		ldr	r2, [r3, #24]
  41 0006 42F00102 		orr	r2, r2, #1
  42 000a 9A61     		str	r2, [r3, #24]
  43              		.loc 1 69 3 view .LVU4
  44 000c 9A69     		ldr	r2, [r3, #24]
  45 000e 02F00102 		and	r2, r2, #1
  46 0012 0092     		str	r2, [sp]
ARM GAS  C:\Users\Admin\AppData\Local\Temp\cc2Wi0Kj.s 			page 3


  47              		.loc 1 69 3 view .LVU5
  48 0014 009A     		ldr	r2, [sp]
  49              	.LBE2:
  50              		.loc 1 69 3 view .LVU6
  70:Core/Src/stm32f1xx_hal_msp.c ****   __HAL_RCC_PWR_CLK_ENABLE();
  51              		.loc 1 70 3 view .LVU7
  52              	.LBB3:
  53              		.loc 1 70 3 view .LVU8
  54              		.loc 1 70 3 view .LVU9
  55 0016 DA69     		ldr	r2, [r3, #28]
  56 0018 42F08052 		orr	r2, r2, #268435456
  57 001c DA61     		str	r2, [r3, #28]
  58              		.loc 1 70 3 view .LVU10
  59 001e DB69     		ldr	r3, [r3, #28]
  60 0020 03F08053 		and	r3, r3, #268435456
  61 0024 0193     		str	r3, [sp, #4]
  62              		.loc 1 70 3 view .LVU11
  63 0026 019B     		ldr	r3, [sp, #4]
  64              	.LBE3:
  65              		.loc 1 70 3 view .LVU12
  71:Core/Src/stm32f1xx_hal_msp.c **** 
  72:Core/Src/stm32f1xx_hal_msp.c ****   /* System interrupt init*/
  73:Core/Src/stm32f1xx_hal_msp.c **** 
  74:Core/Src/stm32f1xx_hal_msp.c ****   /** NOJTAG: JTAG-DP Disabled and SW-DP Enabled
  75:Core/Src/stm32f1xx_hal_msp.c ****   */
  76:Core/Src/stm32f1xx_hal_msp.c ****   __HAL_AFIO_REMAP_SWJ_NOJTAG();
  66              		.loc 1 76 3 view .LVU13
  67              	.LBB4:
  68              		.loc 1 76 3 view .LVU14
  69 0028 054A     		ldr	r2, .L3+4
  70 002a 5368     		ldr	r3, [r2, #4]
  71              	.LVL0:
  72              		.loc 1 76 3 view .LVU15
  73 002c 23F0E063 		bic	r3, r3, #117440512
  74              	.LVL1:
  75              		.loc 1 76 3 view .LVU16
  76 0030 43F00073 		orr	r3, r3, #33554432
  77              	.LVL2:
  78              		.loc 1 76 3 view .LVU17
  79 0034 5360     		str	r3, [r2, #4]
  80              	.LBE4:
  81              		.loc 1 76 3 view .LVU18
  77:Core/Src/stm32f1xx_hal_msp.c **** 
  78:Core/Src/stm32f1xx_hal_msp.c ****   /* USER CODE BEGIN MspInit 1 */
  79:Core/Src/stm32f1xx_hal_msp.c **** 
  80:Core/Src/stm32f1xx_hal_msp.c ****   /* USER CODE END MspInit 1 */
  81:Core/Src/stm32f1xx_hal_msp.c **** }
  82              		.loc 1 81 1 is_stmt 0 view .LVU19
  83 0036 02B0     		add	sp, sp, #8
  84              	.LCFI1:
  85              		.cfi_def_cfa_offset 0
  86              		@ sp needed
  87 0038 7047     		bx	lr
  88              	.L4:
  89 003a 00BF     		.align	2
  90              	.L3:
  91 003c 00100240 		.word	1073876992
ARM GAS  C:\Users\Admin\AppData\Local\Temp\cc2Wi0Kj.s 			page 4


  92 0040 00000140 		.word	1073807360
  93              		.cfi_endproc
  94              	.LFE65:
  96              		.section	.text.HAL_ADC_MspInit,"ax",%progbits
  97              		.align	1
  98              		.global	HAL_ADC_MspInit
  99              		.syntax unified
 100              		.thumb
 101              		.thumb_func
 103              	HAL_ADC_MspInit:
 104              	.LVL3:
 105              	.LFB66:
  82:Core/Src/stm32f1xx_hal_msp.c **** 
  83:Core/Src/stm32f1xx_hal_msp.c **** /**
  84:Core/Src/stm32f1xx_hal_msp.c **** * @brief ADC MSP Initialization
  85:Core/Src/stm32f1xx_hal_msp.c **** * This function configures the hardware resources used in this example
  86:Core/Src/stm32f1xx_hal_msp.c **** * @param hadc: ADC handle pointer
  87:Core/Src/stm32f1xx_hal_msp.c **** * @retval None
  88:Core/Src/stm32f1xx_hal_msp.c **** */
  89:Core/Src/stm32f1xx_hal_msp.c **** void HAL_ADC_MspInit(ADC_HandleTypeDef* hadc)
  90:Core/Src/stm32f1xx_hal_msp.c **** {
 106              		.loc 1 90 1 is_stmt 1 view -0
 107              		.cfi_startproc
 108              		@ args = 0, pretend = 0, frame = 24
 109              		@ frame_needed = 0, uses_anonymous_args = 0
 110              		.loc 1 90 1 is_stmt 0 view .LVU21
 111 0000 00B5     		push	{lr}
 112              	.LCFI2:
 113              		.cfi_def_cfa_offset 4
 114              		.cfi_offset 14, -4
 115 0002 87B0     		sub	sp, sp, #28
 116              	.LCFI3:
 117              		.cfi_def_cfa_offset 32
  91:Core/Src/stm32f1xx_hal_msp.c ****   GPIO_InitTypeDef GPIO_InitStruct = {0};
 118              		.loc 1 91 3 is_stmt 1 view .LVU22
 119              		.loc 1 91 20 is_stmt 0 view .LVU23
 120 0004 0023     		movs	r3, #0
 121 0006 0293     		str	r3, [sp, #8]
 122 0008 0393     		str	r3, [sp, #12]
 123 000a 0493     		str	r3, [sp, #16]
 124 000c 0593     		str	r3, [sp, #20]
  92:Core/Src/stm32f1xx_hal_msp.c ****   if(hadc->Instance==ADC1)
 125              		.loc 1 92 3 is_stmt 1 view .LVU24
 126              		.loc 1 92 10 is_stmt 0 view .LVU25
 127 000e 0268     		ldr	r2, [r0]
 128              		.loc 1 92 5 view .LVU26
 129 0010 114B     		ldr	r3, .L9
 130 0012 9A42     		cmp	r2, r3
 131 0014 02D0     		beq	.L8
 132              	.LVL4:
 133              	.L5:
  93:Core/Src/stm32f1xx_hal_msp.c ****   {
  94:Core/Src/stm32f1xx_hal_msp.c ****   /* USER CODE BEGIN ADC1_MspInit 0 */
  95:Core/Src/stm32f1xx_hal_msp.c **** 
  96:Core/Src/stm32f1xx_hal_msp.c ****   /* USER CODE END ADC1_MspInit 0 */
  97:Core/Src/stm32f1xx_hal_msp.c ****     /* Peripheral clock enable */
  98:Core/Src/stm32f1xx_hal_msp.c ****     __HAL_RCC_ADC1_CLK_ENABLE();
ARM GAS  C:\Users\Admin\AppData\Local\Temp\cc2Wi0Kj.s 			page 5


  99:Core/Src/stm32f1xx_hal_msp.c **** 
 100:Core/Src/stm32f1xx_hal_msp.c ****     __HAL_RCC_GPIOA_CLK_ENABLE();
 101:Core/Src/stm32f1xx_hal_msp.c ****     /**ADC1 GPIO Configuration
 102:Core/Src/stm32f1xx_hal_msp.c ****     PA0-WKUP     ------> ADC1_IN0
 103:Core/Src/stm32f1xx_hal_msp.c ****     */
 104:Core/Src/stm32f1xx_hal_msp.c ****     GPIO_InitStruct.Pin = GPIO_PIN_0;
 105:Core/Src/stm32f1xx_hal_msp.c ****     GPIO_InitStruct.Mode = GPIO_MODE_ANALOG;
 106:Core/Src/stm32f1xx_hal_msp.c ****     HAL_GPIO_Init(GPIOA, &GPIO_InitStruct);
 107:Core/Src/stm32f1xx_hal_msp.c **** 
 108:Core/Src/stm32f1xx_hal_msp.c ****   /* USER CODE BEGIN ADC1_MspInit 1 */
 109:Core/Src/stm32f1xx_hal_msp.c **** 
 110:Core/Src/stm32f1xx_hal_msp.c ****   /* USER CODE END ADC1_MspInit 1 */
 111:Core/Src/stm32f1xx_hal_msp.c ****   }
 112:Core/Src/stm32f1xx_hal_msp.c **** 
 113:Core/Src/stm32f1xx_hal_msp.c **** }
 134              		.loc 1 113 1 view .LVU27
 135 0016 07B0     		add	sp, sp, #28
 136              	.LCFI4:
 137              		.cfi_remember_state
 138              		.cfi_def_cfa_offset 4
 139              		@ sp needed
 140 0018 5DF804FB 		ldr	pc, [sp], #4
 141              	.LVL5:
 142              	.L8:
 143              	.LCFI5:
 144              		.cfi_restore_state
  98:Core/Src/stm32f1xx_hal_msp.c **** 
 145              		.loc 1 98 5 is_stmt 1 view .LVU28
 146              	.LBB5:
  98:Core/Src/stm32f1xx_hal_msp.c **** 
 147              		.loc 1 98 5 view .LVU29
  98:Core/Src/stm32f1xx_hal_msp.c **** 
 148              		.loc 1 98 5 view .LVU30
 149 001c 03F56C43 		add	r3, r3, #60416
 150 0020 9A69     		ldr	r2, [r3, #24]
 151 0022 42F40072 		orr	r2, r2, #512
 152 0026 9A61     		str	r2, [r3, #24]
  98:Core/Src/stm32f1xx_hal_msp.c **** 
 153              		.loc 1 98 5 view .LVU31
 154 0028 9A69     		ldr	r2, [r3, #24]
 155 002a 02F40072 		and	r2, r2, #512
 156 002e 0092     		str	r2, [sp]
  98:Core/Src/stm32f1xx_hal_msp.c **** 
 157              		.loc 1 98 5 view .LVU32
 158 0030 009A     		ldr	r2, [sp]
 159              	.LBE5:
  98:Core/Src/stm32f1xx_hal_msp.c **** 
 160              		.loc 1 98 5 view .LVU33
 100:Core/Src/stm32f1xx_hal_msp.c ****     /**ADC1 GPIO Configuration
 161              		.loc 1 100 5 view .LVU34
 162              	.LBB6:
 100:Core/Src/stm32f1xx_hal_msp.c ****     /**ADC1 GPIO Configuration
 163              		.loc 1 100 5 view .LVU35
 100:Core/Src/stm32f1xx_hal_msp.c ****     /**ADC1 GPIO Configuration
 164              		.loc 1 100 5 view .LVU36
 165 0032 9A69     		ldr	r2, [r3, #24]
 166 0034 42F00402 		orr	r2, r2, #4
ARM GAS  C:\Users\Admin\AppData\Local\Temp\cc2Wi0Kj.s 			page 6


 167 0038 9A61     		str	r2, [r3, #24]
 100:Core/Src/stm32f1xx_hal_msp.c ****     /**ADC1 GPIO Configuration
 168              		.loc 1 100 5 view .LVU37
 169 003a 9B69     		ldr	r3, [r3, #24]
 170 003c 03F00403 		and	r3, r3, #4
 171 0040 0193     		str	r3, [sp, #4]
 100:Core/Src/stm32f1xx_hal_msp.c ****     /**ADC1 GPIO Configuration
 172              		.loc 1 100 5 view .LVU38
 173 0042 019B     		ldr	r3, [sp, #4]
 174              	.LBE6:
 100:Core/Src/stm32f1xx_hal_msp.c ****     /**ADC1 GPIO Configuration
 175              		.loc 1 100 5 view .LVU39
 104:Core/Src/stm32f1xx_hal_msp.c ****     GPIO_InitStruct.Mode = GPIO_MODE_ANALOG;
 176              		.loc 1 104 5 view .LVU40
 104:Core/Src/stm32f1xx_hal_msp.c ****     GPIO_InitStruct.Mode = GPIO_MODE_ANALOG;
 177              		.loc 1 104 25 is_stmt 0 view .LVU41
 178 0044 0123     		movs	r3, #1
 179 0046 0293     		str	r3, [sp, #8]
 105:Core/Src/stm32f1xx_hal_msp.c ****     HAL_GPIO_Init(GPIOA, &GPIO_InitStruct);
 180              		.loc 1 105 5 is_stmt 1 view .LVU42
 105:Core/Src/stm32f1xx_hal_msp.c ****     HAL_GPIO_Init(GPIOA, &GPIO_InitStruct);
 181              		.loc 1 105 26 is_stmt 0 view .LVU43
 182 0048 0323     		movs	r3, #3
 183 004a 0393     		str	r3, [sp, #12]
 106:Core/Src/stm32f1xx_hal_msp.c **** 
 184              		.loc 1 106 5 is_stmt 1 view .LVU44
 185 004c 02A9     		add	r1, sp, #8
 186 004e 0348     		ldr	r0, .L9+4
 187              	.LVL6:
 106:Core/Src/stm32f1xx_hal_msp.c **** 
 188              		.loc 1 106 5 is_stmt 0 view .LVU45
 189 0050 FFF7FEFF 		bl	HAL_GPIO_Init
 190              	.LVL7:
 191              		.loc 1 113 1 view .LVU46
 192 0054 DFE7     		b	.L5
 193              	.L10:
 194 0056 00BF     		.align	2
 195              	.L9:
 196 0058 00240140 		.word	1073816576
 197 005c 00080140 		.word	1073809408
 198              		.cfi_endproc
 199              	.LFE66:
 201              		.section	.text.HAL_ADC_MspDeInit,"ax",%progbits
 202              		.align	1
 203              		.global	HAL_ADC_MspDeInit
 204              		.syntax unified
 205              		.thumb
 206              		.thumb_func
 208              	HAL_ADC_MspDeInit:
 209              	.LVL8:
 210              	.LFB67:
 114:Core/Src/stm32f1xx_hal_msp.c **** 
 115:Core/Src/stm32f1xx_hal_msp.c **** /**
 116:Core/Src/stm32f1xx_hal_msp.c **** * @brief ADC MSP De-Initialization
 117:Core/Src/stm32f1xx_hal_msp.c **** * This function freeze the hardware resources used in this example
 118:Core/Src/stm32f1xx_hal_msp.c **** * @param hadc: ADC handle pointer
 119:Core/Src/stm32f1xx_hal_msp.c **** * @retval None
ARM GAS  C:\Users\Admin\AppData\Local\Temp\cc2Wi0Kj.s 			page 7


 120:Core/Src/stm32f1xx_hal_msp.c **** */
 121:Core/Src/stm32f1xx_hal_msp.c **** void HAL_ADC_MspDeInit(ADC_HandleTypeDef* hadc)
 122:Core/Src/stm32f1xx_hal_msp.c **** {
 211              		.loc 1 122 1 is_stmt 1 view -0
 212              		.cfi_startproc
 213              		@ args = 0, pretend = 0, frame = 0
 214              		@ frame_needed = 0, uses_anonymous_args = 0
 215              		.loc 1 122 1 is_stmt 0 view .LVU48
 216 0000 08B5     		push	{r3, lr}
 217              	.LCFI6:
 218              		.cfi_def_cfa_offset 8
 219              		.cfi_offset 3, -8
 220              		.cfi_offset 14, -4
 123:Core/Src/stm32f1xx_hal_msp.c ****   if(hadc->Instance==ADC1)
 221              		.loc 1 123 3 is_stmt 1 view .LVU49
 222              		.loc 1 123 10 is_stmt 0 view .LVU50
 223 0002 0268     		ldr	r2, [r0]
 224              		.loc 1 123 5 view .LVU51
 225 0004 064B     		ldr	r3, .L15
 226 0006 9A42     		cmp	r2, r3
 227 0008 00D0     		beq	.L14
 228              	.LVL9:
 229              	.L11:
 124:Core/Src/stm32f1xx_hal_msp.c ****   {
 125:Core/Src/stm32f1xx_hal_msp.c ****   /* USER CODE BEGIN ADC1_MspDeInit 0 */
 126:Core/Src/stm32f1xx_hal_msp.c **** 
 127:Core/Src/stm32f1xx_hal_msp.c ****   /* USER CODE END ADC1_MspDeInit 0 */
 128:Core/Src/stm32f1xx_hal_msp.c ****     /* Peripheral clock disable */
 129:Core/Src/stm32f1xx_hal_msp.c ****     __HAL_RCC_ADC1_CLK_DISABLE();
 130:Core/Src/stm32f1xx_hal_msp.c **** 
 131:Core/Src/stm32f1xx_hal_msp.c ****     /**ADC1 GPIO Configuration
 132:Core/Src/stm32f1xx_hal_msp.c ****     PA0-WKUP     ------> ADC1_IN0
 133:Core/Src/stm32f1xx_hal_msp.c ****     */
 134:Core/Src/stm32f1xx_hal_msp.c ****     HAL_GPIO_DeInit(GPIOA, GPIO_PIN_0);
 135:Core/Src/stm32f1xx_hal_msp.c **** 
 136:Core/Src/stm32f1xx_hal_msp.c ****   /* USER CODE BEGIN ADC1_MspDeInit 1 */
 137:Core/Src/stm32f1xx_hal_msp.c **** 
 138:Core/Src/stm32f1xx_hal_msp.c ****   /* USER CODE END ADC1_MspDeInit 1 */
 139:Core/Src/stm32f1xx_hal_msp.c ****   }
 140:Core/Src/stm32f1xx_hal_msp.c **** 
 141:Core/Src/stm32f1xx_hal_msp.c **** }
 230              		.loc 1 141 1 view .LVU52
 231 000a 08BD     		pop	{r3, pc}
 232              	.LVL10:
 233              	.L14:
 129:Core/Src/stm32f1xx_hal_msp.c **** 
 234              		.loc 1 129 5 is_stmt 1 view .LVU53
 235 000c 054A     		ldr	r2, .L15+4
 236 000e 9369     		ldr	r3, [r2, #24]
 237 0010 23F40073 		bic	r3, r3, #512
 238 0014 9361     		str	r3, [r2, #24]
 134:Core/Src/stm32f1xx_hal_msp.c **** 
 239              		.loc 1 134 5 view .LVU54
 240 0016 0121     		movs	r1, #1
 241 0018 0348     		ldr	r0, .L15+8
 242              	.LVL11:
 134:Core/Src/stm32f1xx_hal_msp.c **** 
ARM GAS  C:\Users\Admin\AppData\Local\Temp\cc2Wi0Kj.s 			page 8


 243              		.loc 1 134 5 is_stmt 0 view .LVU55
 244 001a FFF7FEFF 		bl	HAL_GPIO_DeInit
 245              	.LVL12:
 246              		.loc 1 141 1 view .LVU56
 247 001e F4E7     		b	.L11
 248              	.L16:
 249              		.align	2
 250              	.L15:
 251 0020 00240140 		.word	1073816576
 252 0024 00100240 		.word	1073876992
 253 0028 00080140 		.word	1073809408
 254              		.cfi_endproc
 255              	.LFE67:
 257              		.text
 258              	.Letext0:
 259              		.file 2 "d:\\10 2021.10\\arm-none-eabi\\include\\machine\\_default_types.h"
 260              		.file 3 "d:\\10 2021.10\\arm-none-eabi\\include\\sys\\_stdint.h"
 261              		.file 4 "Drivers/CMSIS/Device/ST/STM32F1xx/Include/stm32f103xb.h"
 262              		.file 5 "Drivers/CMSIS/Device/ST/STM32F1xx/Include/stm32f1xx.h"
 263              		.file 6 "Drivers/STM32F1xx_HAL_Driver/Inc/stm32f1xx_hal_def.h"
 264              		.file 7 "Drivers/STM32F1xx_HAL_Driver/Inc/stm32f1xx_hal_gpio.h"
 265              		.file 8 "Drivers/STM32F1xx_HAL_Driver/Inc/stm32f1xx_hal_dma.h"
 266              		.file 9 "Drivers/STM32F1xx_HAL_Driver/Inc/stm32f1xx_hal_adc.h"
ARM GAS  C:\Users\Admin\AppData\Local\Temp\cc2Wi0Kj.s 			page 9


DEFINED SYMBOLS
                            *ABS*:00000000 stm32f1xx_hal_msp.c
C:\Users\Admin\AppData\Local\Temp\cc2Wi0Kj.s:18     .text.HAL_MspInit:00000000 $t
C:\Users\Admin\AppData\Local\Temp\cc2Wi0Kj.s:24     .text.HAL_MspInit:00000000 HAL_MspInit
C:\Users\Admin\AppData\Local\Temp\cc2Wi0Kj.s:91     .text.HAL_MspInit:0000003c $d
C:\Users\Admin\AppData\Local\Temp\cc2Wi0Kj.s:97     .text.HAL_ADC_MspInit:00000000 $t
C:\Users\Admin\AppData\Local\Temp\cc2Wi0Kj.s:103    .text.HAL_ADC_MspInit:00000000 HAL_ADC_MspInit
C:\Users\Admin\AppData\Local\Temp\cc2Wi0Kj.s:196    .text.HAL_ADC_MspInit:00000058 $d
C:\Users\Admin\AppData\Local\Temp\cc2Wi0Kj.s:202    .text.HAL_ADC_MspDeInit:00000000 $t
C:\Users\Admin\AppData\Local\Temp\cc2Wi0Kj.s:208    .text.HAL_ADC_MspDeInit:00000000 HAL_ADC_MspDeInit
C:\Users\Admin\AppData\Local\Temp\cc2Wi0Kj.s:251    .text.HAL_ADC_MspDeInit:00000020 $d

UNDEFINED SYMBOLS
HAL_GPIO_Init
HAL_GPIO_DeInit
