ARM GAS  C:\Users\Admin\AppData\Local\Temp\ccH2UNO4.s 			page 1


   1              		.cpu cortex-m3
   2              		.arch armv7-m
   3              		.fpu softvfp
   4              		.eabi_attribute 20, 1
   5              		.eabi_attribute 21, 1
   6              		.eabi_attribute 23, 3
   7              		.eabi_attribute 24, 1
   8              		.eabi_attribute 25, 1
   9              		.eabi_attribute 26, 1
  10              		.eabi_attribute 30, 1
  11              		.eabi_attribute 34, 1
  12              		.eabi_attribute 18, 4
  13              		.file	"main.c"
  14              		.text
  15              	.Ltext0:
  16              		.cfi_sections	.debug_frame
  17              		.section	.text.MX_GPIO_Init,"ax",%progbits
  18              		.align	1
  19              		.syntax unified
  20              		.thumb
  21              		.thumb_func
  23              	MX_GPIO_Init:
  24              	.LFB67:
  25              		.file 1 "Src/main.c"
   1:Src/main.c    **** /* USER CODE BEGIN Header */
   2:Src/main.c    **** /**
   3:Src/main.c    ****   ******************************************************************************
   4:Src/main.c    ****   * @file           : main.c
   5:Src/main.c    ****   * @brief          : Main program body
   6:Src/main.c    ****   ******************************************************************************
   7:Src/main.c    ****   * @attention
   8:Src/main.c    ****   *
   9:Src/main.c    ****   * Copyright (c) 2022 STMicroelectronics.
  10:Src/main.c    ****   * All rights reserved.
  11:Src/main.c    ****   *
  12:Src/main.c    ****   * This software is licensed under terms that can be found in the LICENSE file
  13:Src/main.c    ****   * in the root directory of this software component.
  14:Src/main.c    ****   * If no LICENSE file comes with this software, it is provided AS-IS.
  15:Src/main.c    ****   *
  16:Src/main.c    ****   ******************************************************************************
  17:Src/main.c    ****   */
  18:Src/main.c    **** /* USER CODE END Header */
  19:Src/main.c    **** /* Includes ------------------------------------------------------------------*/
  20:Src/main.c    **** #include "main.h"
  21:Src/main.c    **** 
  22:Src/main.c    **** /* Private includes ----------------------------------------------------------*/
  23:Src/main.c    **** /* USER CODE BEGIN Includes */
  24:Src/main.c    **** 
  25:Src/main.c    **** /* USER CODE END Includes */
  26:Src/main.c    **** 
  27:Src/main.c    **** /* Private typedef -----------------------------------------------------------*/
  28:Src/main.c    **** /* USER CODE BEGIN PTD */
  29:Src/main.c    **** 
  30:Src/main.c    **** /* USER CODE END PTD */
  31:Src/main.c    **** 
  32:Src/main.c    **** /* Private define ------------------------------------------------------------*/
  33:Src/main.c    **** /* USER CODE BEGIN PD */
ARM GAS  C:\Users\Admin\AppData\Local\Temp\ccH2UNO4.s 			page 2


  34:Src/main.c    **** /* USER CODE END PD */
  35:Src/main.c    **** 
  36:Src/main.c    **** /* Private macro -------------------------------------------------------------*/
  37:Src/main.c    **** /* USER CODE BEGIN PM */
  38:Src/main.c    **** 
  39:Src/main.c    **** /* USER CODE END PM */
  40:Src/main.c    **** 
  41:Src/main.c    **** /* Private variables ---------------------------------------------------------*/
  42:Src/main.c    **** 
  43:Src/main.c    **** /* USER CODE BEGIN PV */
  44:Src/main.c    **** 
  45:Src/main.c    **** /* USER CODE END PV */
  46:Src/main.c    **** 
  47:Src/main.c    **** /* Private function prototypes -----------------------------------------------*/
  48:Src/main.c    **** void SystemClock_Config(void);
  49:Src/main.c    **** static void MX_GPIO_Init(void);
  50:Src/main.c    **** /* USER CODE BEGIN PFP */
  51:Src/main.c    **** 
  52:Src/main.c    **** /* USER CODE END PFP */
  53:Src/main.c    **** 
  54:Src/main.c    **** /* Private user code ---------------------------------------------------------*/
  55:Src/main.c    **** /* USER CODE BEGIN 0 */
  56:Src/main.c    **** 
  57:Src/main.c    **** /* USER CODE END 0 */
  58:Src/main.c    **** 
  59:Src/main.c    **** /**
  60:Src/main.c    ****   * @brief  The application entry point.
  61:Src/main.c    ****   * @retval int
  62:Src/main.c    ****   */
  63:Src/main.c    **** int main(void)
  64:Src/main.c    **** {
  65:Src/main.c    ****   /* USER CODE BEGIN 1 */
  66:Src/main.c    **** 
  67:Src/main.c    ****   /* USER CODE END 1 */
  68:Src/main.c    **** 
  69:Src/main.c    ****   /* MCU Configuration--------------------------------------------------------*/
  70:Src/main.c    **** 
  71:Src/main.c    ****   /* Reset of all peripherals, Initializes the Flash interface and the Systick. */
  72:Src/main.c    ****   HAL_Init();
  73:Src/main.c    **** 
  74:Src/main.c    ****   /* USER CODE BEGIN Init */
  75:Src/main.c    **** 
  76:Src/main.c    ****   /* USER CODE END Init */
  77:Src/main.c    **** 
  78:Src/main.c    ****   /* Configure the system clock */
  79:Src/main.c    ****   SystemClock_Config();
  80:Src/main.c    **** 
  81:Src/main.c    ****   /* USER CODE BEGIN SysInit */
  82:Src/main.c    **** 
  83:Src/main.c    ****   /* USER CODE END SysInit */
  84:Src/main.c    **** 
  85:Src/main.c    ****   /* Initialize all configured peripherals */
  86:Src/main.c    ****   MX_GPIO_Init();
  87:Src/main.c    ****   /* USER CODE BEGIN 2 */
  88:Src/main.c    ****   HAL_GPIO_WritePin(GPIOA, GPIO_PIN_0, 0);
  89:Src/main.c    ****   /* USER CODE END 2 */
  90:Src/main.c    **** 
ARM GAS  C:\Users\Admin\AppData\Local\Temp\ccH2UNO4.s 			page 3


  91:Src/main.c    ****   /* Infinite loop */
  92:Src/main.c    ****   /* USER CODE BEGIN WHILE */
  93:Src/main.c    ****   while (1)
  94:Src/main.c    ****   {
  95:Src/main.c    ****     /* USER CODE END WHILE */
  96:Src/main.c    **** 
  97:Src/main.c    ****     /* USER CODE BEGIN 3 */
  98:Src/main.c    ****     HAL_GPIO_TogglePin(GPIOA, GPIO_PIN_0);
  99:Src/main.c    ****     // HAL_GPIO_WritePin(GPIOA, GPIO_PIN_0, 1);
 100:Src/main.c    ****     // HAL_Delay(500);
 101:Src/main.c    ****     // HAL_GPIO_WritePin(GPIOA, GPIO_PIN_0, 0);
 102:Src/main.c    ****     // HAL_Delay(500);
 103:Src/main.c    ****   }
 104:Src/main.c    ****   /* USER CODE END 3 */
 105:Src/main.c    **** }
 106:Src/main.c    **** 
 107:Src/main.c    **** /**
 108:Src/main.c    ****   * @brief System Clock Configuration
 109:Src/main.c    ****   * @retval None
 110:Src/main.c    ****   */
 111:Src/main.c    **** void SystemClock_Config(void)
 112:Src/main.c    **** {
 113:Src/main.c    ****   RCC_OscInitTypeDef RCC_OscInitStruct = {0};
 114:Src/main.c    ****   RCC_ClkInitTypeDef RCC_ClkInitStruct = {0};
 115:Src/main.c    **** 
 116:Src/main.c    ****   /** Initializes the RCC Oscillators according to the specified parameters
 117:Src/main.c    ****   * in the RCC_OscInitTypeDef structure.
 118:Src/main.c    ****   */
 119:Src/main.c    ****   RCC_OscInitStruct.OscillatorType = RCC_OSCILLATORTYPE_HSE;
 120:Src/main.c    ****   RCC_OscInitStruct.HSEState = RCC_HSE_ON;
 121:Src/main.c    ****   RCC_OscInitStruct.HSEPredivValue = RCC_HSE_PREDIV_DIV1;
 122:Src/main.c    ****   RCC_OscInitStruct.HSIState = RCC_HSI_ON;
 123:Src/main.c    ****   RCC_OscInitStruct.PLL.PLLState = RCC_PLL_ON;
 124:Src/main.c    ****   RCC_OscInitStruct.PLL.PLLSource = RCC_PLLSOURCE_HSE;
 125:Src/main.c    ****   RCC_OscInitStruct.PLL.PLLMUL = RCC_PLL_MUL9;
 126:Src/main.c    ****   if (HAL_RCC_OscConfig(&RCC_OscInitStruct) != HAL_OK)
 127:Src/main.c    ****   {
 128:Src/main.c    ****     Error_Handler();
 129:Src/main.c    ****   }
 130:Src/main.c    **** 
 131:Src/main.c    ****   /** Initializes the CPU, AHB and APB buses clocks
 132:Src/main.c    ****   */
 133:Src/main.c    ****   RCC_ClkInitStruct.ClockType = RCC_CLOCKTYPE_HCLK|RCC_CLOCKTYPE_SYSCLK
 134:Src/main.c    ****                               |RCC_CLOCKTYPE_PCLK1|RCC_CLOCKTYPE_PCLK2;
 135:Src/main.c    ****   RCC_ClkInitStruct.SYSCLKSource = RCC_SYSCLKSOURCE_PLLCLK;
 136:Src/main.c    ****   RCC_ClkInitStruct.AHBCLKDivider = RCC_SYSCLK_DIV1;
 137:Src/main.c    ****   RCC_ClkInitStruct.APB1CLKDivider = RCC_HCLK_DIV2;
 138:Src/main.c    ****   RCC_ClkInitStruct.APB2CLKDivider = RCC_HCLK_DIV1;
 139:Src/main.c    **** 
 140:Src/main.c    ****   if (HAL_RCC_ClockConfig(&RCC_ClkInitStruct, FLASH_LATENCY_2) != HAL_OK)
 141:Src/main.c    ****   {
 142:Src/main.c    ****     Error_Handler();
 143:Src/main.c    ****   }
 144:Src/main.c    **** }
 145:Src/main.c    **** 
 146:Src/main.c    **** /**
 147:Src/main.c    ****   * @brief GPIO Initialization Function
ARM GAS  C:\Users\Admin\AppData\Local\Temp\ccH2UNO4.s 			page 4


 148:Src/main.c    ****   * @param None
 149:Src/main.c    ****   * @retval None
 150:Src/main.c    ****   */
 151:Src/main.c    **** static void MX_GPIO_Init(void)
 152:Src/main.c    **** {
  26              		.loc 1 152 1 view -0
  27              		.cfi_startproc
  28              		@ args = 0, pretend = 0, frame = 32
  29              		@ frame_needed = 0, uses_anonymous_args = 0
  30 0000 2DE9F043 		push	{r4, r5, r6, r7, r8, r9, lr}
  31              	.LCFI0:
  32              		.cfi_def_cfa_offset 28
  33              		.cfi_offset 4, -28
  34              		.cfi_offset 5, -24
  35              		.cfi_offset 6, -20
  36              		.cfi_offset 7, -16
  37              		.cfi_offset 8, -12
  38              		.cfi_offset 9, -8
  39              		.cfi_offset 14, -4
  40 0004 89B0     		sub	sp, sp, #36
  41              	.LCFI1:
  42              		.cfi_def_cfa_offset 64
 153:Src/main.c    ****   GPIO_InitTypeDef GPIO_InitStruct = {0};
  43              		.loc 1 153 3 view .LVU1
  44              		.loc 1 153 20 is_stmt 0 view .LVU2
  45 0006 0024     		movs	r4, #0
  46 0008 0494     		str	r4, [sp, #16]
  47 000a 0594     		str	r4, [sp, #20]
  48 000c 0694     		str	r4, [sp, #24]
  49 000e 0794     		str	r4, [sp, #28]
 154:Src/main.c    **** 
 155:Src/main.c    ****   /* GPIO Ports Clock Enable */
 156:Src/main.c    ****   __HAL_RCC_GPIOC_CLK_ENABLE();
  50              		.loc 1 156 3 is_stmt 1 view .LVU3
  51              	.LBB4:
  52              		.loc 1 156 3 view .LVU4
  53              		.loc 1 156 3 view .LVU5
  54 0010 2F4B     		ldr	r3, .L3
  55 0012 9A69     		ldr	r2, [r3, #24]
  56 0014 42F01002 		orr	r2, r2, #16
  57 0018 9A61     		str	r2, [r3, #24]
  58              		.loc 1 156 3 view .LVU6
  59 001a 9A69     		ldr	r2, [r3, #24]
  60 001c 02F01002 		and	r2, r2, #16
  61 0020 0092     		str	r2, [sp]
  62              		.loc 1 156 3 view .LVU7
  63 0022 009A     		ldr	r2, [sp]
  64              	.LBE4:
  65              		.loc 1 156 3 view .LVU8
 157:Src/main.c    ****   __HAL_RCC_GPIOD_CLK_ENABLE();
  66              		.loc 1 157 3 view .LVU9
  67              	.LBB5:
  68              		.loc 1 157 3 view .LVU10
  69              		.loc 1 157 3 view .LVU11
  70 0024 9A69     		ldr	r2, [r3, #24]
  71 0026 42F02002 		orr	r2, r2, #32
  72 002a 9A61     		str	r2, [r3, #24]
ARM GAS  C:\Users\Admin\AppData\Local\Temp\ccH2UNO4.s 			page 5


  73              		.loc 1 157 3 view .LVU12
  74 002c 9A69     		ldr	r2, [r3, #24]
  75 002e 02F02002 		and	r2, r2, #32
  76 0032 0192     		str	r2, [sp, #4]
  77              		.loc 1 157 3 view .LVU13
  78 0034 019A     		ldr	r2, [sp, #4]
  79              	.LBE5:
  80              		.loc 1 157 3 view .LVU14
 158:Src/main.c    ****   __HAL_RCC_GPIOA_CLK_ENABLE();
  81              		.loc 1 158 3 view .LVU15
  82              	.LBB6:
  83              		.loc 1 158 3 view .LVU16
  84              		.loc 1 158 3 view .LVU17
  85 0036 9A69     		ldr	r2, [r3, #24]
  86 0038 42F00402 		orr	r2, r2, #4
  87 003c 9A61     		str	r2, [r3, #24]
  88              		.loc 1 158 3 view .LVU18
  89 003e 9A69     		ldr	r2, [r3, #24]
  90 0040 02F00402 		and	r2, r2, #4
  91 0044 0292     		str	r2, [sp, #8]
  92              		.loc 1 158 3 view .LVU19
  93 0046 029A     		ldr	r2, [sp, #8]
  94              	.LBE6:
  95              		.loc 1 158 3 view .LVU20
 159:Src/main.c    ****   __HAL_RCC_GPIOB_CLK_ENABLE();
  96              		.loc 1 159 3 view .LVU21
  97              	.LBB7:
  98              		.loc 1 159 3 view .LVU22
  99              		.loc 1 159 3 view .LVU23
 100 0048 9A69     		ldr	r2, [r3, #24]
 101 004a 42F00802 		orr	r2, r2, #8
 102 004e 9A61     		str	r2, [r3, #24]
 103              		.loc 1 159 3 view .LVU24
 104 0050 9B69     		ldr	r3, [r3, #24]
 105 0052 03F00803 		and	r3, r3, #8
 106 0056 0393     		str	r3, [sp, #12]
 107              		.loc 1 159 3 view .LVU25
 108 0058 039B     		ldr	r3, [sp, #12]
 109              	.LBE7:
 110              		.loc 1 159 3 view .LVU26
 160:Src/main.c    **** 
 161:Src/main.c    ****   /*Configure GPIO pin Output Level */
 162:Src/main.c    ****   HAL_GPIO_WritePin(GPIOC, GPIO_PIN_13, GPIO_PIN_RESET);
 111              		.loc 1 162 3 view .LVU27
 112 005a DFF87890 		ldr	r9, .L3+4
 113 005e 2246     		mov	r2, r4
 114 0060 4FF40051 		mov	r1, #8192
 115 0064 4846     		mov	r0, r9
 116 0066 FFF7FEFF 		bl	HAL_GPIO_WritePin
 117              	.LVL0:
 163:Src/main.c    **** 
 164:Src/main.c    ****   /*Configure GPIO pin Output Level */
 165:Src/main.c    ****   HAL_GPIO_WritePin(GPIOA, GPIO_PIN_0, GPIO_PIN_RESET);
 118              		.loc 1 165 3 view .LVU28
 119 006a DFF86C80 		ldr	r8, .L3+8
 120 006e 2246     		mov	r2, r4
 121 0070 0121     		movs	r1, #1
ARM GAS  C:\Users\Admin\AppData\Local\Temp\ccH2UNO4.s 			page 6


 122 0072 4046     		mov	r0, r8
 123 0074 FFF7FEFF 		bl	HAL_GPIO_WritePin
 124              	.LVL1:
 166:Src/main.c    **** 
 167:Src/main.c    ****   /*Configure GPIO pin Output Level */
 168:Src/main.c    ****   HAL_GPIO_WritePin(GPIOB, GPIO_PIN_4, GPIO_PIN_SET);
 125              		.loc 1 168 3 view .LVU29
 126 0078 184E     		ldr	r6, .L3+12
 127 007a 0122     		movs	r2, #1
 128 007c 1021     		movs	r1, #16
 129 007e 3046     		mov	r0, r6
 130 0080 FFF7FEFF 		bl	HAL_GPIO_WritePin
 131              	.LVL2:
 169:Src/main.c    **** 
 170:Src/main.c    ****   /*Configure GPIO pin Output Level */
 171:Src/main.c    ****   HAL_GPIO_WritePin(GPIOB, GPIO_PIN_5|GPIO_PIN_6|GPIO_PIN_7, GPIO_PIN_RESET);
 132              		.loc 1 171 3 view .LVU30
 133 0084 2246     		mov	r2, r4
 134 0086 E021     		movs	r1, #224
 135 0088 3046     		mov	r0, r6
 136 008a FFF7FEFF 		bl	HAL_GPIO_WritePin
 137              	.LVL3:
 172:Src/main.c    **** 
 173:Src/main.c    ****   /*Configure GPIO pin : PC13 */
 174:Src/main.c    ****   GPIO_InitStruct.Pin = GPIO_PIN_13;
 138              		.loc 1 174 3 view .LVU31
 139              		.loc 1 174 23 is_stmt 0 view .LVU32
 140 008e 4FF40053 		mov	r3, #8192
 141 0092 0493     		str	r3, [sp, #16]
 175:Src/main.c    ****   GPIO_InitStruct.Mode = GPIO_MODE_OUTPUT_PP;
 142              		.loc 1 175 3 is_stmt 1 view .LVU33
 143              		.loc 1 175 24 is_stmt 0 view .LVU34
 144 0094 0125     		movs	r5, #1
 145 0096 0595     		str	r5, [sp, #20]
 176:Src/main.c    ****   GPIO_InitStruct.Pull = GPIO_PULLUP;
 146              		.loc 1 176 3 is_stmt 1 view .LVU35
 147              		.loc 1 176 24 is_stmt 0 view .LVU36
 148 0098 0695     		str	r5, [sp, #24]
 177:Src/main.c    ****   GPIO_InitStruct.Speed = GPIO_SPEED_FREQ_LOW;
 149              		.loc 1 177 3 is_stmt 1 view .LVU37
 150              		.loc 1 177 25 is_stmt 0 view .LVU38
 151 009a 0227     		movs	r7, #2
 152 009c 0797     		str	r7, [sp, #28]
 178:Src/main.c    ****   HAL_GPIO_Init(GPIOC, &GPIO_InitStruct);
 153              		.loc 1 178 3 is_stmt 1 view .LVU39
 154 009e 04A9     		add	r1, sp, #16
 155 00a0 4846     		mov	r0, r9
 156 00a2 FFF7FEFF 		bl	HAL_GPIO_Init
 157              	.LVL4:
 179:Src/main.c    **** 
 180:Src/main.c    ****   /*Configure GPIO pin : PA0 */
 181:Src/main.c    ****   GPIO_InitStruct.Pin = GPIO_PIN_0;
 158              		.loc 1 181 3 view .LVU40
 159              		.loc 1 181 23 is_stmt 0 view .LVU41
 160 00a6 0495     		str	r5, [sp, #16]
 182:Src/main.c    ****   GPIO_InitStruct.Mode = GPIO_MODE_OUTPUT_PP;
 161              		.loc 1 182 3 is_stmt 1 view .LVU42
ARM GAS  C:\Users\Admin\AppData\Local\Temp\ccH2UNO4.s 			page 7


 162              		.loc 1 182 24 is_stmt 0 view .LVU43
 163 00a8 0595     		str	r5, [sp, #20]
 183:Src/main.c    ****   GPIO_InitStruct.Pull = GPIO_NOPULL;
 164              		.loc 1 183 3 is_stmt 1 view .LVU44
 165              		.loc 1 183 24 is_stmt 0 view .LVU45
 166 00aa 0694     		str	r4, [sp, #24]
 184:Src/main.c    ****   GPIO_InitStruct.Speed = GPIO_SPEED_FREQ_LOW;
 167              		.loc 1 184 3 is_stmt 1 view .LVU46
 168              		.loc 1 184 25 is_stmt 0 view .LVU47
 169 00ac 0797     		str	r7, [sp, #28]
 185:Src/main.c    ****   HAL_GPIO_Init(GPIOA, &GPIO_InitStruct);
 170              		.loc 1 185 3 is_stmt 1 view .LVU48
 171 00ae 04A9     		add	r1, sp, #16
 172 00b0 4046     		mov	r0, r8
 173 00b2 FFF7FEFF 		bl	HAL_GPIO_Init
 174              	.LVL5:
 186:Src/main.c    **** 
 187:Src/main.c    ****   /*Configure GPIO pins : PB4 PB5 PB6 PB7 */
 188:Src/main.c    ****   GPIO_InitStruct.Pin = GPIO_PIN_4|GPIO_PIN_5|GPIO_PIN_6|GPIO_PIN_7;
 175              		.loc 1 188 3 view .LVU49
 176              		.loc 1 188 23 is_stmt 0 view .LVU50
 177 00b6 F023     		movs	r3, #240
 178 00b8 0493     		str	r3, [sp, #16]
 189:Src/main.c    ****   GPIO_InitStruct.Mode = GPIO_MODE_OUTPUT_PP;
 179              		.loc 1 189 3 is_stmt 1 view .LVU51
 180              		.loc 1 189 24 is_stmt 0 view .LVU52
 181 00ba 0595     		str	r5, [sp, #20]
 190:Src/main.c    ****   GPIO_InitStruct.Pull = GPIO_NOPULL;
 182              		.loc 1 190 3 is_stmt 1 view .LVU53
 183              		.loc 1 190 24 is_stmt 0 view .LVU54
 184 00bc 0694     		str	r4, [sp, #24]
 191:Src/main.c    ****   GPIO_InitStruct.Speed = GPIO_SPEED_FREQ_LOW;
 185              		.loc 1 191 3 is_stmt 1 view .LVU55
 186              		.loc 1 191 25 is_stmt 0 view .LVU56
 187 00be 0797     		str	r7, [sp, #28]
 192:Src/main.c    ****   HAL_GPIO_Init(GPIOB, &GPIO_InitStruct);
 188              		.loc 1 192 3 is_stmt 1 view .LVU57
 189 00c0 04A9     		add	r1, sp, #16
 190 00c2 3046     		mov	r0, r6
 191 00c4 FFF7FEFF 		bl	HAL_GPIO_Init
 192              	.LVL6:
 193:Src/main.c    **** 
 194:Src/main.c    **** }
 193              		.loc 1 194 1 is_stmt 0 view .LVU58
 194 00c8 09B0     		add	sp, sp, #36
 195              	.LCFI2:
 196              		.cfi_def_cfa_offset 28
 197              		@ sp needed
 198 00ca BDE8F083 		pop	{r4, r5, r6, r7, r8, r9, pc}
 199              	.L4:
 200 00ce 00BF     		.align	2
 201              	.L3:
 202 00d0 00100240 		.word	1073876992
 203 00d4 00100140 		.word	1073811456
 204 00d8 00080140 		.word	1073809408
 205 00dc 000C0140 		.word	1073810432
 206              		.cfi_endproc
ARM GAS  C:\Users\Admin\AppData\Local\Temp\ccH2UNO4.s 			page 8


 207              	.LFE67:
 209              		.section	.text.Error_Handler,"ax",%progbits
 210              		.align	1
 211              		.global	Error_Handler
 212              		.syntax unified
 213              		.thumb
 214              		.thumb_func
 216              	Error_Handler:
 217              	.LFB68:
 195:Src/main.c    **** 
 196:Src/main.c    **** /* USER CODE BEGIN 4 */
 197:Src/main.c    **** 
 198:Src/main.c    **** /* USER CODE END 4 */
 199:Src/main.c    **** 
 200:Src/main.c    **** /**
 201:Src/main.c    ****   * @brief  This function is executed in case of error occurrence.
 202:Src/main.c    ****   * @retval None
 203:Src/main.c    ****   */
 204:Src/main.c    **** void Error_Handler(void)
 205:Src/main.c    **** {
 218              		.loc 1 205 1 is_stmt 1 view -0
 219              		.cfi_startproc
 220              		@ Volatile: function does not return.
 221              		@ args = 0, pretend = 0, frame = 0
 222              		@ frame_needed = 0, uses_anonymous_args = 0
 223              		@ link register save eliminated.
 206:Src/main.c    ****   /* USER CODE BEGIN Error_Handler_Debug */
 207:Src/main.c    ****   /* User can add his own implementation to report the HAL error return state */
 208:Src/main.c    ****   __disable_irq();
 224              		.loc 1 208 3 view .LVU60
 225              	.LBB8:
 226              	.LBI8:
 227              		.file 2 "Drivers/CMSIS/Include/cmsis_gcc.h"
   1:Drivers/CMSIS/Include/cmsis_gcc.h **** /**************************************************************************//**
   2:Drivers/CMSIS/Include/cmsis_gcc.h ****  * @file     cmsis_gcc.h
   3:Drivers/CMSIS/Include/cmsis_gcc.h ****  * @brief    CMSIS compiler GCC header file
   4:Drivers/CMSIS/Include/cmsis_gcc.h ****  * @version  V5.0.4
   5:Drivers/CMSIS/Include/cmsis_gcc.h ****  * @date     09. April 2018
   6:Drivers/CMSIS/Include/cmsis_gcc.h ****  ******************************************************************************/
   7:Drivers/CMSIS/Include/cmsis_gcc.h **** /*
   8:Drivers/CMSIS/Include/cmsis_gcc.h ****  * Copyright (c) 2009-2018 Arm Limited. All rights reserved.
   9:Drivers/CMSIS/Include/cmsis_gcc.h ****  *
  10:Drivers/CMSIS/Include/cmsis_gcc.h ****  * SPDX-License-Identifier: Apache-2.0
  11:Drivers/CMSIS/Include/cmsis_gcc.h ****  *
  12:Drivers/CMSIS/Include/cmsis_gcc.h ****  * Licensed under the Apache License, Version 2.0 (the License); you may
  13:Drivers/CMSIS/Include/cmsis_gcc.h ****  * not use this file except in compliance with the License.
  14:Drivers/CMSIS/Include/cmsis_gcc.h ****  * You may obtain a copy of the License at
  15:Drivers/CMSIS/Include/cmsis_gcc.h ****  *
  16:Drivers/CMSIS/Include/cmsis_gcc.h ****  * www.apache.org/licenses/LICENSE-2.0
  17:Drivers/CMSIS/Include/cmsis_gcc.h ****  *
  18:Drivers/CMSIS/Include/cmsis_gcc.h ****  * Unless required by applicable law or agreed to in writing, software
  19:Drivers/CMSIS/Include/cmsis_gcc.h ****  * distributed under the License is distributed on an AS IS BASIS, WITHOUT
  20:Drivers/CMSIS/Include/cmsis_gcc.h ****  * WARRANTIES OR CONDITIONS OF ANY KIND, either express or implied.
  21:Drivers/CMSIS/Include/cmsis_gcc.h ****  * See the License for the specific language governing permissions and
  22:Drivers/CMSIS/Include/cmsis_gcc.h ****  * limitations under the License.
  23:Drivers/CMSIS/Include/cmsis_gcc.h ****  */
  24:Drivers/CMSIS/Include/cmsis_gcc.h **** 
ARM GAS  C:\Users\Admin\AppData\Local\Temp\ccH2UNO4.s 			page 9


  25:Drivers/CMSIS/Include/cmsis_gcc.h **** #ifndef __CMSIS_GCC_H
  26:Drivers/CMSIS/Include/cmsis_gcc.h **** #define __CMSIS_GCC_H
  27:Drivers/CMSIS/Include/cmsis_gcc.h **** 
  28:Drivers/CMSIS/Include/cmsis_gcc.h **** /* ignore some GCC warnings */
  29:Drivers/CMSIS/Include/cmsis_gcc.h **** #pragma GCC diagnostic push
  30:Drivers/CMSIS/Include/cmsis_gcc.h **** #pragma GCC diagnostic ignored "-Wsign-conversion"
  31:Drivers/CMSIS/Include/cmsis_gcc.h **** #pragma GCC diagnostic ignored "-Wconversion"
  32:Drivers/CMSIS/Include/cmsis_gcc.h **** #pragma GCC diagnostic ignored "-Wunused-parameter"
  33:Drivers/CMSIS/Include/cmsis_gcc.h **** 
  34:Drivers/CMSIS/Include/cmsis_gcc.h **** /* Fallback for __has_builtin */
  35:Drivers/CMSIS/Include/cmsis_gcc.h **** #ifndef __has_builtin
  36:Drivers/CMSIS/Include/cmsis_gcc.h ****   #define __has_builtin(x) (0)
  37:Drivers/CMSIS/Include/cmsis_gcc.h **** #endif
  38:Drivers/CMSIS/Include/cmsis_gcc.h **** 
  39:Drivers/CMSIS/Include/cmsis_gcc.h **** /* CMSIS compiler specific defines */
  40:Drivers/CMSIS/Include/cmsis_gcc.h **** #ifndef   __ASM
  41:Drivers/CMSIS/Include/cmsis_gcc.h ****   #define __ASM                                  __asm
  42:Drivers/CMSIS/Include/cmsis_gcc.h **** #endif
  43:Drivers/CMSIS/Include/cmsis_gcc.h **** #ifndef   __INLINE
  44:Drivers/CMSIS/Include/cmsis_gcc.h ****   #define __INLINE                               inline
  45:Drivers/CMSIS/Include/cmsis_gcc.h **** #endif
  46:Drivers/CMSIS/Include/cmsis_gcc.h **** #ifndef   __STATIC_INLINE
  47:Drivers/CMSIS/Include/cmsis_gcc.h ****   #define __STATIC_INLINE                        static inline
  48:Drivers/CMSIS/Include/cmsis_gcc.h **** #endif
  49:Drivers/CMSIS/Include/cmsis_gcc.h **** #ifndef   __STATIC_FORCEINLINE                 
  50:Drivers/CMSIS/Include/cmsis_gcc.h ****   #define __STATIC_FORCEINLINE                   __attribute__((always_inline)) static inline
  51:Drivers/CMSIS/Include/cmsis_gcc.h **** #endif                                           
  52:Drivers/CMSIS/Include/cmsis_gcc.h **** #ifndef   __NO_RETURN
  53:Drivers/CMSIS/Include/cmsis_gcc.h ****   #define __NO_RETURN                            __attribute__((__noreturn__))
  54:Drivers/CMSIS/Include/cmsis_gcc.h **** #endif
  55:Drivers/CMSIS/Include/cmsis_gcc.h **** #ifndef   __USED
  56:Drivers/CMSIS/Include/cmsis_gcc.h ****   #define __USED                                 __attribute__((used))
  57:Drivers/CMSIS/Include/cmsis_gcc.h **** #endif
  58:Drivers/CMSIS/Include/cmsis_gcc.h **** #ifndef   __WEAK
  59:Drivers/CMSIS/Include/cmsis_gcc.h ****   #define __WEAK                                 __attribute__((weak))
  60:Drivers/CMSIS/Include/cmsis_gcc.h **** #endif
  61:Drivers/CMSIS/Include/cmsis_gcc.h **** #ifndef   __PACKED
  62:Drivers/CMSIS/Include/cmsis_gcc.h ****   #define __PACKED                               __attribute__((packed, aligned(1)))
  63:Drivers/CMSIS/Include/cmsis_gcc.h **** #endif
  64:Drivers/CMSIS/Include/cmsis_gcc.h **** #ifndef   __PACKED_STRUCT
  65:Drivers/CMSIS/Include/cmsis_gcc.h ****   #define __PACKED_STRUCT                        struct __attribute__((packed, aligned(1)))
  66:Drivers/CMSIS/Include/cmsis_gcc.h **** #endif
  67:Drivers/CMSIS/Include/cmsis_gcc.h **** #ifndef   __PACKED_UNION
  68:Drivers/CMSIS/Include/cmsis_gcc.h ****   #define __PACKED_UNION                         union __attribute__((packed, aligned(1)))
  69:Drivers/CMSIS/Include/cmsis_gcc.h **** #endif
  70:Drivers/CMSIS/Include/cmsis_gcc.h **** #ifndef   __UNALIGNED_UINT32        /* deprecated */
  71:Drivers/CMSIS/Include/cmsis_gcc.h ****   #pragma GCC diagnostic push
  72:Drivers/CMSIS/Include/cmsis_gcc.h ****   #pragma GCC diagnostic ignored "-Wpacked"
  73:Drivers/CMSIS/Include/cmsis_gcc.h ****   #pragma GCC diagnostic ignored "-Wattributes"
  74:Drivers/CMSIS/Include/cmsis_gcc.h ****   struct __attribute__((packed)) T_UINT32 { uint32_t v; };
  75:Drivers/CMSIS/Include/cmsis_gcc.h ****   #pragma GCC diagnostic pop
  76:Drivers/CMSIS/Include/cmsis_gcc.h ****   #define __UNALIGNED_UINT32(x)                  (((struct T_UINT32 *)(x))->v)
  77:Drivers/CMSIS/Include/cmsis_gcc.h **** #endif
  78:Drivers/CMSIS/Include/cmsis_gcc.h **** #ifndef   __UNALIGNED_UINT16_WRITE
  79:Drivers/CMSIS/Include/cmsis_gcc.h ****   #pragma GCC diagnostic push
  80:Drivers/CMSIS/Include/cmsis_gcc.h ****   #pragma GCC diagnostic ignored "-Wpacked"
  81:Drivers/CMSIS/Include/cmsis_gcc.h ****   #pragma GCC diagnostic ignored "-Wattributes"
ARM GAS  C:\Users\Admin\AppData\Local\Temp\ccH2UNO4.s 			page 10


  82:Drivers/CMSIS/Include/cmsis_gcc.h ****   __PACKED_STRUCT T_UINT16_WRITE { uint16_t v; };
  83:Drivers/CMSIS/Include/cmsis_gcc.h ****   #pragma GCC diagnostic pop
  84:Drivers/CMSIS/Include/cmsis_gcc.h ****   #define __UNALIGNED_UINT16_WRITE(addr, val)    (void)((((struct T_UINT16_WRITE *)(void *)(addr))-
  85:Drivers/CMSIS/Include/cmsis_gcc.h **** #endif
  86:Drivers/CMSIS/Include/cmsis_gcc.h **** #ifndef   __UNALIGNED_UINT16_READ
  87:Drivers/CMSIS/Include/cmsis_gcc.h ****   #pragma GCC diagnostic push
  88:Drivers/CMSIS/Include/cmsis_gcc.h ****   #pragma GCC diagnostic ignored "-Wpacked"
  89:Drivers/CMSIS/Include/cmsis_gcc.h ****   #pragma GCC diagnostic ignored "-Wattributes"
  90:Drivers/CMSIS/Include/cmsis_gcc.h ****   __PACKED_STRUCT T_UINT16_READ { uint16_t v; };
  91:Drivers/CMSIS/Include/cmsis_gcc.h ****   #pragma GCC diagnostic pop
  92:Drivers/CMSIS/Include/cmsis_gcc.h ****   #define __UNALIGNED_UINT16_READ(addr)          (((const struct T_UINT16_READ *)(const void *)(add
  93:Drivers/CMSIS/Include/cmsis_gcc.h **** #endif
  94:Drivers/CMSIS/Include/cmsis_gcc.h **** #ifndef   __UNALIGNED_UINT32_WRITE
  95:Drivers/CMSIS/Include/cmsis_gcc.h ****   #pragma GCC diagnostic push
  96:Drivers/CMSIS/Include/cmsis_gcc.h ****   #pragma GCC diagnostic ignored "-Wpacked"
  97:Drivers/CMSIS/Include/cmsis_gcc.h ****   #pragma GCC diagnostic ignored "-Wattributes"
  98:Drivers/CMSIS/Include/cmsis_gcc.h ****   __PACKED_STRUCT T_UINT32_WRITE { uint32_t v; };
  99:Drivers/CMSIS/Include/cmsis_gcc.h ****   #pragma GCC diagnostic pop
 100:Drivers/CMSIS/Include/cmsis_gcc.h ****   #define __UNALIGNED_UINT32_WRITE(addr, val)    (void)((((struct T_UINT32_WRITE *)(void *)(addr))-
 101:Drivers/CMSIS/Include/cmsis_gcc.h **** #endif
 102:Drivers/CMSIS/Include/cmsis_gcc.h **** #ifndef   __UNALIGNED_UINT32_READ
 103:Drivers/CMSIS/Include/cmsis_gcc.h ****   #pragma GCC diagnostic push
 104:Drivers/CMSIS/Include/cmsis_gcc.h ****   #pragma GCC diagnostic ignored "-Wpacked"
 105:Drivers/CMSIS/Include/cmsis_gcc.h ****   #pragma GCC diagnostic ignored "-Wattributes"
 106:Drivers/CMSIS/Include/cmsis_gcc.h ****   __PACKED_STRUCT T_UINT32_READ { uint32_t v; };
 107:Drivers/CMSIS/Include/cmsis_gcc.h ****   #pragma GCC diagnostic pop
 108:Drivers/CMSIS/Include/cmsis_gcc.h ****   #define __UNALIGNED_UINT32_READ(addr)          (((const struct T_UINT32_READ *)(const void *)(add
 109:Drivers/CMSIS/Include/cmsis_gcc.h **** #endif
 110:Drivers/CMSIS/Include/cmsis_gcc.h **** #ifndef   __ALIGNED
 111:Drivers/CMSIS/Include/cmsis_gcc.h ****   #define __ALIGNED(x)                           __attribute__((aligned(x)))
 112:Drivers/CMSIS/Include/cmsis_gcc.h **** #endif
 113:Drivers/CMSIS/Include/cmsis_gcc.h **** #ifndef   __RESTRICT
 114:Drivers/CMSIS/Include/cmsis_gcc.h ****   #define __RESTRICT                             __restrict
 115:Drivers/CMSIS/Include/cmsis_gcc.h **** #endif
 116:Drivers/CMSIS/Include/cmsis_gcc.h **** 
 117:Drivers/CMSIS/Include/cmsis_gcc.h **** 
 118:Drivers/CMSIS/Include/cmsis_gcc.h **** /* ###########################  Core Function Access  ########################### */
 119:Drivers/CMSIS/Include/cmsis_gcc.h **** /** \ingroup  CMSIS_Core_FunctionInterface
 120:Drivers/CMSIS/Include/cmsis_gcc.h ****     \defgroup CMSIS_Core_RegAccFunctions CMSIS Core Register Access Functions
 121:Drivers/CMSIS/Include/cmsis_gcc.h ****   @{
 122:Drivers/CMSIS/Include/cmsis_gcc.h ****  */
 123:Drivers/CMSIS/Include/cmsis_gcc.h **** 
 124:Drivers/CMSIS/Include/cmsis_gcc.h **** /**
 125:Drivers/CMSIS/Include/cmsis_gcc.h ****   \brief   Enable IRQ Interrupts
 126:Drivers/CMSIS/Include/cmsis_gcc.h ****   \details Enables IRQ interrupts by clearing the I-bit in the CPSR.
 127:Drivers/CMSIS/Include/cmsis_gcc.h ****            Can only be executed in Privileged modes.
 128:Drivers/CMSIS/Include/cmsis_gcc.h ****  */
 129:Drivers/CMSIS/Include/cmsis_gcc.h **** __STATIC_FORCEINLINE void __enable_irq(void)
 130:Drivers/CMSIS/Include/cmsis_gcc.h **** {
 131:Drivers/CMSIS/Include/cmsis_gcc.h ****   __ASM volatile ("cpsie i" : : : "memory");
 132:Drivers/CMSIS/Include/cmsis_gcc.h **** }
 133:Drivers/CMSIS/Include/cmsis_gcc.h **** 
 134:Drivers/CMSIS/Include/cmsis_gcc.h **** 
 135:Drivers/CMSIS/Include/cmsis_gcc.h **** /**
 136:Drivers/CMSIS/Include/cmsis_gcc.h ****   \brief   Disable IRQ Interrupts
 137:Drivers/CMSIS/Include/cmsis_gcc.h ****   \details Disables IRQ interrupts by setting the I-bit in the CPSR.
 138:Drivers/CMSIS/Include/cmsis_gcc.h ****            Can only be executed in Privileged modes.
ARM GAS  C:\Users\Admin\AppData\Local\Temp\ccH2UNO4.s 			page 11


 139:Drivers/CMSIS/Include/cmsis_gcc.h ****  */
 140:Drivers/CMSIS/Include/cmsis_gcc.h **** __STATIC_FORCEINLINE void __disable_irq(void)
 228              		.loc 2 140 27 view .LVU61
 229              	.LBB9:
 141:Drivers/CMSIS/Include/cmsis_gcc.h **** {
 142:Drivers/CMSIS/Include/cmsis_gcc.h ****   __ASM volatile ("cpsid i" : : : "memory");
 230              		.loc 2 142 3 view .LVU62
 231              		.syntax unified
 232              	@ 142 "Drivers/CMSIS/Include/cmsis_gcc.h" 1
 233 0000 72B6     		cpsid i
 234              	@ 0 "" 2
 235              		.thumb
 236              		.syntax unified
 237              	.L6:
 238              	.LBE9:
 239              	.LBE8:
 209:Src/main.c    ****   while (1)
 240              		.loc 1 209 3 discriminator 1 view .LVU63
 210:Src/main.c    ****   {
 211:Src/main.c    ****   }
 241              		.loc 1 211 3 discriminator 1 view .LVU64
 209:Src/main.c    ****   while (1)
 242              		.loc 1 209 9 discriminator 1 view .LVU65
 243 0002 FEE7     		b	.L6
 244              		.cfi_endproc
 245              	.LFE68:
 247              		.section	.text.SystemClock_Config,"ax",%progbits
 248              		.align	1
 249              		.global	SystemClock_Config
 250              		.syntax unified
 251              		.thumb
 252              		.thumb_func
 254              	SystemClock_Config:
 255              	.LFB66:
 112:Src/main.c    ****   RCC_OscInitTypeDef RCC_OscInitStruct = {0};
 256              		.loc 1 112 1 view -0
 257              		.cfi_startproc
 258              		@ args = 0, pretend = 0, frame = 64
 259              		@ frame_needed = 0, uses_anonymous_args = 0
 260 0000 00B5     		push	{lr}
 261              	.LCFI3:
 262              		.cfi_def_cfa_offset 4
 263              		.cfi_offset 14, -4
 264 0002 91B0     		sub	sp, sp, #68
 265              	.LCFI4:
 266              		.cfi_def_cfa_offset 72
 113:Src/main.c    ****   RCC_ClkInitTypeDef RCC_ClkInitStruct = {0};
 267              		.loc 1 113 3 view .LVU67
 113:Src/main.c    ****   RCC_ClkInitTypeDef RCC_ClkInitStruct = {0};
 268              		.loc 1 113 22 is_stmt 0 view .LVU68
 269 0004 2822     		movs	r2, #40
 270 0006 0021     		movs	r1, #0
 271 0008 06A8     		add	r0, sp, #24
 272 000a FFF7FEFF 		bl	memset
 273              	.LVL7:
 114:Src/main.c    **** 
 274              		.loc 1 114 3 is_stmt 1 view .LVU69
ARM GAS  C:\Users\Admin\AppData\Local\Temp\ccH2UNO4.s 			page 12


 114:Src/main.c    **** 
 275              		.loc 1 114 22 is_stmt 0 view .LVU70
 276 000e 0023     		movs	r3, #0
 277 0010 0193     		str	r3, [sp, #4]
 278 0012 0293     		str	r3, [sp, #8]
 279 0014 0393     		str	r3, [sp, #12]
 280 0016 0493     		str	r3, [sp, #16]
 281 0018 0593     		str	r3, [sp, #20]
 119:Src/main.c    ****   RCC_OscInitStruct.HSEState = RCC_HSE_ON;
 282              		.loc 1 119 3 is_stmt 1 view .LVU71
 119:Src/main.c    ****   RCC_OscInitStruct.HSEState = RCC_HSE_ON;
 283              		.loc 1 119 36 is_stmt 0 view .LVU72
 284 001a 0122     		movs	r2, #1
 285 001c 0692     		str	r2, [sp, #24]
 120:Src/main.c    ****   RCC_OscInitStruct.HSEPredivValue = RCC_HSE_PREDIV_DIV1;
 286              		.loc 1 120 3 is_stmt 1 view .LVU73
 120:Src/main.c    ****   RCC_OscInitStruct.HSEPredivValue = RCC_HSE_PREDIV_DIV1;
 287              		.loc 1 120 30 is_stmt 0 view .LVU74
 288 001e 4FF48033 		mov	r3, #65536
 289 0022 0793     		str	r3, [sp, #28]
 121:Src/main.c    ****   RCC_OscInitStruct.HSIState = RCC_HSI_ON;
 290              		.loc 1 121 3 is_stmt 1 view .LVU75
 122:Src/main.c    ****   RCC_OscInitStruct.PLL.PLLState = RCC_PLL_ON;
 291              		.loc 1 122 3 view .LVU76
 122:Src/main.c    ****   RCC_OscInitStruct.PLL.PLLState = RCC_PLL_ON;
 292              		.loc 1 122 30 is_stmt 0 view .LVU77
 293 0024 0A92     		str	r2, [sp, #40]
 123:Src/main.c    ****   RCC_OscInitStruct.PLL.PLLSource = RCC_PLLSOURCE_HSE;
 294              		.loc 1 123 3 is_stmt 1 view .LVU78
 123:Src/main.c    ****   RCC_OscInitStruct.PLL.PLLSource = RCC_PLLSOURCE_HSE;
 295              		.loc 1 123 34 is_stmt 0 view .LVU79
 296 0026 0222     		movs	r2, #2
 297 0028 0D92     		str	r2, [sp, #52]
 124:Src/main.c    ****   RCC_OscInitStruct.PLL.PLLMUL = RCC_PLL_MUL9;
 298              		.loc 1 124 3 is_stmt 1 view .LVU80
 124:Src/main.c    ****   RCC_OscInitStruct.PLL.PLLMUL = RCC_PLL_MUL9;
 299              		.loc 1 124 35 is_stmt 0 view .LVU81
 300 002a 0E93     		str	r3, [sp, #56]
 125:Src/main.c    ****   if (HAL_RCC_OscConfig(&RCC_OscInitStruct) != HAL_OK)
 301              		.loc 1 125 3 is_stmt 1 view .LVU82
 125:Src/main.c    ****   if (HAL_RCC_OscConfig(&RCC_OscInitStruct) != HAL_OK)
 302              		.loc 1 125 32 is_stmt 0 view .LVU83
 303 002c 4FF4E013 		mov	r3, #1835008
 304 0030 0F93     		str	r3, [sp, #60]
 126:Src/main.c    ****   {
 305              		.loc 1 126 3 is_stmt 1 view .LVU84
 126:Src/main.c    ****   {
 306              		.loc 1 126 7 is_stmt 0 view .LVU85
 307 0032 06A8     		add	r0, sp, #24
 308 0034 FFF7FEFF 		bl	HAL_RCC_OscConfig
 309              	.LVL8:
 126:Src/main.c    ****   {
 310              		.loc 1 126 6 view .LVU86
 311 0038 80B9     		cbnz	r0, .L11
 133:Src/main.c    ****                               |RCC_CLOCKTYPE_PCLK1|RCC_CLOCKTYPE_PCLK2;
 312              		.loc 1 133 3 is_stmt 1 view .LVU87
 133:Src/main.c    ****                               |RCC_CLOCKTYPE_PCLK1|RCC_CLOCKTYPE_PCLK2;
ARM GAS  C:\Users\Admin\AppData\Local\Temp\ccH2UNO4.s 			page 13


 313              		.loc 1 133 31 is_stmt 0 view .LVU88
 314 003a 0F23     		movs	r3, #15
 315 003c 0193     		str	r3, [sp, #4]
 135:Src/main.c    ****   RCC_ClkInitStruct.AHBCLKDivider = RCC_SYSCLK_DIV1;
 316              		.loc 1 135 3 is_stmt 1 view .LVU89
 135:Src/main.c    ****   RCC_ClkInitStruct.AHBCLKDivider = RCC_SYSCLK_DIV1;
 317              		.loc 1 135 34 is_stmt 0 view .LVU90
 318 003e 0221     		movs	r1, #2
 319 0040 0291     		str	r1, [sp, #8]
 136:Src/main.c    ****   RCC_ClkInitStruct.APB1CLKDivider = RCC_HCLK_DIV2;
 320              		.loc 1 136 3 is_stmt 1 view .LVU91
 136:Src/main.c    ****   RCC_ClkInitStruct.APB1CLKDivider = RCC_HCLK_DIV2;
 321              		.loc 1 136 35 is_stmt 0 view .LVU92
 322 0042 0023     		movs	r3, #0
 323 0044 0393     		str	r3, [sp, #12]
 137:Src/main.c    ****   RCC_ClkInitStruct.APB2CLKDivider = RCC_HCLK_DIV1;
 324              		.loc 1 137 3 is_stmt 1 view .LVU93
 137:Src/main.c    ****   RCC_ClkInitStruct.APB2CLKDivider = RCC_HCLK_DIV1;
 325              		.loc 1 137 36 is_stmt 0 view .LVU94
 326 0046 4FF48062 		mov	r2, #1024
 327 004a 0492     		str	r2, [sp, #16]
 138:Src/main.c    **** 
 328              		.loc 1 138 3 is_stmt 1 view .LVU95
 138:Src/main.c    **** 
 329              		.loc 1 138 36 is_stmt 0 view .LVU96
 330 004c 0593     		str	r3, [sp, #20]
 140:Src/main.c    ****   {
 331              		.loc 1 140 3 is_stmt 1 view .LVU97
 140:Src/main.c    ****   {
 332              		.loc 1 140 7 is_stmt 0 view .LVU98
 333 004e 01A8     		add	r0, sp, #4
 334 0050 FFF7FEFF 		bl	HAL_RCC_ClockConfig
 335              	.LVL9:
 140:Src/main.c    ****   {
 336              		.loc 1 140 6 view .LVU99
 337 0054 20B9     		cbnz	r0, .L12
 144:Src/main.c    **** 
 338              		.loc 1 144 1 view .LVU100
 339 0056 11B0     		add	sp, sp, #68
 340              	.LCFI5:
 341              		.cfi_remember_state
 342              		.cfi_def_cfa_offset 4
 343              		@ sp needed
 344 0058 5DF804FB 		ldr	pc, [sp], #4
 345              	.L11:
 346              	.LCFI6:
 347              		.cfi_restore_state
 128:Src/main.c    ****   }
 348              		.loc 1 128 5 is_stmt 1 view .LVU101
 349 005c FFF7FEFF 		bl	Error_Handler
 350              	.LVL10:
 351              	.L12:
 142:Src/main.c    ****   }
 352              		.loc 1 142 5 view .LVU102
 353 0060 FFF7FEFF 		bl	Error_Handler
 354              	.LVL11:
 355              		.cfi_endproc
ARM GAS  C:\Users\Admin\AppData\Local\Temp\ccH2UNO4.s 			page 14


 356              	.LFE66:
 358              		.section	.text.main,"ax",%progbits
 359              		.align	1
 360              		.global	main
 361              		.syntax unified
 362              		.thumb
 363              		.thumb_func
 365              	main:
 366              	.LFB65:
  64:Src/main.c    ****   /* USER CODE BEGIN 1 */
 367              		.loc 1 64 1 view -0
 368              		.cfi_startproc
 369              		@ Volatile: function does not return.
 370              		@ args = 0, pretend = 0, frame = 0
 371              		@ frame_needed = 0, uses_anonymous_args = 0
 372 0000 08B5     		push	{r3, lr}
 373              	.LCFI7:
 374              		.cfi_def_cfa_offset 8
 375              		.cfi_offset 3, -8
 376              		.cfi_offset 14, -4
  72:Src/main.c    **** 
 377              		.loc 1 72 3 view .LVU104
 378 0002 FFF7FEFF 		bl	HAL_Init
 379              	.LVL12:
  79:Src/main.c    **** 
 380              		.loc 1 79 3 view .LVU105
 381 0006 FFF7FEFF 		bl	SystemClock_Config
 382              	.LVL13:
  86:Src/main.c    ****   /* USER CODE BEGIN 2 */
 383              		.loc 1 86 3 view .LVU106
 384 000a FFF7FEFF 		bl	MX_GPIO_Init
 385              	.LVL14:
  88:Src/main.c    ****   /* USER CODE END 2 */
 386              		.loc 1 88 3 view .LVU107
 387 000e 0022     		movs	r2, #0
 388 0010 0121     		movs	r1, #1
 389 0012 0448     		ldr	r0, .L16
 390 0014 FFF7FEFF 		bl	HAL_GPIO_WritePin
 391              	.LVL15:
 392              	.L14:
  93:Src/main.c    ****   {
 393              		.loc 1 93 3 discriminator 1 view .LVU108
  98:Src/main.c    ****     // HAL_GPIO_WritePin(GPIOA, GPIO_PIN_0, 1);
 394              		.loc 1 98 5 discriminator 1 view .LVU109
 395 0018 0121     		movs	r1, #1
 396 001a 0248     		ldr	r0, .L16
 397 001c FFF7FEFF 		bl	HAL_GPIO_TogglePin
 398              	.LVL16:
  93:Src/main.c    ****   {
 399              		.loc 1 93 9 discriminator 1 view .LVU110
 400 0020 FAE7     		b	.L14
 401              	.L17:
 402 0022 00BF     		.align	2
 403              	.L16:
 404 0024 00080140 		.word	1073809408
 405              		.cfi_endproc
 406              	.LFE65:
ARM GAS  C:\Users\Admin\AppData\Local\Temp\ccH2UNO4.s 			page 15


 408              		.text
 409              	.Letext0:
 410              		.file 3 "d:\\10 2021.10\\arm-none-eabi\\include\\machine\\_default_types.h"
 411              		.file 4 "d:\\10 2021.10\\arm-none-eabi\\include\\sys\\_stdint.h"
 412              		.file 5 "Drivers/CMSIS/Device/ST/STM32F1xx/Include/stm32f103xb.h"
 413              		.file 6 "Drivers/STM32F1xx_HAL_Driver/Inc/stm32f1xx_hal_rcc.h"
 414              		.file 7 "Drivers/STM32F1xx_HAL_Driver/Inc/stm32f1xx_hal_rcc_ex.h"
 415              		.file 8 "Drivers/STM32F1xx_HAL_Driver/Inc/stm32f1xx_hal_gpio.h"
 416              		.file 9 "Drivers/STM32F1xx_HAL_Driver/Inc/stm32f1xx_hal_def.h"
 417              		.file 10 "Drivers/STM32F1xx_HAL_Driver/Inc/stm32f1xx_hal.h"
 418              		.file 11 "<built-in>"
ARM GAS  C:\Users\Admin\AppData\Local\Temp\ccH2UNO4.s 			page 16


DEFINED SYMBOLS
                            *ABS*:00000000 main.c
C:\Users\Admin\AppData\Local\Temp\ccH2UNO4.s:18     .text.MX_GPIO_Init:00000000 $t
C:\Users\Admin\AppData\Local\Temp\ccH2UNO4.s:23     .text.MX_GPIO_Init:00000000 MX_GPIO_Init
C:\Users\Admin\AppData\Local\Temp\ccH2UNO4.s:202    .text.MX_GPIO_Init:000000d0 $d
C:\Users\Admin\AppData\Local\Temp\ccH2UNO4.s:210    .text.Error_Handler:00000000 $t
C:\Users\Admin\AppData\Local\Temp\ccH2UNO4.s:216    .text.Error_Handler:00000000 Error_Handler
C:\Users\Admin\AppData\Local\Temp\ccH2UNO4.s:248    .text.SystemClock_Config:00000000 $t
C:\Users\Admin\AppData\Local\Temp\ccH2UNO4.s:254    .text.SystemClock_Config:00000000 SystemClock_Config
C:\Users\Admin\AppData\Local\Temp\ccH2UNO4.s:359    .text.main:00000000 $t
C:\Users\Admin\AppData\Local\Temp\ccH2UNO4.s:365    .text.main:00000000 main
C:\Users\Admin\AppData\Local\Temp\ccH2UNO4.s:404    .text.main:00000024 $d

UNDEFINED SYMBOLS
HAL_GPIO_WritePin
HAL_GPIO_Init
memset
HAL_RCC_OscConfig
HAL_RCC_ClockConfig
HAL_Init
HAL_GPIO_TogglePin
