ARM GAS  C:\Users\Admin\AppData\Local\Temp\cc5TE35U.s 			page 1


   1              		.cpu cortex-m3
   2              		.arch armv7-m
   3              		.fpu softvfp
   4              		.eabi_attribute 20, 1
   5              		.eabi_attribute 21, 1
   6              		.eabi_attribute 23, 3
   7              		.eabi_attribute 24, 1
   8              		.eabi_attribute 25, 1
   9              		.eabi_attribute 26, 1
  10              		.eabi_attribute 30, 1
  11              		.eabi_attribute 34, 1
  12              		.eabi_attribute 18, 4
  13              		.file	"main.c"
  14              		.text
  15              	.Ltext0:
  16              		.cfi_sections	.debug_frame
  17              		.section	.text.delay_1ms,"ax",%progbits
  18              		.align	1
  19              		.global	delay_1ms
  20              		.syntax unified
  21              		.thumb
  22              		.thumb_func
  24              	delay_1ms:
  25              	.LFB65:
  26              		.file 1 "Core/Src/main.c"
   1:Core/Src/main.c **** /* USER CODE BEGIN Header */
   2:Core/Src/main.c **** /**
   3:Core/Src/main.c ****   ******************************************************************************
   4:Core/Src/main.c ****   * @file           : main.c
   5:Core/Src/main.c ****   * @brief          : Main program body
   6:Core/Src/main.c ****   ******************************************************************************
   7:Core/Src/main.c ****   * @attention
   8:Core/Src/main.c ****   *
   9:Core/Src/main.c ****   * Copyright (c) 2022 STMicroelectronics.
  10:Core/Src/main.c ****   * All rights reserved.
  11:Core/Src/main.c ****   *
  12:Core/Src/main.c ****   * This software is licensed under terms that can be found in the LICENSE file
  13:Core/Src/main.c ****   * in the root directory of this software component.
  14:Core/Src/main.c ****   * If no LICENSE file comes with this software, it is provided AS-IS.
  15:Core/Src/main.c ****   *
  16:Core/Src/main.c ****   ******************************************************************************
  17:Core/Src/main.c ****   */
  18:Core/Src/main.c **** /* USER CODE END Header */
  19:Core/Src/main.c **** /* Includes ------------------------------------------------------------------*/
  20:Core/Src/main.c **** #include "main.h"
  21:Core/Src/main.c **** #include "tim.h"
  22:Core/Src/main.c **** #include "gpio.h"
  23:Core/Src/main.c **** 
  24:Core/Src/main.c **** /* Private includes ----------------------------------------------------------*/
  25:Core/Src/main.c **** /* USER CODE BEGIN Includes */
  26:Core/Src/main.c **** 
  27:Core/Src/main.c **** /* USER CODE END Includes */
  28:Core/Src/main.c **** 
  29:Core/Src/main.c **** /* Private typedef -----------------------------------------------------------*/
  30:Core/Src/main.c **** /* USER CODE BEGIN PTD */
  31:Core/Src/main.c **** 
  32:Core/Src/main.c **** /* USER CODE END PTD */
ARM GAS  C:\Users\Admin\AppData\Local\Temp\cc5TE35U.s 			page 2


  33:Core/Src/main.c **** 
  34:Core/Src/main.c **** /* Private define ------------------------------------------------------------*/
  35:Core/Src/main.c **** /* USER CODE BEGIN PD */
  36:Core/Src/main.c **** /* USER CODE END PD */
  37:Core/Src/main.c **** 
  38:Core/Src/main.c **** /* Private macro -------------------------------------------------------------*/
  39:Core/Src/main.c **** /* USER CODE BEGIN PM */
  40:Core/Src/main.c **** 
  41:Core/Src/main.c **** /* USER CODE END PM */
  42:Core/Src/main.c **** 
  43:Core/Src/main.c **** /* Private variables ---------------------------------------------------------*/
  44:Core/Src/main.c **** 
  45:Core/Src/main.c **** /* USER CODE BEGIN PV */
  46:Core/Src/main.c **** 
  47:Core/Src/main.c **** /* USER CODE END PV */
  48:Core/Src/main.c **** 
  49:Core/Src/main.c **** /* Private function prototypes -----------------------------------------------*/
  50:Core/Src/main.c **** void SystemClock_Config(void);
  51:Core/Src/main.c **** /* USER CODE BEGIN PFP */
  52:Core/Src/main.c **** void delay_1ms(void)
  53:Core/Src/main.c **** {
  27              		.loc 1 53 1 view -0
  28              		.cfi_startproc
  29              		@ args = 0, pretend = 0, frame = 0
  30              		@ frame_needed = 0, uses_anonymous_args = 0
  31              		@ link register save eliminated.
  54:Core/Src/main.c ****  __HAL_TIM_SetCounter(&htim2, 0);
  32              		.loc 1 54 2 view .LVU1
  33 0000 034B     		ldr	r3, .L3
  34 0002 1A68     		ldr	r2, [r3]
  35 0004 0023     		movs	r3, #0
  36 0006 5362     		str	r3, [r2, #36]
  55:Core/Src/main.c ****  //uint16_t a = __HAL_TIM_GetCounter(&htim2);
  56:Core/Src/main.c ****  while (__HAL_TIM_GetCounter(&htim2)<20);
  37              		.loc 1 56 2 view .LVU2
  38              	.L2:
  39              		.loc 1 56 41 discriminator 1 view .LVU3
  40              		.loc 1 56 8 discriminator 1 view .LVU4
  41              		.loc 1 56 9 is_stmt 0 discriminator 1 view .LVU5
  42 0008 536A     		ldr	r3, [r2, #36]
  43              		.loc 1 56 8 discriminator 1 view .LVU6
  44 000a 132B     		cmp	r3, #19
  45 000c FCD9     		bls	.L2
  57:Core/Src/main.c **** }
  46              		.loc 1 57 1 view .LVU7
  47 000e 7047     		bx	lr
  48              	.L4:
  49              		.align	2
  50              	.L3:
  51 0010 00000000 		.word	htim2
  52              		.cfi_endproc
  53              	.LFE65:
  55              		.section	.text.delay_ms,"ax",%progbits
  56              		.align	1
  57              		.global	delay_ms
  58              		.syntax unified
  59              		.thumb
ARM GAS  C:\Users\Admin\AppData\Local\Temp\cc5TE35U.s 			page 3


  60              		.thumb_func
  62              	delay_ms:
  63              	.LVL0:
  64              	.LFB66:
  58:Core/Src/main.c **** void delay_ms(int time)
  59:Core/Src/main.c **** {
  65              		.loc 1 59 1 is_stmt 1 view -0
  66              		.cfi_startproc
  67              		@ args = 0, pretend = 0, frame = 0
  68              		@ frame_needed = 0, uses_anonymous_args = 0
  69              		.loc 1 59 1 is_stmt 0 view .LVU9
  70 0000 38B5     		push	{r3, r4, r5, lr}
  71              	.LCFI0:
  72              		.cfi_def_cfa_offset 16
  73              		.cfi_offset 3, -16
  74              		.cfi_offset 4, -12
  75              		.cfi_offset 5, -8
  76              		.cfi_offset 14, -4
  77 0002 0546     		mov	r5, r0
  60:Core/Src/main.c ****  int i = 0;
  78              		.loc 1 60 2 is_stmt 1 view .LVU10
  79              	.LVL1:
  61:Core/Src/main.c ****  for(i = 0; i < time; i++)
  80              		.loc 1 61 2 view .LVU11
  81              		.loc 1 61 8 is_stmt 0 view .LVU12
  82 0004 0024     		movs	r4, #0
  83              		.loc 1 61 2 view .LVU13
  84 0006 02E0     		b	.L6
  85              	.LVL2:
  86              	.L7:
  62:Core/Src/main.c ****  {
  63:Core/Src/main.c ****    delay_1ms();
  87              		.loc 1 63 4 is_stmt 1 discriminator 3 view .LVU14
  88 0008 FFF7FEFF 		bl	delay_1ms
  89              	.LVL3:
  61:Core/Src/main.c ****  for(i = 0; i < time; i++)
  90              		.loc 1 61 23 discriminator 3 view .LVU15
  61:Core/Src/main.c ****  for(i = 0; i < time; i++)
  91              		.loc 1 61 24 is_stmt 0 discriminator 3 view .LVU16
  92 000c 0134     		adds	r4, r4, #1
  93              	.LVL4:
  94              	.L6:
  61:Core/Src/main.c ****  for(i = 0; i < time; i++)
  95              		.loc 1 61 13 is_stmt 1 discriminator 1 view .LVU17
  61:Core/Src/main.c ****  for(i = 0; i < time; i++)
  96              		.loc 1 61 2 is_stmt 0 discriminator 1 view .LVU18
  97 000e AC42     		cmp	r4, r5
  98 0010 FADB     		blt	.L7
  64:Core/Src/main.c ****  }
  65:Core/Src/main.c **** }
  99              		.loc 1 65 1 view .LVU19
 100 0012 38BD     		pop	{r3, r4, r5, pc}
 101              		.loc 1 65 1 view .LVU20
 102              		.cfi_endproc
 103              	.LFE66:
 105              		.section	.text.Error_Handler,"ax",%progbits
 106              		.align	1
ARM GAS  C:\Users\Admin\AppData\Local\Temp\cc5TE35U.s 			page 4


 107              		.global	Error_Handler
 108              		.syntax unified
 109              		.thumb
 110              		.thumb_func
 112              	Error_Handler:
 113              	.LFB69:
  66:Core/Src/main.c **** /* USER CODE END PFP */
  67:Core/Src/main.c **** 
  68:Core/Src/main.c **** /* Private user code ---------------------------------------------------------*/
  69:Core/Src/main.c **** /* USER CODE BEGIN 0 */
  70:Core/Src/main.c **** 
  71:Core/Src/main.c **** /* USER CODE END 0 */
  72:Core/Src/main.c **** 
  73:Core/Src/main.c **** /**
  74:Core/Src/main.c ****   * @brief  The application entry point.
  75:Core/Src/main.c ****   * @retval int
  76:Core/Src/main.c ****   */
  77:Core/Src/main.c **** int main(void)
  78:Core/Src/main.c **** {
  79:Core/Src/main.c ****   /* USER CODE BEGIN 1 */
  80:Core/Src/main.c **** 
  81:Core/Src/main.c ****   /* USER CODE END 1 */
  82:Core/Src/main.c **** 
  83:Core/Src/main.c ****   /* MCU Configuration--------------------------------------------------------*/
  84:Core/Src/main.c **** 
  85:Core/Src/main.c ****   /* Reset of all peripherals, Initializes the Flash interface and the Systick. */
  86:Core/Src/main.c ****   HAL_Init();
  87:Core/Src/main.c **** 
  88:Core/Src/main.c ****   /* USER CODE BEGIN Init */
  89:Core/Src/main.c **** 
  90:Core/Src/main.c ****   /* USER CODE END Init */
  91:Core/Src/main.c **** 
  92:Core/Src/main.c ****   /* Configure the system clock */
  93:Core/Src/main.c ****   SystemClock_Config();
  94:Core/Src/main.c **** 
  95:Core/Src/main.c ****   /* USER CODE BEGIN SysInit */
  96:Core/Src/main.c **** 
  97:Core/Src/main.c ****   /* USER CODE END SysInit */
  98:Core/Src/main.c **** 
  99:Core/Src/main.c ****   /* Initialize all configured peripherals */
 100:Core/Src/main.c ****   MX_GPIO_Init();
 101:Core/Src/main.c ****   MX_TIM2_Init();
 102:Core/Src/main.c ****   /* USER CODE BEGIN 2 */
 103:Core/Src/main.c ****   HAL_TIM_Base_Start(&htim2);
 104:Core/Src/main.c ****   /* USER CODE END 2 */
 105:Core/Src/main.c **** 
 106:Core/Src/main.c ****   /* Infinite loop */
 107:Core/Src/main.c ****   /* USER CODE BEGIN WHILE */
 108:Core/Src/main.c ****   while (1)
 109:Core/Src/main.c ****   {
 110:Core/Src/main.c ****     /* USER CODE END WHILE */
 111:Core/Src/main.c **** 
 112:Core/Src/main.c ****     /* USER CODE BEGIN 3 */
 113:Core/Src/main.c ****     HAL_GPIO_TogglePin(GPIOC, GPIO_PIN_13);
 114:Core/Src/main.c ****     delay_ms(2000);
 115:Core/Src/main.c ****   }
 116:Core/Src/main.c ****   /* USER CODE END 3 */
ARM GAS  C:\Users\Admin\AppData\Local\Temp\cc5TE35U.s 			page 5


 117:Core/Src/main.c **** }
 118:Core/Src/main.c **** 
 119:Core/Src/main.c **** /**
 120:Core/Src/main.c ****   * @brief System Clock Configuration
 121:Core/Src/main.c ****   * @retval None
 122:Core/Src/main.c ****   */
 123:Core/Src/main.c **** void SystemClock_Config(void)
 124:Core/Src/main.c **** {
 125:Core/Src/main.c ****   RCC_OscInitTypeDef RCC_OscInitStruct = {0};
 126:Core/Src/main.c ****   RCC_ClkInitTypeDef RCC_ClkInitStruct = {0};
 127:Core/Src/main.c **** 
 128:Core/Src/main.c ****   /** Initializes the RCC Oscillators according to the specified parameters
 129:Core/Src/main.c ****   * in the RCC_OscInitTypeDef structure.
 130:Core/Src/main.c ****   */
 131:Core/Src/main.c ****   RCC_OscInitStruct.OscillatorType = RCC_OSCILLATORTYPE_HSE;
 132:Core/Src/main.c ****   RCC_OscInitStruct.HSEState = RCC_HSE_ON;
 133:Core/Src/main.c ****   RCC_OscInitStruct.HSEPredivValue = RCC_HSE_PREDIV_DIV1;
 134:Core/Src/main.c ****   RCC_OscInitStruct.HSIState = RCC_HSI_ON;
 135:Core/Src/main.c ****   RCC_OscInitStruct.PLL.PLLState = RCC_PLL_ON;
 136:Core/Src/main.c ****   RCC_OscInitStruct.PLL.PLLSource = RCC_PLLSOURCE_HSE;
 137:Core/Src/main.c ****   RCC_OscInitStruct.PLL.PLLMUL = RCC_PLL_MUL9;
 138:Core/Src/main.c ****   if (HAL_RCC_OscConfig(&RCC_OscInitStruct) != HAL_OK)
 139:Core/Src/main.c ****   {
 140:Core/Src/main.c ****     Error_Handler();
 141:Core/Src/main.c ****   }
 142:Core/Src/main.c **** 
 143:Core/Src/main.c ****   /** Initializes the CPU, AHB and APB buses clocks
 144:Core/Src/main.c ****   */
 145:Core/Src/main.c ****   RCC_ClkInitStruct.ClockType = RCC_CLOCKTYPE_HCLK|RCC_CLOCKTYPE_SYSCLK
 146:Core/Src/main.c ****                               |RCC_CLOCKTYPE_PCLK1|RCC_CLOCKTYPE_PCLK2;
 147:Core/Src/main.c ****   RCC_ClkInitStruct.SYSCLKSource = RCC_SYSCLKSOURCE_PLLCLK;
 148:Core/Src/main.c ****   RCC_ClkInitStruct.AHBCLKDivider = RCC_SYSCLK_DIV1;
 149:Core/Src/main.c ****   RCC_ClkInitStruct.APB1CLKDivider = RCC_HCLK_DIV2;
 150:Core/Src/main.c ****   RCC_ClkInitStruct.APB2CLKDivider = RCC_HCLK_DIV1;
 151:Core/Src/main.c **** 
 152:Core/Src/main.c ****   if (HAL_RCC_ClockConfig(&RCC_ClkInitStruct, FLASH_LATENCY_2) != HAL_OK)
 153:Core/Src/main.c ****   {
 154:Core/Src/main.c ****     Error_Handler();
 155:Core/Src/main.c ****   }
 156:Core/Src/main.c **** }
 157:Core/Src/main.c **** 
 158:Core/Src/main.c **** /* USER CODE BEGIN 4 */
 159:Core/Src/main.c **** // void HAL_GPIO_EXTI_Callback(uint16_t GPIO_Pin)
 160:Core/Src/main.c **** // {
 161:Core/Src/main.c **** //   if (GPIO_Pin == GPIO_PIN_0)
 162:Core/Src/main.c **** //   {
 163:Core/Src/main.c **** //     HAL_GPIO_WritePin(GPIOB, GPIO_PIN_12,1);
 164:Core/Src/main.c **** //   }
 165:Core/Src/main.c **** //   HAL_TIM_Base_Start_IT(&htim2);
 166:Core/Src/main.c **** // }
 167:Core/Src/main.c **** 
 168:Core/Src/main.c **** // void HAL_TIM_PeriodElapsedCallback(TIM_HandleTypeDef *htim)
 169:Core/Src/main.c **** // {
 170:Core/Src/main.c **** //   if(htim->Instance == htim2.Instance)
 171:Core/Src/main.c **** //   {
 172:Core/Src/main.c **** //     HAL_GPIO_WritePin(GPIOB, GPIO_PIN_12,0);
 173:Core/Src/main.c **** //   }
ARM GAS  C:\Users\Admin\AppData\Local\Temp\cc5TE35U.s 			page 6


 174:Core/Src/main.c **** //   HAL_TIM_Base_Stop_IT(&htim2);
 175:Core/Src/main.c **** // }
 176:Core/Src/main.c **** /* USER CODE END 4 */
 177:Core/Src/main.c **** 
 178:Core/Src/main.c **** /**
 179:Core/Src/main.c ****   * @brief  This function is executed in case of error occurrence.
 180:Core/Src/main.c ****   * @retval None
 181:Core/Src/main.c ****   */
 182:Core/Src/main.c **** void Error_Handler(void)
 183:Core/Src/main.c **** {
 114              		.loc 1 183 1 is_stmt 1 view -0
 115              		.cfi_startproc
 116              		@ Volatile: function does not return.
 117              		@ args = 0, pretend = 0, frame = 0
 118              		@ frame_needed = 0, uses_anonymous_args = 0
 119              		@ link register save eliminated.
 184:Core/Src/main.c ****   /* USER CODE BEGIN Error_Handler_Debug */
 185:Core/Src/main.c ****   /* User can add his own implementation to report the HAL error return state */
 186:Core/Src/main.c ****   __disable_irq();
 120              		.loc 1 186 3 view .LVU22
 121              	.LBB4:
 122              	.LBI4:
 123              		.file 2 "Drivers/CMSIS/Include/cmsis_gcc.h"
   1:Drivers/CMSIS/Include/cmsis_gcc.h **** /**************************************************************************//**
   2:Drivers/CMSIS/Include/cmsis_gcc.h ****  * @file     cmsis_gcc.h
   3:Drivers/CMSIS/Include/cmsis_gcc.h ****  * @brief    CMSIS compiler GCC header file
   4:Drivers/CMSIS/Include/cmsis_gcc.h ****  * @version  V5.0.4
   5:Drivers/CMSIS/Include/cmsis_gcc.h ****  * @date     09. April 2018
   6:Drivers/CMSIS/Include/cmsis_gcc.h ****  ******************************************************************************/
   7:Drivers/CMSIS/Include/cmsis_gcc.h **** /*
   8:Drivers/CMSIS/Include/cmsis_gcc.h ****  * Copyright (c) 2009-2018 Arm Limited. All rights reserved.
   9:Drivers/CMSIS/Include/cmsis_gcc.h ****  *
  10:Drivers/CMSIS/Include/cmsis_gcc.h ****  * SPDX-License-Identifier: Apache-2.0
  11:Drivers/CMSIS/Include/cmsis_gcc.h ****  *
  12:Drivers/CMSIS/Include/cmsis_gcc.h ****  * Licensed under the Apache License, Version 2.0 (the License); you may
  13:Drivers/CMSIS/Include/cmsis_gcc.h ****  * not use this file except in compliance with the License.
  14:Drivers/CMSIS/Include/cmsis_gcc.h ****  * You may obtain a copy of the License at
  15:Drivers/CMSIS/Include/cmsis_gcc.h ****  *
  16:Drivers/CMSIS/Include/cmsis_gcc.h ****  * www.apache.org/licenses/LICENSE-2.0
  17:Drivers/CMSIS/Include/cmsis_gcc.h ****  *
  18:Drivers/CMSIS/Include/cmsis_gcc.h ****  * Unless required by applicable law or agreed to in writing, software
  19:Drivers/CMSIS/Include/cmsis_gcc.h ****  * distributed under the License is distributed on an AS IS BASIS, WITHOUT
  20:Drivers/CMSIS/Include/cmsis_gcc.h ****  * WARRANTIES OR CONDITIONS OF ANY KIND, either express or implied.
  21:Drivers/CMSIS/Include/cmsis_gcc.h ****  * See the License for the specific language governing permissions and
  22:Drivers/CMSIS/Include/cmsis_gcc.h ****  * limitations under the License.
  23:Drivers/CMSIS/Include/cmsis_gcc.h ****  */
  24:Drivers/CMSIS/Include/cmsis_gcc.h **** 
  25:Drivers/CMSIS/Include/cmsis_gcc.h **** #ifndef __CMSIS_GCC_H
  26:Drivers/CMSIS/Include/cmsis_gcc.h **** #define __CMSIS_GCC_H
  27:Drivers/CMSIS/Include/cmsis_gcc.h **** 
  28:Drivers/CMSIS/Include/cmsis_gcc.h **** /* ignore some GCC warnings */
  29:Drivers/CMSIS/Include/cmsis_gcc.h **** #pragma GCC diagnostic push
  30:Drivers/CMSIS/Include/cmsis_gcc.h **** #pragma GCC diagnostic ignored "-Wsign-conversion"
  31:Drivers/CMSIS/Include/cmsis_gcc.h **** #pragma GCC diagnostic ignored "-Wconversion"
  32:Drivers/CMSIS/Include/cmsis_gcc.h **** #pragma GCC diagnostic ignored "-Wunused-parameter"
  33:Drivers/CMSIS/Include/cmsis_gcc.h **** 
  34:Drivers/CMSIS/Include/cmsis_gcc.h **** /* Fallback for __has_builtin */
ARM GAS  C:\Users\Admin\AppData\Local\Temp\cc5TE35U.s 			page 7


  35:Drivers/CMSIS/Include/cmsis_gcc.h **** #ifndef __has_builtin
  36:Drivers/CMSIS/Include/cmsis_gcc.h ****   #define __has_builtin(x) (0)
  37:Drivers/CMSIS/Include/cmsis_gcc.h **** #endif
  38:Drivers/CMSIS/Include/cmsis_gcc.h **** 
  39:Drivers/CMSIS/Include/cmsis_gcc.h **** /* CMSIS compiler specific defines */
  40:Drivers/CMSIS/Include/cmsis_gcc.h **** #ifndef   __ASM
  41:Drivers/CMSIS/Include/cmsis_gcc.h ****   #define __ASM                                  __asm
  42:Drivers/CMSIS/Include/cmsis_gcc.h **** #endif
  43:Drivers/CMSIS/Include/cmsis_gcc.h **** #ifndef   __INLINE
  44:Drivers/CMSIS/Include/cmsis_gcc.h ****   #define __INLINE                               inline
  45:Drivers/CMSIS/Include/cmsis_gcc.h **** #endif
  46:Drivers/CMSIS/Include/cmsis_gcc.h **** #ifndef   __STATIC_INLINE
  47:Drivers/CMSIS/Include/cmsis_gcc.h ****   #define __STATIC_INLINE                        static inline
  48:Drivers/CMSIS/Include/cmsis_gcc.h **** #endif
  49:Drivers/CMSIS/Include/cmsis_gcc.h **** #ifndef   __STATIC_FORCEINLINE                 
  50:Drivers/CMSIS/Include/cmsis_gcc.h ****   #define __STATIC_FORCEINLINE                   __attribute__((always_inline)) static inline
  51:Drivers/CMSIS/Include/cmsis_gcc.h **** #endif                                           
  52:Drivers/CMSIS/Include/cmsis_gcc.h **** #ifndef   __NO_RETURN
  53:Drivers/CMSIS/Include/cmsis_gcc.h ****   #define __NO_RETURN                            __attribute__((__noreturn__))
  54:Drivers/CMSIS/Include/cmsis_gcc.h **** #endif
  55:Drivers/CMSIS/Include/cmsis_gcc.h **** #ifndef   __USED
  56:Drivers/CMSIS/Include/cmsis_gcc.h ****   #define __USED                                 __attribute__((used))
  57:Drivers/CMSIS/Include/cmsis_gcc.h **** #endif
  58:Drivers/CMSIS/Include/cmsis_gcc.h **** #ifndef   __WEAK
  59:Drivers/CMSIS/Include/cmsis_gcc.h ****   #define __WEAK                                 __attribute__((weak))
  60:Drivers/CMSIS/Include/cmsis_gcc.h **** #endif
  61:Drivers/CMSIS/Include/cmsis_gcc.h **** #ifndef   __PACKED
  62:Drivers/CMSIS/Include/cmsis_gcc.h ****   #define __PACKED                               __attribute__((packed, aligned(1)))
  63:Drivers/CMSIS/Include/cmsis_gcc.h **** #endif
  64:Drivers/CMSIS/Include/cmsis_gcc.h **** #ifndef   __PACKED_STRUCT
  65:Drivers/CMSIS/Include/cmsis_gcc.h ****   #define __PACKED_STRUCT                        struct __attribute__((packed, aligned(1)))
  66:Drivers/CMSIS/Include/cmsis_gcc.h **** #endif
  67:Drivers/CMSIS/Include/cmsis_gcc.h **** #ifndef   __PACKED_UNION
  68:Drivers/CMSIS/Include/cmsis_gcc.h ****   #define __PACKED_UNION                         union __attribute__((packed, aligned(1)))
  69:Drivers/CMSIS/Include/cmsis_gcc.h **** #endif
  70:Drivers/CMSIS/Include/cmsis_gcc.h **** #ifndef   __UNALIGNED_UINT32        /* deprecated */
  71:Drivers/CMSIS/Include/cmsis_gcc.h ****   #pragma GCC diagnostic push
  72:Drivers/CMSIS/Include/cmsis_gcc.h ****   #pragma GCC diagnostic ignored "-Wpacked"
  73:Drivers/CMSIS/Include/cmsis_gcc.h ****   #pragma GCC diagnostic ignored "-Wattributes"
  74:Drivers/CMSIS/Include/cmsis_gcc.h ****   struct __attribute__((packed)) T_UINT32 { uint32_t v; };
  75:Drivers/CMSIS/Include/cmsis_gcc.h ****   #pragma GCC diagnostic pop
  76:Drivers/CMSIS/Include/cmsis_gcc.h ****   #define __UNALIGNED_UINT32(x)                  (((struct T_UINT32 *)(x))->v)
  77:Drivers/CMSIS/Include/cmsis_gcc.h **** #endif
  78:Drivers/CMSIS/Include/cmsis_gcc.h **** #ifndef   __UNALIGNED_UINT16_WRITE
  79:Drivers/CMSIS/Include/cmsis_gcc.h ****   #pragma GCC diagnostic push
  80:Drivers/CMSIS/Include/cmsis_gcc.h ****   #pragma GCC diagnostic ignored "-Wpacked"
  81:Drivers/CMSIS/Include/cmsis_gcc.h ****   #pragma GCC diagnostic ignored "-Wattributes"
  82:Drivers/CMSIS/Include/cmsis_gcc.h ****   __PACKED_STRUCT T_UINT16_WRITE { uint16_t v; };
  83:Drivers/CMSIS/Include/cmsis_gcc.h ****   #pragma GCC diagnostic pop
  84:Drivers/CMSIS/Include/cmsis_gcc.h ****   #define __UNALIGNED_UINT16_WRITE(addr, val)    (void)((((struct T_UINT16_WRITE *)(void *)(addr))-
  85:Drivers/CMSIS/Include/cmsis_gcc.h **** #endif
  86:Drivers/CMSIS/Include/cmsis_gcc.h **** #ifndef   __UNALIGNED_UINT16_READ
  87:Drivers/CMSIS/Include/cmsis_gcc.h ****   #pragma GCC diagnostic push
  88:Drivers/CMSIS/Include/cmsis_gcc.h ****   #pragma GCC diagnostic ignored "-Wpacked"
  89:Drivers/CMSIS/Include/cmsis_gcc.h ****   #pragma GCC diagnostic ignored "-Wattributes"
  90:Drivers/CMSIS/Include/cmsis_gcc.h ****   __PACKED_STRUCT T_UINT16_READ { uint16_t v; };
  91:Drivers/CMSIS/Include/cmsis_gcc.h ****   #pragma GCC diagnostic pop
ARM GAS  C:\Users\Admin\AppData\Local\Temp\cc5TE35U.s 			page 8


  92:Drivers/CMSIS/Include/cmsis_gcc.h ****   #define __UNALIGNED_UINT16_READ(addr)          (((const struct T_UINT16_READ *)(const void *)(add
  93:Drivers/CMSIS/Include/cmsis_gcc.h **** #endif
  94:Drivers/CMSIS/Include/cmsis_gcc.h **** #ifndef   __UNALIGNED_UINT32_WRITE
  95:Drivers/CMSIS/Include/cmsis_gcc.h ****   #pragma GCC diagnostic push
  96:Drivers/CMSIS/Include/cmsis_gcc.h ****   #pragma GCC diagnostic ignored "-Wpacked"
  97:Drivers/CMSIS/Include/cmsis_gcc.h ****   #pragma GCC diagnostic ignored "-Wattributes"
  98:Drivers/CMSIS/Include/cmsis_gcc.h ****   __PACKED_STRUCT T_UINT32_WRITE { uint32_t v; };
  99:Drivers/CMSIS/Include/cmsis_gcc.h ****   #pragma GCC diagnostic pop
 100:Drivers/CMSIS/Include/cmsis_gcc.h ****   #define __UNALIGNED_UINT32_WRITE(addr, val)    (void)((((struct T_UINT32_WRITE *)(void *)(addr))-
 101:Drivers/CMSIS/Include/cmsis_gcc.h **** #endif
 102:Drivers/CMSIS/Include/cmsis_gcc.h **** #ifndef   __UNALIGNED_UINT32_READ
 103:Drivers/CMSIS/Include/cmsis_gcc.h ****   #pragma GCC diagnostic push
 104:Drivers/CMSIS/Include/cmsis_gcc.h ****   #pragma GCC diagnostic ignored "-Wpacked"
 105:Drivers/CMSIS/Include/cmsis_gcc.h ****   #pragma GCC diagnostic ignored "-Wattributes"
 106:Drivers/CMSIS/Include/cmsis_gcc.h ****   __PACKED_STRUCT T_UINT32_READ { uint32_t v; };
 107:Drivers/CMSIS/Include/cmsis_gcc.h ****   #pragma GCC diagnostic pop
 108:Drivers/CMSIS/Include/cmsis_gcc.h ****   #define __UNALIGNED_UINT32_READ(addr)          (((const struct T_UINT32_READ *)(const void *)(add
 109:Drivers/CMSIS/Include/cmsis_gcc.h **** #endif
 110:Drivers/CMSIS/Include/cmsis_gcc.h **** #ifndef   __ALIGNED
 111:Drivers/CMSIS/Include/cmsis_gcc.h ****   #define __ALIGNED(x)                           __attribute__((aligned(x)))
 112:Drivers/CMSIS/Include/cmsis_gcc.h **** #endif
 113:Drivers/CMSIS/Include/cmsis_gcc.h **** #ifndef   __RESTRICT
 114:Drivers/CMSIS/Include/cmsis_gcc.h ****   #define __RESTRICT                             __restrict
 115:Drivers/CMSIS/Include/cmsis_gcc.h **** #endif
 116:Drivers/CMSIS/Include/cmsis_gcc.h **** 
 117:Drivers/CMSIS/Include/cmsis_gcc.h **** 
 118:Drivers/CMSIS/Include/cmsis_gcc.h **** /* ###########################  Core Function Access  ########################### */
 119:Drivers/CMSIS/Include/cmsis_gcc.h **** /** \ingroup  CMSIS_Core_FunctionInterface
 120:Drivers/CMSIS/Include/cmsis_gcc.h ****     \defgroup CMSIS_Core_RegAccFunctions CMSIS Core Register Access Functions
 121:Drivers/CMSIS/Include/cmsis_gcc.h ****   @{
 122:Drivers/CMSIS/Include/cmsis_gcc.h ****  */
 123:Drivers/CMSIS/Include/cmsis_gcc.h **** 
 124:Drivers/CMSIS/Include/cmsis_gcc.h **** /**
 125:Drivers/CMSIS/Include/cmsis_gcc.h ****   \brief   Enable IRQ Interrupts
 126:Drivers/CMSIS/Include/cmsis_gcc.h ****   \details Enables IRQ interrupts by clearing the I-bit in the CPSR.
 127:Drivers/CMSIS/Include/cmsis_gcc.h ****            Can only be executed in Privileged modes.
 128:Drivers/CMSIS/Include/cmsis_gcc.h ****  */
 129:Drivers/CMSIS/Include/cmsis_gcc.h **** __STATIC_FORCEINLINE void __enable_irq(void)
 130:Drivers/CMSIS/Include/cmsis_gcc.h **** {
 131:Drivers/CMSIS/Include/cmsis_gcc.h ****   __ASM volatile ("cpsie i" : : : "memory");
 132:Drivers/CMSIS/Include/cmsis_gcc.h **** }
 133:Drivers/CMSIS/Include/cmsis_gcc.h **** 
 134:Drivers/CMSIS/Include/cmsis_gcc.h **** 
 135:Drivers/CMSIS/Include/cmsis_gcc.h **** /**
 136:Drivers/CMSIS/Include/cmsis_gcc.h ****   \brief   Disable IRQ Interrupts
 137:Drivers/CMSIS/Include/cmsis_gcc.h ****   \details Disables IRQ interrupts by setting the I-bit in the CPSR.
 138:Drivers/CMSIS/Include/cmsis_gcc.h ****            Can only be executed in Privileged modes.
 139:Drivers/CMSIS/Include/cmsis_gcc.h ****  */
 140:Drivers/CMSIS/Include/cmsis_gcc.h **** __STATIC_FORCEINLINE void __disable_irq(void)
 124              		.loc 2 140 27 view .LVU23
 125              	.LBB5:
 141:Drivers/CMSIS/Include/cmsis_gcc.h **** {
 142:Drivers/CMSIS/Include/cmsis_gcc.h ****   __ASM volatile ("cpsid i" : : : "memory");
 126              		.loc 2 142 3 view .LVU24
 127              		.syntax unified
 128              	@ 142 "Drivers/CMSIS/Include/cmsis_gcc.h" 1
 129 0000 72B6     		cpsid i
ARM GAS  C:\Users\Admin\AppData\Local\Temp\cc5TE35U.s 			page 9


 130              	@ 0 "" 2
 131              		.thumb
 132              		.syntax unified
 133              	.L10:
 134              	.LBE5:
 135              	.LBE4:
 187:Core/Src/main.c ****   while (1)
 136              		.loc 1 187 3 discriminator 1 view .LVU25
 188:Core/Src/main.c ****   {
 189:Core/Src/main.c ****   }
 137              		.loc 1 189 3 discriminator 1 view .LVU26
 187:Core/Src/main.c ****   while (1)
 138              		.loc 1 187 9 discriminator 1 view .LVU27
 139 0002 FEE7     		b	.L10
 140              		.cfi_endproc
 141              	.LFE69:
 143              		.section	.text.SystemClock_Config,"ax",%progbits
 144              		.align	1
 145              		.global	SystemClock_Config
 146              		.syntax unified
 147              		.thumb
 148              		.thumb_func
 150              	SystemClock_Config:
 151              	.LFB68:
 124:Core/Src/main.c ****   RCC_OscInitTypeDef RCC_OscInitStruct = {0};
 152              		.loc 1 124 1 view -0
 153              		.cfi_startproc
 154              		@ args = 0, pretend = 0, frame = 64
 155              		@ frame_needed = 0, uses_anonymous_args = 0
 156 0000 00B5     		push	{lr}
 157              	.LCFI1:
 158              		.cfi_def_cfa_offset 4
 159              		.cfi_offset 14, -4
 160 0002 91B0     		sub	sp, sp, #68
 161              	.LCFI2:
 162              		.cfi_def_cfa_offset 72
 125:Core/Src/main.c ****   RCC_ClkInitTypeDef RCC_ClkInitStruct = {0};
 163              		.loc 1 125 3 view .LVU29
 125:Core/Src/main.c ****   RCC_ClkInitTypeDef RCC_ClkInitStruct = {0};
 164              		.loc 1 125 22 is_stmt 0 view .LVU30
 165 0004 2822     		movs	r2, #40
 166 0006 0021     		movs	r1, #0
 167 0008 06A8     		add	r0, sp, #24
 168 000a FFF7FEFF 		bl	memset
 169              	.LVL5:
 126:Core/Src/main.c **** 
 170              		.loc 1 126 3 is_stmt 1 view .LVU31
 126:Core/Src/main.c **** 
 171              		.loc 1 126 22 is_stmt 0 view .LVU32
 172 000e 0023     		movs	r3, #0
 173 0010 0193     		str	r3, [sp, #4]
 174 0012 0293     		str	r3, [sp, #8]
 175 0014 0393     		str	r3, [sp, #12]
 176 0016 0493     		str	r3, [sp, #16]
 177 0018 0593     		str	r3, [sp, #20]
 131:Core/Src/main.c ****   RCC_OscInitStruct.HSEState = RCC_HSE_ON;
 178              		.loc 1 131 3 is_stmt 1 view .LVU33
ARM GAS  C:\Users\Admin\AppData\Local\Temp\cc5TE35U.s 			page 10


 131:Core/Src/main.c ****   RCC_OscInitStruct.HSEState = RCC_HSE_ON;
 179              		.loc 1 131 36 is_stmt 0 view .LVU34
 180 001a 0122     		movs	r2, #1
 181 001c 0692     		str	r2, [sp, #24]
 132:Core/Src/main.c ****   RCC_OscInitStruct.HSEPredivValue = RCC_HSE_PREDIV_DIV1;
 182              		.loc 1 132 3 is_stmt 1 view .LVU35
 132:Core/Src/main.c ****   RCC_OscInitStruct.HSEPredivValue = RCC_HSE_PREDIV_DIV1;
 183              		.loc 1 132 30 is_stmt 0 view .LVU36
 184 001e 4FF48033 		mov	r3, #65536
 185 0022 0793     		str	r3, [sp, #28]
 133:Core/Src/main.c ****   RCC_OscInitStruct.HSIState = RCC_HSI_ON;
 186              		.loc 1 133 3 is_stmt 1 view .LVU37
 134:Core/Src/main.c ****   RCC_OscInitStruct.PLL.PLLState = RCC_PLL_ON;
 187              		.loc 1 134 3 view .LVU38
 134:Core/Src/main.c ****   RCC_OscInitStruct.PLL.PLLState = RCC_PLL_ON;
 188              		.loc 1 134 30 is_stmt 0 view .LVU39
 189 0024 0A92     		str	r2, [sp, #40]
 135:Core/Src/main.c ****   RCC_OscInitStruct.PLL.PLLSource = RCC_PLLSOURCE_HSE;
 190              		.loc 1 135 3 is_stmt 1 view .LVU40
 135:Core/Src/main.c ****   RCC_OscInitStruct.PLL.PLLSource = RCC_PLLSOURCE_HSE;
 191              		.loc 1 135 34 is_stmt 0 view .LVU41
 192 0026 0222     		movs	r2, #2
 193 0028 0D92     		str	r2, [sp, #52]
 136:Core/Src/main.c ****   RCC_OscInitStruct.PLL.PLLMUL = RCC_PLL_MUL9;
 194              		.loc 1 136 3 is_stmt 1 view .LVU42
 136:Core/Src/main.c ****   RCC_OscInitStruct.PLL.PLLMUL = RCC_PLL_MUL9;
 195              		.loc 1 136 35 is_stmt 0 view .LVU43
 196 002a 0E93     		str	r3, [sp, #56]
 137:Core/Src/main.c ****   if (HAL_RCC_OscConfig(&RCC_OscInitStruct) != HAL_OK)
 197              		.loc 1 137 3 is_stmt 1 view .LVU44
 137:Core/Src/main.c ****   if (HAL_RCC_OscConfig(&RCC_OscInitStruct) != HAL_OK)
 198              		.loc 1 137 32 is_stmt 0 view .LVU45
 199 002c 4FF4E013 		mov	r3, #1835008
 200 0030 0F93     		str	r3, [sp, #60]
 138:Core/Src/main.c ****   {
 201              		.loc 1 138 3 is_stmt 1 view .LVU46
 138:Core/Src/main.c ****   {
 202              		.loc 1 138 7 is_stmt 0 view .LVU47
 203 0032 06A8     		add	r0, sp, #24
 204 0034 FFF7FEFF 		bl	HAL_RCC_OscConfig
 205              	.LVL6:
 138:Core/Src/main.c ****   {
 206              		.loc 1 138 6 view .LVU48
 207 0038 80B9     		cbnz	r0, .L15
 145:Core/Src/main.c ****                               |RCC_CLOCKTYPE_PCLK1|RCC_CLOCKTYPE_PCLK2;
 208              		.loc 1 145 3 is_stmt 1 view .LVU49
 145:Core/Src/main.c ****                               |RCC_CLOCKTYPE_PCLK1|RCC_CLOCKTYPE_PCLK2;
 209              		.loc 1 145 31 is_stmt 0 view .LVU50
 210 003a 0F23     		movs	r3, #15
 211 003c 0193     		str	r3, [sp, #4]
 147:Core/Src/main.c ****   RCC_ClkInitStruct.AHBCLKDivider = RCC_SYSCLK_DIV1;
 212              		.loc 1 147 3 is_stmt 1 view .LVU51
 147:Core/Src/main.c ****   RCC_ClkInitStruct.AHBCLKDivider = RCC_SYSCLK_DIV1;
 213              		.loc 1 147 34 is_stmt 0 view .LVU52
 214 003e 0221     		movs	r1, #2
 215 0040 0291     		str	r1, [sp, #8]
 148:Core/Src/main.c ****   RCC_ClkInitStruct.APB1CLKDivider = RCC_HCLK_DIV2;
ARM GAS  C:\Users\Admin\AppData\Local\Temp\cc5TE35U.s 			page 11


 216              		.loc 1 148 3 is_stmt 1 view .LVU53
 148:Core/Src/main.c ****   RCC_ClkInitStruct.APB1CLKDivider = RCC_HCLK_DIV2;
 217              		.loc 1 148 35 is_stmt 0 view .LVU54
 218 0042 0023     		movs	r3, #0
 219 0044 0393     		str	r3, [sp, #12]
 149:Core/Src/main.c ****   RCC_ClkInitStruct.APB2CLKDivider = RCC_HCLK_DIV1;
 220              		.loc 1 149 3 is_stmt 1 view .LVU55
 149:Core/Src/main.c ****   RCC_ClkInitStruct.APB2CLKDivider = RCC_HCLK_DIV1;
 221              		.loc 1 149 36 is_stmt 0 view .LVU56
 222 0046 4FF48062 		mov	r2, #1024
 223 004a 0492     		str	r2, [sp, #16]
 150:Core/Src/main.c **** 
 224              		.loc 1 150 3 is_stmt 1 view .LVU57
 150:Core/Src/main.c **** 
 225              		.loc 1 150 36 is_stmt 0 view .LVU58
 226 004c 0593     		str	r3, [sp, #20]
 152:Core/Src/main.c ****   {
 227              		.loc 1 152 3 is_stmt 1 view .LVU59
 152:Core/Src/main.c ****   {
 228              		.loc 1 152 7 is_stmt 0 view .LVU60
 229 004e 01A8     		add	r0, sp, #4
 230 0050 FFF7FEFF 		bl	HAL_RCC_ClockConfig
 231              	.LVL7:
 152:Core/Src/main.c ****   {
 232              		.loc 1 152 6 view .LVU61
 233 0054 20B9     		cbnz	r0, .L16
 156:Core/Src/main.c **** 
 234              		.loc 1 156 1 view .LVU62
 235 0056 11B0     		add	sp, sp, #68
 236              	.LCFI3:
 237              		.cfi_remember_state
 238              		.cfi_def_cfa_offset 4
 239              		@ sp needed
 240 0058 5DF804FB 		ldr	pc, [sp], #4
 241              	.L15:
 242              	.LCFI4:
 243              		.cfi_restore_state
 140:Core/Src/main.c ****   }
 244              		.loc 1 140 5 is_stmt 1 view .LVU63
 245 005c FFF7FEFF 		bl	Error_Handler
 246              	.LVL8:
 247              	.L16:
 154:Core/Src/main.c ****   }
 248              		.loc 1 154 5 view .LVU64
 249 0060 FFF7FEFF 		bl	Error_Handler
 250              	.LVL9:
 251              		.cfi_endproc
 252              	.LFE68:
 254              		.section	.text.main,"ax",%progbits
 255              		.align	1
 256              		.global	main
 257              		.syntax unified
 258              		.thumb
 259              		.thumb_func
 261              	main:
 262              	.LFB67:
  78:Core/Src/main.c ****   /* USER CODE BEGIN 1 */
ARM GAS  C:\Users\Admin\AppData\Local\Temp\cc5TE35U.s 			page 12


 263              		.loc 1 78 1 view -0
 264              		.cfi_startproc
 265              		@ Volatile: function does not return.
 266              		@ args = 0, pretend = 0, frame = 0
 267              		@ frame_needed = 0, uses_anonymous_args = 0
 268 0000 08B5     		push	{r3, lr}
 269              	.LCFI5:
 270              		.cfi_def_cfa_offset 8
 271              		.cfi_offset 3, -8
 272              		.cfi_offset 14, -4
  86:Core/Src/main.c **** 
 273              		.loc 1 86 3 view .LVU66
 274 0002 FFF7FEFF 		bl	HAL_Init
 275              	.LVL10:
  93:Core/Src/main.c **** 
 276              		.loc 1 93 3 view .LVU67
 277 0006 FFF7FEFF 		bl	SystemClock_Config
 278              	.LVL11:
 100:Core/Src/main.c ****   MX_TIM2_Init();
 279              		.loc 1 100 3 view .LVU68
 280 000a FFF7FEFF 		bl	MX_GPIO_Init
 281              	.LVL12:
 101:Core/Src/main.c ****   /* USER CODE BEGIN 2 */
 282              		.loc 1 101 3 view .LVU69
 283 000e FFF7FEFF 		bl	MX_TIM2_Init
 284              	.LVL13:
 103:Core/Src/main.c ****   /* USER CODE END 2 */
 285              		.loc 1 103 3 view .LVU70
 286 0012 0648     		ldr	r0, .L20
 287 0014 FFF7FEFF 		bl	HAL_TIM_Base_Start
 288              	.LVL14:
 289              	.L18:
 108:Core/Src/main.c ****   {
 290              		.loc 1 108 3 discriminator 1 view .LVU71
 113:Core/Src/main.c ****     delay_ms(2000);
 291              		.loc 1 113 5 discriminator 1 view .LVU72
 292 0018 4FF40051 		mov	r1, #8192
 293 001c 0448     		ldr	r0, .L20+4
 294 001e FFF7FEFF 		bl	HAL_GPIO_TogglePin
 295              	.LVL15:
 114:Core/Src/main.c ****   }
 296              		.loc 1 114 5 discriminator 1 view .LVU73
 297 0022 4FF4FA60 		mov	r0, #2000
 298 0026 FFF7FEFF 		bl	delay_ms
 299              	.LVL16:
 108:Core/Src/main.c ****   {
 300              		.loc 1 108 9 discriminator 1 view .LVU74
 301 002a F5E7     		b	.L18
 302              	.L21:
 303              		.align	2
 304              	.L20:
 305 002c 00000000 		.word	htim2
 306 0030 00100140 		.word	1073811456
 307              		.cfi_endproc
 308              	.LFE67:
 310              		.text
 311              	.Letext0:
ARM GAS  C:\Users\Admin\AppData\Local\Temp\cc5TE35U.s 			page 13


 312              		.file 3 "d:\\10 2021.10\\arm-none-eabi\\include\\machine\\_default_types.h"
 313              		.file 4 "d:\\10 2021.10\\arm-none-eabi\\include\\sys\\_stdint.h"
 314              		.file 5 "Drivers/CMSIS/Device/ST/STM32F1xx/Include/stm32f103xb.h"
 315              		.file 6 "Drivers/STM32F1xx_HAL_Driver/Inc/stm32f1xx_hal_def.h"
 316              		.file 7 "Drivers/STM32F1xx_HAL_Driver/Inc/stm32f1xx_hal_rcc.h"
 317              		.file 8 "Drivers/STM32F1xx_HAL_Driver/Inc/stm32f1xx_hal_rcc_ex.h"
 318              		.file 9 "Drivers/STM32F1xx_HAL_Driver/Inc/stm32f1xx_hal_dma.h"
 319              		.file 10 "Drivers/STM32F1xx_HAL_Driver/Inc/stm32f1xx_hal_tim.h"
 320              		.file 11 "Drivers/STM32F1xx_HAL_Driver/Inc/stm32f1xx_hal.h"
 321              		.file 12 "Core/Inc/gpio.h"
 322              		.file 13 "Core/Inc/tim.h"
 323              		.file 14 "Drivers/STM32F1xx_HAL_Driver/Inc/stm32f1xx_hal_gpio.h"
 324              		.file 15 "<built-in>"
ARM GAS  C:\Users\Admin\AppData\Local\Temp\cc5TE35U.s 			page 14


DEFINED SYMBOLS
                            *ABS*:00000000 main.c
C:\Users\Admin\AppData\Local\Temp\cc5TE35U.s:18     .text.delay_1ms:00000000 $t
C:\Users\Admin\AppData\Local\Temp\cc5TE35U.s:24     .text.delay_1ms:00000000 delay_1ms
C:\Users\Admin\AppData\Local\Temp\cc5TE35U.s:51     .text.delay_1ms:00000010 $d
C:\Users\Admin\AppData\Local\Temp\cc5TE35U.s:56     .text.delay_ms:00000000 $t
C:\Users\Admin\AppData\Local\Temp\cc5TE35U.s:62     .text.delay_ms:00000000 delay_ms
C:\Users\Admin\AppData\Local\Temp\cc5TE35U.s:106    .text.Error_Handler:00000000 $t
C:\Users\Admin\AppData\Local\Temp\cc5TE35U.s:112    .text.Error_Handler:00000000 Error_Handler
C:\Users\Admin\AppData\Local\Temp\cc5TE35U.s:144    .text.SystemClock_Config:00000000 $t
C:\Users\Admin\AppData\Local\Temp\cc5TE35U.s:150    .text.SystemClock_Config:00000000 SystemClock_Config
C:\Users\Admin\AppData\Local\Temp\cc5TE35U.s:255    .text.main:00000000 $t
C:\Users\Admin\AppData\Local\Temp\cc5TE35U.s:261    .text.main:00000000 main
C:\Users\Admin\AppData\Local\Temp\cc5TE35U.s:305    .text.main:0000002c $d

UNDEFINED SYMBOLS
htim2
memset
HAL_RCC_OscConfig
HAL_RCC_ClockConfig
HAL_Init
MX_GPIO_Init
MX_TIM2_Init
HAL_TIM_Base_Start
HAL_GPIO_TogglePin
