ARM GAS  C:\Users\Admin\AppData\Local\Temp\cc0ZSMNz.s 			page 1


   1              		.cpu cortex-m3
   2              		.arch armv7-m
   3              		.fpu softvfp
   4              		.eabi_attribute 20, 1
   5              		.eabi_attribute 21, 1
   6              		.eabi_attribute 23, 3
   7              		.eabi_attribute 24, 1
   8              		.eabi_attribute 25, 1
   9              		.eabi_attribute 26, 1
  10              		.eabi_attribute 30, 1
  11              		.eabi_attribute 34, 1
  12              		.eabi_attribute 18, 4
  13              		.file	"main.c"
  14              		.text
  15              	.Ltext0:
  16              		.cfi_sections	.debug_frame
  17              		.section	.text.HAL_UART_RxCpltCallback,"ax",%progbits
  18              		.align	1
  19              		.global	HAL_UART_RxCpltCallback
  20              		.syntax unified
  21              		.thumb
  22              		.thumb_func
  24              	HAL_UART_RxCpltCallback:
  25              	.LVL0:
  26              	.LFB70:
  27              		.file 1 "Core/Src/main.c"
   1:Core/Src/main.c **** /* USER CODE BEGIN Header */
   2:Core/Src/main.c **** /**
   3:Core/Src/main.c ****   ******************************************************************************
   4:Core/Src/main.c ****   * @file           : main.c
   5:Core/Src/main.c ****   * @brief          : Main program body
   6:Core/Src/main.c ****   ******************************************************************************
   7:Core/Src/main.c ****   * @attention
   8:Core/Src/main.c ****   *
   9:Core/Src/main.c ****   * Copyright (c) 2022 STMicroelectronics.
  10:Core/Src/main.c ****   * All rights reserved.
  11:Core/Src/main.c ****   *
  12:Core/Src/main.c ****   * This software is licensed under terms that can be found in the LICENSE file
  13:Core/Src/main.c ****   * in the root directory of this software component.
  14:Core/Src/main.c ****   * If no LICENSE file comes with this software, it is provided AS-IS.
  15:Core/Src/main.c ****   *
  16:Core/Src/main.c ****   ******************************************************************************
  17:Core/Src/main.c ****   */
  18:Core/Src/main.c **** /* USER CODE END Header */
  19:Core/Src/main.c **** /* Includes ------------------------------------------------------------------*/
  20:Core/Src/main.c **** #include "main.h"
  21:Core/Src/main.c **** #include "usart.h"
  22:Core/Src/main.c **** #include "gpio.h"
  23:Core/Src/main.c **** 
  24:Core/Src/main.c **** /* Private includes ----------------------------------------------------------*/
  25:Core/Src/main.c **** /* USER CODE BEGIN Includes */
  26:Core/Src/main.c **** #include "string.h"
  27:Core/Src/main.c **** #include "stdio.h"
  28:Core/Src/main.c **** /* USER CODE END Includes */
  29:Core/Src/main.c **** 
  30:Core/Src/main.c **** /* Private typedef -----------------------------------------------------------*/
  31:Core/Src/main.c **** /* USER CODE BEGIN PTD */
ARM GAS  C:\Users\Admin\AppData\Local\Temp\cc0ZSMNz.s 			page 2


  32:Core/Src/main.c **** 
  33:Core/Src/main.c **** /* USER CODE END PTD */
  34:Core/Src/main.c **** 
  35:Core/Src/main.c **** /* Private define ------------------------------------------------------------*/
  36:Core/Src/main.c **** /* USER CODE BEGIN PD */
  37:Core/Src/main.c **** /* USER CODE END PD */
  38:Core/Src/main.c **** 
  39:Core/Src/main.c **** /* Private macro -------------------------------------------------------------*/
  40:Core/Src/main.c **** /* USER CODE BEGIN PM */
  41:Core/Src/main.c **** 
  42:Core/Src/main.c **** /* USER CODE END PM */
  43:Core/Src/main.c **** 
  44:Core/Src/main.c **** /* Private variables ---------------------------------------------------------*/
  45:Core/Src/main.c **** 
  46:Core/Src/main.c **** /* USER CODE BEGIN PV */
  47:Core/Src/main.c **** char cmd[30];
  48:Core/Src/main.c **** char buf[30];
  49:Core/Src/main.c **** /* USER CODE END PV */
  50:Core/Src/main.c **** 
  51:Core/Src/main.c **** /* Private function prototypes -----------------------------------------------*/
  52:Core/Src/main.c **** void SystemClock_Config(void);
  53:Core/Src/main.c **** /* USER CODE BEGIN PFP */
  54:Core/Src/main.c **** 
  55:Core/Src/main.c **** /* USER CODE END PFP */
  56:Core/Src/main.c **** 
  57:Core/Src/main.c **** /* Private user code ---------------------------------------------------------*/
  58:Core/Src/main.c **** /* USER CODE BEGIN 0 */
  59:Core/Src/main.c **** 
  60:Core/Src/main.c **** /* USER CODE END 0 */
  61:Core/Src/main.c **** 
  62:Core/Src/main.c **** /**
  63:Core/Src/main.c ****   * @brief  The application entry point.
  64:Core/Src/main.c ****   * @retval int
  65:Core/Src/main.c ****   */
  66:Core/Src/main.c **** int main(void)
  67:Core/Src/main.c **** {
  68:Core/Src/main.c ****   /* USER CODE BEGIN 1 */
  69:Core/Src/main.c **** 
  70:Core/Src/main.c ****   /* USER CODE END 1 */
  71:Core/Src/main.c **** 
  72:Core/Src/main.c ****   /* MCU Configuration--------------------------------------------------------*/
  73:Core/Src/main.c **** 
  74:Core/Src/main.c ****   /* Reset of all peripherals, Initializes the Flash interface and the Systick. */
  75:Core/Src/main.c ****   HAL_Init();
  76:Core/Src/main.c **** 
  77:Core/Src/main.c ****   /* USER CODE BEGIN Init */
  78:Core/Src/main.c **** 
  79:Core/Src/main.c ****   /* USER CODE END Init */
  80:Core/Src/main.c **** 
  81:Core/Src/main.c ****   /* Configure the system clock */
  82:Core/Src/main.c ****   SystemClock_Config();
  83:Core/Src/main.c **** 
  84:Core/Src/main.c ****   /* USER CODE BEGIN SysInit */
  85:Core/Src/main.c **** 
  86:Core/Src/main.c ****   /* USER CODE END SysInit */
  87:Core/Src/main.c **** 
  88:Core/Src/main.c ****   /* Initialize all configured peripherals */
ARM GAS  C:\Users\Admin\AppData\Local\Temp\cc0ZSMNz.s 			page 3


  89:Core/Src/main.c ****   MX_GPIO_Init();
  90:Core/Src/main.c ****   MX_USART1_UART_Init();
  91:Core/Src/main.c ****   MX_USART2_UART_Init();
  92:Core/Src/main.c ****   /* USER CODE BEGIN 2 */
  93:Core/Src/main.c ****   HAL_UART_Receive_IT(&huart2, (uint8_t *)buf, 1);
  94:Core/Src/main.c ****   
  95:Core/Src/main.c ****   sprintf(cmd, "ATE0\r\n");
  96:Core/Src/main.c ****   HAL_UART_Transmit(&huart2, (uint8_t *)"ATE0\r\n", strlen(cmd), 100);
  97:Core/Src/main.c ****   HAL_Delay(2000);
  98:Core/Src/main.c ****   
  99:Core/Src/main.c ****   
 100:Core/Src/main.c ****   /* USER CODE END 2 */
 101:Core/Src/main.c **** 
 102:Core/Src/main.c ****   /* Infinite loop */
 103:Core/Src/main.c ****   /* USER CODE BEGIN WHILE */
 104:Core/Src/main.c ****   while (1)
 105:Core/Src/main.c ****   {
 106:Core/Src/main.c ****     /* USER CODE END WHILE */
 107:Core/Src/main.c ****     sprintf(cmd, "AT\r\n");
 108:Core/Src/main.c ****     HAL_UART_Transmit(&huart2, (uint8_t *)cmd, strlen(cmd), 100);
 109:Core/Src/main.c ****     HAL_Delay(2000);
 110:Core/Src/main.c ****     /* USER CODE BEGIN 3 */
 111:Core/Src/main.c ****   }
 112:Core/Src/main.c ****   /* USER CODE END 3 */
 113:Core/Src/main.c **** }
 114:Core/Src/main.c **** 
 115:Core/Src/main.c **** /**
 116:Core/Src/main.c ****   * @brief System Clock Configuration
 117:Core/Src/main.c ****   * @retval None
 118:Core/Src/main.c ****   */
 119:Core/Src/main.c **** void SystemClock_Config(void)
 120:Core/Src/main.c **** {
 121:Core/Src/main.c ****   RCC_OscInitTypeDef RCC_OscInitStruct = {0};
 122:Core/Src/main.c ****   RCC_ClkInitTypeDef RCC_ClkInitStruct = {0};
 123:Core/Src/main.c **** 
 124:Core/Src/main.c ****   /** Initializes the RCC Oscillators according to the specified parameters
 125:Core/Src/main.c ****   * in the RCC_OscInitTypeDef structure.
 126:Core/Src/main.c ****   */
 127:Core/Src/main.c ****   RCC_OscInitStruct.OscillatorType = RCC_OSCILLATORTYPE_HSI;
 128:Core/Src/main.c ****   RCC_OscInitStruct.HSIState = RCC_HSI_ON;
 129:Core/Src/main.c ****   RCC_OscInitStruct.HSICalibrationValue = RCC_HSICALIBRATION_DEFAULT;
 130:Core/Src/main.c ****   RCC_OscInitStruct.PLL.PLLState = RCC_PLL_NONE;
 131:Core/Src/main.c ****   if (HAL_RCC_OscConfig(&RCC_OscInitStruct) != HAL_OK)
 132:Core/Src/main.c ****   {
 133:Core/Src/main.c ****     Error_Handler();
 134:Core/Src/main.c ****   }
 135:Core/Src/main.c **** 
 136:Core/Src/main.c ****   /** Initializes the CPU, AHB and APB buses clocks
 137:Core/Src/main.c ****   */
 138:Core/Src/main.c ****   RCC_ClkInitStruct.ClockType = RCC_CLOCKTYPE_HCLK|RCC_CLOCKTYPE_SYSCLK
 139:Core/Src/main.c ****                               |RCC_CLOCKTYPE_PCLK1|RCC_CLOCKTYPE_PCLK2;
 140:Core/Src/main.c ****   RCC_ClkInitStruct.SYSCLKSource = RCC_SYSCLKSOURCE_HSI;
 141:Core/Src/main.c ****   RCC_ClkInitStruct.AHBCLKDivider = RCC_SYSCLK_DIV1;
 142:Core/Src/main.c ****   RCC_ClkInitStruct.APB1CLKDivider = RCC_HCLK_DIV1;
 143:Core/Src/main.c ****   RCC_ClkInitStruct.APB2CLKDivider = RCC_HCLK_DIV1;
 144:Core/Src/main.c **** 
 145:Core/Src/main.c ****   if (HAL_RCC_ClockConfig(&RCC_ClkInitStruct, FLASH_LATENCY_0) != HAL_OK)
ARM GAS  C:\Users\Admin\AppData\Local\Temp\cc0ZSMNz.s 			page 4


 146:Core/Src/main.c ****   {
 147:Core/Src/main.c ****     Error_Handler();
 148:Core/Src/main.c ****   }
 149:Core/Src/main.c **** }
 150:Core/Src/main.c **** 
 151:Core/Src/main.c **** /* USER CODE BEGIN 4 */
 152:Core/Src/main.c **** void HAL_UART_RxCpltCallback(UART_HandleTypeDef *huart)
 153:Core/Src/main.c **** {
  28              		.loc 1 153 1 view -0
  29              		.cfi_startproc
  30              		@ args = 0, pretend = 0, frame = 0
  31              		@ frame_needed = 0, uses_anonymous_args = 0
 154:Core/Src/main.c ****   if (huart == &huart2)
  32              		.loc 1 154 3 view .LVU1
  33              		.loc 1 154 6 is_stmt 0 view .LVU2
  34 0000 094B     		ldr	r3, .L8
  35 0002 8342     		cmp	r3, r0
  36 0004 00D0     		beq	.L7
  37 0006 7047     		bx	lr
  38              	.L7:
 153:Core/Src/main.c ****   if (huart == &huart2)
  39              		.loc 1 153 1 view .LVU3
  40 0008 10B5     		push	{r4, lr}
  41              	.LCFI0:
  42              		.cfi_def_cfa_offset 8
  43              		.cfi_offset 4, -8
  44              		.cfi_offset 14, -4
 155:Core/Src/main.c ****   {
 156:Core/Src/main.c ****     HAL_UART_Transmit(&huart1, (uint8_t *)buf, 1, 1000);
  45              		.loc 1 156 5 is_stmt 1 view .LVU4
  46 000a 084C     		ldr	r4, .L8+4
  47 000c 4FF47A73 		mov	r3, #1000
  48 0010 0122     		movs	r2, #1
  49 0012 2146     		mov	r1, r4
  50 0014 0648     		ldr	r0, .L8+8
  51              	.LVL1:
  52              		.loc 1 156 5 is_stmt 0 view .LVU5
  53 0016 FFF7FEFF 		bl	HAL_UART_Transmit
  54              	.LVL2:
 157:Core/Src/main.c ****     HAL_UART_Receive_IT(&huart2, (uint8_t *)buf, 1);
  55              		.loc 1 157 5 is_stmt 1 view .LVU6
  56 001a 0122     		movs	r2, #1
  57 001c 2146     		mov	r1, r4
  58 001e 0248     		ldr	r0, .L8
  59 0020 FFF7FEFF 		bl	HAL_UART_Receive_IT
  60              	.LVL3:
 158:Core/Src/main.c ****   }
 159:Core/Src/main.c ****   
 160:Core/Src/main.c **** }
  61              		.loc 1 160 1 is_stmt 0 view .LVU7
  62 0024 10BD     		pop	{r4, pc}
  63              	.L9:
  64 0026 00BF     		.align	2
  65              	.L8:
  66 0028 00000000 		.word	huart2
  67 002c 00000000 		.word	.LANCHOR0
  68 0030 00000000 		.word	huart1
ARM GAS  C:\Users\Admin\AppData\Local\Temp\cc0ZSMNz.s 			page 5


  69              		.cfi_endproc
  70              	.LFE70:
  72              		.section	.text.Error_Handler,"ax",%progbits
  73              		.align	1
  74              		.global	Error_Handler
  75              		.syntax unified
  76              		.thumb
  77              		.thumb_func
  79              	Error_Handler:
  80              	.LFB71:
 161:Core/Src/main.c **** /* USER CODE END 4 */
 162:Core/Src/main.c **** 
 163:Core/Src/main.c **** /**
 164:Core/Src/main.c ****   * @brief  This function is executed in case of error occurrence.
 165:Core/Src/main.c ****   * @retval None
 166:Core/Src/main.c ****   */
 167:Core/Src/main.c **** void Error_Handler(void)
 168:Core/Src/main.c **** {
  81              		.loc 1 168 1 is_stmt 1 view -0
  82              		.cfi_startproc
  83              		@ Volatile: function does not return.
  84              		@ args = 0, pretend = 0, frame = 0
  85              		@ frame_needed = 0, uses_anonymous_args = 0
  86              		@ link register save eliminated.
 169:Core/Src/main.c ****   /* USER CODE BEGIN Error_Handler_Debug */
 170:Core/Src/main.c ****   /* User can add his own implementation to report the HAL error return state */
 171:Core/Src/main.c ****   __disable_irq();
  87              		.loc 1 171 3 view .LVU9
  88              	.LBB4:
  89              	.LBI4:
  90              		.file 2 "Drivers/CMSIS/Include/cmsis_gcc.h"
   1:Drivers/CMSIS/Include/cmsis_gcc.h **** /**************************************************************************//**
   2:Drivers/CMSIS/Include/cmsis_gcc.h ****  * @file     cmsis_gcc.h
   3:Drivers/CMSIS/Include/cmsis_gcc.h ****  * @brief    CMSIS compiler GCC header file
   4:Drivers/CMSIS/Include/cmsis_gcc.h ****  * @version  V5.0.4
   5:Drivers/CMSIS/Include/cmsis_gcc.h ****  * @date     09. April 2018
   6:Drivers/CMSIS/Include/cmsis_gcc.h ****  ******************************************************************************/
   7:Drivers/CMSIS/Include/cmsis_gcc.h **** /*
   8:Drivers/CMSIS/Include/cmsis_gcc.h ****  * Copyright (c) 2009-2018 Arm Limited. All rights reserved.
   9:Drivers/CMSIS/Include/cmsis_gcc.h ****  *
  10:Drivers/CMSIS/Include/cmsis_gcc.h ****  * SPDX-License-Identifier: Apache-2.0
  11:Drivers/CMSIS/Include/cmsis_gcc.h ****  *
  12:Drivers/CMSIS/Include/cmsis_gcc.h ****  * Licensed under the Apache License, Version 2.0 (the License); you may
  13:Drivers/CMSIS/Include/cmsis_gcc.h ****  * not use this file except in compliance with the License.
  14:Drivers/CMSIS/Include/cmsis_gcc.h ****  * You may obtain a copy of the License at
  15:Drivers/CMSIS/Include/cmsis_gcc.h ****  *
  16:Drivers/CMSIS/Include/cmsis_gcc.h ****  * www.apache.org/licenses/LICENSE-2.0
  17:Drivers/CMSIS/Include/cmsis_gcc.h ****  *
  18:Drivers/CMSIS/Include/cmsis_gcc.h ****  * Unless required by applicable law or agreed to in writing, software
  19:Drivers/CMSIS/Include/cmsis_gcc.h ****  * distributed under the License is distributed on an AS IS BASIS, WITHOUT
  20:Drivers/CMSIS/Include/cmsis_gcc.h ****  * WARRANTIES OR CONDITIONS OF ANY KIND, either express or implied.
  21:Drivers/CMSIS/Include/cmsis_gcc.h ****  * See the License for the specific language governing permissions and
  22:Drivers/CMSIS/Include/cmsis_gcc.h ****  * limitations under the License.
  23:Drivers/CMSIS/Include/cmsis_gcc.h ****  */
  24:Drivers/CMSIS/Include/cmsis_gcc.h **** 
  25:Drivers/CMSIS/Include/cmsis_gcc.h **** #ifndef __CMSIS_GCC_H
  26:Drivers/CMSIS/Include/cmsis_gcc.h **** #define __CMSIS_GCC_H
ARM GAS  C:\Users\Admin\AppData\Local\Temp\cc0ZSMNz.s 			page 6


  27:Drivers/CMSIS/Include/cmsis_gcc.h **** 
  28:Drivers/CMSIS/Include/cmsis_gcc.h **** /* ignore some GCC warnings */
  29:Drivers/CMSIS/Include/cmsis_gcc.h **** #pragma GCC diagnostic push
  30:Drivers/CMSIS/Include/cmsis_gcc.h **** #pragma GCC diagnostic ignored "-Wsign-conversion"
  31:Drivers/CMSIS/Include/cmsis_gcc.h **** #pragma GCC diagnostic ignored "-Wconversion"
  32:Drivers/CMSIS/Include/cmsis_gcc.h **** #pragma GCC diagnostic ignored "-Wunused-parameter"
  33:Drivers/CMSIS/Include/cmsis_gcc.h **** 
  34:Drivers/CMSIS/Include/cmsis_gcc.h **** /* Fallback for __has_builtin */
  35:Drivers/CMSIS/Include/cmsis_gcc.h **** #ifndef __has_builtin
  36:Drivers/CMSIS/Include/cmsis_gcc.h ****   #define __has_builtin(x) (0)
  37:Drivers/CMSIS/Include/cmsis_gcc.h **** #endif
  38:Drivers/CMSIS/Include/cmsis_gcc.h **** 
  39:Drivers/CMSIS/Include/cmsis_gcc.h **** /* CMSIS compiler specific defines */
  40:Drivers/CMSIS/Include/cmsis_gcc.h **** #ifndef   __ASM
  41:Drivers/CMSIS/Include/cmsis_gcc.h ****   #define __ASM                                  __asm
  42:Drivers/CMSIS/Include/cmsis_gcc.h **** #endif
  43:Drivers/CMSIS/Include/cmsis_gcc.h **** #ifndef   __INLINE
  44:Drivers/CMSIS/Include/cmsis_gcc.h ****   #define __INLINE                               inline
  45:Drivers/CMSIS/Include/cmsis_gcc.h **** #endif
  46:Drivers/CMSIS/Include/cmsis_gcc.h **** #ifndef   __STATIC_INLINE
  47:Drivers/CMSIS/Include/cmsis_gcc.h ****   #define __STATIC_INLINE                        static inline
  48:Drivers/CMSIS/Include/cmsis_gcc.h **** #endif
  49:Drivers/CMSIS/Include/cmsis_gcc.h **** #ifndef   __STATIC_FORCEINLINE                 
  50:Drivers/CMSIS/Include/cmsis_gcc.h ****   #define __STATIC_FORCEINLINE                   __attribute__((always_inline)) static inline
  51:Drivers/CMSIS/Include/cmsis_gcc.h **** #endif                                           
  52:Drivers/CMSIS/Include/cmsis_gcc.h **** #ifndef   __NO_RETURN
  53:Drivers/CMSIS/Include/cmsis_gcc.h ****   #define __NO_RETURN                            __attribute__((__noreturn__))
  54:Drivers/CMSIS/Include/cmsis_gcc.h **** #endif
  55:Drivers/CMSIS/Include/cmsis_gcc.h **** #ifndef   __USED
  56:Drivers/CMSIS/Include/cmsis_gcc.h ****   #define __USED                                 __attribute__((used))
  57:Drivers/CMSIS/Include/cmsis_gcc.h **** #endif
  58:Drivers/CMSIS/Include/cmsis_gcc.h **** #ifndef   __WEAK
  59:Drivers/CMSIS/Include/cmsis_gcc.h ****   #define __WEAK                                 __attribute__((weak))
  60:Drivers/CMSIS/Include/cmsis_gcc.h **** #endif
  61:Drivers/CMSIS/Include/cmsis_gcc.h **** #ifndef   __PACKED
  62:Drivers/CMSIS/Include/cmsis_gcc.h ****   #define __PACKED                               __attribute__((packed, aligned(1)))
  63:Drivers/CMSIS/Include/cmsis_gcc.h **** #endif
  64:Drivers/CMSIS/Include/cmsis_gcc.h **** #ifndef   __PACKED_STRUCT
  65:Drivers/CMSIS/Include/cmsis_gcc.h ****   #define __PACKED_STRUCT                        struct __attribute__((packed, aligned(1)))
  66:Drivers/CMSIS/Include/cmsis_gcc.h **** #endif
  67:Drivers/CMSIS/Include/cmsis_gcc.h **** #ifndef   __PACKED_UNION
  68:Drivers/CMSIS/Include/cmsis_gcc.h ****   #define __PACKED_UNION                         union __attribute__((packed, aligned(1)))
  69:Drivers/CMSIS/Include/cmsis_gcc.h **** #endif
  70:Drivers/CMSIS/Include/cmsis_gcc.h **** #ifndef   __UNALIGNED_UINT32        /* deprecated */
  71:Drivers/CMSIS/Include/cmsis_gcc.h ****   #pragma GCC diagnostic push
  72:Drivers/CMSIS/Include/cmsis_gcc.h ****   #pragma GCC diagnostic ignored "-Wpacked"
  73:Drivers/CMSIS/Include/cmsis_gcc.h ****   #pragma GCC diagnostic ignored "-Wattributes"
  74:Drivers/CMSIS/Include/cmsis_gcc.h ****   struct __attribute__((packed)) T_UINT32 { uint32_t v; };
  75:Drivers/CMSIS/Include/cmsis_gcc.h ****   #pragma GCC diagnostic pop
  76:Drivers/CMSIS/Include/cmsis_gcc.h ****   #define __UNALIGNED_UINT32(x)                  (((struct T_UINT32 *)(x))->v)
  77:Drivers/CMSIS/Include/cmsis_gcc.h **** #endif
  78:Drivers/CMSIS/Include/cmsis_gcc.h **** #ifndef   __UNALIGNED_UINT16_WRITE
  79:Drivers/CMSIS/Include/cmsis_gcc.h ****   #pragma GCC diagnostic push
  80:Drivers/CMSIS/Include/cmsis_gcc.h ****   #pragma GCC diagnostic ignored "-Wpacked"
  81:Drivers/CMSIS/Include/cmsis_gcc.h ****   #pragma GCC diagnostic ignored "-Wattributes"
  82:Drivers/CMSIS/Include/cmsis_gcc.h ****   __PACKED_STRUCT T_UINT16_WRITE { uint16_t v; };
  83:Drivers/CMSIS/Include/cmsis_gcc.h ****   #pragma GCC diagnostic pop
ARM GAS  C:\Users\Admin\AppData\Local\Temp\cc0ZSMNz.s 			page 7


  84:Drivers/CMSIS/Include/cmsis_gcc.h ****   #define __UNALIGNED_UINT16_WRITE(addr, val)    (void)((((struct T_UINT16_WRITE *)(void *)(addr))-
  85:Drivers/CMSIS/Include/cmsis_gcc.h **** #endif
  86:Drivers/CMSIS/Include/cmsis_gcc.h **** #ifndef   __UNALIGNED_UINT16_READ
  87:Drivers/CMSIS/Include/cmsis_gcc.h ****   #pragma GCC diagnostic push
  88:Drivers/CMSIS/Include/cmsis_gcc.h ****   #pragma GCC diagnostic ignored "-Wpacked"
  89:Drivers/CMSIS/Include/cmsis_gcc.h ****   #pragma GCC diagnostic ignored "-Wattributes"
  90:Drivers/CMSIS/Include/cmsis_gcc.h ****   __PACKED_STRUCT T_UINT16_READ { uint16_t v; };
  91:Drivers/CMSIS/Include/cmsis_gcc.h ****   #pragma GCC diagnostic pop
  92:Drivers/CMSIS/Include/cmsis_gcc.h ****   #define __UNALIGNED_UINT16_READ(addr)          (((const struct T_UINT16_READ *)(const void *)(add
  93:Drivers/CMSIS/Include/cmsis_gcc.h **** #endif
  94:Drivers/CMSIS/Include/cmsis_gcc.h **** #ifndef   __UNALIGNED_UINT32_WRITE
  95:Drivers/CMSIS/Include/cmsis_gcc.h ****   #pragma GCC diagnostic push
  96:Drivers/CMSIS/Include/cmsis_gcc.h ****   #pragma GCC diagnostic ignored "-Wpacked"
  97:Drivers/CMSIS/Include/cmsis_gcc.h ****   #pragma GCC diagnostic ignored "-Wattributes"
  98:Drivers/CMSIS/Include/cmsis_gcc.h ****   __PACKED_STRUCT T_UINT32_WRITE { uint32_t v; };
  99:Drivers/CMSIS/Include/cmsis_gcc.h ****   #pragma GCC diagnostic pop
 100:Drivers/CMSIS/Include/cmsis_gcc.h ****   #define __UNALIGNED_UINT32_WRITE(addr, val)    (void)((((struct T_UINT32_WRITE *)(void *)(addr))-
 101:Drivers/CMSIS/Include/cmsis_gcc.h **** #endif
 102:Drivers/CMSIS/Include/cmsis_gcc.h **** #ifndef   __UNALIGNED_UINT32_READ
 103:Drivers/CMSIS/Include/cmsis_gcc.h ****   #pragma GCC diagnostic push
 104:Drivers/CMSIS/Include/cmsis_gcc.h ****   #pragma GCC diagnostic ignored "-Wpacked"
 105:Drivers/CMSIS/Include/cmsis_gcc.h ****   #pragma GCC diagnostic ignored "-Wattributes"
 106:Drivers/CMSIS/Include/cmsis_gcc.h ****   __PACKED_STRUCT T_UINT32_READ { uint32_t v; };
 107:Drivers/CMSIS/Include/cmsis_gcc.h ****   #pragma GCC diagnostic pop
 108:Drivers/CMSIS/Include/cmsis_gcc.h ****   #define __UNALIGNED_UINT32_READ(addr)          (((const struct T_UINT32_READ *)(const void *)(add
 109:Drivers/CMSIS/Include/cmsis_gcc.h **** #endif
 110:Drivers/CMSIS/Include/cmsis_gcc.h **** #ifndef   __ALIGNED
 111:Drivers/CMSIS/Include/cmsis_gcc.h ****   #define __ALIGNED(x)                           __attribute__((aligned(x)))
 112:Drivers/CMSIS/Include/cmsis_gcc.h **** #endif
 113:Drivers/CMSIS/Include/cmsis_gcc.h **** #ifndef   __RESTRICT
 114:Drivers/CMSIS/Include/cmsis_gcc.h ****   #define __RESTRICT                             __restrict
 115:Drivers/CMSIS/Include/cmsis_gcc.h **** #endif
 116:Drivers/CMSIS/Include/cmsis_gcc.h **** 
 117:Drivers/CMSIS/Include/cmsis_gcc.h **** 
 118:Drivers/CMSIS/Include/cmsis_gcc.h **** /* ###########################  Core Function Access  ########################### */
 119:Drivers/CMSIS/Include/cmsis_gcc.h **** /** \ingroup  CMSIS_Core_FunctionInterface
 120:Drivers/CMSIS/Include/cmsis_gcc.h ****     \defgroup CMSIS_Core_RegAccFunctions CMSIS Core Register Access Functions
 121:Drivers/CMSIS/Include/cmsis_gcc.h ****   @{
 122:Drivers/CMSIS/Include/cmsis_gcc.h ****  */
 123:Drivers/CMSIS/Include/cmsis_gcc.h **** 
 124:Drivers/CMSIS/Include/cmsis_gcc.h **** /**
 125:Drivers/CMSIS/Include/cmsis_gcc.h ****   \brief   Enable IRQ Interrupts
 126:Drivers/CMSIS/Include/cmsis_gcc.h ****   \details Enables IRQ interrupts by clearing the I-bit in the CPSR.
 127:Drivers/CMSIS/Include/cmsis_gcc.h ****            Can only be executed in Privileged modes.
 128:Drivers/CMSIS/Include/cmsis_gcc.h ****  */
 129:Drivers/CMSIS/Include/cmsis_gcc.h **** __STATIC_FORCEINLINE void __enable_irq(void)
 130:Drivers/CMSIS/Include/cmsis_gcc.h **** {
 131:Drivers/CMSIS/Include/cmsis_gcc.h ****   __ASM volatile ("cpsie i" : : : "memory");
 132:Drivers/CMSIS/Include/cmsis_gcc.h **** }
 133:Drivers/CMSIS/Include/cmsis_gcc.h **** 
 134:Drivers/CMSIS/Include/cmsis_gcc.h **** 
 135:Drivers/CMSIS/Include/cmsis_gcc.h **** /**
 136:Drivers/CMSIS/Include/cmsis_gcc.h ****   \brief   Disable IRQ Interrupts
 137:Drivers/CMSIS/Include/cmsis_gcc.h ****   \details Disables IRQ interrupts by setting the I-bit in the CPSR.
 138:Drivers/CMSIS/Include/cmsis_gcc.h ****            Can only be executed in Privileged modes.
 139:Drivers/CMSIS/Include/cmsis_gcc.h ****  */
 140:Drivers/CMSIS/Include/cmsis_gcc.h **** __STATIC_FORCEINLINE void __disable_irq(void)
ARM GAS  C:\Users\Admin\AppData\Local\Temp\cc0ZSMNz.s 			page 8


  91              		.loc 2 140 27 view .LVU10
  92              	.LBB5:
 141:Drivers/CMSIS/Include/cmsis_gcc.h **** {
 142:Drivers/CMSIS/Include/cmsis_gcc.h ****   __ASM volatile ("cpsid i" : : : "memory");
  93              		.loc 2 142 3 view .LVU11
  94              		.syntax unified
  95              	@ 142 "Drivers/CMSIS/Include/cmsis_gcc.h" 1
  96 0000 72B6     		cpsid i
  97              	@ 0 "" 2
  98              		.thumb
  99              		.syntax unified
 100              	.L11:
 101              	.LBE5:
 102              	.LBE4:
 172:Core/Src/main.c ****   while (1)
 103              		.loc 1 172 3 discriminator 1 view .LVU12
 173:Core/Src/main.c ****   {
 174:Core/Src/main.c ****   }
 104              		.loc 1 174 3 discriminator 1 view .LVU13
 172:Core/Src/main.c ****   while (1)
 105              		.loc 1 172 9 discriminator 1 view .LVU14
 106 0002 FEE7     		b	.L11
 107              		.cfi_endproc
 108              	.LFE71:
 110              		.section	.text.SystemClock_Config,"ax",%progbits
 111              		.align	1
 112              		.global	SystemClock_Config
 113              		.syntax unified
 114              		.thumb
 115              		.thumb_func
 117              	SystemClock_Config:
 118              	.LFB69:
 120:Core/Src/main.c ****   RCC_OscInitTypeDef RCC_OscInitStruct = {0};
 119              		.loc 1 120 1 view -0
 120              		.cfi_startproc
 121              		@ args = 0, pretend = 0, frame = 64
 122              		@ frame_needed = 0, uses_anonymous_args = 0
 123 0000 00B5     		push	{lr}
 124              	.LCFI1:
 125              		.cfi_def_cfa_offset 4
 126              		.cfi_offset 14, -4
 127 0002 91B0     		sub	sp, sp, #68
 128              	.LCFI2:
 129              		.cfi_def_cfa_offset 72
 121:Core/Src/main.c ****   RCC_ClkInitTypeDef RCC_ClkInitStruct = {0};
 130              		.loc 1 121 3 view .LVU16
 121:Core/Src/main.c ****   RCC_ClkInitTypeDef RCC_ClkInitStruct = {0};
 131              		.loc 1 121 22 is_stmt 0 view .LVU17
 132 0004 2822     		movs	r2, #40
 133 0006 0021     		movs	r1, #0
 134 0008 06A8     		add	r0, sp, #24
 135 000a FFF7FEFF 		bl	memset
 136              	.LVL4:
 122:Core/Src/main.c **** 
 137              		.loc 1 122 3 is_stmt 1 view .LVU18
 122:Core/Src/main.c **** 
 138              		.loc 1 122 22 is_stmt 0 view .LVU19
ARM GAS  C:\Users\Admin\AppData\Local\Temp\cc0ZSMNz.s 			page 9


 139 000e 0023     		movs	r3, #0
 140 0010 0193     		str	r3, [sp, #4]
 141 0012 0293     		str	r3, [sp, #8]
 142 0014 0393     		str	r3, [sp, #12]
 143 0016 0493     		str	r3, [sp, #16]
 144 0018 0593     		str	r3, [sp, #20]
 127:Core/Src/main.c ****   RCC_OscInitStruct.HSIState = RCC_HSI_ON;
 145              		.loc 1 127 3 is_stmt 1 view .LVU20
 127:Core/Src/main.c ****   RCC_OscInitStruct.HSIState = RCC_HSI_ON;
 146              		.loc 1 127 36 is_stmt 0 view .LVU21
 147 001a 0223     		movs	r3, #2
 148 001c 0693     		str	r3, [sp, #24]
 128:Core/Src/main.c ****   RCC_OscInitStruct.HSICalibrationValue = RCC_HSICALIBRATION_DEFAULT;
 149              		.loc 1 128 3 is_stmt 1 view .LVU22
 128:Core/Src/main.c ****   RCC_OscInitStruct.HSICalibrationValue = RCC_HSICALIBRATION_DEFAULT;
 150              		.loc 1 128 30 is_stmt 0 view .LVU23
 151 001e 0123     		movs	r3, #1
 152 0020 0A93     		str	r3, [sp, #40]
 129:Core/Src/main.c ****   RCC_OscInitStruct.PLL.PLLState = RCC_PLL_NONE;
 153              		.loc 1 129 3 is_stmt 1 view .LVU24
 129:Core/Src/main.c ****   RCC_OscInitStruct.PLL.PLLState = RCC_PLL_NONE;
 154              		.loc 1 129 41 is_stmt 0 view .LVU25
 155 0022 1023     		movs	r3, #16
 156 0024 0B93     		str	r3, [sp, #44]
 130:Core/Src/main.c ****   if (HAL_RCC_OscConfig(&RCC_OscInitStruct) != HAL_OK)
 157              		.loc 1 130 3 is_stmt 1 view .LVU26
 131:Core/Src/main.c ****   {
 158              		.loc 1 131 3 view .LVU27
 131:Core/Src/main.c ****   {
 159              		.loc 1 131 7 is_stmt 0 view .LVU28
 160 0026 06A8     		add	r0, sp, #24
 161 0028 FFF7FEFF 		bl	HAL_RCC_OscConfig
 162              	.LVL5:
 131:Core/Src/main.c ****   {
 163              		.loc 1 131 6 view .LVU29
 164 002c 68B9     		cbnz	r0, .L16
 138:Core/Src/main.c ****                               |RCC_CLOCKTYPE_PCLK1|RCC_CLOCKTYPE_PCLK2;
 165              		.loc 1 138 3 is_stmt 1 view .LVU30
 138:Core/Src/main.c ****                               |RCC_CLOCKTYPE_PCLK1|RCC_CLOCKTYPE_PCLK2;
 166              		.loc 1 138 31 is_stmt 0 view .LVU31
 167 002e 0F23     		movs	r3, #15
 168 0030 0193     		str	r3, [sp, #4]
 140:Core/Src/main.c ****   RCC_ClkInitStruct.AHBCLKDivider = RCC_SYSCLK_DIV1;
 169              		.loc 1 140 3 is_stmt 1 view .LVU32
 140:Core/Src/main.c ****   RCC_ClkInitStruct.AHBCLKDivider = RCC_SYSCLK_DIV1;
 170              		.loc 1 140 34 is_stmt 0 view .LVU33
 171 0032 0021     		movs	r1, #0
 172 0034 0291     		str	r1, [sp, #8]
 141:Core/Src/main.c ****   RCC_ClkInitStruct.APB1CLKDivider = RCC_HCLK_DIV1;
 173              		.loc 1 141 3 is_stmt 1 view .LVU34
 141:Core/Src/main.c ****   RCC_ClkInitStruct.APB1CLKDivider = RCC_HCLK_DIV1;
 174              		.loc 1 141 35 is_stmt 0 view .LVU35
 175 0036 0391     		str	r1, [sp, #12]
 142:Core/Src/main.c ****   RCC_ClkInitStruct.APB2CLKDivider = RCC_HCLK_DIV1;
 176              		.loc 1 142 3 is_stmt 1 view .LVU36
 142:Core/Src/main.c ****   RCC_ClkInitStruct.APB2CLKDivider = RCC_HCLK_DIV1;
 177              		.loc 1 142 36 is_stmt 0 view .LVU37
ARM GAS  C:\Users\Admin\AppData\Local\Temp\cc0ZSMNz.s 			page 10


 178 0038 0491     		str	r1, [sp, #16]
 143:Core/Src/main.c **** 
 179              		.loc 1 143 3 is_stmt 1 view .LVU38
 143:Core/Src/main.c **** 
 180              		.loc 1 143 36 is_stmt 0 view .LVU39
 181 003a 0591     		str	r1, [sp, #20]
 145:Core/Src/main.c ****   {
 182              		.loc 1 145 3 is_stmt 1 view .LVU40
 145:Core/Src/main.c ****   {
 183              		.loc 1 145 7 is_stmt 0 view .LVU41
 184 003c 01A8     		add	r0, sp, #4
 185 003e FFF7FEFF 		bl	HAL_RCC_ClockConfig
 186              	.LVL6:
 145:Core/Src/main.c ****   {
 187              		.loc 1 145 6 view .LVU42
 188 0042 20B9     		cbnz	r0, .L17
 149:Core/Src/main.c **** 
 189              		.loc 1 149 1 view .LVU43
 190 0044 11B0     		add	sp, sp, #68
 191              	.LCFI3:
 192              		.cfi_remember_state
 193              		.cfi_def_cfa_offset 4
 194              		@ sp needed
 195 0046 5DF804FB 		ldr	pc, [sp], #4
 196              	.L16:
 197              	.LCFI4:
 198              		.cfi_restore_state
 133:Core/Src/main.c ****   }
 199              		.loc 1 133 5 is_stmt 1 view .LVU44
 200 004a FFF7FEFF 		bl	Error_Handler
 201              	.LVL7:
 202              	.L17:
 147:Core/Src/main.c ****   }
 203              		.loc 1 147 5 view .LVU45
 204 004e FFF7FEFF 		bl	Error_Handler
 205              	.LVL8:
 206              		.cfi_endproc
 207              	.LFE69:
 209              		.section	.rodata.main.str1.4,"aMS",%progbits,1
 210              		.align	2
 211              	.LC0:
 212 0000 41544530 		.ascii	"ATE0\015\012\000"
 212      0D0A00
 213 0007 00       		.align	2
 214              	.LC1:
 215 0008 41540D0A 		.ascii	"AT\015\012\000"
 215      00
 216              		.section	.text.main,"ax",%progbits
 217              		.align	1
 218              		.global	main
 219              		.syntax unified
 220              		.thumb
 221              		.thumb_func
 223              	main:
 224              	.LFB68:
  67:Core/Src/main.c ****   /* USER CODE BEGIN 1 */
 225              		.loc 1 67 1 view -0
ARM GAS  C:\Users\Admin\AppData\Local\Temp\cc0ZSMNz.s 			page 11


 226              		.cfi_startproc
 227              		@ Volatile: function does not return.
 228              		@ args = 0, pretend = 0, frame = 0
 229              		@ frame_needed = 0, uses_anonymous_args = 0
 230 0000 08B5     		push	{r3, lr}
 231              	.LCFI5:
 232              		.cfi_def_cfa_offset 8
 233              		.cfi_offset 3, -8
 234              		.cfi_offset 14, -4
  75:Core/Src/main.c **** 
 235              		.loc 1 75 3 view .LVU47
 236 0002 FFF7FEFF 		bl	HAL_Init
 237              	.LVL9:
  82:Core/Src/main.c **** 
 238              		.loc 1 82 3 view .LVU48
 239 0006 FFF7FEFF 		bl	SystemClock_Config
 240              	.LVL10:
  89:Core/Src/main.c ****   MX_USART1_UART_Init();
 241              		.loc 1 89 3 view .LVU49
 242 000a FFF7FEFF 		bl	MX_GPIO_Init
 243              	.LVL11:
  90:Core/Src/main.c ****   MX_USART2_UART_Init();
 244              		.loc 1 90 3 view .LVU50
 245 000e FFF7FEFF 		bl	MX_USART1_UART_Init
 246              	.LVL12:
  91:Core/Src/main.c ****   /* USER CODE BEGIN 2 */
 247              		.loc 1 91 3 view .LVU51
 248 0012 FFF7FEFF 		bl	MX_USART2_UART_Init
 249              	.LVL13:
  93:Core/Src/main.c ****   
 250              		.loc 1 93 3 view .LVU52
 251 0016 174D     		ldr	r5, .L21
 252 0018 0122     		movs	r2, #1
 253 001a 1749     		ldr	r1, .L21+4
 254 001c 2846     		mov	r0, r5
 255 001e FFF7FEFF 		bl	HAL_UART_Receive_IT
 256              	.LVL14:
  95:Core/Src/main.c ****   HAL_UART_Transmit(&huart2, (uint8_t *)"ATE0\r\n", strlen(cmd), 100);
 257              		.loc 1 95 3 view .LVU53
 258 0022 164B     		ldr	r3, .L21+8
 259 0024 164C     		ldr	r4, .L21+12
 260 0026 94E80300 		ldm	r4, {r0, r1}
 261 002a 1860     		str	r0, [r3]
 262 002c 9980     		strh	r1, [r3, #4]	@ movhi
 263 002e 090C     		lsrs	r1, r1, #16
 264 0030 9971     		strb	r1, [r3, #6]
  96:Core/Src/main.c ****   HAL_Delay(2000);
 265              		.loc 1 96 3 view .LVU54
  96:Core/Src/main.c ****   HAL_Delay(2000);
 266              		.loc 1 96 53 is_stmt 0 view .LVU55
 267 0032 1846     		mov	r0, r3
 268 0034 FFF7FEFF 		bl	strlen
 269              	.LVL15:
  96:Core/Src/main.c ****   HAL_Delay(2000);
 270              		.loc 1 96 3 view .LVU56
 271 0038 6423     		movs	r3, #100
 272 003a 82B2     		uxth	r2, r0
ARM GAS  C:\Users\Admin\AppData\Local\Temp\cc0ZSMNz.s 			page 12


 273 003c 2146     		mov	r1, r4
 274 003e 2846     		mov	r0, r5
 275 0040 FFF7FEFF 		bl	HAL_UART_Transmit
 276              	.LVL16:
  97:Core/Src/main.c ****   
 277              		.loc 1 97 3 is_stmt 1 view .LVU57
 278 0044 4FF4FA60 		mov	r0, #2000
 279 0048 FFF7FEFF 		bl	HAL_Delay
 280              	.LVL17:
 281              	.L19:
 104:Core/Src/main.c ****   {
 282              		.loc 1 104 3 discriminator 1 view .LVU58
 107:Core/Src/main.c ****     HAL_UART_Transmit(&huart2, (uint8_t *)cmd, strlen(cmd), 100);
 283              		.loc 1 107 5 discriminator 1 view .LVU59
 284 004c 0B4C     		ldr	r4, .L21+8
 285 004e 0D4B     		ldr	r3, .L21+16
 286 0050 93E80300 		ldm	r3, {r0, r1}
 287 0054 2060     		str	r0, [r4]
 288 0056 2171     		strb	r1, [r4, #4]
 108:Core/Src/main.c ****     HAL_Delay(2000);
 289              		.loc 1 108 5 discriminator 1 view .LVU60
 108:Core/Src/main.c ****     HAL_Delay(2000);
 290              		.loc 1 108 48 is_stmt 0 discriminator 1 view .LVU61
 291 0058 2046     		mov	r0, r4
 292 005a FFF7FEFF 		bl	strlen
 293              	.LVL18:
 108:Core/Src/main.c ****     HAL_Delay(2000);
 294              		.loc 1 108 5 discriminator 1 view .LVU62
 295 005e 6423     		movs	r3, #100
 296 0060 82B2     		uxth	r2, r0
 297 0062 2146     		mov	r1, r4
 298 0064 0348     		ldr	r0, .L21
 299 0066 FFF7FEFF 		bl	HAL_UART_Transmit
 300              	.LVL19:
 109:Core/Src/main.c ****     /* USER CODE BEGIN 3 */
 301              		.loc 1 109 5 is_stmt 1 discriminator 1 view .LVU63
 302 006a 4FF4FA60 		mov	r0, #2000
 303 006e FFF7FEFF 		bl	HAL_Delay
 304              	.LVL20:
 104:Core/Src/main.c ****   {
 305              		.loc 1 104 9 discriminator 1 view .LVU64
 306 0072 EBE7     		b	.L19
 307              	.L22:
 308              		.align	2
 309              	.L21:
 310 0074 00000000 		.word	huart2
 311 0078 00000000 		.word	.LANCHOR0
 312 007c 00000000 		.word	.LANCHOR1
 313 0080 00000000 		.word	.LC0
 314 0084 08000000 		.word	.LC1
 315              		.cfi_endproc
 316              	.LFE68:
 318              		.global	buf
 319              		.global	cmd
 320              		.section	.bss.buf,"aw",%nobits
 321              		.align	2
 322              		.set	.LANCHOR0,. + 0
ARM GAS  C:\Users\Admin\AppData\Local\Temp\cc0ZSMNz.s 			page 13


 325              	buf:
 326 0000 00000000 		.space	30
 326      00000000 
 326      00000000 
 326      00000000 
 326      00000000 
 327              		.section	.bss.cmd,"aw",%nobits
 328              		.align	2
 329              		.set	.LANCHOR1,. + 0
 332              	cmd:
 333 0000 00000000 		.space	30
 333      00000000 
 333      00000000 
 333      00000000 
 333      00000000 
 334              		.text
 335              	.Letext0:
 336              		.file 3 "d:\\10 2021.10\\arm-none-eabi\\include\\machine\\_default_types.h"
 337              		.file 4 "d:\\10 2021.10\\arm-none-eabi\\include\\sys\\_stdint.h"
 338              		.file 5 "Drivers/CMSIS/Device/ST/STM32F1xx/Include/stm32f103xb.h"
 339              		.file 6 "Drivers/STM32F1xx_HAL_Driver/Inc/stm32f1xx_hal_def.h"
 340              		.file 7 "Drivers/STM32F1xx_HAL_Driver/Inc/stm32f1xx_hal_rcc.h"
 341              		.file 8 "Drivers/STM32F1xx_HAL_Driver/Inc/stm32f1xx_hal_rcc_ex.h"
 342              		.file 9 "Drivers/STM32F1xx_HAL_Driver/Inc/stm32f1xx_hal_dma.h"
 343              		.file 10 "Drivers/STM32F1xx_HAL_Driver/Inc/stm32f1xx_hal_uart.h"
 344              		.file 11 "Core/Inc/usart.h"
 345              		.file 12 "Drivers/STM32F1xx_HAL_Driver/Inc/stm32f1xx_hal.h"
 346              		.file 13 "Core/Inc/gpio.h"
 347              		.file 14 "d:\\10 2021.10\\arm-none-eabi\\include\\string.h"
 348              		.file 15 "<built-in>"
ARM GAS  C:\Users\Admin\AppData\Local\Temp\cc0ZSMNz.s 			page 14


DEFINED SYMBOLS
                            *ABS*:00000000 main.c
C:\Users\Admin\AppData\Local\Temp\cc0ZSMNz.s:18     .text.HAL_UART_RxCpltCallback:00000000 $t
C:\Users\Admin\AppData\Local\Temp\cc0ZSMNz.s:24     .text.HAL_UART_RxCpltCallback:00000000 HAL_UART_RxCpltCallback
C:\Users\Admin\AppData\Local\Temp\cc0ZSMNz.s:66     .text.HAL_UART_RxCpltCallback:00000028 $d
C:\Users\Admin\AppData\Local\Temp\cc0ZSMNz.s:73     .text.Error_Handler:00000000 $t
C:\Users\Admin\AppData\Local\Temp\cc0ZSMNz.s:79     .text.Error_Handler:00000000 Error_Handler
C:\Users\Admin\AppData\Local\Temp\cc0ZSMNz.s:111    .text.SystemClock_Config:00000000 $t
C:\Users\Admin\AppData\Local\Temp\cc0ZSMNz.s:117    .text.SystemClock_Config:00000000 SystemClock_Config
C:\Users\Admin\AppData\Local\Temp\cc0ZSMNz.s:210    .rodata.main.str1.4:00000000 $d
C:\Users\Admin\AppData\Local\Temp\cc0ZSMNz.s:217    .text.main:00000000 $t
C:\Users\Admin\AppData\Local\Temp\cc0ZSMNz.s:223    .text.main:00000000 main
C:\Users\Admin\AppData\Local\Temp\cc0ZSMNz.s:310    .text.main:00000074 $d
C:\Users\Admin\AppData\Local\Temp\cc0ZSMNz.s:325    .bss.buf:00000000 buf
C:\Users\Admin\AppData\Local\Temp\cc0ZSMNz.s:332    .bss.cmd:00000000 cmd
C:\Users\Admin\AppData\Local\Temp\cc0ZSMNz.s:321    .bss.buf:00000000 $d
C:\Users\Admin\AppData\Local\Temp\cc0ZSMNz.s:328    .bss.cmd:00000000 $d

UNDEFINED SYMBOLS
HAL_UART_Transmit
HAL_UART_Receive_IT
huart2
huart1
memset
HAL_RCC_OscConfig
HAL_RCC_ClockConfig
HAL_Init
MX_GPIO_Init
MX_USART1_UART_Init
MX_USART2_UART_Init
strlen
HAL_Delay
