ARM GAS  C:\Users\Admin\AppData\Local\Temp\ccx4uqb2.s 			page 1


   1              		.cpu cortex-m3
   2              		.arch armv7-m
   3              		.fpu softvfp
   4              		.eabi_attribute 20, 1
   5              		.eabi_attribute 21, 1
   6              		.eabi_attribute 23, 3
   7              		.eabi_attribute 24, 1
   8              		.eabi_attribute 25, 1
   9              		.eabi_attribute 26, 1
  10              		.eabi_attribute 30, 1
  11              		.eabi_attribute 34, 1
  12              		.eabi_attribute 18, 4
  13              		.file	"usart.c"
  14              		.text
  15              	.Ltext0:
  16              		.cfi_sections	.debug_frame
  17              		.section	.text.MX_USART1_UART_Init,"ax",%progbits
  18              		.align	1
  19              		.global	MX_USART1_UART_Init
  20              		.syntax unified
  21              		.thumb
  22              		.thumb_func
  24              	MX_USART1_UART_Init:
  25              	.LFB65:
  26              		.file 1 "Core/Src/usart.c"
   1:Core/Src/usart.c **** /* USER CODE BEGIN Header */
   2:Core/Src/usart.c **** /**
   3:Core/Src/usart.c ****   ******************************************************************************
   4:Core/Src/usart.c ****   * @file    usart.c
   5:Core/Src/usart.c ****   * @brief   This file provides code for the configuration
   6:Core/Src/usart.c ****   *          of the USART instances.
   7:Core/Src/usart.c ****   ******************************************************************************
   8:Core/Src/usart.c ****   * @attention
   9:Core/Src/usart.c ****   *
  10:Core/Src/usart.c ****   * Copyright (c) 2022 STMicroelectronics.
  11:Core/Src/usart.c ****   * All rights reserved.
  12:Core/Src/usart.c ****   *
  13:Core/Src/usart.c ****   * This software is licensed under terms that can be found in the LICENSE file
  14:Core/Src/usart.c ****   * in the root directory of this software component.
  15:Core/Src/usart.c ****   * If no LICENSE file comes with this software, it is provided AS-IS.
  16:Core/Src/usart.c ****   *
  17:Core/Src/usart.c ****   ******************************************************************************
  18:Core/Src/usart.c ****   */
  19:Core/Src/usart.c **** /* USER CODE END Header */
  20:Core/Src/usart.c **** /* Includes ------------------------------------------------------------------*/
  21:Core/Src/usart.c **** #include "usart.h"
  22:Core/Src/usart.c **** 
  23:Core/Src/usart.c **** /* USER CODE BEGIN 0 */
  24:Core/Src/usart.c **** 
  25:Core/Src/usart.c **** /* USER CODE END 0 */
  26:Core/Src/usart.c **** 
  27:Core/Src/usart.c **** UART_HandleTypeDef huart1;
  28:Core/Src/usart.c **** UART_HandleTypeDef huart2;
  29:Core/Src/usart.c **** 
  30:Core/Src/usart.c **** /* USART1 init function */
  31:Core/Src/usart.c **** 
  32:Core/Src/usart.c **** void MX_USART1_UART_Init(void)
ARM GAS  C:\Users\Admin\AppData\Local\Temp\ccx4uqb2.s 			page 2


  33:Core/Src/usart.c **** {
  27              		.loc 1 33 1 view -0
  28              		.cfi_startproc
  29              		@ args = 0, pretend = 0, frame = 0
  30              		@ frame_needed = 0, uses_anonymous_args = 0
  31 0000 08B5     		push	{r3, lr}
  32              	.LCFI0:
  33              		.cfi_def_cfa_offset 8
  34              		.cfi_offset 3, -8
  35              		.cfi_offset 14, -4
  34:Core/Src/usart.c **** 
  35:Core/Src/usart.c ****   /* USER CODE BEGIN USART1_Init 0 */
  36:Core/Src/usart.c **** 
  37:Core/Src/usart.c ****   /* USER CODE END USART1_Init 0 */
  38:Core/Src/usart.c **** 
  39:Core/Src/usart.c ****   /* USER CODE BEGIN USART1_Init 1 */
  40:Core/Src/usart.c **** 
  41:Core/Src/usart.c ****   /* USER CODE END USART1_Init 1 */
  42:Core/Src/usart.c ****   huart1.Instance = USART1;
  36              		.loc 1 42 3 view .LVU1
  37              		.loc 1 42 19 is_stmt 0 view .LVU2
  38 0002 0A48     		ldr	r0, .L5
  39 0004 0A4B     		ldr	r3, .L5+4
  40 0006 0360     		str	r3, [r0]
  43:Core/Src/usart.c ****   huart1.Init.BaudRate = 9600;
  41              		.loc 1 43 3 is_stmt 1 view .LVU3
  42              		.loc 1 43 24 is_stmt 0 view .LVU4
  43 0008 4FF41653 		mov	r3, #9600
  44 000c 4360     		str	r3, [r0, #4]
  44:Core/Src/usart.c ****   huart1.Init.WordLength = UART_WORDLENGTH_8B;
  45              		.loc 1 44 3 is_stmt 1 view .LVU5
  46              		.loc 1 44 26 is_stmt 0 view .LVU6
  47 000e 0023     		movs	r3, #0
  48 0010 8360     		str	r3, [r0, #8]
  45:Core/Src/usart.c ****   huart1.Init.StopBits = UART_STOPBITS_1;
  49              		.loc 1 45 3 is_stmt 1 view .LVU7
  50              		.loc 1 45 24 is_stmt 0 view .LVU8
  51 0012 C360     		str	r3, [r0, #12]
  46:Core/Src/usart.c ****   huart1.Init.Parity = UART_PARITY_NONE;
  52              		.loc 1 46 3 is_stmt 1 view .LVU9
  53              		.loc 1 46 22 is_stmt 0 view .LVU10
  54 0014 0361     		str	r3, [r0, #16]
  47:Core/Src/usart.c ****   huart1.Init.Mode = UART_MODE_TX_RX;
  55              		.loc 1 47 3 is_stmt 1 view .LVU11
  56              		.loc 1 47 20 is_stmt 0 view .LVU12
  57 0016 0C22     		movs	r2, #12
  58 0018 4261     		str	r2, [r0, #20]
  48:Core/Src/usart.c ****   huart1.Init.HwFlowCtl = UART_HWCONTROL_NONE;
  59              		.loc 1 48 3 is_stmt 1 view .LVU13
  60              		.loc 1 48 25 is_stmt 0 view .LVU14
  61 001a 8361     		str	r3, [r0, #24]
  49:Core/Src/usart.c ****   huart1.Init.OverSampling = UART_OVERSAMPLING_16;
  62              		.loc 1 49 3 is_stmt 1 view .LVU15
  63              		.loc 1 49 28 is_stmt 0 view .LVU16
  64 001c C361     		str	r3, [r0, #28]
  50:Core/Src/usart.c ****   if (HAL_UART_Init(&huart1) != HAL_OK)
  65              		.loc 1 50 3 is_stmt 1 view .LVU17
ARM GAS  C:\Users\Admin\AppData\Local\Temp\ccx4uqb2.s 			page 3


  66              		.loc 1 50 7 is_stmt 0 view .LVU18
  67 001e FFF7FEFF 		bl	HAL_UART_Init
  68              	.LVL0:
  69              		.loc 1 50 6 view .LVU19
  70 0022 00B9     		cbnz	r0, .L4
  71              	.L1:
  51:Core/Src/usart.c ****   {
  52:Core/Src/usart.c ****     Error_Handler();
  53:Core/Src/usart.c ****   }
  54:Core/Src/usart.c ****   /* USER CODE BEGIN USART1_Init 2 */
  55:Core/Src/usart.c **** 
  56:Core/Src/usart.c ****   /* USER CODE END USART1_Init 2 */
  57:Core/Src/usart.c **** 
  58:Core/Src/usart.c **** }
  72              		.loc 1 58 1 view .LVU20
  73 0024 08BD     		pop	{r3, pc}
  74              	.L4:
  52:Core/Src/usart.c ****   }
  75              		.loc 1 52 5 is_stmt 1 view .LVU21
  76 0026 FFF7FEFF 		bl	Error_Handler
  77              	.LVL1:
  78              		.loc 1 58 1 is_stmt 0 view .LVU22
  79 002a FBE7     		b	.L1
  80              	.L6:
  81              		.align	2
  82              	.L5:
  83 002c 00000000 		.word	.LANCHOR0
  84 0030 00380140 		.word	1073821696
  85              		.cfi_endproc
  86              	.LFE65:
  88              		.section	.text.MX_USART2_UART_Init,"ax",%progbits
  89              		.align	1
  90              		.global	MX_USART2_UART_Init
  91              		.syntax unified
  92              		.thumb
  93              		.thumb_func
  95              	MX_USART2_UART_Init:
  96              	.LFB66:
  59:Core/Src/usart.c **** /* USART2 init function */
  60:Core/Src/usart.c **** 
  61:Core/Src/usart.c **** void MX_USART2_UART_Init(void)
  62:Core/Src/usart.c **** {
  97              		.loc 1 62 1 is_stmt 1 view -0
  98              		.cfi_startproc
  99              		@ args = 0, pretend = 0, frame = 0
 100              		@ frame_needed = 0, uses_anonymous_args = 0
 101 0000 08B5     		push	{r3, lr}
 102              	.LCFI1:
 103              		.cfi_def_cfa_offset 8
 104              		.cfi_offset 3, -8
 105              		.cfi_offset 14, -4
  63:Core/Src/usart.c **** 
  64:Core/Src/usart.c ****   /* USER CODE BEGIN USART2_Init 0 */
  65:Core/Src/usart.c **** 
  66:Core/Src/usart.c ****   /* USER CODE END USART2_Init 0 */
  67:Core/Src/usart.c **** 
  68:Core/Src/usart.c ****   /* USER CODE BEGIN USART2_Init 1 */
ARM GAS  C:\Users\Admin\AppData\Local\Temp\ccx4uqb2.s 			page 4


  69:Core/Src/usart.c **** 
  70:Core/Src/usart.c ****   /* USER CODE END USART2_Init 1 */
  71:Core/Src/usart.c ****   huart2.Instance = USART2;
 106              		.loc 1 71 3 view .LVU24
 107              		.loc 1 71 19 is_stmt 0 view .LVU25
 108 0002 0A48     		ldr	r0, .L11
 109 0004 0A4B     		ldr	r3, .L11+4
 110 0006 0360     		str	r3, [r0]
  72:Core/Src/usart.c ****   huart2.Init.BaudRate = 9600;
 111              		.loc 1 72 3 is_stmt 1 view .LVU26
 112              		.loc 1 72 24 is_stmt 0 view .LVU27
 113 0008 4FF41653 		mov	r3, #9600
 114 000c 4360     		str	r3, [r0, #4]
  73:Core/Src/usart.c ****   huart2.Init.WordLength = UART_WORDLENGTH_8B;
 115              		.loc 1 73 3 is_stmt 1 view .LVU28
 116              		.loc 1 73 26 is_stmt 0 view .LVU29
 117 000e 0023     		movs	r3, #0
 118 0010 8360     		str	r3, [r0, #8]
  74:Core/Src/usart.c ****   huart2.Init.StopBits = UART_STOPBITS_1;
 119              		.loc 1 74 3 is_stmt 1 view .LVU30
 120              		.loc 1 74 24 is_stmt 0 view .LVU31
 121 0012 C360     		str	r3, [r0, #12]
  75:Core/Src/usart.c ****   huart2.Init.Parity = UART_PARITY_NONE;
 122              		.loc 1 75 3 is_stmt 1 view .LVU32
 123              		.loc 1 75 22 is_stmt 0 view .LVU33
 124 0014 0361     		str	r3, [r0, #16]
  76:Core/Src/usart.c ****   huart2.Init.Mode = UART_MODE_TX_RX;
 125              		.loc 1 76 3 is_stmt 1 view .LVU34
 126              		.loc 1 76 20 is_stmt 0 view .LVU35
 127 0016 0C22     		movs	r2, #12
 128 0018 4261     		str	r2, [r0, #20]
  77:Core/Src/usart.c ****   huart2.Init.HwFlowCtl = UART_HWCONTROL_NONE;
 129              		.loc 1 77 3 is_stmt 1 view .LVU36
 130              		.loc 1 77 25 is_stmt 0 view .LVU37
 131 001a 8361     		str	r3, [r0, #24]
  78:Core/Src/usart.c ****   huart2.Init.OverSampling = UART_OVERSAMPLING_16;
 132              		.loc 1 78 3 is_stmt 1 view .LVU38
 133              		.loc 1 78 28 is_stmt 0 view .LVU39
 134 001c C361     		str	r3, [r0, #28]
  79:Core/Src/usart.c ****   if (HAL_UART_Init(&huart2) != HAL_OK)
 135              		.loc 1 79 3 is_stmt 1 view .LVU40
 136              		.loc 1 79 7 is_stmt 0 view .LVU41
 137 001e FFF7FEFF 		bl	HAL_UART_Init
 138              	.LVL2:
 139              		.loc 1 79 6 view .LVU42
 140 0022 00B9     		cbnz	r0, .L10
 141              	.L7:
  80:Core/Src/usart.c ****   {
  81:Core/Src/usart.c ****     Error_Handler();
  82:Core/Src/usart.c ****   }
  83:Core/Src/usart.c ****   /* USER CODE BEGIN USART2_Init 2 */
  84:Core/Src/usart.c **** 
  85:Core/Src/usart.c ****   /* USER CODE END USART2_Init 2 */
  86:Core/Src/usart.c **** 
  87:Core/Src/usart.c **** }
 142              		.loc 1 87 1 view .LVU43
 143 0024 08BD     		pop	{r3, pc}
ARM GAS  C:\Users\Admin\AppData\Local\Temp\ccx4uqb2.s 			page 5


 144              	.L10:
  81:Core/Src/usart.c ****   }
 145              		.loc 1 81 5 is_stmt 1 view .LVU44
 146 0026 FFF7FEFF 		bl	Error_Handler
 147              	.LVL3:
 148              		.loc 1 87 1 is_stmt 0 view .LVU45
 149 002a FBE7     		b	.L7
 150              	.L12:
 151              		.align	2
 152              	.L11:
 153 002c 00000000 		.word	.LANCHOR1
 154 0030 00440040 		.word	1073759232
 155              		.cfi_endproc
 156              	.LFE66:
 158              		.section	.text.HAL_UART_MspInit,"ax",%progbits
 159              		.align	1
 160              		.global	HAL_UART_MspInit
 161              		.syntax unified
 162              		.thumb
 163              		.thumb_func
 165              	HAL_UART_MspInit:
 166              	.LVL4:
 167              	.LFB67:
  88:Core/Src/usart.c **** 
  89:Core/Src/usart.c **** void HAL_UART_MspInit(UART_HandleTypeDef* uartHandle)
  90:Core/Src/usart.c **** {
 168              		.loc 1 90 1 is_stmt 1 view -0
 169              		.cfi_startproc
 170              		@ args = 0, pretend = 0, frame = 32
 171              		@ frame_needed = 0, uses_anonymous_args = 0
 172              		.loc 1 90 1 is_stmt 0 view .LVU47
 173 0000 30B5     		push	{r4, r5, lr}
 174              	.LCFI2:
 175              		.cfi_def_cfa_offset 12
 176              		.cfi_offset 4, -12
 177              		.cfi_offset 5, -8
 178              		.cfi_offset 14, -4
 179 0002 89B0     		sub	sp, sp, #36
 180              	.LCFI3:
 181              		.cfi_def_cfa_offset 48
  91:Core/Src/usart.c **** 
  92:Core/Src/usart.c ****   GPIO_InitTypeDef GPIO_InitStruct = {0};
 182              		.loc 1 92 3 is_stmt 1 view .LVU48
 183              		.loc 1 92 20 is_stmt 0 view .LVU49
 184 0004 0023     		movs	r3, #0
 185 0006 0493     		str	r3, [sp, #16]
 186 0008 0593     		str	r3, [sp, #20]
 187 000a 0693     		str	r3, [sp, #24]
 188 000c 0793     		str	r3, [sp, #28]
  93:Core/Src/usart.c ****   if(uartHandle->Instance==USART1)
 189              		.loc 1 93 3 is_stmt 1 view .LVU50
 190              		.loc 1 93 16 is_stmt 0 view .LVU51
 191 000e 0368     		ldr	r3, [r0]
 192              		.loc 1 93 5 view .LVU52
 193 0010 304A     		ldr	r2, .L19
 194 0012 9342     		cmp	r3, r2
 195 0014 04D0     		beq	.L17
ARM GAS  C:\Users\Admin\AppData\Local\Temp\ccx4uqb2.s 			page 6


  94:Core/Src/usart.c ****   {
  95:Core/Src/usart.c ****   /* USER CODE BEGIN USART1_MspInit 0 */
  96:Core/Src/usart.c **** 
  97:Core/Src/usart.c ****   /* USER CODE END USART1_MspInit 0 */
  98:Core/Src/usart.c ****     /* USART1 clock enable */
  99:Core/Src/usart.c ****     __HAL_RCC_USART1_CLK_ENABLE();
 100:Core/Src/usart.c **** 
 101:Core/Src/usart.c ****     __HAL_RCC_GPIOA_CLK_ENABLE();
 102:Core/Src/usart.c ****     /**USART1 GPIO Configuration
 103:Core/Src/usart.c ****     PA9     ------> USART1_TX
 104:Core/Src/usart.c ****     PA10     ------> USART1_RX
 105:Core/Src/usart.c ****     */
 106:Core/Src/usart.c ****     GPIO_InitStruct.Pin = GPIO_PIN_9;
 107:Core/Src/usart.c ****     GPIO_InitStruct.Mode = GPIO_MODE_AF_PP;
 108:Core/Src/usart.c ****     GPIO_InitStruct.Speed = GPIO_SPEED_FREQ_HIGH;
 109:Core/Src/usart.c ****     HAL_GPIO_Init(GPIOA, &GPIO_InitStruct);
 110:Core/Src/usart.c **** 
 111:Core/Src/usart.c ****     GPIO_InitStruct.Pin = GPIO_PIN_10;
 112:Core/Src/usart.c ****     GPIO_InitStruct.Mode = GPIO_MODE_INPUT;
 113:Core/Src/usart.c ****     GPIO_InitStruct.Pull = GPIO_NOPULL;
 114:Core/Src/usart.c ****     HAL_GPIO_Init(GPIOA, &GPIO_InitStruct);
 115:Core/Src/usart.c **** 
 116:Core/Src/usart.c ****   /* USER CODE BEGIN USART1_MspInit 1 */
 117:Core/Src/usart.c **** 
 118:Core/Src/usart.c ****   /* USER CODE END USART1_MspInit 1 */
 119:Core/Src/usart.c ****   }
 120:Core/Src/usart.c ****   else if(uartHandle->Instance==USART2)
 196              		.loc 1 120 8 is_stmt 1 view .LVU53
 197              		.loc 1 120 10 is_stmt 0 view .LVU54
 198 0016 304A     		ldr	r2, .L19+4
 199 0018 9342     		cmp	r3, r2
 200 001a 2BD0     		beq	.L18
 201              	.LVL5:
 202              	.L13:
 121:Core/Src/usart.c ****   {
 122:Core/Src/usart.c ****   /* USER CODE BEGIN USART2_MspInit 0 */
 123:Core/Src/usart.c **** 
 124:Core/Src/usart.c ****   /* USER CODE END USART2_MspInit 0 */
 125:Core/Src/usart.c ****     /* USART2 clock enable */
 126:Core/Src/usart.c ****     __HAL_RCC_USART2_CLK_ENABLE();
 127:Core/Src/usart.c **** 
 128:Core/Src/usart.c ****     __HAL_RCC_GPIOA_CLK_ENABLE();
 129:Core/Src/usart.c ****     /**USART2 GPIO Configuration
 130:Core/Src/usart.c ****     PA2     ------> USART2_TX
 131:Core/Src/usart.c ****     PA3     ------> USART2_RX
 132:Core/Src/usart.c ****     */
 133:Core/Src/usart.c ****     GPIO_InitStruct.Pin = GPIO_PIN_2;
 134:Core/Src/usart.c ****     GPIO_InitStruct.Mode = GPIO_MODE_AF_PP;
 135:Core/Src/usart.c ****     GPIO_InitStruct.Speed = GPIO_SPEED_FREQ_HIGH;
 136:Core/Src/usart.c ****     HAL_GPIO_Init(GPIOA, &GPIO_InitStruct);
 137:Core/Src/usart.c **** 
 138:Core/Src/usart.c ****     GPIO_InitStruct.Pin = GPIO_PIN_3;
 139:Core/Src/usart.c ****     GPIO_InitStruct.Mode = GPIO_MODE_INPUT;
 140:Core/Src/usart.c ****     GPIO_InitStruct.Pull = GPIO_NOPULL;
 141:Core/Src/usart.c ****     HAL_GPIO_Init(GPIOA, &GPIO_InitStruct);
 142:Core/Src/usart.c **** 
 143:Core/Src/usart.c ****     /* USART2 interrupt Init */
ARM GAS  C:\Users\Admin\AppData\Local\Temp\ccx4uqb2.s 			page 7


 144:Core/Src/usart.c ****     HAL_NVIC_SetPriority(USART2_IRQn, 0, 0);
 145:Core/Src/usart.c ****     HAL_NVIC_EnableIRQ(USART2_IRQn);
 146:Core/Src/usart.c ****   /* USER CODE BEGIN USART2_MspInit 1 */
 147:Core/Src/usart.c **** 
 148:Core/Src/usart.c ****   /* USER CODE END USART2_MspInit 1 */
 149:Core/Src/usart.c ****   }
 150:Core/Src/usart.c **** }
 203              		.loc 1 150 1 view .LVU55
 204 001c 09B0     		add	sp, sp, #36
 205              	.LCFI4:
 206              		.cfi_remember_state
 207              		.cfi_def_cfa_offset 12
 208              		@ sp needed
 209 001e 30BD     		pop	{r4, r5, pc}
 210              	.LVL6:
 211              	.L17:
 212              	.LCFI5:
 213              		.cfi_restore_state
  99:Core/Src/usart.c **** 
 214              		.loc 1 99 5 is_stmt 1 view .LVU56
 215              	.LBB2:
  99:Core/Src/usart.c **** 
 216              		.loc 1 99 5 view .LVU57
  99:Core/Src/usart.c **** 
 217              		.loc 1 99 5 view .LVU58
 218 0020 2E4B     		ldr	r3, .L19+8
 219 0022 9A69     		ldr	r2, [r3, #24]
 220 0024 42F48042 		orr	r2, r2, #16384
 221 0028 9A61     		str	r2, [r3, #24]
  99:Core/Src/usart.c **** 
 222              		.loc 1 99 5 view .LVU59
 223 002a 9A69     		ldr	r2, [r3, #24]
 224 002c 02F48042 		and	r2, r2, #16384
 225 0030 0092     		str	r2, [sp]
  99:Core/Src/usart.c **** 
 226              		.loc 1 99 5 view .LVU60
 227 0032 009A     		ldr	r2, [sp]
 228              	.LBE2:
  99:Core/Src/usart.c **** 
 229              		.loc 1 99 5 view .LVU61
 101:Core/Src/usart.c ****     /**USART1 GPIO Configuration
 230              		.loc 1 101 5 view .LVU62
 231              	.LBB3:
 101:Core/Src/usart.c ****     /**USART1 GPIO Configuration
 232              		.loc 1 101 5 view .LVU63
 101:Core/Src/usart.c ****     /**USART1 GPIO Configuration
 233              		.loc 1 101 5 view .LVU64
 234 0034 9A69     		ldr	r2, [r3, #24]
 235 0036 42F00402 		orr	r2, r2, #4
 236 003a 9A61     		str	r2, [r3, #24]
 101:Core/Src/usart.c ****     /**USART1 GPIO Configuration
 237              		.loc 1 101 5 view .LVU65
 238 003c 9B69     		ldr	r3, [r3, #24]
 239 003e 03F00403 		and	r3, r3, #4
 240 0042 0193     		str	r3, [sp, #4]
 101:Core/Src/usart.c ****     /**USART1 GPIO Configuration
 241              		.loc 1 101 5 view .LVU66
ARM GAS  C:\Users\Admin\AppData\Local\Temp\ccx4uqb2.s 			page 8


 242 0044 019B     		ldr	r3, [sp, #4]
 243              	.LBE3:
 101:Core/Src/usart.c ****     /**USART1 GPIO Configuration
 244              		.loc 1 101 5 view .LVU67
 106:Core/Src/usart.c ****     GPIO_InitStruct.Mode = GPIO_MODE_AF_PP;
 245              		.loc 1 106 5 view .LVU68
 106:Core/Src/usart.c ****     GPIO_InitStruct.Mode = GPIO_MODE_AF_PP;
 246              		.loc 1 106 25 is_stmt 0 view .LVU69
 247 0046 4FF40073 		mov	r3, #512
 248 004a 0493     		str	r3, [sp, #16]
 107:Core/Src/usart.c ****     GPIO_InitStruct.Speed = GPIO_SPEED_FREQ_HIGH;
 249              		.loc 1 107 5 is_stmt 1 view .LVU70
 107:Core/Src/usart.c ****     GPIO_InitStruct.Speed = GPIO_SPEED_FREQ_HIGH;
 250              		.loc 1 107 26 is_stmt 0 view .LVU71
 251 004c 0223     		movs	r3, #2
 252 004e 0593     		str	r3, [sp, #20]
 108:Core/Src/usart.c ****     HAL_GPIO_Init(GPIOA, &GPIO_InitStruct);
 253              		.loc 1 108 5 is_stmt 1 view .LVU72
 108:Core/Src/usart.c ****     HAL_GPIO_Init(GPIOA, &GPIO_InitStruct);
 254              		.loc 1 108 27 is_stmt 0 view .LVU73
 255 0050 0323     		movs	r3, #3
 256 0052 0793     		str	r3, [sp, #28]
 109:Core/Src/usart.c **** 
 257              		.loc 1 109 5 is_stmt 1 view .LVU74
 258 0054 224C     		ldr	r4, .L19+12
 259 0056 04A9     		add	r1, sp, #16
 260 0058 2046     		mov	r0, r4
 261              	.LVL7:
 109:Core/Src/usart.c **** 
 262              		.loc 1 109 5 is_stmt 0 view .LVU75
 263 005a FFF7FEFF 		bl	HAL_GPIO_Init
 264              	.LVL8:
 111:Core/Src/usart.c ****     GPIO_InitStruct.Mode = GPIO_MODE_INPUT;
 265              		.loc 1 111 5 is_stmt 1 view .LVU76
 111:Core/Src/usart.c ****     GPIO_InitStruct.Mode = GPIO_MODE_INPUT;
 266              		.loc 1 111 25 is_stmt 0 view .LVU77
 267 005e 4FF48063 		mov	r3, #1024
 268 0062 0493     		str	r3, [sp, #16]
 112:Core/Src/usart.c ****     GPIO_InitStruct.Pull = GPIO_NOPULL;
 269              		.loc 1 112 5 is_stmt 1 view .LVU78
 112:Core/Src/usart.c ****     GPIO_InitStruct.Pull = GPIO_NOPULL;
 270              		.loc 1 112 26 is_stmt 0 view .LVU79
 271 0064 0023     		movs	r3, #0
 272 0066 0593     		str	r3, [sp, #20]
 113:Core/Src/usart.c ****     HAL_GPIO_Init(GPIOA, &GPIO_InitStruct);
 273              		.loc 1 113 5 is_stmt 1 view .LVU80
 113:Core/Src/usart.c ****     HAL_GPIO_Init(GPIOA, &GPIO_InitStruct);
 274              		.loc 1 113 26 is_stmt 0 view .LVU81
 275 0068 0693     		str	r3, [sp, #24]
 114:Core/Src/usart.c **** 
 276              		.loc 1 114 5 is_stmt 1 view .LVU82
 277 006a 04A9     		add	r1, sp, #16
 278 006c 2046     		mov	r0, r4
 279 006e FFF7FEFF 		bl	HAL_GPIO_Init
 280              	.LVL9:
 281 0072 D3E7     		b	.L13
 282              	.LVL10:
ARM GAS  C:\Users\Admin\AppData\Local\Temp\ccx4uqb2.s 			page 9


 283              	.L18:
 126:Core/Src/usart.c **** 
 284              		.loc 1 126 5 view .LVU83
 285              	.LBB4:
 126:Core/Src/usart.c **** 
 286              		.loc 1 126 5 view .LVU84
 126:Core/Src/usart.c **** 
 287              		.loc 1 126 5 view .LVU85
 288 0074 194B     		ldr	r3, .L19+8
 289 0076 DA69     		ldr	r2, [r3, #28]
 290 0078 42F40032 		orr	r2, r2, #131072
 291 007c DA61     		str	r2, [r3, #28]
 126:Core/Src/usart.c **** 
 292              		.loc 1 126 5 view .LVU86
 293 007e DA69     		ldr	r2, [r3, #28]
 294 0080 02F40032 		and	r2, r2, #131072
 295 0084 0292     		str	r2, [sp, #8]
 126:Core/Src/usart.c **** 
 296              		.loc 1 126 5 view .LVU87
 297 0086 029A     		ldr	r2, [sp, #8]
 298              	.LBE4:
 126:Core/Src/usart.c **** 
 299              		.loc 1 126 5 view .LVU88
 128:Core/Src/usart.c ****     /**USART2 GPIO Configuration
 300              		.loc 1 128 5 view .LVU89
 301              	.LBB5:
 128:Core/Src/usart.c ****     /**USART2 GPIO Configuration
 302              		.loc 1 128 5 view .LVU90
 128:Core/Src/usart.c ****     /**USART2 GPIO Configuration
 303              		.loc 1 128 5 view .LVU91
 304 0088 9A69     		ldr	r2, [r3, #24]
 305 008a 42F00402 		orr	r2, r2, #4
 306 008e 9A61     		str	r2, [r3, #24]
 128:Core/Src/usart.c ****     /**USART2 GPIO Configuration
 307              		.loc 1 128 5 view .LVU92
 308 0090 9B69     		ldr	r3, [r3, #24]
 309 0092 03F00403 		and	r3, r3, #4
 310 0096 0393     		str	r3, [sp, #12]
 128:Core/Src/usart.c ****     /**USART2 GPIO Configuration
 311              		.loc 1 128 5 view .LVU93
 312 0098 039B     		ldr	r3, [sp, #12]
 313              	.LBE5:
 128:Core/Src/usart.c ****     /**USART2 GPIO Configuration
 314              		.loc 1 128 5 view .LVU94
 133:Core/Src/usart.c ****     GPIO_InitStruct.Mode = GPIO_MODE_AF_PP;
 315              		.loc 1 133 5 view .LVU95
 133:Core/Src/usart.c ****     GPIO_InitStruct.Mode = GPIO_MODE_AF_PP;
 316              		.loc 1 133 25 is_stmt 0 view .LVU96
 317 009a 0423     		movs	r3, #4
 318 009c 0493     		str	r3, [sp, #16]
 134:Core/Src/usart.c ****     GPIO_InitStruct.Speed = GPIO_SPEED_FREQ_HIGH;
 319              		.loc 1 134 5 is_stmt 1 view .LVU97
 134:Core/Src/usart.c ****     GPIO_InitStruct.Speed = GPIO_SPEED_FREQ_HIGH;
 320              		.loc 1 134 26 is_stmt 0 view .LVU98
 321 009e 0223     		movs	r3, #2
 322 00a0 0593     		str	r3, [sp, #20]
 135:Core/Src/usart.c ****     HAL_GPIO_Init(GPIOA, &GPIO_InitStruct);
ARM GAS  C:\Users\Admin\AppData\Local\Temp\ccx4uqb2.s 			page 10


 323              		.loc 1 135 5 is_stmt 1 view .LVU99
 135:Core/Src/usart.c ****     HAL_GPIO_Init(GPIOA, &GPIO_InitStruct);
 324              		.loc 1 135 27 is_stmt 0 view .LVU100
 325 00a2 0323     		movs	r3, #3
 326 00a4 0793     		str	r3, [sp, #28]
 136:Core/Src/usart.c **** 
 327              		.loc 1 136 5 is_stmt 1 view .LVU101
 328 00a6 0E4D     		ldr	r5, .L19+12
 329 00a8 04A9     		add	r1, sp, #16
 330 00aa 2846     		mov	r0, r5
 331              	.LVL11:
 136:Core/Src/usart.c **** 
 332              		.loc 1 136 5 is_stmt 0 view .LVU102
 333 00ac FFF7FEFF 		bl	HAL_GPIO_Init
 334              	.LVL12:
 138:Core/Src/usart.c ****     GPIO_InitStruct.Mode = GPIO_MODE_INPUT;
 335              		.loc 1 138 5 is_stmt 1 view .LVU103
 138:Core/Src/usart.c ****     GPIO_InitStruct.Mode = GPIO_MODE_INPUT;
 336              		.loc 1 138 25 is_stmt 0 view .LVU104
 337 00b0 0823     		movs	r3, #8
 338 00b2 0493     		str	r3, [sp, #16]
 139:Core/Src/usart.c ****     GPIO_InitStruct.Pull = GPIO_NOPULL;
 339              		.loc 1 139 5 is_stmt 1 view .LVU105
 139:Core/Src/usart.c ****     GPIO_InitStruct.Pull = GPIO_NOPULL;
 340              		.loc 1 139 26 is_stmt 0 view .LVU106
 341 00b4 0024     		movs	r4, #0
 342 00b6 0594     		str	r4, [sp, #20]
 140:Core/Src/usart.c ****     HAL_GPIO_Init(GPIOA, &GPIO_InitStruct);
 343              		.loc 1 140 5 is_stmt 1 view .LVU107
 140:Core/Src/usart.c ****     HAL_GPIO_Init(GPIOA, &GPIO_InitStruct);
 344              		.loc 1 140 26 is_stmt 0 view .LVU108
 345 00b8 0694     		str	r4, [sp, #24]
 141:Core/Src/usart.c **** 
 346              		.loc 1 141 5 is_stmt 1 view .LVU109
 347 00ba 04A9     		add	r1, sp, #16
 348 00bc 2846     		mov	r0, r5
 349 00be FFF7FEFF 		bl	HAL_GPIO_Init
 350              	.LVL13:
 144:Core/Src/usart.c ****     HAL_NVIC_EnableIRQ(USART2_IRQn);
 351              		.loc 1 144 5 view .LVU110
 352 00c2 2246     		mov	r2, r4
 353 00c4 2146     		mov	r1, r4
 354 00c6 2620     		movs	r0, #38
 355 00c8 FFF7FEFF 		bl	HAL_NVIC_SetPriority
 356              	.LVL14:
 145:Core/Src/usart.c ****   /* USER CODE BEGIN USART2_MspInit 1 */
 357              		.loc 1 145 5 view .LVU111
 358 00cc 2620     		movs	r0, #38
 359 00ce FFF7FEFF 		bl	HAL_NVIC_EnableIRQ
 360              	.LVL15:
 361              		.loc 1 150 1 is_stmt 0 view .LVU112
 362 00d2 A3E7     		b	.L13
 363              	.L20:
 364              		.align	2
 365              	.L19:
 366 00d4 00380140 		.word	1073821696
 367 00d8 00440040 		.word	1073759232
ARM GAS  C:\Users\Admin\AppData\Local\Temp\ccx4uqb2.s 			page 11


 368 00dc 00100240 		.word	1073876992
 369 00e0 00080140 		.word	1073809408
 370              		.cfi_endproc
 371              	.LFE67:
 373              		.section	.text.HAL_UART_MspDeInit,"ax",%progbits
 374              		.align	1
 375              		.global	HAL_UART_MspDeInit
 376              		.syntax unified
 377              		.thumb
 378              		.thumb_func
 380              	HAL_UART_MspDeInit:
 381              	.LVL16:
 382              	.LFB68:
 151:Core/Src/usart.c **** 
 152:Core/Src/usart.c **** void HAL_UART_MspDeInit(UART_HandleTypeDef* uartHandle)
 153:Core/Src/usart.c **** {
 383              		.loc 1 153 1 is_stmt 1 view -0
 384              		.cfi_startproc
 385              		@ args = 0, pretend = 0, frame = 0
 386              		@ frame_needed = 0, uses_anonymous_args = 0
 387              		.loc 1 153 1 is_stmt 0 view .LVU114
 388 0000 08B5     		push	{r3, lr}
 389              	.LCFI6:
 390              		.cfi_def_cfa_offset 8
 391              		.cfi_offset 3, -8
 392              		.cfi_offset 14, -4
 154:Core/Src/usart.c **** 
 155:Core/Src/usart.c ****   if(uartHandle->Instance==USART1)
 393              		.loc 1 155 3 is_stmt 1 view .LVU115
 394              		.loc 1 155 16 is_stmt 0 view .LVU116
 395 0002 0368     		ldr	r3, [r0]
 396              		.loc 1 155 5 view .LVU117
 397 0004 104A     		ldr	r2, .L27
 398 0006 9342     		cmp	r3, r2
 399 0008 03D0     		beq	.L25
 156:Core/Src/usart.c ****   {
 157:Core/Src/usart.c ****   /* USER CODE BEGIN USART1_MspDeInit 0 */
 158:Core/Src/usart.c **** 
 159:Core/Src/usart.c ****   /* USER CODE END USART1_MspDeInit 0 */
 160:Core/Src/usart.c ****     /* Peripheral clock disable */
 161:Core/Src/usart.c ****     __HAL_RCC_USART1_CLK_DISABLE();
 162:Core/Src/usart.c **** 
 163:Core/Src/usart.c ****     /**USART1 GPIO Configuration
 164:Core/Src/usart.c ****     PA9     ------> USART1_TX
 165:Core/Src/usart.c ****     PA10     ------> USART1_RX
 166:Core/Src/usart.c ****     */
 167:Core/Src/usart.c ****     HAL_GPIO_DeInit(GPIOA, GPIO_PIN_9|GPIO_PIN_10);
 168:Core/Src/usart.c **** 
 169:Core/Src/usart.c ****   /* USER CODE BEGIN USART1_MspDeInit 1 */
 170:Core/Src/usart.c **** 
 171:Core/Src/usart.c ****   /* USER CODE END USART1_MspDeInit 1 */
 172:Core/Src/usart.c ****   }
 173:Core/Src/usart.c ****   else if(uartHandle->Instance==USART2)
 400              		.loc 1 173 8 is_stmt 1 view .LVU118
 401              		.loc 1 173 10 is_stmt 0 view .LVU119
 402 000a 104A     		ldr	r2, .L27+4
 403 000c 9342     		cmp	r3, r2
ARM GAS  C:\Users\Admin\AppData\Local\Temp\ccx4uqb2.s 			page 12


 404 000e 0CD0     		beq	.L26
 405              	.LVL17:
 406              	.L21:
 174:Core/Src/usart.c ****   {
 175:Core/Src/usart.c ****   /* USER CODE BEGIN USART2_MspDeInit 0 */
 176:Core/Src/usart.c **** 
 177:Core/Src/usart.c ****   /* USER CODE END USART2_MspDeInit 0 */
 178:Core/Src/usart.c ****     /* Peripheral clock disable */
 179:Core/Src/usart.c ****     __HAL_RCC_USART2_CLK_DISABLE();
 180:Core/Src/usart.c **** 
 181:Core/Src/usart.c ****     /**USART2 GPIO Configuration
 182:Core/Src/usart.c ****     PA2     ------> USART2_TX
 183:Core/Src/usart.c ****     PA3     ------> USART2_RX
 184:Core/Src/usart.c ****     */
 185:Core/Src/usart.c ****     HAL_GPIO_DeInit(GPIOA, GPIO_PIN_2|GPIO_PIN_3);
 186:Core/Src/usart.c **** 
 187:Core/Src/usart.c ****     /* USART2 interrupt Deinit */
 188:Core/Src/usart.c ****     HAL_NVIC_DisableIRQ(USART2_IRQn);
 189:Core/Src/usart.c ****   /* USER CODE BEGIN USART2_MspDeInit 1 */
 190:Core/Src/usart.c **** 
 191:Core/Src/usart.c ****   /* USER CODE END USART2_MspDeInit 1 */
 192:Core/Src/usart.c ****   }
 193:Core/Src/usart.c **** }
 407              		.loc 1 193 1 view .LVU120
 408 0010 08BD     		pop	{r3, pc}
 409              	.LVL18:
 410              	.L25:
 161:Core/Src/usart.c **** 
 411              		.loc 1 161 5 is_stmt 1 view .LVU121
 412 0012 02F55842 		add	r2, r2, #55296
 413 0016 9369     		ldr	r3, [r2, #24]
 414 0018 23F48043 		bic	r3, r3, #16384
 415 001c 9361     		str	r3, [r2, #24]
 167:Core/Src/usart.c **** 
 416              		.loc 1 167 5 view .LVU122
 417 001e 4FF4C061 		mov	r1, #1536
 418 0022 0B48     		ldr	r0, .L27+8
 419              	.LVL19:
 167:Core/Src/usart.c **** 
 420              		.loc 1 167 5 is_stmt 0 view .LVU123
 421 0024 FFF7FEFF 		bl	HAL_GPIO_DeInit
 422              	.LVL20:
 423 0028 F2E7     		b	.L21
 424              	.LVL21:
 425              	.L26:
 179:Core/Src/usart.c **** 
 426              		.loc 1 179 5 is_stmt 1 view .LVU124
 427 002a 02F5E632 		add	r2, r2, #117760
 428 002e D369     		ldr	r3, [r2, #28]
 429 0030 23F40033 		bic	r3, r3, #131072
 430 0034 D361     		str	r3, [r2, #28]
 185:Core/Src/usart.c **** 
 431              		.loc 1 185 5 view .LVU125
 432 0036 0C21     		movs	r1, #12
 433 0038 0548     		ldr	r0, .L27+8
 434              	.LVL22:
 185:Core/Src/usart.c **** 
ARM GAS  C:\Users\Admin\AppData\Local\Temp\ccx4uqb2.s 			page 13


 435              		.loc 1 185 5 is_stmt 0 view .LVU126
 436 003a FFF7FEFF 		bl	HAL_GPIO_DeInit
 437              	.LVL23:
 188:Core/Src/usart.c ****   /* USER CODE BEGIN USART2_MspDeInit 1 */
 438              		.loc 1 188 5 is_stmt 1 view .LVU127
 439 003e 2620     		movs	r0, #38
 440 0040 FFF7FEFF 		bl	HAL_NVIC_DisableIRQ
 441              	.LVL24:
 442              		.loc 1 193 1 is_stmt 0 view .LVU128
 443 0044 E4E7     		b	.L21
 444              	.L28:
 445 0046 00BF     		.align	2
 446              	.L27:
 447 0048 00380140 		.word	1073821696
 448 004c 00440040 		.word	1073759232
 449 0050 00080140 		.word	1073809408
 450              		.cfi_endproc
 451              	.LFE68:
 453              		.global	huart2
 454              		.global	huart1
 455              		.section	.bss.huart1,"aw",%nobits
 456              		.align	2
 457              		.set	.LANCHOR0,. + 0
 460              	huart1:
 461 0000 00000000 		.space	68
 461      00000000 
 461      00000000 
 461      00000000 
 461      00000000 
 462              		.section	.bss.huart2,"aw",%nobits
 463              		.align	2
 464              		.set	.LANCHOR1,. + 0
 467              	huart2:
 468 0000 00000000 		.space	68
 468      00000000 
 468      00000000 
 468      00000000 
 468      00000000 
 469              		.text
 470              	.Letext0:
 471              		.file 2 "d:\\10 2021.10\\arm-none-eabi\\include\\machine\\_default_types.h"
 472              		.file 3 "d:\\10 2021.10\\arm-none-eabi\\include\\sys\\_stdint.h"
 473              		.file 4 "Drivers/CMSIS/Device/ST/STM32F1xx/Include/stm32f103xb.h"
 474              		.file 5 "Drivers/STM32F1xx_HAL_Driver/Inc/stm32f1xx_hal_def.h"
 475              		.file 6 "Drivers/STM32F1xx_HAL_Driver/Inc/stm32f1xx_hal_gpio.h"
 476              		.file 7 "Drivers/STM32F1xx_HAL_Driver/Inc/stm32f1xx_hal_dma.h"
 477              		.file 8 "Drivers/STM32F1xx_HAL_Driver/Inc/stm32f1xx_hal_uart.h"
 478              		.file 9 "Core/Inc/usart.h"
 479              		.file 10 "Drivers/STM32F1xx_HAL_Driver/Inc/stm32f1xx_hal_cortex.h"
 480              		.file 11 "Core/Inc/main.h"
ARM GAS  C:\Users\Admin\AppData\Local\Temp\ccx4uqb2.s 			page 14


DEFINED SYMBOLS
                            *ABS*:00000000 usart.c
C:\Users\Admin\AppData\Local\Temp\ccx4uqb2.s:18     .text.MX_USART1_UART_Init:00000000 $t
C:\Users\Admin\AppData\Local\Temp\ccx4uqb2.s:24     .text.MX_USART1_UART_Init:00000000 MX_USART1_UART_Init
C:\Users\Admin\AppData\Local\Temp\ccx4uqb2.s:83     .text.MX_USART1_UART_Init:0000002c $d
C:\Users\Admin\AppData\Local\Temp\ccx4uqb2.s:89     .text.MX_USART2_UART_Init:00000000 $t
C:\Users\Admin\AppData\Local\Temp\ccx4uqb2.s:95     .text.MX_USART2_UART_Init:00000000 MX_USART2_UART_Init
C:\Users\Admin\AppData\Local\Temp\ccx4uqb2.s:153    .text.MX_USART2_UART_Init:0000002c $d
C:\Users\Admin\AppData\Local\Temp\ccx4uqb2.s:159    .text.HAL_UART_MspInit:00000000 $t
C:\Users\Admin\AppData\Local\Temp\ccx4uqb2.s:165    .text.HAL_UART_MspInit:00000000 HAL_UART_MspInit
C:\Users\Admin\AppData\Local\Temp\ccx4uqb2.s:366    .text.HAL_UART_MspInit:000000d4 $d
C:\Users\Admin\AppData\Local\Temp\ccx4uqb2.s:374    .text.HAL_UART_MspDeInit:00000000 $t
C:\Users\Admin\AppData\Local\Temp\ccx4uqb2.s:380    .text.HAL_UART_MspDeInit:00000000 HAL_UART_MspDeInit
C:\Users\Admin\AppData\Local\Temp\ccx4uqb2.s:447    .text.HAL_UART_MspDeInit:00000048 $d
C:\Users\Admin\AppData\Local\Temp\ccx4uqb2.s:467    .bss.huart2:00000000 huart2
C:\Users\Admin\AppData\Local\Temp\ccx4uqb2.s:460    .bss.huart1:00000000 huart1
C:\Users\Admin\AppData\Local\Temp\ccx4uqb2.s:456    .bss.huart1:00000000 $d
C:\Users\Admin\AppData\Local\Temp\ccx4uqb2.s:463    .bss.huart2:00000000 $d

UNDEFINED SYMBOLS
HAL_UART_Init
Error_Handler
HAL_GPIO_Init
HAL_NVIC_SetPriority
HAL_NVIC_EnableIRQ
HAL_GPIO_DeInit
HAL_NVIC_DisableIRQ
