ARM GAS  C:\Users\Admin\AppData\Local\Temp\ccgKS2nR.s 			page 1


   1              		.cpu cortex-m3
   2              		.arch armv7-m
   3              		.fpu softvfp
   4              		.eabi_attribute 20, 1
   5              		.eabi_attribute 21, 1
   6              		.eabi_attribute 23, 3
   7              		.eabi_attribute 24, 1
   8              		.eabi_attribute 25, 1
   9              		.eabi_attribute 26, 1
  10              		.eabi_attribute 30, 1
  11              		.eabi_attribute 34, 1
  12              		.eabi_attribute 18, 4
  13              		.file	"gpio.c"
  14              		.text
  15              	.Ltext0:
  16              		.cfi_sections	.debug_frame
  17              		.section	.text.MX_GPIO_Init,"ax",%progbits
  18              		.align	1
  19              		.global	MX_GPIO_Init
  20              		.syntax unified
  21              		.thumb
  22              		.thumb_func
  24              	MX_GPIO_Init:
  25              	.LFB65:
  26              		.file 1 "Core/Src/gpio.c"
   1:Core/Src/gpio.c **** /* USER CODE BEGIN Header */
   2:Core/Src/gpio.c **** /**
   3:Core/Src/gpio.c ****   ******************************************************************************
   4:Core/Src/gpio.c ****   * @file    gpio.c
   5:Core/Src/gpio.c ****   * @brief   This file provides code for the configuration
   6:Core/Src/gpio.c ****   *          of all used GPIO pins.
   7:Core/Src/gpio.c ****   ******************************************************************************
   8:Core/Src/gpio.c ****   * @attention
   9:Core/Src/gpio.c ****   *
  10:Core/Src/gpio.c ****   * Copyright (c) 2022 STMicroelectronics.
  11:Core/Src/gpio.c ****   * All rights reserved.
  12:Core/Src/gpio.c ****   *
  13:Core/Src/gpio.c ****   * This software is licensed under terms that can be found in the LICENSE file
  14:Core/Src/gpio.c ****   * in the root directory of this software component.
  15:Core/Src/gpio.c ****   * If no LICENSE file comes with this software, it is provided AS-IS.
  16:Core/Src/gpio.c ****   *
  17:Core/Src/gpio.c ****   ******************************************************************************
  18:Core/Src/gpio.c ****   */
  19:Core/Src/gpio.c **** /* USER CODE END Header */
  20:Core/Src/gpio.c **** 
  21:Core/Src/gpio.c **** /* Includes ------------------------------------------------------------------*/
  22:Core/Src/gpio.c **** #include "gpio.h"
  23:Core/Src/gpio.c **** 
  24:Core/Src/gpio.c **** /* USER CODE BEGIN 0 */
  25:Core/Src/gpio.c **** 
  26:Core/Src/gpio.c **** /* USER CODE END 0 */
  27:Core/Src/gpio.c **** 
  28:Core/Src/gpio.c **** /*----------------------------------------------------------------------------*/
  29:Core/Src/gpio.c **** /* Configure GPIO                                                             */
  30:Core/Src/gpio.c **** /*----------------------------------------------------------------------------*/
  31:Core/Src/gpio.c **** /* USER CODE BEGIN 1 */
  32:Core/Src/gpio.c **** 
ARM GAS  C:\Users\Admin\AppData\Local\Temp\ccgKS2nR.s 			page 2


  33:Core/Src/gpio.c **** /* USER CODE END 1 */
  34:Core/Src/gpio.c **** 
  35:Core/Src/gpio.c **** /** Configure pins as
  36:Core/Src/gpio.c ****         * Analog
  37:Core/Src/gpio.c ****         * Input
  38:Core/Src/gpio.c ****         * Output
  39:Core/Src/gpio.c ****         * EVENT_OUT
  40:Core/Src/gpio.c ****         * EXTI
  41:Core/Src/gpio.c **** */
  42:Core/Src/gpio.c **** void MX_GPIO_Init(void)
  43:Core/Src/gpio.c **** {
  27              		.loc 1 43 1 view -0
  28              		.cfi_startproc
  29              		@ args = 0, pretend = 0, frame = 24
  30              		@ frame_needed = 0, uses_anonymous_args = 0
  31 0000 00B5     		push	{lr}
  32              	.LCFI0:
  33              		.cfi_def_cfa_offset 4
  34              		.cfi_offset 14, -4
  35 0002 87B0     		sub	sp, sp, #28
  36              	.LCFI1:
  37              		.cfi_def_cfa_offset 32
  44:Core/Src/gpio.c **** 
  45:Core/Src/gpio.c ****   GPIO_InitTypeDef GPIO_InitStruct = {0};
  38              		.loc 1 45 3 view .LVU1
  39              		.loc 1 45 20 is_stmt 0 view .LVU2
  40 0004 0023     		movs	r3, #0
  41 0006 0293     		str	r3, [sp, #8]
  42 0008 0393     		str	r3, [sp, #12]
  43 000a 0493     		str	r3, [sp, #16]
  44 000c 0593     		str	r3, [sp, #20]
  46:Core/Src/gpio.c **** 
  47:Core/Src/gpio.c ****   /* GPIO Ports Clock Enable */
  48:Core/Src/gpio.c ****   __HAL_RCC_GPIOA_CLK_ENABLE();
  45              		.loc 1 48 3 is_stmt 1 view .LVU3
  46              	.LBB2:
  47              		.loc 1 48 3 view .LVU4
  48              		.loc 1 48 3 view .LVU5
  49 000e 03F18043 		add	r3, r3, #1073741824
  50 0012 03F50433 		add	r3, r3, #135168
  51 0016 9A69     		ldr	r2, [r3, #24]
  52 0018 42F00402 		orr	r2, r2, #4
  53 001c 9A61     		str	r2, [r3, #24]
  54              		.loc 1 48 3 view .LVU6
  55 001e 9B69     		ldr	r3, [r3, #24]
  56 0020 03F00403 		and	r3, r3, #4
  57 0024 0193     		str	r3, [sp, #4]
  58              		.loc 1 48 3 view .LVU7
  59 0026 019B     		ldr	r3, [sp, #4]
  60              	.LBE2:
  61              		.loc 1 48 3 view .LVU8
  49:Core/Src/gpio.c **** 
  50:Core/Src/gpio.c ****   /*Configure GPIO pin : PA3 */
  51:Core/Src/gpio.c ****   GPIO_InitStruct.Pin = GPIO_PIN_3;
  62              		.loc 1 51 3 view .LVU9
  63              		.loc 1 51 23 is_stmt 0 view .LVU10
  64 0028 0823     		movs	r3, #8
ARM GAS  C:\Users\Admin\AppData\Local\Temp\ccgKS2nR.s 			page 3


  65 002a 0293     		str	r3, [sp, #8]
  52:Core/Src/gpio.c ****   GPIO_InitStruct.Mode = GPIO_MODE_INPUT;
  66              		.loc 1 52 3 is_stmt 1 view .LVU11
  53:Core/Src/gpio.c ****   GPIO_InitStruct.Pull = GPIO_PULLUP;
  67              		.loc 1 53 3 view .LVU12
  68              		.loc 1 53 24 is_stmt 0 view .LVU13
  69 002c 0123     		movs	r3, #1
  70 002e 0493     		str	r3, [sp, #16]
  54:Core/Src/gpio.c ****   HAL_GPIO_Init(GPIOA, &GPIO_InitStruct);
  71              		.loc 1 54 3 is_stmt 1 view .LVU14
  72 0030 02A9     		add	r1, sp, #8
  73 0032 0348     		ldr	r0, .L3
  74 0034 FFF7FEFF 		bl	HAL_GPIO_Init
  75              	.LVL0:
  55:Core/Src/gpio.c **** 
  56:Core/Src/gpio.c **** }
  76              		.loc 1 56 1 is_stmt 0 view .LVU15
  77 0038 07B0     		add	sp, sp, #28
  78              	.LCFI2:
  79              		.cfi_def_cfa_offset 4
  80              		@ sp needed
  81 003a 5DF804FB 		ldr	pc, [sp], #4
  82              	.L4:
  83 003e 00BF     		.align	2
  84              	.L3:
  85 0040 00080140 		.word	1073809408
  86              		.cfi_endproc
  87              	.LFE65:
  89              		.text
  90              	.Letext0:
  91              		.file 2 "d:\\10 2021.10\\arm-none-eabi\\include\\machine\\_default_types.h"
  92              		.file 3 "d:\\10 2021.10\\arm-none-eabi\\include\\sys\\_stdint.h"
  93              		.file 4 "Drivers/CMSIS/Device/ST/STM32F1xx/Include/stm32f103xb.h"
  94              		.file 5 "Drivers/STM32F1xx_HAL_Driver/Inc/stm32f1xx_hal_gpio.h"
ARM GAS  C:\Users\Admin\AppData\Local\Temp\ccgKS2nR.s 			page 4


DEFINED SYMBOLS
                            *ABS*:00000000 gpio.c
C:\Users\Admin\AppData\Local\Temp\ccgKS2nR.s:18     .text.MX_GPIO_Init:00000000 $t
C:\Users\Admin\AppData\Local\Temp\ccgKS2nR.s:24     .text.MX_GPIO_Init:00000000 MX_GPIO_Init
C:\Users\Admin\AppData\Local\Temp\ccgKS2nR.s:85     .text.MX_GPIO_Init:00000040 $d

UNDEFINED SYMBOLS
HAL_GPIO_Init
