ARM GAS  C:\Users\Admin\AppData\Local\Temp\ccwfXCI0.s 			page 1


   1              		.cpu cortex-m3
   2              		.arch armv7-m
   3              		.fpu softvfp
   4              		.eabi_attribute 20, 1
   5              		.eabi_attribute 21, 1
   6              		.eabi_attribute 23, 3
   7              		.eabi_attribute 24, 1
   8              		.eabi_attribute 25, 1
   9              		.eabi_attribute 26, 1
  10              		.eabi_attribute 30, 1
  11              		.eabi_attribute 34, 1
  12              		.eabi_attribute 18, 4
  13              		.file	"spi.c"
  14              		.text
  15              	.Ltext0:
  16              		.cfi_sections	.debug_frame
  17              		.section	.text.MX_SPI2_Init,"ax",%progbits
  18              		.align	1
  19              		.global	MX_SPI2_Init
  20              		.syntax unified
  21              		.thumb
  22              		.thumb_func
  24              	MX_SPI2_Init:
  25              	.LFB65:
  26              		.file 1 "Core/Src/spi.c"
   1:Core/Src/spi.c **** /* USER CODE BEGIN Header */
   2:Core/Src/spi.c **** /**
   3:Core/Src/spi.c ****   ******************************************************************************
   4:Core/Src/spi.c ****   * @file    spi.c
   5:Core/Src/spi.c ****   * @brief   This file provides code for the configuration
   6:Core/Src/spi.c ****   *          of the SPI instances.
   7:Core/Src/spi.c ****   ******************************************************************************
   8:Core/Src/spi.c ****   * @attention
   9:Core/Src/spi.c ****   *
  10:Core/Src/spi.c ****   * Copyright (c) 2023 STMicroelectronics.
  11:Core/Src/spi.c ****   * All rights reserved.
  12:Core/Src/spi.c ****   *
  13:Core/Src/spi.c ****   * This software is licensed under terms that can be found in the LICENSE file
  14:Core/Src/spi.c ****   * in the root directory of this software component.
  15:Core/Src/spi.c ****   * If no LICENSE file comes with this software, it is provided AS-IS.
  16:Core/Src/spi.c ****   *
  17:Core/Src/spi.c ****   ******************************************************************************
  18:Core/Src/spi.c ****   */
  19:Core/Src/spi.c **** /* USER CODE END Header */
  20:Core/Src/spi.c **** /* Includes ------------------------------------------------------------------*/
  21:Core/Src/spi.c **** #include "spi.h"
  22:Core/Src/spi.c **** 
  23:Core/Src/spi.c **** /* USER CODE BEGIN 0 */
  24:Core/Src/spi.c **** 
  25:Core/Src/spi.c **** /* USER CODE END 0 */
  26:Core/Src/spi.c **** 
  27:Core/Src/spi.c **** SPI_HandleTypeDef hspi2;
  28:Core/Src/spi.c **** 
  29:Core/Src/spi.c **** /* SPI2 init function */
  30:Core/Src/spi.c **** void MX_SPI2_Init(void)
  31:Core/Src/spi.c **** {
  27              		.loc 1 31 1 view -0
ARM GAS  C:\Users\Admin\AppData\Local\Temp\ccwfXCI0.s 			page 2


  28              		.cfi_startproc
  29              		@ args = 0, pretend = 0, frame = 0
  30              		@ frame_needed = 0, uses_anonymous_args = 0
  31 0000 08B5     		push	{r3, lr}
  32              	.LCFI0:
  33              		.cfi_def_cfa_offset 8
  34              		.cfi_offset 3, -8
  35              		.cfi_offset 14, -4
  32:Core/Src/spi.c **** 
  33:Core/Src/spi.c ****   /* USER CODE BEGIN SPI2_Init 0 */
  34:Core/Src/spi.c **** 
  35:Core/Src/spi.c ****   /* USER CODE END SPI2_Init 0 */
  36:Core/Src/spi.c **** 
  37:Core/Src/spi.c ****   /* USER CODE BEGIN SPI2_Init 1 */
  38:Core/Src/spi.c **** 
  39:Core/Src/spi.c ****   /* USER CODE END SPI2_Init 1 */
  40:Core/Src/spi.c ****   hspi2.Instance = SPI2;
  36              		.loc 1 40 3 view .LVU1
  37              		.loc 1 40 18 is_stmt 0 view .LVU2
  38 0002 0E48     		ldr	r0, .L5
  39 0004 0E4B     		ldr	r3, .L5+4
  40 0006 0360     		str	r3, [r0]
  41:Core/Src/spi.c ****   hspi2.Init.Mode = SPI_MODE_MASTER;
  41              		.loc 1 41 3 is_stmt 1 view .LVU3
  42              		.loc 1 41 19 is_stmt 0 view .LVU4
  43 0008 4FF48273 		mov	r3, #260
  44 000c 4360     		str	r3, [r0, #4]
  42:Core/Src/spi.c ****   hspi2.Init.Direction = SPI_DIRECTION_1LINE;
  45              		.loc 1 42 3 is_stmt 1 view .LVU5
  46              		.loc 1 42 24 is_stmt 0 view .LVU6
  47 000e 4FF40043 		mov	r3, #32768
  48 0012 8360     		str	r3, [r0, #8]
  43:Core/Src/spi.c ****   hspi2.Init.DataSize = SPI_DATASIZE_8BIT;
  49              		.loc 1 43 3 is_stmt 1 view .LVU7
  50              		.loc 1 43 23 is_stmt 0 view .LVU8
  51 0014 0023     		movs	r3, #0
  52 0016 C360     		str	r3, [r0, #12]
  44:Core/Src/spi.c ****   hspi2.Init.CLKPolarity = SPI_POLARITY_LOW;
  53              		.loc 1 44 3 is_stmt 1 view .LVU9
  54              		.loc 1 44 26 is_stmt 0 view .LVU10
  55 0018 0361     		str	r3, [r0, #16]
  45:Core/Src/spi.c ****   hspi2.Init.CLKPhase = SPI_PHASE_1EDGE;
  56              		.loc 1 45 3 is_stmt 1 view .LVU11
  57              		.loc 1 45 23 is_stmt 0 view .LVU12
  58 001a 4361     		str	r3, [r0, #20]
  46:Core/Src/spi.c ****   hspi2.Init.NSS = SPI_NSS_SOFT;
  59              		.loc 1 46 3 is_stmt 1 view .LVU13
  60              		.loc 1 46 18 is_stmt 0 view .LVU14
  61 001c 4FF40072 		mov	r2, #512
  62 0020 8261     		str	r2, [r0, #24]
  47:Core/Src/spi.c ****   hspi2.Init.BaudRatePrescaler = SPI_BAUDRATEPRESCALER_2;
  63              		.loc 1 47 3 is_stmt 1 view .LVU15
  64              		.loc 1 47 32 is_stmt 0 view .LVU16
  65 0022 C361     		str	r3, [r0, #28]
  48:Core/Src/spi.c ****   hspi2.Init.FirstBit = SPI_FIRSTBIT_MSB;
  66              		.loc 1 48 3 is_stmt 1 view .LVU17
  67              		.loc 1 48 23 is_stmt 0 view .LVU18
ARM GAS  C:\Users\Admin\AppData\Local\Temp\ccwfXCI0.s 			page 3


  68 0024 0362     		str	r3, [r0, #32]
  49:Core/Src/spi.c ****   hspi2.Init.TIMode = SPI_TIMODE_DISABLE;
  69              		.loc 1 49 3 is_stmt 1 view .LVU19
  70              		.loc 1 49 21 is_stmt 0 view .LVU20
  71 0026 4362     		str	r3, [r0, #36]
  50:Core/Src/spi.c ****   hspi2.Init.CRCCalculation = SPI_CRCCALCULATION_DISABLE;
  72              		.loc 1 50 3 is_stmt 1 view .LVU21
  73              		.loc 1 50 29 is_stmt 0 view .LVU22
  74 0028 8362     		str	r3, [r0, #40]
  51:Core/Src/spi.c ****   hspi2.Init.CRCPolynomial = 10;
  75              		.loc 1 51 3 is_stmt 1 view .LVU23
  76              		.loc 1 51 28 is_stmt 0 view .LVU24
  77 002a 0A23     		movs	r3, #10
  78 002c C362     		str	r3, [r0, #44]
  52:Core/Src/spi.c ****   if (HAL_SPI_Init(&hspi2) != HAL_OK)
  79              		.loc 1 52 3 is_stmt 1 view .LVU25
  80              		.loc 1 52 7 is_stmt 0 view .LVU26
  81 002e FFF7FEFF 		bl	HAL_SPI_Init
  82              	.LVL0:
  83              		.loc 1 52 6 view .LVU27
  84 0032 00B9     		cbnz	r0, .L4
  85              	.L1:
  53:Core/Src/spi.c ****   {
  54:Core/Src/spi.c ****     Error_Handler();
  55:Core/Src/spi.c ****   }
  56:Core/Src/spi.c ****   /* USER CODE BEGIN SPI2_Init 2 */
  57:Core/Src/spi.c **** 
  58:Core/Src/spi.c ****   /* USER CODE END SPI2_Init 2 */
  59:Core/Src/spi.c **** 
  60:Core/Src/spi.c **** }
  86              		.loc 1 60 1 view .LVU28
  87 0034 08BD     		pop	{r3, pc}
  88              	.L4:
  54:Core/Src/spi.c ****   }
  89              		.loc 1 54 5 is_stmt 1 view .LVU29
  90 0036 FFF7FEFF 		bl	Error_Handler
  91              	.LVL1:
  92              		.loc 1 60 1 is_stmt 0 view .LVU30
  93 003a FBE7     		b	.L1
  94              	.L6:
  95              		.align	2
  96              	.L5:
  97 003c 00000000 		.word	.LANCHOR0
  98 0040 00380040 		.word	1073756160
  99              		.cfi_endproc
 100              	.LFE65:
 102              		.section	.text.HAL_SPI_MspInit,"ax",%progbits
 103              		.align	1
 104              		.global	HAL_SPI_MspInit
 105              		.syntax unified
 106              		.thumb
 107              		.thumb_func
 109              	HAL_SPI_MspInit:
 110              	.LVL2:
 111              	.LFB66:
  61:Core/Src/spi.c **** 
  62:Core/Src/spi.c **** void HAL_SPI_MspInit(SPI_HandleTypeDef* spiHandle)
ARM GAS  C:\Users\Admin\AppData\Local\Temp\ccwfXCI0.s 			page 4


  63:Core/Src/spi.c **** {
 112              		.loc 1 63 1 is_stmt 1 view -0
 113              		.cfi_startproc
 114              		@ args = 0, pretend = 0, frame = 24
 115              		@ frame_needed = 0, uses_anonymous_args = 0
 116              		.loc 1 63 1 is_stmt 0 view .LVU32
 117 0000 00B5     		push	{lr}
 118              	.LCFI1:
 119              		.cfi_def_cfa_offset 4
 120              		.cfi_offset 14, -4
 121 0002 87B0     		sub	sp, sp, #28
 122              	.LCFI2:
 123              		.cfi_def_cfa_offset 32
  64:Core/Src/spi.c **** 
  65:Core/Src/spi.c ****   GPIO_InitTypeDef GPIO_InitStruct = {0};
 124              		.loc 1 65 3 is_stmt 1 view .LVU33
 125              		.loc 1 65 20 is_stmt 0 view .LVU34
 126 0004 0023     		movs	r3, #0
 127 0006 0293     		str	r3, [sp, #8]
 128 0008 0393     		str	r3, [sp, #12]
 129 000a 0493     		str	r3, [sp, #16]
 130 000c 0593     		str	r3, [sp, #20]
  66:Core/Src/spi.c ****   if(spiHandle->Instance==SPI2)
 131              		.loc 1 66 3 is_stmt 1 view .LVU35
 132              		.loc 1 66 15 is_stmt 0 view .LVU36
 133 000e 0268     		ldr	r2, [r0]
 134              		.loc 1 66 5 view .LVU37
 135 0010 124B     		ldr	r3, .L11
 136 0012 9A42     		cmp	r2, r3
 137 0014 02D0     		beq	.L10
 138              	.LVL3:
 139              	.L7:
  67:Core/Src/spi.c ****   {
  68:Core/Src/spi.c ****   /* USER CODE BEGIN SPI2_MspInit 0 */
  69:Core/Src/spi.c **** 
  70:Core/Src/spi.c ****   /* USER CODE END SPI2_MspInit 0 */
  71:Core/Src/spi.c ****     /* SPI2 clock enable */
  72:Core/Src/spi.c ****     __HAL_RCC_SPI2_CLK_ENABLE();
  73:Core/Src/spi.c **** 
  74:Core/Src/spi.c ****     __HAL_RCC_GPIOB_CLK_ENABLE();
  75:Core/Src/spi.c ****     /**SPI2 GPIO Configuration
  76:Core/Src/spi.c ****     PB13     ------> SPI2_SCK
  77:Core/Src/spi.c ****     PB15     ------> SPI2_MOSI
  78:Core/Src/spi.c ****     */
  79:Core/Src/spi.c ****     GPIO_InitStruct.Pin = GPIO_PIN_13|GPIO_PIN_15;
  80:Core/Src/spi.c ****     GPIO_InitStruct.Mode = GPIO_MODE_AF_PP;
  81:Core/Src/spi.c ****     GPIO_InitStruct.Speed = GPIO_SPEED_FREQ_HIGH;
  82:Core/Src/spi.c ****     HAL_GPIO_Init(GPIOB, &GPIO_InitStruct);
  83:Core/Src/spi.c **** 
  84:Core/Src/spi.c ****   /* USER CODE BEGIN SPI2_MspInit 1 */
  85:Core/Src/spi.c **** 
  86:Core/Src/spi.c ****   /* USER CODE END SPI2_MspInit 1 */
  87:Core/Src/spi.c ****   }
  88:Core/Src/spi.c **** }
 140              		.loc 1 88 1 view .LVU38
 141 0016 07B0     		add	sp, sp, #28
 142              	.LCFI3:
ARM GAS  C:\Users\Admin\AppData\Local\Temp\ccwfXCI0.s 			page 5


 143              		.cfi_remember_state
 144              		.cfi_def_cfa_offset 4
 145              		@ sp needed
 146 0018 5DF804FB 		ldr	pc, [sp], #4
 147              	.LVL4:
 148              	.L10:
 149              	.LCFI4:
 150              		.cfi_restore_state
  72:Core/Src/spi.c **** 
 151              		.loc 1 72 5 is_stmt 1 view .LVU39
 152              	.LBB2:
  72:Core/Src/spi.c **** 
 153              		.loc 1 72 5 view .LVU40
  72:Core/Src/spi.c **** 
 154              		.loc 1 72 5 view .LVU41
 155 001c 03F5EC33 		add	r3, r3, #120832
 156 0020 DA69     		ldr	r2, [r3, #28]
 157 0022 42F48042 		orr	r2, r2, #16384
 158 0026 DA61     		str	r2, [r3, #28]
  72:Core/Src/spi.c **** 
 159              		.loc 1 72 5 view .LVU42
 160 0028 DA69     		ldr	r2, [r3, #28]
 161 002a 02F48042 		and	r2, r2, #16384
 162 002e 0092     		str	r2, [sp]
  72:Core/Src/spi.c **** 
 163              		.loc 1 72 5 view .LVU43
 164 0030 009A     		ldr	r2, [sp]
 165              	.LBE2:
  72:Core/Src/spi.c **** 
 166              		.loc 1 72 5 view .LVU44
  74:Core/Src/spi.c ****     /**SPI2 GPIO Configuration
 167              		.loc 1 74 5 view .LVU45
 168              	.LBB3:
  74:Core/Src/spi.c ****     /**SPI2 GPIO Configuration
 169              		.loc 1 74 5 view .LVU46
  74:Core/Src/spi.c ****     /**SPI2 GPIO Configuration
 170              		.loc 1 74 5 view .LVU47
 171 0032 9A69     		ldr	r2, [r3, #24]
 172 0034 42F00802 		orr	r2, r2, #8
 173 0038 9A61     		str	r2, [r3, #24]
  74:Core/Src/spi.c ****     /**SPI2 GPIO Configuration
 174              		.loc 1 74 5 view .LVU48
 175 003a 9B69     		ldr	r3, [r3, #24]
 176 003c 03F00803 		and	r3, r3, #8
 177 0040 0193     		str	r3, [sp, #4]
  74:Core/Src/spi.c ****     /**SPI2 GPIO Configuration
 178              		.loc 1 74 5 view .LVU49
 179 0042 019B     		ldr	r3, [sp, #4]
 180              	.LBE3:
  74:Core/Src/spi.c ****     /**SPI2 GPIO Configuration
 181              		.loc 1 74 5 view .LVU50
  79:Core/Src/spi.c ****     GPIO_InitStruct.Mode = GPIO_MODE_AF_PP;
 182              		.loc 1 79 5 view .LVU51
  79:Core/Src/spi.c ****     GPIO_InitStruct.Mode = GPIO_MODE_AF_PP;
 183              		.loc 1 79 25 is_stmt 0 view .LVU52
 184 0044 4FF42043 		mov	r3, #40960
 185 0048 0293     		str	r3, [sp, #8]
ARM GAS  C:\Users\Admin\AppData\Local\Temp\ccwfXCI0.s 			page 6


  80:Core/Src/spi.c ****     GPIO_InitStruct.Speed = GPIO_SPEED_FREQ_HIGH;
 186              		.loc 1 80 5 is_stmt 1 view .LVU53
  80:Core/Src/spi.c ****     GPIO_InitStruct.Speed = GPIO_SPEED_FREQ_HIGH;
 187              		.loc 1 80 26 is_stmt 0 view .LVU54
 188 004a 0223     		movs	r3, #2
 189 004c 0393     		str	r3, [sp, #12]
  81:Core/Src/spi.c ****     HAL_GPIO_Init(GPIOB, &GPIO_InitStruct);
 190              		.loc 1 81 5 is_stmt 1 view .LVU55
  81:Core/Src/spi.c ****     HAL_GPIO_Init(GPIOB, &GPIO_InitStruct);
 191              		.loc 1 81 27 is_stmt 0 view .LVU56
 192 004e 0323     		movs	r3, #3
 193 0050 0593     		str	r3, [sp, #20]
  82:Core/Src/spi.c **** 
 194              		.loc 1 82 5 is_stmt 1 view .LVU57
 195 0052 02A9     		add	r1, sp, #8
 196 0054 0248     		ldr	r0, .L11+4
 197              	.LVL5:
  82:Core/Src/spi.c **** 
 198              		.loc 1 82 5 is_stmt 0 view .LVU58
 199 0056 FFF7FEFF 		bl	HAL_GPIO_Init
 200              	.LVL6:
 201              		.loc 1 88 1 view .LVU59
 202 005a DCE7     		b	.L7
 203              	.L12:
 204              		.align	2
 205              	.L11:
 206 005c 00380040 		.word	1073756160
 207 0060 000C0140 		.word	1073810432
 208              		.cfi_endproc
 209              	.LFE66:
 211              		.section	.text.HAL_SPI_MspDeInit,"ax",%progbits
 212              		.align	1
 213              		.global	HAL_SPI_MspDeInit
 214              		.syntax unified
 215              		.thumb
 216              		.thumb_func
 218              	HAL_SPI_MspDeInit:
 219              	.LVL7:
 220              	.LFB67:
  89:Core/Src/spi.c **** 
  90:Core/Src/spi.c **** void HAL_SPI_MspDeInit(SPI_HandleTypeDef* spiHandle)
  91:Core/Src/spi.c **** {
 221              		.loc 1 91 1 is_stmt 1 view -0
 222              		.cfi_startproc
 223              		@ args = 0, pretend = 0, frame = 0
 224              		@ frame_needed = 0, uses_anonymous_args = 0
 225              		.loc 1 91 1 is_stmt 0 view .LVU61
 226 0000 08B5     		push	{r3, lr}
 227              	.LCFI5:
 228              		.cfi_def_cfa_offset 8
 229              		.cfi_offset 3, -8
 230              		.cfi_offset 14, -4
  92:Core/Src/spi.c **** 
  93:Core/Src/spi.c ****   if(spiHandle->Instance==SPI2)
 231              		.loc 1 93 3 is_stmt 1 view .LVU62
 232              		.loc 1 93 15 is_stmt 0 view .LVU63
 233 0002 0268     		ldr	r2, [r0]
ARM GAS  C:\Users\Admin\AppData\Local\Temp\ccwfXCI0.s 			page 7


 234              		.loc 1 93 5 view .LVU64
 235 0004 074B     		ldr	r3, .L17
 236 0006 9A42     		cmp	r2, r3
 237 0008 00D0     		beq	.L16
 238              	.LVL8:
 239              	.L13:
  94:Core/Src/spi.c ****   {
  95:Core/Src/spi.c ****   /* USER CODE BEGIN SPI2_MspDeInit 0 */
  96:Core/Src/spi.c **** 
  97:Core/Src/spi.c ****   /* USER CODE END SPI2_MspDeInit 0 */
  98:Core/Src/spi.c ****     /* Peripheral clock disable */
  99:Core/Src/spi.c ****     __HAL_RCC_SPI2_CLK_DISABLE();
 100:Core/Src/spi.c **** 
 101:Core/Src/spi.c ****     /**SPI2 GPIO Configuration
 102:Core/Src/spi.c ****     PB13     ------> SPI2_SCK
 103:Core/Src/spi.c ****     PB15     ------> SPI2_MOSI
 104:Core/Src/spi.c ****     */
 105:Core/Src/spi.c ****     HAL_GPIO_DeInit(GPIOB, GPIO_PIN_13|GPIO_PIN_15);
 106:Core/Src/spi.c **** 
 107:Core/Src/spi.c ****   /* USER CODE BEGIN SPI2_MspDeInit 1 */
 108:Core/Src/spi.c **** 
 109:Core/Src/spi.c ****   /* USER CODE END SPI2_MspDeInit 1 */
 110:Core/Src/spi.c ****   }
 111:Core/Src/spi.c **** }
 240              		.loc 1 111 1 view .LVU65
 241 000a 08BD     		pop	{r3, pc}
 242              	.LVL9:
 243              	.L16:
  99:Core/Src/spi.c **** 
 244              		.loc 1 99 5 is_stmt 1 view .LVU66
 245 000c 064A     		ldr	r2, .L17+4
 246 000e D369     		ldr	r3, [r2, #28]
 247 0010 23F48043 		bic	r3, r3, #16384
 248 0014 D361     		str	r3, [r2, #28]
 105:Core/Src/spi.c **** 
 249              		.loc 1 105 5 view .LVU67
 250 0016 4FF42041 		mov	r1, #40960
 251 001a 0448     		ldr	r0, .L17+8
 252              	.LVL10:
 105:Core/Src/spi.c **** 
 253              		.loc 1 105 5 is_stmt 0 view .LVU68
 254 001c FFF7FEFF 		bl	HAL_GPIO_DeInit
 255              	.LVL11:
 256              		.loc 1 111 1 view .LVU69
 257 0020 F3E7     		b	.L13
 258              	.L18:
 259 0022 00BF     		.align	2
 260              	.L17:
 261 0024 00380040 		.word	1073756160
 262 0028 00100240 		.word	1073876992
 263 002c 000C0140 		.word	1073810432
 264              		.cfi_endproc
 265              	.LFE67:
 267              		.global	hspi2
 268              		.section	.bss.hspi2,"aw",%nobits
 269              		.align	2
 270              		.set	.LANCHOR0,. + 0
ARM GAS  C:\Users\Admin\AppData\Local\Temp\ccwfXCI0.s 			page 8


 273              	hspi2:
 274 0000 00000000 		.space	88
 274      00000000 
 274      00000000 
 274      00000000 
 274      00000000 
 275              		.text
 276              	.Letext0:
 277              		.file 2 "d:\\10 2021.10\\arm-none-eabi\\include\\machine\\_default_types.h"
 278              		.file 3 "d:\\10 2021.10\\arm-none-eabi\\include\\sys\\_stdint.h"
 279              		.file 4 "Drivers/CMSIS/Device/ST/STM32F1xx/Include/stm32f103xb.h"
 280              		.file 5 "Drivers/STM32F1xx_HAL_Driver/Inc/stm32f1xx_hal_def.h"
 281              		.file 6 "Drivers/STM32F1xx_HAL_Driver/Inc/stm32f1xx_hal_gpio.h"
 282              		.file 7 "Drivers/STM32F1xx_HAL_Driver/Inc/stm32f1xx_hal_dma.h"
 283              		.file 8 "Drivers/STM32F1xx_HAL_Driver/Inc/stm32f1xx_hal_spi.h"
 284              		.file 9 "Core/Inc/main.h"
 285              		.file 10 "Core/Inc/spi.h"
ARM GAS  C:\Users\Admin\AppData\Local\Temp\ccwfXCI0.s 			page 9


DEFINED SYMBOLS
                            *ABS*:00000000 spi.c
C:\Users\Admin\AppData\Local\Temp\ccwfXCI0.s:18     .text.MX_SPI2_Init:00000000 $t
C:\Users\Admin\AppData\Local\Temp\ccwfXCI0.s:24     .text.MX_SPI2_Init:00000000 MX_SPI2_Init
C:\Users\Admin\AppData\Local\Temp\ccwfXCI0.s:97     .text.MX_SPI2_Init:0000003c $d
C:\Users\Admin\AppData\Local\Temp\ccwfXCI0.s:103    .text.HAL_SPI_MspInit:00000000 $t
C:\Users\Admin\AppData\Local\Temp\ccwfXCI0.s:109    .text.HAL_SPI_MspInit:00000000 HAL_SPI_MspInit
C:\Users\Admin\AppData\Local\Temp\ccwfXCI0.s:206    .text.HAL_SPI_MspInit:0000005c $d
C:\Users\Admin\AppData\Local\Temp\ccwfXCI0.s:212    .text.HAL_SPI_MspDeInit:00000000 $t
C:\Users\Admin\AppData\Local\Temp\ccwfXCI0.s:218    .text.HAL_SPI_MspDeInit:00000000 HAL_SPI_MspDeInit
C:\Users\Admin\AppData\Local\Temp\ccwfXCI0.s:261    .text.HAL_SPI_MspDeInit:00000024 $d
C:\Users\Admin\AppData\Local\Temp\ccwfXCI0.s:273    .bss.hspi2:00000000 hspi2
C:\Users\Admin\AppData\Local\Temp\ccwfXCI0.s:269    .bss.hspi2:00000000 $d

UNDEFINED SYMBOLS
HAL_SPI_Init
Error_Handler
HAL_GPIO_Init
HAL_GPIO_DeInit
