ARM GAS  C:\Users\Admin\AppData\Local\Temp\cccGuoNE.s 			page 1


   1              		.cpu cortex-m3
   2              		.arch armv7-m
   3              		.fpu softvfp
   4              		.eabi_attribute 20, 1
   5              		.eabi_attribute 21, 1
   6              		.eabi_attribute 23, 3
   7              		.eabi_attribute 24, 1
   8              		.eabi_attribute 25, 1
   9              		.eabi_attribute 26, 1
  10              		.eabi_attribute 30, 1
  11              		.eabi_attribute 34, 1
  12              		.eabi_attribute 18, 4
  13              		.file	"main.c"
  14              		.text
  15              	.Ltext0:
  16              		.cfi_sections	.debug_frame
  17              		.section	.text.MX_GPIO_Init,"ax",%progbits
  18              		.align	1
  19              		.syntax unified
  20              		.thumb
  21              		.thumb_func
  23              	MX_GPIO_Init:
  24              	.LFB67:
  25              		.file 1 "Core/Src/main.c"
   1:Core/Src/main.c **** /* USER CODE BEGIN Header */
   2:Core/Src/main.c **** /**
   3:Core/Src/main.c ****   ******************************************************************************
   4:Core/Src/main.c ****   * @file           : main.c
   5:Core/Src/main.c ****   * @brief          : Main program body
   6:Core/Src/main.c ****   ******************************************************************************
   7:Core/Src/main.c ****   * @attention
   8:Core/Src/main.c ****   *
   9:Core/Src/main.c ****   * Copyright (c) 2022 STMicroelectronics.
  10:Core/Src/main.c ****   * All rights reserved.
  11:Core/Src/main.c ****   *
  12:Core/Src/main.c ****   * This software is licensed under terms that can be found in the LICENSE file
  13:Core/Src/main.c ****   * in the root directory of this software component.
  14:Core/Src/main.c ****   * If no LICENSE file comes with this software, it is provided AS-IS.
  15:Core/Src/main.c ****   *
  16:Core/Src/main.c ****   ******************************************************************************
  17:Core/Src/main.c ****   */
  18:Core/Src/main.c **** /* USER CODE END Header */
  19:Core/Src/main.c **** /* Includes ------------------------------------------------------------------*/
  20:Core/Src/main.c **** #include "main.h"
  21:Core/Src/main.c **** 
  22:Core/Src/main.c **** /* Private includes ----------------------------------------------------------*/
  23:Core/Src/main.c **** /* USER CODE BEGIN Includes */
  24:Core/Src/main.c **** 
  25:Core/Src/main.c **** /* USER CODE END Includes */
  26:Core/Src/main.c **** 
  27:Core/Src/main.c **** /* Private typedef -----------------------------------------------------------*/
  28:Core/Src/main.c **** /* USER CODE BEGIN PTD */
  29:Core/Src/main.c **** 
  30:Core/Src/main.c **** /* USER CODE END PTD */
  31:Core/Src/main.c **** 
  32:Core/Src/main.c **** /* Private define ------------------------------------------------------------*/
  33:Core/Src/main.c **** /* USER CODE BEGIN PD */
ARM GAS  C:\Users\Admin\AppData\Local\Temp\cccGuoNE.s 			page 2


  34:Core/Src/main.c **** /* USER CODE END PD */
  35:Core/Src/main.c **** 
  36:Core/Src/main.c **** /* Private macro -------------------------------------------------------------*/
  37:Core/Src/main.c **** /* USER CODE BEGIN PM */
  38:Core/Src/main.c **** 
  39:Core/Src/main.c **** /* USER CODE END PM */
  40:Core/Src/main.c **** 
  41:Core/Src/main.c **** /* Private variables ---------------------------------------------------------*/
  42:Core/Src/main.c **** 
  43:Core/Src/main.c **** /* USER CODE BEGIN PV */
  44:Core/Src/main.c **** 
  45:Core/Src/main.c **** /* USER CODE END PV */
  46:Core/Src/main.c **** 
  47:Core/Src/main.c **** /* Private function prototypes -----------------------------------------------*/
  48:Core/Src/main.c **** void SystemClock_Config(void);
  49:Core/Src/main.c **** static void MX_GPIO_Init(void);
  50:Core/Src/main.c **** /* USER CODE BEGIN PFP */
  51:Core/Src/main.c **** 
  52:Core/Src/main.c **** /* USER CODE END PFP */
  53:Core/Src/main.c **** 
  54:Core/Src/main.c **** /* Private user code ---------------------------------------------------------*/
  55:Core/Src/main.c **** /* USER CODE BEGIN 0 */
  56:Core/Src/main.c **** 
  57:Core/Src/main.c **** /* USER CODE END 0 */
  58:Core/Src/main.c **** 
  59:Core/Src/main.c **** /**
  60:Core/Src/main.c ****   * @brief  The application entry point.
  61:Core/Src/main.c ****   * @retval int
  62:Core/Src/main.c ****   */
  63:Core/Src/main.c **** int main(void)
  64:Core/Src/main.c **** {
  65:Core/Src/main.c ****   /* USER CODE BEGIN 1 */
  66:Core/Src/main.c **** 
  67:Core/Src/main.c ****   /* USER CODE END 1 */
  68:Core/Src/main.c **** 
  69:Core/Src/main.c ****   /* MCU Configuration--------------------------------------------------------*/
  70:Core/Src/main.c **** 
  71:Core/Src/main.c ****   /* Reset of all peripherals, Initializes the Flash interface and the Systick. */
  72:Core/Src/main.c ****   HAL_Init();
  73:Core/Src/main.c **** 
  74:Core/Src/main.c ****   /* USER CODE BEGIN Init */
  75:Core/Src/main.c **** 
  76:Core/Src/main.c ****   /* USER CODE END Init */
  77:Core/Src/main.c **** 
  78:Core/Src/main.c ****   /* Configure the system clock */
  79:Core/Src/main.c ****   SystemClock_Config();
  80:Core/Src/main.c **** 
  81:Core/Src/main.c ****   /* USER CODE BEGIN SysInit */
  82:Core/Src/main.c **** 
  83:Core/Src/main.c ****   /* USER CODE END SysInit */
  84:Core/Src/main.c **** 
  85:Core/Src/main.c ****   /* Initialize all configured peripherals */
  86:Core/Src/main.c ****   MX_GPIO_Init();
  87:Core/Src/main.c ****   /* USER CODE BEGIN 2 */
  88:Core/Src/main.c **** 
  89:Core/Src/main.c ****   /* USER CODE END 2 */
  90:Core/Src/main.c **** 
ARM GAS  C:\Users\Admin\AppData\Local\Temp\cccGuoNE.s 			page 3


  91:Core/Src/main.c ****   /* Infinite loop */
  92:Core/Src/main.c ****   /* USER CODE BEGIN WHILE */
  93:Core/Src/main.c ****   while (1)
  94:Core/Src/main.c ****   {
  95:Core/Src/main.c ****     HAL_GPIO_TogglePin(GPIOC,GPIO_PIN_13);
  96:Core/Src/main.c ****     HAL_Delay(1000);
  97:Core/Src/main.c ****   }
  98:Core/Src/main.c ****   /* USER CODE END 3 */
  99:Core/Src/main.c **** }
 100:Core/Src/main.c **** 
 101:Core/Src/main.c **** /**
 102:Core/Src/main.c ****   * @brief System Clock Configuration
 103:Core/Src/main.c ****   * @retval None
 104:Core/Src/main.c ****   */
 105:Core/Src/main.c **** void SystemClock_Config(void)
 106:Core/Src/main.c **** {
 107:Core/Src/main.c ****   RCC_OscInitTypeDef RCC_OscInitStruct = {0};
 108:Core/Src/main.c ****   RCC_ClkInitTypeDef RCC_ClkInitStruct = {0};
 109:Core/Src/main.c **** 
 110:Core/Src/main.c ****   /** Initializes the RCC Oscillators according to the specified parameters
 111:Core/Src/main.c ****   * in the RCC_OscInitTypeDef structure.
 112:Core/Src/main.c ****   */
 113:Core/Src/main.c ****   RCC_OscInitStruct.OscillatorType = RCC_OSCILLATORTYPE_HSI;
 114:Core/Src/main.c ****   RCC_OscInitStruct.HSIState = RCC_HSI_ON;
 115:Core/Src/main.c ****   RCC_OscInitStruct.HSICalibrationValue = RCC_HSICALIBRATION_DEFAULT;
 116:Core/Src/main.c ****   RCC_OscInitStruct.PLL.PLLState = RCC_PLL_NONE;
 117:Core/Src/main.c ****   if (HAL_RCC_OscConfig(&RCC_OscInitStruct) != HAL_OK)
 118:Core/Src/main.c ****   {
 119:Core/Src/main.c ****     Error_Handler();
 120:Core/Src/main.c ****   }
 121:Core/Src/main.c **** 
 122:Core/Src/main.c ****   /** Initializes the CPU, AHB and APB buses clocks
 123:Core/Src/main.c ****   */
 124:Core/Src/main.c ****   RCC_ClkInitStruct.ClockType = RCC_CLOCKTYPE_HCLK|RCC_CLOCKTYPE_SYSCLK
 125:Core/Src/main.c ****                               |RCC_CLOCKTYPE_PCLK1|RCC_CLOCKTYPE_PCLK2;
 126:Core/Src/main.c ****   RCC_ClkInitStruct.SYSCLKSource = RCC_SYSCLKSOURCE_HSI;
 127:Core/Src/main.c ****   RCC_ClkInitStruct.AHBCLKDivider = RCC_SYSCLK_DIV1;
 128:Core/Src/main.c ****   RCC_ClkInitStruct.APB1CLKDivider = RCC_HCLK_DIV1;
 129:Core/Src/main.c ****   RCC_ClkInitStruct.APB2CLKDivider = RCC_HCLK_DIV1;
 130:Core/Src/main.c **** 
 131:Core/Src/main.c ****   if (HAL_RCC_ClockConfig(&RCC_ClkInitStruct, FLASH_LATENCY_0) != HAL_OK)
 132:Core/Src/main.c ****   {
 133:Core/Src/main.c ****     Error_Handler();
 134:Core/Src/main.c ****   }
 135:Core/Src/main.c **** }
 136:Core/Src/main.c **** 
 137:Core/Src/main.c **** /**
 138:Core/Src/main.c ****   * @brief GPIO Initialization Function
 139:Core/Src/main.c ****   * @param None
 140:Core/Src/main.c ****   * @retval None
 141:Core/Src/main.c ****   */
 142:Core/Src/main.c **** static void MX_GPIO_Init(void)
 143:Core/Src/main.c **** {
  26              		.loc 1 143 1 view -0
  27              		.cfi_startproc
  28              		@ args = 0, pretend = 0, frame = 24
  29              		@ frame_needed = 0, uses_anonymous_args = 0
ARM GAS  C:\Users\Admin\AppData\Local\Temp\cccGuoNE.s 			page 4


  30 0000 70B5     		push	{r4, r5, r6, lr}
  31              	.LCFI0:
  32              		.cfi_def_cfa_offset 16
  33              		.cfi_offset 4, -16
  34              		.cfi_offset 5, -12
  35              		.cfi_offset 6, -8
  36              		.cfi_offset 14, -4
  37 0002 86B0     		sub	sp, sp, #24
  38              	.LCFI1:
  39              		.cfi_def_cfa_offset 40
 144:Core/Src/main.c ****   GPIO_InitTypeDef GPIO_InitStruct = {0};
  40              		.loc 1 144 3 view .LVU1
  41              		.loc 1 144 20 is_stmt 0 view .LVU2
  42 0004 0024     		movs	r4, #0
  43 0006 0294     		str	r4, [sp, #8]
  44 0008 0394     		str	r4, [sp, #12]
  45 000a 0494     		str	r4, [sp, #16]
  46 000c 0594     		str	r4, [sp, #20]
 145:Core/Src/main.c **** 
 146:Core/Src/main.c ****   /* GPIO Ports Clock Enable */
 147:Core/Src/main.c ****   __HAL_RCC_GPIOC_CLK_ENABLE();
  47              		.loc 1 147 3 is_stmt 1 view .LVU3
  48              	.LBB4:
  49              		.loc 1 147 3 view .LVU4
  50              		.loc 1 147 3 view .LVU5
  51 000e 204B     		ldr	r3, .L3
  52 0010 9A69     		ldr	r2, [r3, #24]
  53 0012 42F01002 		orr	r2, r2, #16
  54 0016 9A61     		str	r2, [r3, #24]
  55              		.loc 1 147 3 view .LVU6
  56 0018 9A69     		ldr	r2, [r3, #24]
  57 001a 02F01002 		and	r2, r2, #16
  58 001e 0092     		str	r2, [sp]
  59              		.loc 1 147 3 view .LVU7
  60 0020 009A     		ldr	r2, [sp]
  61              	.LBE4:
  62              		.loc 1 147 3 view .LVU8
 148:Core/Src/main.c ****   __HAL_RCC_GPIOA_CLK_ENABLE();
  63              		.loc 1 148 3 view .LVU9
  64              	.LBB5:
  65              		.loc 1 148 3 view .LVU10
  66              		.loc 1 148 3 view .LVU11
  67 0022 9A69     		ldr	r2, [r3, #24]
  68 0024 42F00402 		orr	r2, r2, #4
  69 0028 9A61     		str	r2, [r3, #24]
  70              		.loc 1 148 3 view .LVU12
  71 002a 9B69     		ldr	r3, [r3, #24]
  72 002c 03F00403 		and	r3, r3, #4
  73 0030 0193     		str	r3, [sp, #4]
  74              		.loc 1 148 3 view .LVU13
  75 0032 019B     		ldr	r3, [sp, #4]
  76              	.LBE5:
  77              		.loc 1 148 3 view .LVU14
 149:Core/Src/main.c **** 
 150:Core/Src/main.c ****   /*Configure GPIO pin Output Level */
 151:Core/Src/main.c ****   HAL_GPIO_WritePin(GPIOC, GPIO_PIN_13|GPIO_PIN_14, GPIO_PIN_RESET);
  78              		.loc 1 151 3 view .LVU15
ARM GAS  C:\Users\Admin\AppData\Local\Temp\cccGuoNE.s 			page 5


  79 0034 174E     		ldr	r6, .L3+4
  80 0036 2246     		mov	r2, r4
  81 0038 4FF4C041 		mov	r1, #24576
  82 003c 3046     		mov	r0, r6
  83 003e FFF7FEFF 		bl	HAL_GPIO_WritePin
  84              	.LVL0:
 152:Core/Src/main.c **** 
 153:Core/Src/main.c ****   /*Configure GPIO pins : PC13 PC14 */
 154:Core/Src/main.c ****   GPIO_InitStruct.Pin = GPIO_PIN_13|GPIO_PIN_14;
  85              		.loc 1 154 3 view .LVU16
  86              		.loc 1 154 23 is_stmt 0 view .LVU17
  87 0042 4FF4C043 		mov	r3, #24576
  88 0046 0293     		str	r3, [sp, #8]
 155:Core/Src/main.c ****   GPIO_InitStruct.Mode = GPIO_MODE_OUTPUT_PP;
  89              		.loc 1 155 3 is_stmt 1 view .LVU18
  90              		.loc 1 155 24 is_stmt 0 view .LVU19
  91 0048 0125     		movs	r5, #1
  92 004a 0395     		str	r5, [sp, #12]
 156:Core/Src/main.c ****   GPIO_InitStruct.Pull = GPIO_NOPULL;
  93              		.loc 1 156 3 is_stmt 1 view .LVU20
  94              		.loc 1 156 24 is_stmt 0 view .LVU21
  95 004c 0494     		str	r4, [sp, #16]
 157:Core/Src/main.c ****   GPIO_InitStruct.Speed = GPIO_SPEED_FREQ_LOW;
  96              		.loc 1 157 3 is_stmt 1 view .LVU22
  97              		.loc 1 157 25 is_stmt 0 view .LVU23
  98 004e 0223     		movs	r3, #2
  99 0050 0593     		str	r3, [sp, #20]
 158:Core/Src/main.c ****   HAL_GPIO_Init(GPIOC, &GPIO_InitStruct);
 100              		.loc 1 158 3 is_stmt 1 view .LVU24
 101 0052 02A9     		add	r1, sp, #8
 102 0054 3046     		mov	r0, r6
 103 0056 FFF7FEFF 		bl	HAL_GPIO_Init
 104              	.LVL1:
 159:Core/Src/main.c **** 
 160:Core/Src/main.c ****   /*Configure GPIO pins : PA0 PA6 */
 161:Core/Src/main.c ****   GPIO_InitStruct.Pin = GPIO_PIN_0|GPIO_PIN_6;
 105              		.loc 1 161 3 view .LVU25
 106              		.loc 1 161 23 is_stmt 0 view .LVU26
 107 005a 4123     		movs	r3, #65
 108 005c 0293     		str	r3, [sp, #8]
 162:Core/Src/main.c ****   GPIO_InitStruct.Mode = GPIO_MODE_IT_FALLING;
 109              		.loc 1 162 3 is_stmt 1 view .LVU27
 110              		.loc 1 162 24 is_stmt 0 view .LVU28
 111 005e 0E4B     		ldr	r3, .L3+8
 112 0060 0393     		str	r3, [sp, #12]
 163:Core/Src/main.c ****   GPIO_InitStruct.Pull = GPIO_PULLUP;
 113              		.loc 1 163 3 is_stmt 1 view .LVU29
 114              		.loc 1 163 24 is_stmt 0 view .LVU30
 115 0062 0495     		str	r5, [sp, #16]
 164:Core/Src/main.c ****   HAL_GPIO_Init(GPIOA, &GPIO_InitStruct);
 116              		.loc 1 164 3 is_stmt 1 view .LVU31
 117 0064 02A9     		add	r1, sp, #8
 118 0066 0D48     		ldr	r0, .L3+12
 119 0068 FFF7FEFF 		bl	HAL_GPIO_Init
 120              	.LVL2:
 165:Core/Src/main.c **** 
 166:Core/Src/main.c ****   /* EXTI interrupt init*/
ARM GAS  C:\Users\Admin\AppData\Local\Temp\cccGuoNE.s 			page 6


 167:Core/Src/main.c ****   HAL_NVIC_SetPriority(EXTI0_IRQn, 1, 0);
 121              		.loc 1 167 3 view .LVU32
 122 006c 2246     		mov	r2, r4
 123 006e 2946     		mov	r1, r5
 124 0070 0620     		movs	r0, #6
 125 0072 FFF7FEFF 		bl	HAL_NVIC_SetPriority
 126              	.LVL3:
 168:Core/Src/main.c ****   HAL_NVIC_EnableIRQ(EXTI0_IRQn);
 127              		.loc 1 168 3 view .LVU33
 128 0076 0620     		movs	r0, #6
 129 0078 FFF7FEFF 		bl	HAL_NVIC_EnableIRQ
 130              	.LVL4:
 169:Core/Src/main.c **** 
 170:Core/Src/main.c ****   HAL_NVIC_SetPriority(EXTI9_5_IRQn, 1, 0);
 131              		.loc 1 170 3 view .LVU34
 132 007c 2246     		mov	r2, r4
 133 007e 2946     		mov	r1, r5
 134 0080 1720     		movs	r0, #23
 135 0082 FFF7FEFF 		bl	HAL_NVIC_SetPriority
 136              	.LVL5:
 171:Core/Src/main.c ****   HAL_NVIC_EnableIRQ(EXTI9_5_IRQn);
 137              		.loc 1 171 3 view .LVU35
 138 0086 1720     		movs	r0, #23
 139 0088 FFF7FEFF 		bl	HAL_NVIC_EnableIRQ
 140              	.LVL6:
 172:Core/Src/main.c **** 
 173:Core/Src/main.c **** }
 141              		.loc 1 173 1 is_stmt 0 view .LVU36
 142 008c 06B0     		add	sp, sp, #24
 143              	.LCFI2:
 144              		.cfi_def_cfa_offset 16
 145              		@ sp needed
 146 008e 70BD     		pop	{r4, r5, r6, pc}
 147              	.L4:
 148              		.align	2
 149              	.L3:
 150 0090 00100240 		.word	1073876992
 151 0094 00100140 		.word	1073811456
 152 0098 00002110 		.word	270598144
 153 009c 00080140 		.word	1073809408
 154              		.cfi_endproc
 155              	.LFE67:
 157              		.section	.text.Error_Handler,"ax",%progbits
 158              		.align	1
 159              		.global	Error_Handler
 160              		.syntax unified
 161              		.thumb
 162              		.thumb_func
 164              	Error_Handler:
 165              	.LFB68:
 174:Core/Src/main.c **** 
 175:Core/Src/main.c **** 
 176:Core/Src/main.c **** /**
 177:Core/Src/main.c ****   * @brief  This function is executed in case of error occurrence.
 178:Core/Src/main.c ****   * @retval None
 179:Core/Src/main.c ****   */
 180:Core/Src/main.c **** void Error_Handler(void)
ARM GAS  C:\Users\Admin\AppData\Local\Temp\cccGuoNE.s 			page 7


 181:Core/Src/main.c **** {
 166              		.loc 1 181 1 is_stmt 1 view -0
 167              		.cfi_startproc
 168              		@ Volatile: function does not return.
 169              		@ args = 0, pretend = 0, frame = 0
 170              		@ frame_needed = 0, uses_anonymous_args = 0
 171              		@ link register save eliminated.
 182:Core/Src/main.c ****   /* USER CODE BEGIN Error_Handler_Debug */
 183:Core/Src/main.c ****   /* User can add his own implementation to report the HAL error return state */
 184:Core/Src/main.c ****   __disable_irq();
 172              		.loc 1 184 3 view .LVU38
 173              	.LBB6:
 174              	.LBI6:
 175              		.file 2 "Drivers/CMSIS/Include/cmsis_gcc.h"
   1:Drivers/CMSIS/Include/cmsis_gcc.h **** /**************************************************************************//**
   2:Drivers/CMSIS/Include/cmsis_gcc.h ****  * @file     cmsis_gcc.h
   3:Drivers/CMSIS/Include/cmsis_gcc.h ****  * @brief    CMSIS compiler GCC header file
   4:Drivers/CMSIS/Include/cmsis_gcc.h ****  * @version  V5.0.4
   5:Drivers/CMSIS/Include/cmsis_gcc.h ****  * @date     09. April 2018
   6:Drivers/CMSIS/Include/cmsis_gcc.h ****  ******************************************************************************/
   7:Drivers/CMSIS/Include/cmsis_gcc.h **** /*
   8:Drivers/CMSIS/Include/cmsis_gcc.h ****  * Copyright (c) 2009-2018 Arm Limited. All rights reserved.
   9:Drivers/CMSIS/Include/cmsis_gcc.h ****  *
  10:Drivers/CMSIS/Include/cmsis_gcc.h ****  * SPDX-License-Identifier: Apache-2.0
  11:Drivers/CMSIS/Include/cmsis_gcc.h ****  *
  12:Drivers/CMSIS/Include/cmsis_gcc.h ****  * Licensed under the Apache License, Version 2.0 (the License); you may
  13:Drivers/CMSIS/Include/cmsis_gcc.h ****  * not use this file except in compliance with the License.
  14:Drivers/CMSIS/Include/cmsis_gcc.h ****  * You may obtain a copy of the License at
  15:Drivers/CMSIS/Include/cmsis_gcc.h ****  *
  16:Drivers/CMSIS/Include/cmsis_gcc.h ****  * www.apache.org/licenses/LICENSE-2.0
  17:Drivers/CMSIS/Include/cmsis_gcc.h ****  *
  18:Drivers/CMSIS/Include/cmsis_gcc.h ****  * Unless required by applicable law or agreed to in writing, software
  19:Drivers/CMSIS/Include/cmsis_gcc.h ****  * distributed under the License is distributed on an AS IS BASIS, WITHOUT
  20:Drivers/CMSIS/Include/cmsis_gcc.h ****  * WARRANTIES OR CONDITIONS OF ANY KIND, either express or implied.
  21:Drivers/CMSIS/Include/cmsis_gcc.h ****  * See the License for the specific language governing permissions and
  22:Drivers/CMSIS/Include/cmsis_gcc.h ****  * limitations under the License.
  23:Drivers/CMSIS/Include/cmsis_gcc.h ****  */
  24:Drivers/CMSIS/Include/cmsis_gcc.h **** 
  25:Drivers/CMSIS/Include/cmsis_gcc.h **** #ifndef __CMSIS_GCC_H
  26:Drivers/CMSIS/Include/cmsis_gcc.h **** #define __CMSIS_GCC_H
  27:Drivers/CMSIS/Include/cmsis_gcc.h **** 
  28:Drivers/CMSIS/Include/cmsis_gcc.h **** /* ignore some GCC warnings */
  29:Drivers/CMSIS/Include/cmsis_gcc.h **** #pragma GCC diagnostic push
  30:Drivers/CMSIS/Include/cmsis_gcc.h **** #pragma GCC diagnostic ignored "-Wsign-conversion"
  31:Drivers/CMSIS/Include/cmsis_gcc.h **** #pragma GCC diagnostic ignored "-Wconversion"
  32:Drivers/CMSIS/Include/cmsis_gcc.h **** #pragma GCC diagnostic ignored "-Wunused-parameter"
  33:Drivers/CMSIS/Include/cmsis_gcc.h **** 
  34:Drivers/CMSIS/Include/cmsis_gcc.h **** /* Fallback for __has_builtin */
  35:Drivers/CMSIS/Include/cmsis_gcc.h **** #ifndef __has_builtin
  36:Drivers/CMSIS/Include/cmsis_gcc.h ****   #define __has_builtin(x) (0)
  37:Drivers/CMSIS/Include/cmsis_gcc.h **** #endif
  38:Drivers/CMSIS/Include/cmsis_gcc.h **** 
  39:Drivers/CMSIS/Include/cmsis_gcc.h **** /* CMSIS compiler specific defines */
  40:Drivers/CMSIS/Include/cmsis_gcc.h **** #ifndef   __ASM
  41:Drivers/CMSIS/Include/cmsis_gcc.h ****   #define __ASM                                  __asm
  42:Drivers/CMSIS/Include/cmsis_gcc.h **** #endif
  43:Drivers/CMSIS/Include/cmsis_gcc.h **** #ifndef   __INLINE
ARM GAS  C:\Users\Admin\AppData\Local\Temp\cccGuoNE.s 			page 8


  44:Drivers/CMSIS/Include/cmsis_gcc.h ****   #define __INLINE                               inline
  45:Drivers/CMSIS/Include/cmsis_gcc.h **** #endif
  46:Drivers/CMSIS/Include/cmsis_gcc.h **** #ifndef   __STATIC_INLINE
  47:Drivers/CMSIS/Include/cmsis_gcc.h ****   #define __STATIC_INLINE                        static inline
  48:Drivers/CMSIS/Include/cmsis_gcc.h **** #endif
  49:Drivers/CMSIS/Include/cmsis_gcc.h **** #ifndef   __STATIC_FORCEINLINE                 
  50:Drivers/CMSIS/Include/cmsis_gcc.h ****   #define __STATIC_FORCEINLINE                   __attribute__((always_inline)) static inline
  51:Drivers/CMSIS/Include/cmsis_gcc.h **** #endif                                           
  52:Drivers/CMSIS/Include/cmsis_gcc.h **** #ifndef   __NO_RETURN
  53:Drivers/CMSIS/Include/cmsis_gcc.h ****   #define __NO_RETURN                            __attribute__((__noreturn__))
  54:Drivers/CMSIS/Include/cmsis_gcc.h **** #endif
  55:Drivers/CMSIS/Include/cmsis_gcc.h **** #ifndef   __USED
  56:Drivers/CMSIS/Include/cmsis_gcc.h ****   #define __USED                                 __attribute__((used))
  57:Drivers/CMSIS/Include/cmsis_gcc.h **** #endif
  58:Drivers/CMSIS/Include/cmsis_gcc.h **** #ifndef   __WEAK
  59:Drivers/CMSIS/Include/cmsis_gcc.h ****   #define __WEAK                                 __attribute__((weak))
  60:Drivers/CMSIS/Include/cmsis_gcc.h **** #endif
  61:Drivers/CMSIS/Include/cmsis_gcc.h **** #ifndef   __PACKED
  62:Drivers/CMSIS/Include/cmsis_gcc.h ****   #define __PACKED                               __attribute__((packed, aligned(1)))
  63:Drivers/CMSIS/Include/cmsis_gcc.h **** #endif
  64:Drivers/CMSIS/Include/cmsis_gcc.h **** #ifndef   __PACKED_STRUCT
  65:Drivers/CMSIS/Include/cmsis_gcc.h ****   #define __PACKED_STRUCT                        struct __attribute__((packed, aligned(1)))
  66:Drivers/CMSIS/Include/cmsis_gcc.h **** #endif
  67:Drivers/CMSIS/Include/cmsis_gcc.h **** #ifndef   __PACKED_UNION
  68:Drivers/CMSIS/Include/cmsis_gcc.h ****   #define __PACKED_UNION                         union __attribute__((packed, aligned(1)))
  69:Drivers/CMSIS/Include/cmsis_gcc.h **** #endif
  70:Drivers/CMSIS/Include/cmsis_gcc.h **** #ifndef   __UNALIGNED_UINT32        /* deprecated */
  71:Drivers/CMSIS/Include/cmsis_gcc.h ****   #pragma GCC diagnostic push
  72:Drivers/CMSIS/Include/cmsis_gcc.h ****   #pragma GCC diagnostic ignored "-Wpacked"
  73:Drivers/CMSIS/Include/cmsis_gcc.h ****   #pragma GCC diagnostic ignored "-Wattributes"
  74:Drivers/CMSIS/Include/cmsis_gcc.h ****   struct __attribute__((packed)) T_UINT32 { uint32_t v; };
  75:Drivers/CMSIS/Include/cmsis_gcc.h ****   #pragma GCC diagnostic pop
  76:Drivers/CMSIS/Include/cmsis_gcc.h ****   #define __UNALIGNED_UINT32(x)                  (((struct T_UINT32 *)(x))->v)
  77:Drivers/CMSIS/Include/cmsis_gcc.h **** #endif
  78:Drivers/CMSIS/Include/cmsis_gcc.h **** #ifndef   __UNALIGNED_UINT16_WRITE
  79:Drivers/CMSIS/Include/cmsis_gcc.h ****   #pragma GCC diagnostic push
  80:Drivers/CMSIS/Include/cmsis_gcc.h ****   #pragma GCC diagnostic ignored "-Wpacked"
  81:Drivers/CMSIS/Include/cmsis_gcc.h ****   #pragma GCC diagnostic ignored "-Wattributes"
  82:Drivers/CMSIS/Include/cmsis_gcc.h ****   __PACKED_STRUCT T_UINT16_WRITE { uint16_t v; };
  83:Drivers/CMSIS/Include/cmsis_gcc.h ****   #pragma GCC diagnostic pop
  84:Drivers/CMSIS/Include/cmsis_gcc.h ****   #define __UNALIGNED_UINT16_WRITE(addr, val)    (void)((((struct T_UINT16_WRITE *)(void *)(addr))-
  85:Drivers/CMSIS/Include/cmsis_gcc.h **** #endif
  86:Drivers/CMSIS/Include/cmsis_gcc.h **** #ifndef   __UNALIGNED_UINT16_READ
  87:Drivers/CMSIS/Include/cmsis_gcc.h ****   #pragma GCC diagnostic push
  88:Drivers/CMSIS/Include/cmsis_gcc.h ****   #pragma GCC diagnostic ignored "-Wpacked"
  89:Drivers/CMSIS/Include/cmsis_gcc.h ****   #pragma GCC diagnostic ignored "-Wattributes"
  90:Drivers/CMSIS/Include/cmsis_gcc.h ****   __PACKED_STRUCT T_UINT16_READ { uint16_t v; };
  91:Drivers/CMSIS/Include/cmsis_gcc.h ****   #pragma GCC diagnostic pop
  92:Drivers/CMSIS/Include/cmsis_gcc.h ****   #define __UNALIGNED_UINT16_READ(addr)          (((const struct T_UINT16_READ *)(const void *)(add
  93:Drivers/CMSIS/Include/cmsis_gcc.h **** #endif
  94:Drivers/CMSIS/Include/cmsis_gcc.h **** #ifndef   __UNALIGNED_UINT32_WRITE
  95:Drivers/CMSIS/Include/cmsis_gcc.h ****   #pragma GCC diagnostic push
  96:Drivers/CMSIS/Include/cmsis_gcc.h ****   #pragma GCC diagnostic ignored "-Wpacked"
  97:Drivers/CMSIS/Include/cmsis_gcc.h ****   #pragma GCC diagnostic ignored "-Wattributes"
  98:Drivers/CMSIS/Include/cmsis_gcc.h ****   __PACKED_STRUCT T_UINT32_WRITE { uint32_t v; };
  99:Drivers/CMSIS/Include/cmsis_gcc.h ****   #pragma GCC diagnostic pop
 100:Drivers/CMSIS/Include/cmsis_gcc.h ****   #define __UNALIGNED_UINT32_WRITE(addr, val)    (void)((((struct T_UINT32_WRITE *)(void *)(addr))-
ARM GAS  C:\Users\Admin\AppData\Local\Temp\cccGuoNE.s 			page 9


 101:Drivers/CMSIS/Include/cmsis_gcc.h **** #endif
 102:Drivers/CMSIS/Include/cmsis_gcc.h **** #ifndef   __UNALIGNED_UINT32_READ
 103:Drivers/CMSIS/Include/cmsis_gcc.h ****   #pragma GCC diagnostic push
 104:Drivers/CMSIS/Include/cmsis_gcc.h ****   #pragma GCC diagnostic ignored "-Wpacked"
 105:Drivers/CMSIS/Include/cmsis_gcc.h ****   #pragma GCC diagnostic ignored "-Wattributes"
 106:Drivers/CMSIS/Include/cmsis_gcc.h ****   __PACKED_STRUCT T_UINT32_READ { uint32_t v; };
 107:Drivers/CMSIS/Include/cmsis_gcc.h ****   #pragma GCC diagnostic pop
 108:Drivers/CMSIS/Include/cmsis_gcc.h ****   #define __UNALIGNED_UINT32_READ(addr)          (((const struct T_UINT32_READ *)(const void *)(add
 109:Drivers/CMSIS/Include/cmsis_gcc.h **** #endif
 110:Drivers/CMSIS/Include/cmsis_gcc.h **** #ifndef   __ALIGNED
 111:Drivers/CMSIS/Include/cmsis_gcc.h ****   #define __ALIGNED(x)                           __attribute__((aligned(x)))
 112:Drivers/CMSIS/Include/cmsis_gcc.h **** #endif
 113:Drivers/CMSIS/Include/cmsis_gcc.h **** #ifndef   __RESTRICT
 114:Drivers/CMSIS/Include/cmsis_gcc.h ****   #define __RESTRICT                             __restrict
 115:Drivers/CMSIS/Include/cmsis_gcc.h **** #endif
 116:Drivers/CMSIS/Include/cmsis_gcc.h **** 
 117:Drivers/CMSIS/Include/cmsis_gcc.h **** 
 118:Drivers/CMSIS/Include/cmsis_gcc.h **** /* ###########################  Core Function Access  ########################### */
 119:Drivers/CMSIS/Include/cmsis_gcc.h **** /** \ingroup  CMSIS_Core_FunctionInterface
 120:Drivers/CMSIS/Include/cmsis_gcc.h ****     \defgroup CMSIS_Core_RegAccFunctions CMSIS Core Register Access Functions
 121:Drivers/CMSIS/Include/cmsis_gcc.h ****   @{
 122:Drivers/CMSIS/Include/cmsis_gcc.h ****  */
 123:Drivers/CMSIS/Include/cmsis_gcc.h **** 
 124:Drivers/CMSIS/Include/cmsis_gcc.h **** /**
 125:Drivers/CMSIS/Include/cmsis_gcc.h ****   \brief   Enable IRQ Interrupts
 126:Drivers/CMSIS/Include/cmsis_gcc.h ****   \details Enables IRQ interrupts by clearing the I-bit in the CPSR.
 127:Drivers/CMSIS/Include/cmsis_gcc.h ****            Can only be executed in Privileged modes.
 128:Drivers/CMSIS/Include/cmsis_gcc.h ****  */
 129:Drivers/CMSIS/Include/cmsis_gcc.h **** __STATIC_FORCEINLINE void __enable_irq(void)
 130:Drivers/CMSIS/Include/cmsis_gcc.h **** {
 131:Drivers/CMSIS/Include/cmsis_gcc.h ****   __ASM volatile ("cpsie i" : : : "memory");
 132:Drivers/CMSIS/Include/cmsis_gcc.h **** }
 133:Drivers/CMSIS/Include/cmsis_gcc.h **** 
 134:Drivers/CMSIS/Include/cmsis_gcc.h **** 
 135:Drivers/CMSIS/Include/cmsis_gcc.h **** /**
 136:Drivers/CMSIS/Include/cmsis_gcc.h ****   \brief   Disable IRQ Interrupts
 137:Drivers/CMSIS/Include/cmsis_gcc.h ****   \details Disables IRQ interrupts by setting the I-bit in the CPSR.
 138:Drivers/CMSIS/Include/cmsis_gcc.h ****            Can only be executed in Privileged modes.
 139:Drivers/CMSIS/Include/cmsis_gcc.h ****  */
 140:Drivers/CMSIS/Include/cmsis_gcc.h **** __STATIC_FORCEINLINE void __disable_irq(void)
 176              		.loc 2 140 27 view .LVU39
 177              	.LBB7:
 141:Drivers/CMSIS/Include/cmsis_gcc.h **** {
 142:Drivers/CMSIS/Include/cmsis_gcc.h ****   __ASM volatile ("cpsid i" : : : "memory");
 178              		.loc 2 142 3 view .LVU40
 179              		.syntax unified
 180              	@ 142 "Drivers/CMSIS/Include/cmsis_gcc.h" 1
 181 0000 72B6     		cpsid i
 182              	@ 0 "" 2
 183              		.thumb
 184              		.syntax unified
 185              	.L6:
 186              	.LBE7:
 187              	.LBE6:
 185:Core/Src/main.c ****   while (1)
 188              		.loc 1 185 3 discriminator 1 view .LVU41
 186:Core/Src/main.c ****   {
ARM GAS  C:\Users\Admin\AppData\Local\Temp\cccGuoNE.s 			page 10


 187:Core/Src/main.c ****   }
 189              		.loc 1 187 3 discriminator 1 view .LVU42
 185:Core/Src/main.c ****   while (1)
 190              		.loc 1 185 9 discriminator 1 view .LVU43
 191 0002 FEE7     		b	.L6
 192              		.cfi_endproc
 193              	.LFE68:
 195              		.section	.text.SystemClock_Config,"ax",%progbits
 196              		.align	1
 197              		.global	SystemClock_Config
 198              		.syntax unified
 199              		.thumb
 200              		.thumb_func
 202              	SystemClock_Config:
 203              	.LFB66:
 106:Core/Src/main.c ****   RCC_OscInitTypeDef RCC_OscInitStruct = {0};
 204              		.loc 1 106 1 view -0
 205              		.cfi_startproc
 206              		@ args = 0, pretend = 0, frame = 64
 207              		@ frame_needed = 0, uses_anonymous_args = 0
 208 0000 00B5     		push	{lr}
 209              	.LCFI3:
 210              		.cfi_def_cfa_offset 4
 211              		.cfi_offset 14, -4
 212 0002 91B0     		sub	sp, sp, #68
 213              	.LCFI4:
 214              		.cfi_def_cfa_offset 72
 107:Core/Src/main.c ****   RCC_ClkInitTypeDef RCC_ClkInitStruct = {0};
 215              		.loc 1 107 3 view .LVU45
 107:Core/Src/main.c ****   RCC_ClkInitTypeDef RCC_ClkInitStruct = {0};
 216              		.loc 1 107 22 is_stmt 0 view .LVU46
 217 0004 2822     		movs	r2, #40
 218 0006 0021     		movs	r1, #0
 219 0008 06A8     		add	r0, sp, #24
 220 000a FFF7FEFF 		bl	memset
 221              	.LVL7:
 108:Core/Src/main.c **** 
 222              		.loc 1 108 3 is_stmt 1 view .LVU47
 108:Core/Src/main.c **** 
 223              		.loc 1 108 22 is_stmt 0 view .LVU48
 224 000e 0023     		movs	r3, #0
 225 0010 0193     		str	r3, [sp, #4]
 226 0012 0293     		str	r3, [sp, #8]
 227 0014 0393     		str	r3, [sp, #12]
 228 0016 0493     		str	r3, [sp, #16]
 229 0018 0593     		str	r3, [sp, #20]
 113:Core/Src/main.c ****   RCC_OscInitStruct.HSIState = RCC_HSI_ON;
 230              		.loc 1 113 3 is_stmt 1 view .LVU49
 113:Core/Src/main.c ****   RCC_OscInitStruct.HSIState = RCC_HSI_ON;
 231              		.loc 1 113 36 is_stmt 0 view .LVU50
 232 001a 0223     		movs	r3, #2
 233 001c 0693     		str	r3, [sp, #24]
 114:Core/Src/main.c ****   RCC_OscInitStruct.HSICalibrationValue = RCC_HSICALIBRATION_DEFAULT;
 234              		.loc 1 114 3 is_stmt 1 view .LVU51
 114:Core/Src/main.c ****   RCC_OscInitStruct.HSICalibrationValue = RCC_HSICALIBRATION_DEFAULT;
 235              		.loc 1 114 30 is_stmt 0 view .LVU52
 236 001e 0123     		movs	r3, #1
ARM GAS  C:\Users\Admin\AppData\Local\Temp\cccGuoNE.s 			page 11


 237 0020 0A93     		str	r3, [sp, #40]
 115:Core/Src/main.c ****   RCC_OscInitStruct.PLL.PLLState = RCC_PLL_NONE;
 238              		.loc 1 115 3 is_stmt 1 view .LVU53
 115:Core/Src/main.c ****   RCC_OscInitStruct.PLL.PLLState = RCC_PLL_NONE;
 239              		.loc 1 115 41 is_stmt 0 view .LVU54
 240 0022 1023     		movs	r3, #16
 241 0024 0B93     		str	r3, [sp, #44]
 116:Core/Src/main.c ****   if (HAL_RCC_OscConfig(&RCC_OscInitStruct) != HAL_OK)
 242              		.loc 1 116 3 is_stmt 1 view .LVU55
 117:Core/Src/main.c ****   {
 243              		.loc 1 117 3 view .LVU56
 117:Core/Src/main.c ****   {
 244              		.loc 1 117 7 is_stmt 0 view .LVU57
 245 0026 06A8     		add	r0, sp, #24
 246 0028 FFF7FEFF 		bl	HAL_RCC_OscConfig
 247              	.LVL8:
 117:Core/Src/main.c ****   {
 248              		.loc 1 117 6 view .LVU58
 249 002c 68B9     		cbnz	r0, .L11
 124:Core/Src/main.c ****                               |RCC_CLOCKTYPE_PCLK1|RCC_CLOCKTYPE_PCLK2;
 250              		.loc 1 124 3 is_stmt 1 view .LVU59
 124:Core/Src/main.c ****                               |RCC_CLOCKTYPE_PCLK1|RCC_CLOCKTYPE_PCLK2;
 251              		.loc 1 124 31 is_stmt 0 view .LVU60
 252 002e 0F23     		movs	r3, #15
 253 0030 0193     		str	r3, [sp, #4]
 126:Core/Src/main.c ****   RCC_ClkInitStruct.AHBCLKDivider = RCC_SYSCLK_DIV1;
 254              		.loc 1 126 3 is_stmt 1 view .LVU61
 126:Core/Src/main.c ****   RCC_ClkInitStruct.AHBCLKDivider = RCC_SYSCLK_DIV1;
 255              		.loc 1 126 34 is_stmt 0 view .LVU62
 256 0032 0021     		movs	r1, #0
 257 0034 0291     		str	r1, [sp, #8]
 127:Core/Src/main.c ****   RCC_ClkInitStruct.APB1CLKDivider = RCC_HCLK_DIV1;
 258              		.loc 1 127 3 is_stmt 1 view .LVU63
 127:Core/Src/main.c ****   RCC_ClkInitStruct.APB1CLKDivider = RCC_HCLK_DIV1;
 259              		.loc 1 127 35 is_stmt 0 view .LVU64
 260 0036 0391     		str	r1, [sp, #12]
 128:Core/Src/main.c ****   RCC_ClkInitStruct.APB2CLKDivider = RCC_HCLK_DIV1;
 261              		.loc 1 128 3 is_stmt 1 view .LVU65
 128:Core/Src/main.c ****   RCC_ClkInitStruct.APB2CLKDivider = RCC_HCLK_DIV1;
 262              		.loc 1 128 36 is_stmt 0 view .LVU66
 263 0038 0491     		str	r1, [sp, #16]
 129:Core/Src/main.c **** 
 264              		.loc 1 129 3 is_stmt 1 view .LVU67
 129:Core/Src/main.c **** 
 265              		.loc 1 129 36 is_stmt 0 view .LVU68
 266 003a 0591     		str	r1, [sp, #20]
 131:Core/Src/main.c ****   {
 267              		.loc 1 131 3 is_stmt 1 view .LVU69
 131:Core/Src/main.c ****   {
 268              		.loc 1 131 7 is_stmt 0 view .LVU70
 269 003c 01A8     		add	r0, sp, #4
 270 003e FFF7FEFF 		bl	HAL_RCC_ClockConfig
 271              	.LVL9:
 131:Core/Src/main.c ****   {
 272              		.loc 1 131 6 view .LVU71
 273 0042 20B9     		cbnz	r0, .L12
 135:Core/Src/main.c **** 
ARM GAS  C:\Users\Admin\AppData\Local\Temp\cccGuoNE.s 			page 12


 274              		.loc 1 135 1 view .LVU72
 275 0044 11B0     		add	sp, sp, #68
 276              	.LCFI5:
 277              		.cfi_remember_state
 278              		.cfi_def_cfa_offset 4
 279              		@ sp needed
 280 0046 5DF804FB 		ldr	pc, [sp], #4
 281              	.L11:
 282              	.LCFI6:
 283              		.cfi_restore_state
 119:Core/Src/main.c ****   }
 284              		.loc 1 119 5 is_stmt 1 view .LVU73
 285 004a FFF7FEFF 		bl	Error_Handler
 286              	.LVL10:
 287              	.L12:
 133:Core/Src/main.c ****   }
 288              		.loc 1 133 5 view .LVU74
 289 004e FFF7FEFF 		bl	Error_Handler
 290              	.LVL11:
 291              		.cfi_endproc
 292              	.LFE66:
 294              		.section	.text.main,"ax",%progbits
 295              		.align	1
 296              		.global	main
 297              		.syntax unified
 298              		.thumb
 299              		.thumb_func
 301              	main:
 302              	.LFB65:
  64:Core/Src/main.c ****   /* USER CODE BEGIN 1 */
 303              		.loc 1 64 1 view -0
 304              		.cfi_startproc
 305              		@ Volatile: function does not return.
 306              		@ args = 0, pretend = 0, frame = 0
 307              		@ frame_needed = 0, uses_anonymous_args = 0
 308 0000 08B5     		push	{r3, lr}
 309              	.LCFI7:
 310              		.cfi_def_cfa_offset 8
 311              		.cfi_offset 3, -8
 312              		.cfi_offset 14, -4
  72:Core/Src/main.c **** 
 313              		.loc 1 72 3 view .LVU76
 314 0002 FFF7FEFF 		bl	HAL_Init
 315              	.LVL12:
  79:Core/Src/main.c **** 
 316              		.loc 1 79 3 view .LVU77
 317 0006 FFF7FEFF 		bl	SystemClock_Config
 318              	.LVL13:
  86:Core/Src/main.c ****   /* USER CODE BEGIN 2 */
 319              		.loc 1 86 3 view .LVU78
 320 000a FFF7FEFF 		bl	MX_GPIO_Init
 321              	.LVL14:
 322              	.L14:
  93:Core/Src/main.c ****   {
 323              		.loc 1 93 3 discriminator 1 view .LVU79
  95:Core/Src/main.c ****     HAL_Delay(1000);
 324              		.loc 1 95 5 discriminator 1 view .LVU80
ARM GAS  C:\Users\Admin\AppData\Local\Temp\cccGuoNE.s 			page 13


 325 000e 4FF40051 		mov	r1, #8192
 326 0012 0448     		ldr	r0, .L16
 327 0014 FFF7FEFF 		bl	HAL_GPIO_TogglePin
 328              	.LVL15:
  96:Core/Src/main.c ****   }
 329              		.loc 1 96 5 discriminator 1 view .LVU81
 330 0018 4FF47A70 		mov	r0, #1000
 331 001c FFF7FEFF 		bl	HAL_Delay
 332              	.LVL16:
  93:Core/Src/main.c ****   {
 333              		.loc 1 93 9 discriminator 1 view .LVU82
 334 0020 F5E7     		b	.L14
 335              	.L17:
 336 0022 00BF     		.align	2
 337              	.L16:
 338 0024 00100140 		.word	1073811456
 339              		.cfi_endproc
 340              	.LFE65:
 342              		.section	.text.HAL_GPIO_EXTI_Callback,"ax",%progbits
 343              		.align	1
 344              		.global	HAL_GPIO_EXTI_Callback
 345              		.syntax unified
 346              		.thumb
 347              		.thumb_func
 349              	HAL_GPIO_EXTI_Callback:
 350              	.LVL17:
 351              	.LFB69:
 188:Core/Src/main.c ****   /* USER CODE END Error_Handler_Debug */
 189:Core/Src/main.c **** }
 190:Core/Src/main.c **** 
 191:Core/Src/main.c **** #ifdef  USE_FULL_ASSERT
 192:Core/Src/main.c **** /**
 193:Core/Src/main.c ****   * @brief  Reports the name of the source file and the source line number
 194:Core/Src/main.c ****   *         where the assert_param error has occurred.
 195:Core/Src/main.c ****   * @param  file: pointer to the source file name
 196:Core/Src/main.c ****   * @param  line: assert_param error line source number
 197:Core/Src/main.c ****   * @retval None
 198:Core/Src/main.c ****   */
 199:Core/Src/main.c **** void assert_failed(uint8_t *file, uint32_t line)
 200:Core/Src/main.c **** {
 201:Core/Src/main.c ****   /* USER CODE BEGIN 6 */
 202:Core/Src/main.c ****   /* User can add his own implementation to report the file name and line number,
 203:Core/Src/main.c ****      ex: printf("Wrong parameters value: file %s on line %d\r\n", file, line) */
 204:Core/Src/main.c ****   /* USER CODE END 6 */
 205:Core/Src/main.c **** }
 206:Core/Src/main.c **** #endif /* USE_FULL_ASSERT */
 207:Core/Src/main.c **** void HAL_GPIO_EXTI_Callback(uint16_t GPIO_Pin)
 208:Core/Src/main.c **** {
 352              		.loc 1 208 1 view -0
 353              		.cfi_startproc
 354              		@ args = 0, pretend = 0, frame = 0
 355              		@ frame_needed = 0, uses_anonymous_args = 0
 356              		.loc 1 208 1 is_stmt 0 view .LVU84
 357 0000 10B5     		push	{r4, lr}
 358              	.LCFI8:
 359              		.cfi_def_cfa_offset 8
 360              		.cfi_offset 4, -8
ARM GAS  C:\Users\Admin\AppData\Local\Temp\cccGuoNE.s 			page 14


 361              		.cfi_offset 14, -4
 362 0002 0446     		mov	r4, r0
 209:Core/Src/main.c ****   if(GPIO_Pin == GPIO_PIN_0)
 363              		.loc 1 209 3 is_stmt 1 view .LVU85
 364              		.loc 1 209 5 is_stmt 0 view .LVU86
 365 0004 0128     		cmp	r0, #1
 366 0006 02D0     		beq	.L22
 367              	.LVL18:
 368              	.L19:
 210:Core/Src/main.c ****   {
 211:Core/Src/main.c ****     HAL_GPIO_WritePin(GPIOC,GPIO_PIN_14,1);
 212:Core/Src/main.c ****     HAL_Delay(2000);
 213:Core/Src/main.c ****   }
 214:Core/Src/main.c ****   if(GPIO_Pin == GPIO_PIN_6)
 369              		.loc 1 214 3 is_stmt 1 view .LVU87
 370              		.loc 1 214 5 is_stmt 0 view .LVU88
 371 0008 402C     		cmp	r4, #64
 372 000a 0BD0     		beq	.L23
 373              	.L18:
 215:Core/Src/main.c ****   {
 216:Core/Src/main.c ****     HAL_GPIO_WritePin(GPIOC,GPIO_PIN_14,0);
 217:Core/Src/main.c ****     HAL_Delay(2000);
 218:Core/Src/main.c ****   }
 219:Core/Src/main.c **** }...
 374              		.loc 1 219 1 view .LVU89
 375 000c 10BD     		pop	{r4, pc}
 376              	.LVL19:
 377              	.L22:
 211:Core/Src/main.c ****     HAL_GPIO_WritePin(GPIOC,GPIO_PIN_14,1);
 378              		.loc 1 211 5 is_stmt 1 view .LVU90
 379 000e 0122     		movs	r2, #1
 380 0010 4FF48041 		mov	r1, #16384
 381 0014 0948     		ldr	r0, .L24
 382              	.LVL20:
 211:Core/Src/main.c ****     HAL_GPIO_WritePin(GPIOC,GPIO_PIN_14,1);
 383              		.loc 1 211 5 is_stmt 0 view .LVU91
 384 0016 FFF7FEFF 		bl	HAL_GPIO_WritePin
 385              	.LVL21:
 212:Core/Src/main.c ****     HAL_Delay(2000);
 386              		.loc 1 212 5 is_stmt 1 view .LVU92
 387 001a 4FF4FA60 		mov	r0, #2000
 388 001e FFF7FEFF 		bl	HAL_Delay
 389              	.LVL22:
 390 0022 F1E7     		b	.L19
 391              	.L23:
 216:Core/Src/main.c ****     HAL_GPIO_WritePin(GPIOC,GPIO_PIN_14,0);
 392              		.loc 1 216 5 view .LVU93
 393 0024 0022     		movs	r2, #0
 394 0026 4FF48041 		mov	r1, #16384
 395 002a 0448     		ldr	r0, .L24
 396 002c FFF7FEFF 		bl	HAL_GPIO_WritePin
 397              	.LVL23:
 217:Core/Src/main.c ****     HAL_Delay(2000);
 398              		.loc 1 217 5 view .LVU94
 399 0030 4FF4FA60 		mov	r0, #2000
 400 0034 FFF7FEFF 		bl	HAL_Delay
 401              	.LVL24:
ARM GAS  C:\Users\Admin\AppData\Local\Temp\cccGuoNE.s 			page 15


 402              		.loc 1 219 1 is_stmt 0 view .LVU95
 403 0038 E8E7     		b	.L18
 404              	.L25:
 405 003a 00BF     		.align	2
 406              	.L24:
 407 003c 00100140 		.word	1073811456
 408              		.cfi_endproc
 409              	.LFE69:
 411              		.text
 412              	.Letext0:
 413              		.file 3 "d:\\10 2021.10\\arm-none-eabi\\include\\machine\\_default_types.h"
 414              		.file 4 "d:\\10 2021.10\\arm-none-eabi\\include\\sys\\_stdint.h"
 415              		.file 5 "Drivers/CMSIS/Device/ST/STM32F1xx/Include/stm32f103xb.h"
 416              		.file 6 "Drivers/STM32F1xx_HAL_Driver/Inc/stm32f1xx_hal_def.h"
 417              		.file 7 "Drivers/STM32F1xx_HAL_Driver/Inc/stm32f1xx_hal_rcc.h"
 418              		.file 8 "Drivers/STM32F1xx_HAL_Driver/Inc/stm32f1xx_hal_rcc_ex.h"
 419              		.file 9 "Drivers/STM32F1xx_HAL_Driver/Inc/stm32f1xx_hal_gpio.h"
 420              		.file 10 "Drivers/STM32F1xx_HAL_Driver/Inc/stm32f1xx_hal.h"
 421              		.file 11 "Drivers/STM32F1xx_HAL_Driver/Inc/stm32f1xx_hal_cortex.h"
 422              		.file 12 "<built-in>"
ARM GAS  C:\Users\Admin\AppData\Local\Temp\cccGuoNE.s 			page 16


DEFINED SYMBOLS
                            *ABS*:00000000 main.c
C:\Users\Admin\AppData\Local\Temp\cccGuoNE.s:18     .text.MX_GPIO_Init:00000000 $t
C:\Users\Admin\AppData\Local\Temp\cccGuoNE.s:23     .text.MX_GPIO_Init:00000000 MX_GPIO_Init
C:\Users\Admin\AppData\Local\Temp\cccGuoNE.s:150    .text.MX_GPIO_Init:00000090 $d
C:\Users\Admin\AppData\Local\Temp\cccGuoNE.s:158    .text.Error_Handler:00000000 $t
C:\Users\Admin\AppData\Local\Temp\cccGuoNE.s:164    .text.Error_Handler:00000000 Error_Handler
C:\Users\Admin\AppData\Local\Temp\cccGuoNE.s:196    .text.SystemClock_Config:00000000 $t
C:\Users\Admin\AppData\Local\Temp\cccGuoNE.s:202    .text.SystemClock_Config:00000000 SystemClock_Config
C:\Users\Admin\AppData\Local\Temp\cccGuoNE.s:295    .text.main:00000000 $t
C:\Users\Admin\AppData\Local\Temp\cccGuoNE.s:301    .text.main:00000000 main
C:\Users\Admin\AppData\Local\Temp\cccGuoNE.s:338    .text.main:00000024 $d
C:\Users\Admin\AppData\Local\Temp\cccGuoNE.s:343    .text.HAL_GPIO_EXTI_Callback:00000000 $t
C:\Users\Admin\AppData\Local\Temp\cccGuoNE.s:349    .text.HAL_GPIO_EXTI_Callback:00000000 HAL_GPIO_EXTI_Callback
C:\Users\Admin\AppData\Local\Temp\cccGuoNE.s:407    .text.HAL_GPIO_EXTI_Callback:0000003c $d

UNDEFINED SYMBOLS
HAL_GPIO_WritePin
HAL_GPIO_Init
HAL_NVIC_SetPriority
HAL_NVIC_EnableIRQ
memset
HAL_RCC_OscConfig
HAL_RCC_ClockConfig
HAL_Init
HAL_GPIO_TogglePin
HAL_Delay
