ARM GAS  C:\Users\Admin\AppData\Local\Temp\ccXp3ofa.s 			page 1


   1              		.cpu cortex-m3
   2              		.arch armv7-m
   3              		.fpu softvfp
   4              		.eabi_attribute 20, 1
   5              		.eabi_attribute 21, 1
   6              		.eabi_attribute 23, 3
   7              		.eabi_attribute 24, 1
   8              		.eabi_attribute 25, 1
   9              		.eabi_attribute 26, 1
  10              		.eabi_attribute 30, 1
  11              		.eabi_attribute 34, 1
  12              		.eabi_attribute 18, 4
  13              		.file	"main.c"
  14              		.text
  15              	.Ltext0:
  16              		.cfi_sections	.debug_frame
  17              		.section	.text.Error_Handler,"ax",%progbits
  18              		.align	1
  19              		.global	Error_Handler
  20              		.syntax unified
  21              		.thumb
  22              		.thumb_func
  24              	Error_Handler:
  25              	.LFB70:
  26              		.file 1 "Core/Src/main.c"
   1:Core/Src/main.c **** /* USER CODE BEGIN Header */
   2:Core/Src/main.c **** /**
   3:Core/Src/main.c ****   ******************************************************************************
   4:Core/Src/main.c ****   * @file           : main.c
   5:Core/Src/main.c ****   * @brief          : Main program body
   6:Core/Src/main.c ****   ******************************************************************************
   7:Core/Src/main.c ****   * @attention
   8:Core/Src/main.c ****   *
   9:Core/Src/main.c ****   * Copyright (c) 2022 STMicroelectronics.
  10:Core/Src/main.c ****   * All rights reserved.
  11:Core/Src/main.c ****   *
  12:Core/Src/main.c ****   * This software is licensed under terms that can be found in the LICENSE file
  13:Core/Src/main.c ****   * in the root directory of this software component.
  14:Core/Src/main.c ****   * If no LICENSE file comes with this software, it is provided AS-IS.
  15:Core/Src/main.c ****   *
  16:Core/Src/main.c ****   ******************************************************************************
  17:Core/Src/main.c ****   */
  18:Core/Src/main.c **** /* USER CODE END Header */
  19:Core/Src/main.c **** /* Includes ------------------------------------------------------------------*/
  20:Core/Src/main.c **** #include "main.h"
  21:Core/Src/main.c **** #include "i2c.h"
  22:Core/Src/main.c **** #include "tim.h"
  23:Core/Src/main.c **** #include "gpio.h"
  24:Core/Src/main.c **** 
  25:Core/Src/main.c **** /* Private includes ----------------------------------------------------------*/
  26:Core/Src/main.c **** /* USER CODE BEGIN Includes */
  27:Core/Src/main.c **** #include "i2c-lcd.h"
  28:Core/Src/main.c **** #include "dht11.h"
  29:Core/Src/main.c **** #include<string.h>
  30:Core/Src/main.c **** /* USER CODE END Includes */
  31:Core/Src/main.c **** 
  32:Core/Src/main.c **** /* Private typedef -----------------------------------------------------------*/
ARM GAS  C:\Users\Admin\AppData\Local\Temp\ccXp3ofa.s 			page 2


  33:Core/Src/main.c **** /* USER CODE BEGIN PTD */
  34:Core/Src/main.c **** 
  35:Core/Src/main.c **** /* USER CODE END PTD */
  36:Core/Src/main.c **** 
  37:Core/Src/main.c **** /* Private define ------------------------------------------------------------*/
  38:Core/Src/main.c **** /* USER CODE BEGIN PD */
  39:Core/Src/main.c **** /* USER CODE END PD */
  40:Core/Src/main.c **** 
  41:Core/Src/main.c **** /* Private macro -------------------------------------------------------------*/
  42:Core/Src/main.c **** /* USER CODE BEGIN PM */
  43:Core/Src/main.c **** 
  44:Core/Src/main.c **** /* USER CODE END PM */
  45:Core/Src/main.c **** 
  46:Core/Src/main.c **** /* Private variables ---------------------------------------------------------*/
  47:Core/Src/main.c **** 
  48:Core/Src/main.c **** /* USER CODE BEGIN PV */
  49:Core/Src/main.c **** uint8_t Rh_byte1, Rh_byte2, Temp_byte1, Temp_byte2;
  50:Core/Src/main.c **** uint16_t SUM, RH, TEMP;
  51:Core/Src/main.c **** float Temperature = 0;
  52:Core/Src/main.c **** float Humidity = 0;
  53:Core/Src/main.c **** uint8_t Presence;
  54:Core/Src/main.c **** //TIM_HandleTypeDef htim1;
  55:Core/Src/main.c **** /* USER CODE END PV */
  56:Core/Src/main.c **** 
  57:Core/Src/main.c **** /* Private function prototypes -----------------------------------------------*/
  58:Core/Src/main.c **** void SystemClock_Config(void);
  59:Core/Src/main.c **** /* USER CODE BEGIN PFP */
  60:Core/Src/main.c **** 
  61:Core/Src/main.c **** /* USER CODE END PFP */
  62:Core/Src/main.c **** 
  63:Core/Src/main.c **** /* Private user code ---------------------------------------------------------*/
  64:Core/Src/main.c **** /* USER CODE BEGIN 0 */
  65:Core/Src/main.c **** 
  66:Core/Src/main.c **** /* USER CODE END 0 */
  67:Core/Src/main.c **** 
  68:Core/Src/main.c **** /**
  69:Core/Src/main.c ****   * @brief  The application entry point.
  70:Core/Src/main.c ****   * @retval int
  71:Core/Src/main.c ****   */
  72:Core/Src/main.c **** int main(void)
  73:Core/Src/main.c **** {
  74:Core/Src/main.c ****   /* USER CODE BEGIN 1 */
  75:Core/Src/main.c **** 
  76:Core/Src/main.c ****   /* USER CODE END 1 */
  77:Core/Src/main.c **** 
  78:Core/Src/main.c ****   /* MCU Configuration--------------------------------------------------------*/
  79:Core/Src/main.c **** 
  80:Core/Src/main.c ****   /* Reset of all peripherals, Initializes the Flash interface and the Systick. */
  81:Core/Src/main.c ****   HAL_Init();
  82:Core/Src/main.c **** 
  83:Core/Src/main.c ****   /* USER CODE BEGIN Init */
  84:Core/Src/main.c **** 
  85:Core/Src/main.c ****   /* USER CODE END Init */
  86:Core/Src/main.c **** 
  87:Core/Src/main.c ****   /* Configure the system clock */
  88:Core/Src/main.c ****   SystemClock_Config();
  89:Core/Src/main.c **** 
ARM GAS  C:\Users\Admin\AppData\Local\Temp\ccXp3ofa.s 			page 3


  90:Core/Src/main.c ****   /* USER CODE BEGIN SysInit */
  91:Core/Src/main.c **** 
  92:Core/Src/main.c ****   /* USER CODE END SysInit */
  93:Core/Src/main.c **** 
  94:Core/Src/main.c ****   /* Initialize all configured peripherals */
  95:Core/Src/main.c ****   MX_GPIO_Init();
  96:Core/Src/main.c ****   MX_I2C1_Init();
  97:Core/Src/main.c ****   MX_TIM1_Init();
  98:Core/Src/main.c ****   /* USER CODE BEGIN 2 */
  99:Core/Src/main.c ****   HAL_TIM_Base_Start(&htim1);
 100:Core/Src/main.c ****   // lcd_init();
 101:Core/Src/main.c ****   // lcd_clear_display();
 102:Core/Src/main.c ****   /* USER CODE END 2 */
 103:Core/Src/main.c **** 
 104:Core/Src/main.c ****   /* Infinite loop */
 105:Core/Src/main.c ****   /* USER CODE BEGIN WHILE */
 106:Core/Src/main.c ****   while (1)
 107:Core/Src/main.c ****   {
 108:Core/Src/main.c ****     /* USER CODE END WHILE */
 109:Core/Src/main.c **** 
 110:Core/Src/main.c ****     /* USER CODE BEGIN 3 */
 111:Core/Src/main.c ****     // HAL_GPIO_TogglePin(GPIOC, GPIO_PIN_13);
 112:Core/Src/main.c ****     // delay(60000);
 113:Core/Src/main.c ****     DHT11_Start();
 114:Core/Src/main.c ****     Presence = DHT11_Check_Response();
 115:Core/Src/main.c ****     Rh_byte1 = DHT11_Read();
 116:Core/Src/main.c ****     Rh_byte2 = DHT11_Read();
 117:Core/Src/main.c ****     Temp_byte1 = DHT11_Read();
 118:Core/Src/main.c ****     Temp_byte2 = DHT11_Read();
 119:Core/Src/main.c ****     SUM = DHT11_Read();
 120:Core/Src/main.c **** 
 121:Core/Src/main.c ****     TEMP = Temp_byte1;
 122:Core/Src/main.c ****     RH = Rh_byte1;
 123:Core/Src/main.c **** 
 124:Core/Src/main.c ****     Temperature = (float)TEMP;
 125:Core/Src/main.c ****     Humidity = (float)RH;
 126:Core/Src/main.c ****     // lcd_send_float_number(Temperature, 2);
 127:Core/Src/main.c ****     // lcd_goto_XY(2,0);
 128:Core/Src/main.c ****     // lcd_send_float_number(Humidity, 2);
 129:Core/Src/main.c ****     // HAL_Delay(2000);
 130:Core/Src/main.c ****   }
 131:Core/Src/main.c ****   /* USER CODE END 3 */
 132:Core/Src/main.c **** }
 133:Core/Src/main.c **** 
 134:Core/Src/main.c **** /**
 135:Core/Src/main.c ****   * @brief System Clock Configuration
 136:Core/Src/main.c ****   * @retval None
 137:Core/Src/main.c ****   */
 138:Core/Src/main.c **** void SystemClock_Config(void)
 139:Core/Src/main.c **** {
 140:Core/Src/main.c ****   RCC_OscInitTypeDef RCC_OscInitStruct = {0};
 141:Core/Src/main.c ****   RCC_ClkInitTypeDef RCC_ClkInitStruct = {0};
 142:Core/Src/main.c **** 
 143:Core/Src/main.c ****   /** Initializes the RCC Oscillators according to the specified parameters
 144:Core/Src/main.c ****   * in the RCC_OscInitTypeDef structure.
 145:Core/Src/main.c ****   */
 146:Core/Src/main.c ****   RCC_OscInitStruct.OscillatorType = RCC_OSCILLATORTYPE_HSE;
ARM GAS  C:\Users\Admin\AppData\Local\Temp\ccXp3ofa.s 			page 4


 147:Core/Src/main.c ****   RCC_OscInitStruct.HSEState = RCC_HSE_ON;
 148:Core/Src/main.c ****   RCC_OscInitStruct.HSEPredivValue = RCC_HSE_PREDIV_DIV1;
 149:Core/Src/main.c ****   RCC_OscInitStruct.HSIState = RCC_HSI_ON;
 150:Core/Src/main.c ****   RCC_OscInitStruct.PLL.PLLState = RCC_PLL_ON;
 151:Core/Src/main.c ****   RCC_OscInitStruct.PLL.PLLSource = RCC_PLLSOURCE_HSE;
 152:Core/Src/main.c ****   RCC_OscInitStruct.PLL.PLLMUL = RCC_PLL_MUL9;
 153:Core/Src/main.c ****   if (HAL_RCC_OscConfig(&RCC_OscInitStruct) != HAL_OK)
 154:Core/Src/main.c ****   {
 155:Core/Src/main.c ****     Error_Handler();
 156:Core/Src/main.c ****   }
 157:Core/Src/main.c **** 
 158:Core/Src/main.c ****   /** Initializes the CPU, AHB and APB buses clocks
 159:Core/Src/main.c ****   */
 160:Core/Src/main.c ****   RCC_ClkInitStruct.ClockType = RCC_CLOCKTYPE_HCLK|RCC_CLOCKTYPE_SYSCLK
 161:Core/Src/main.c ****                               |RCC_CLOCKTYPE_PCLK1|RCC_CLOCKTYPE_PCLK2;
 162:Core/Src/main.c ****   RCC_ClkInitStruct.SYSCLKSource = RCC_SYSCLKSOURCE_PLLCLK;
 163:Core/Src/main.c ****   RCC_ClkInitStruct.AHBCLKDivider = RCC_SYSCLK_DIV1;
 164:Core/Src/main.c ****   RCC_ClkInitStruct.APB1CLKDivider = RCC_HCLK_DIV2;
 165:Core/Src/main.c ****   RCC_ClkInitStruct.APB2CLKDivider = RCC_HCLK_DIV1;
 166:Core/Src/main.c **** 
 167:Core/Src/main.c ****   if (HAL_RCC_ClockConfig(&RCC_ClkInitStruct, FLASH_LATENCY_2) != HAL_OK)
 168:Core/Src/main.c ****   {
 169:Core/Src/main.c ****     Error_Handler();
 170:Core/Src/main.c ****   }
 171:Core/Src/main.c **** }
 172:Core/Src/main.c **** 
 173:Core/Src/main.c **** /* USER CODE BEGIN 4 */
 174:Core/Src/main.c **** 
 175:Core/Src/main.c **** /* USER CODE END 4 */
 176:Core/Src/main.c **** 
 177:Core/Src/main.c **** /**
 178:Core/Src/main.c ****   * @brief  This function is executed in case of error occurrence.
 179:Core/Src/main.c ****   * @retval None
 180:Core/Src/main.c ****   */
 181:Core/Src/main.c **** void Error_Handler(void)
 182:Core/Src/main.c **** {
  27              		.loc 1 182 1 view -0
  28              		.cfi_startproc
  29              		@ Volatile: function does not return.
  30              		@ args = 0, pretend = 0, frame = 0
  31              		@ frame_needed = 0, uses_anonymous_args = 0
  32              		@ link register save eliminated.
 183:Core/Src/main.c ****   /* USER CODE BEGIN Error_Handler_Debug */
 184:Core/Src/main.c ****   /* User can add his own implementation to report the HAL error return state */
 185:Core/Src/main.c ****   __disable_irq();
  33              		.loc 1 185 3 view .LVU1
  34              	.LBB4:
  35              	.LBI4:
  36              		.file 2 "Drivers/CMSIS/Include/cmsis_gcc.h"
   1:Drivers/CMSIS/Include/cmsis_gcc.h **** /**************************************************************************//**
   2:Drivers/CMSIS/Include/cmsis_gcc.h ****  * @file     cmsis_gcc.h
   3:Drivers/CMSIS/Include/cmsis_gcc.h ****  * @brief    CMSIS compiler GCC header file
   4:Drivers/CMSIS/Include/cmsis_gcc.h ****  * @version  V5.0.4
   5:Drivers/CMSIS/Include/cmsis_gcc.h ****  * @date     09. April 2018
   6:Drivers/CMSIS/Include/cmsis_gcc.h ****  ******************************************************************************/
   7:Drivers/CMSIS/Include/cmsis_gcc.h **** /*
   8:Drivers/CMSIS/Include/cmsis_gcc.h ****  * Copyright (c) 2009-2018 Arm Limited. All rights reserved.
ARM GAS  C:\Users\Admin\AppData\Local\Temp\ccXp3ofa.s 			page 5


   9:Drivers/CMSIS/Include/cmsis_gcc.h ****  *
  10:Drivers/CMSIS/Include/cmsis_gcc.h ****  * SPDX-License-Identifier: Apache-2.0
  11:Drivers/CMSIS/Include/cmsis_gcc.h ****  *
  12:Drivers/CMSIS/Include/cmsis_gcc.h ****  * Licensed under the Apache License, Version 2.0 (the License); you may
  13:Drivers/CMSIS/Include/cmsis_gcc.h ****  * not use this file except in compliance with the License.
  14:Drivers/CMSIS/Include/cmsis_gcc.h ****  * You may obtain a copy of the License at
  15:Drivers/CMSIS/Include/cmsis_gcc.h ****  *
  16:Drivers/CMSIS/Include/cmsis_gcc.h ****  * www.apache.org/licenses/LICENSE-2.0
  17:Drivers/CMSIS/Include/cmsis_gcc.h ****  *
  18:Drivers/CMSIS/Include/cmsis_gcc.h ****  * Unless required by applicable law or agreed to in writing, software
  19:Drivers/CMSIS/Include/cmsis_gcc.h ****  * distributed under the License is distributed on an AS IS BASIS, WITHOUT
  20:Drivers/CMSIS/Include/cmsis_gcc.h ****  * WARRANTIES OR CONDITIONS OF ANY KIND, either express or implied.
  21:Drivers/CMSIS/Include/cmsis_gcc.h ****  * See the License for the specific language governing permissions and
  22:Drivers/CMSIS/Include/cmsis_gcc.h ****  * limitations under the License.
  23:Drivers/CMSIS/Include/cmsis_gcc.h ****  */
  24:Drivers/CMSIS/Include/cmsis_gcc.h **** 
  25:Drivers/CMSIS/Include/cmsis_gcc.h **** #ifndef __CMSIS_GCC_H
  26:Drivers/CMSIS/Include/cmsis_gcc.h **** #define __CMSIS_GCC_H
  27:Drivers/CMSIS/Include/cmsis_gcc.h **** 
  28:Drivers/CMSIS/Include/cmsis_gcc.h **** /* ignore some GCC warnings */
  29:Drivers/CMSIS/Include/cmsis_gcc.h **** #pragma GCC diagnostic push
  30:Drivers/CMSIS/Include/cmsis_gcc.h **** #pragma GCC diagnostic ignored "-Wsign-conversion"
  31:Drivers/CMSIS/Include/cmsis_gcc.h **** #pragma GCC diagnostic ignored "-Wconversion"
  32:Drivers/CMSIS/Include/cmsis_gcc.h **** #pragma GCC diagnostic ignored "-Wunused-parameter"
  33:Drivers/CMSIS/Include/cmsis_gcc.h **** 
  34:Drivers/CMSIS/Include/cmsis_gcc.h **** /* Fallback for __has_builtin */
  35:Drivers/CMSIS/Include/cmsis_gcc.h **** #ifndef __has_builtin
  36:Drivers/CMSIS/Include/cmsis_gcc.h ****   #define __has_builtin(x) (0)
  37:Drivers/CMSIS/Include/cmsis_gcc.h **** #endif
  38:Drivers/CMSIS/Include/cmsis_gcc.h **** 
  39:Drivers/CMSIS/Include/cmsis_gcc.h **** /* CMSIS compiler specific defines */
  40:Drivers/CMSIS/Include/cmsis_gcc.h **** #ifndef   __ASM
  41:Drivers/CMSIS/Include/cmsis_gcc.h ****   #define __ASM                                  __asm
  42:Drivers/CMSIS/Include/cmsis_gcc.h **** #endif
  43:Drivers/CMSIS/Include/cmsis_gcc.h **** #ifndef   __INLINE
  44:Drivers/CMSIS/Include/cmsis_gcc.h ****   #define __INLINE                               inline
  45:Drivers/CMSIS/Include/cmsis_gcc.h **** #endif
  46:Drivers/CMSIS/Include/cmsis_gcc.h **** #ifndef   __STATIC_INLINE
  47:Drivers/CMSIS/Include/cmsis_gcc.h ****   #define __STATIC_INLINE                        static inline
  48:Drivers/CMSIS/Include/cmsis_gcc.h **** #endif
  49:Drivers/CMSIS/Include/cmsis_gcc.h **** #ifndef   __STATIC_FORCEINLINE                 
  50:Drivers/CMSIS/Include/cmsis_gcc.h ****   #define __STATIC_FORCEINLINE                   __attribute__((always_inline)) static inline
  51:Drivers/CMSIS/Include/cmsis_gcc.h **** #endif                                           
  52:Drivers/CMSIS/Include/cmsis_gcc.h **** #ifndef   __NO_RETURN
  53:Drivers/CMSIS/Include/cmsis_gcc.h ****   #define __NO_RETURN                            __attribute__((__noreturn__))
  54:Drivers/CMSIS/Include/cmsis_gcc.h **** #endif
  55:Drivers/CMSIS/Include/cmsis_gcc.h **** #ifndef   __USED
  56:Drivers/CMSIS/Include/cmsis_gcc.h ****   #define __USED                                 __attribute__((used))
  57:Drivers/CMSIS/Include/cmsis_gcc.h **** #endif
  58:Drivers/CMSIS/Include/cmsis_gcc.h **** #ifndef   __WEAK
  59:Drivers/CMSIS/Include/cmsis_gcc.h ****   #define __WEAK                                 __attribute__((weak))
  60:Drivers/CMSIS/Include/cmsis_gcc.h **** #endif
  61:Drivers/CMSIS/Include/cmsis_gcc.h **** #ifndef   __PACKED
  62:Drivers/CMSIS/Include/cmsis_gcc.h ****   #define __PACKED                               __attribute__((packed, aligned(1)))
  63:Drivers/CMSIS/Include/cmsis_gcc.h **** #endif
  64:Drivers/CMSIS/Include/cmsis_gcc.h **** #ifndef   __PACKED_STRUCT
  65:Drivers/CMSIS/Include/cmsis_gcc.h ****   #define __PACKED_STRUCT                        struct __attribute__((packed, aligned(1)))
ARM GAS  C:\Users\Admin\AppData\Local\Temp\ccXp3ofa.s 			page 6


  66:Drivers/CMSIS/Include/cmsis_gcc.h **** #endif
  67:Drivers/CMSIS/Include/cmsis_gcc.h **** #ifndef   __PACKED_UNION
  68:Drivers/CMSIS/Include/cmsis_gcc.h ****   #define __PACKED_UNION                         union __attribute__((packed, aligned(1)))
  69:Drivers/CMSIS/Include/cmsis_gcc.h **** #endif
  70:Drivers/CMSIS/Include/cmsis_gcc.h **** #ifndef   __UNALIGNED_UINT32        /* deprecated */
  71:Drivers/CMSIS/Include/cmsis_gcc.h ****   #pragma GCC diagnostic push
  72:Drivers/CMSIS/Include/cmsis_gcc.h ****   #pragma GCC diagnostic ignored "-Wpacked"
  73:Drivers/CMSIS/Include/cmsis_gcc.h ****   #pragma GCC diagnostic ignored "-Wattributes"
  74:Drivers/CMSIS/Include/cmsis_gcc.h ****   struct __attribute__((packed)) T_UINT32 { uint32_t v; };
  75:Drivers/CMSIS/Include/cmsis_gcc.h ****   #pragma GCC diagnostic pop
  76:Drivers/CMSIS/Include/cmsis_gcc.h ****   #define __UNALIGNED_UINT32(x)                  (((struct T_UINT32 *)(x))->v)
  77:Drivers/CMSIS/Include/cmsis_gcc.h **** #endif
  78:Drivers/CMSIS/Include/cmsis_gcc.h **** #ifndef   __UNALIGNED_UINT16_WRITE
  79:Drivers/CMSIS/Include/cmsis_gcc.h ****   #pragma GCC diagnostic push
  80:Drivers/CMSIS/Include/cmsis_gcc.h ****   #pragma GCC diagnostic ignored "-Wpacked"
  81:Drivers/CMSIS/Include/cmsis_gcc.h ****   #pragma GCC diagnostic ignored "-Wattributes"
  82:Drivers/CMSIS/Include/cmsis_gcc.h ****   __PACKED_STRUCT T_UINT16_WRITE { uint16_t v; };
  83:Drivers/CMSIS/Include/cmsis_gcc.h ****   #pragma GCC diagnostic pop
  84:Drivers/CMSIS/Include/cmsis_gcc.h ****   #define __UNALIGNED_UINT16_WRITE(addr, val)    (void)((((struct T_UINT16_WRITE *)(void *)(addr))-
  85:Drivers/CMSIS/Include/cmsis_gcc.h **** #endif
  86:Drivers/CMSIS/Include/cmsis_gcc.h **** #ifndef   __UNALIGNED_UINT16_READ
  87:Drivers/CMSIS/Include/cmsis_gcc.h ****   #pragma GCC diagnostic push
  88:Drivers/CMSIS/Include/cmsis_gcc.h ****   #pragma GCC diagnostic ignored "-Wpacked"
  89:Drivers/CMSIS/Include/cmsis_gcc.h ****   #pragma GCC diagnostic ignored "-Wattributes"
  90:Drivers/CMSIS/Include/cmsis_gcc.h ****   __PACKED_STRUCT T_UINT16_READ { uint16_t v; };
  91:Drivers/CMSIS/Include/cmsis_gcc.h ****   #pragma GCC diagnostic pop
  92:Drivers/CMSIS/Include/cmsis_gcc.h ****   #define __UNALIGNED_UINT16_READ(addr)          (((const struct T_UINT16_READ *)(const void *)(add
  93:Drivers/CMSIS/Include/cmsis_gcc.h **** #endif
  94:Drivers/CMSIS/Include/cmsis_gcc.h **** #ifndef   __UNALIGNED_UINT32_WRITE
  95:Drivers/CMSIS/Include/cmsis_gcc.h ****   #pragma GCC diagnostic push
  96:Drivers/CMSIS/Include/cmsis_gcc.h ****   #pragma GCC diagnostic ignored "-Wpacked"
  97:Drivers/CMSIS/Include/cmsis_gcc.h ****   #pragma GCC diagnostic ignored "-Wattributes"
  98:Drivers/CMSIS/Include/cmsis_gcc.h ****   __PACKED_STRUCT T_UINT32_WRITE { uint32_t v; };
  99:Drivers/CMSIS/Include/cmsis_gcc.h ****   #pragma GCC diagnostic pop
 100:Drivers/CMSIS/Include/cmsis_gcc.h ****   #define __UNALIGNED_UINT32_WRITE(addr, val)    (void)((((struct T_UINT32_WRITE *)(void *)(addr))-
 101:Drivers/CMSIS/Include/cmsis_gcc.h **** #endif
 102:Drivers/CMSIS/Include/cmsis_gcc.h **** #ifndef   __UNALIGNED_UINT32_READ
 103:Drivers/CMSIS/Include/cmsis_gcc.h ****   #pragma GCC diagnostic push
 104:Drivers/CMSIS/Include/cmsis_gcc.h ****   #pragma GCC diagnostic ignored "-Wpacked"
 105:Drivers/CMSIS/Include/cmsis_gcc.h ****   #pragma GCC diagnostic ignored "-Wattributes"
 106:Drivers/CMSIS/Include/cmsis_gcc.h ****   __PACKED_STRUCT T_UINT32_READ { uint32_t v; };
 107:Drivers/CMSIS/Include/cmsis_gcc.h ****   #pragma GCC diagnostic pop
 108:Drivers/CMSIS/Include/cmsis_gcc.h ****   #define __UNALIGNED_UINT32_READ(addr)          (((const struct T_UINT32_READ *)(const void *)(add
 109:Drivers/CMSIS/Include/cmsis_gcc.h **** #endif
 110:Drivers/CMSIS/Include/cmsis_gcc.h **** #ifndef   __ALIGNED
 111:Drivers/CMSIS/Include/cmsis_gcc.h ****   #define __ALIGNED(x)                           __attribute__((aligned(x)))
 112:Drivers/CMSIS/Include/cmsis_gcc.h **** #endif
 113:Drivers/CMSIS/Include/cmsis_gcc.h **** #ifndef   __RESTRICT
 114:Drivers/CMSIS/Include/cmsis_gcc.h ****   #define __RESTRICT                             __restrict
 115:Drivers/CMSIS/Include/cmsis_gcc.h **** #endif
 116:Drivers/CMSIS/Include/cmsis_gcc.h **** 
 117:Drivers/CMSIS/Include/cmsis_gcc.h **** 
 118:Drivers/CMSIS/Include/cmsis_gcc.h **** /* ###########################  Core Function Access  ########################### */
 119:Drivers/CMSIS/Include/cmsis_gcc.h **** /** \ingroup  CMSIS_Core_FunctionInterface
 120:Drivers/CMSIS/Include/cmsis_gcc.h ****     \defgroup CMSIS_Core_RegAccFunctions CMSIS Core Register Access Functions
 121:Drivers/CMSIS/Include/cmsis_gcc.h ****   @{
 122:Drivers/CMSIS/Include/cmsis_gcc.h ****  */
ARM GAS  C:\Users\Admin\AppData\Local\Temp\ccXp3ofa.s 			page 7


 123:Drivers/CMSIS/Include/cmsis_gcc.h **** 
 124:Drivers/CMSIS/Include/cmsis_gcc.h **** /**
 125:Drivers/CMSIS/Include/cmsis_gcc.h ****   \brief   Enable IRQ Interrupts
 126:Drivers/CMSIS/Include/cmsis_gcc.h ****   \details Enables IRQ interrupts by clearing the I-bit in the CPSR.
 127:Drivers/CMSIS/Include/cmsis_gcc.h ****            Can only be executed in Privileged modes.
 128:Drivers/CMSIS/Include/cmsis_gcc.h ****  */
 129:Drivers/CMSIS/Include/cmsis_gcc.h **** __STATIC_FORCEINLINE void __enable_irq(void)
 130:Drivers/CMSIS/Include/cmsis_gcc.h **** {
 131:Drivers/CMSIS/Include/cmsis_gcc.h ****   __ASM volatile ("cpsie i" : : : "memory");
 132:Drivers/CMSIS/Include/cmsis_gcc.h **** }
 133:Drivers/CMSIS/Include/cmsis_gcc.h **** 
 134:Drivers/CMSIS/Include/cmsis_gcc.h **** 
 135:Drivers/CMSIS/Include/cmsis_gcc.h **** /**
 136:Drivers/CMSIS/Include/cmsis_gcc.h ****   \brief   Disable IRQ Interrupts
 137:Drivers/CMSIS/Include/cmsis_gcc.h ****   \details Disables IRQ interrupts by setting the I-bit in the CPSR.
 138:Drivers/CMSIS/Include/cmsis_gcc.h ****            Can only be executed in Privileged modes.
 139:Drivers/CMSIS/Include/cmsis_gcc.h ****  */
 140:Drivers/CMSIS/Include/cmsis_gcc.h **** __STATIC_FORCEINLINE void __disable_irq(void)
  37              		.loc 2 140 27 view .LVU2
  38              	.LBB5:
 141:Drivers/CMSIS/Include/cmsis_gcc.h **** {
 142:Drivers/CMSIS/Include/cmsis_gcc.h ****   __ASM volatile ("cpsid i" : : : "memory");
  39              		.loc 2 142 3 view .LVU3
  40              		.syntax unified
  41              	@ 142 "Drivers/CMSIS/Include/cmsis_gcc.h" 1
  42 0000 72B6     		cpsid i
  43              	@ 0 "" 2
  44              		.thumb
  45              		.syntax unified
  46              	.L2:
  47              	.LBE5:
  48              	.LBE4:
 186:Core/Src/main.c ****   while (1)
  49              		.loc 1 186 3 discriminator 1 view .LVU4
 187:Core/Src/main.c ****   {
 188:Core/Src/main.c ****   }
  50              		.loc 1 188 3 discriminator 1 view .LVU5
 186:Core/Src/main.c ****   while (1)
  51              		.loc 1 186 9 discriminator 1 view .LVU6
  52 0002 FEE7     		b	.L2
  53              		.cfi_endproc
  54              	.LFE70:
  56              		.section	.text.SystemClock_Config,"ax",%progbits
  57              		.align	1
  58              		.global	SystemClock_Config
  59              		.syntax unified
  60              		.thumb
  61              		.thumb_func
  63              	SystemClock_Config:
  64              	.LFB69:
 139:Core/Src/main.c ****   RCC_OscInitTypeDef RCC_OscInitStruct = {0};
  65              		.loc 1 139 1 view -0
  66              		.cfi_startproc
  67              		@ args = 0, pretend = 0, frame = 64
  68              		@ frame_needed = 0, uses_anonymous_args = 0
  69 0000 00B5     		push	{lr}
  70              	.LCFI0:
ARM GAS  C:\Users\Admin\AppData\Local\Temp\ccXp3ofa.s 			page 8


  71              		.cfi_def_cfa_offset 4
  72              		.cfi_offset 14, -4
  73 0002 91B0     		sub	sp, sp, #68
  74              	.LCFI1:
  75              		.cfi_def_cfa_offset 72
 140:Core/Src/main.c ****   RCC_ClkInitTypeDef RCC_ClkInitStruct = {0};
  76              		.loc 1 140 3 view .LVU8
 140:Core/Src/main.c ****   RCC_ClkInitTypeDef RCC_ClkInitStruct = {0};
  77              		.loc 1 140 22 is_stmt 0 view .LVU9
  78 0004 2822     		movs	r2, #40
  79 0006 0021     		movs	r1, #0
  80 0008 06A8     		add	r0, sp, #24
  81 000a FFF7FEFF 		bl	memset
  82              	.LVL0:
 141:Core/Src/main.c **** 
  83              		.loc 1 141 3 is_stmt 1 view .LVU10
 141:Core/Src/main.c **** 
  84              		.loc 1 141 22 is_stmt 0 view .LVU11
  85 000e 0023     		movs	r3, #0
  86 0010 0193     		str	r3, [sp, #4]
  87 0012 0293     		str	r3, [sp, #8]
  88 0014 0393     		str	r3, [sp, #12]
  89 0016 0493     		str	r3, [sp, #16]
  90 0018 0593     		str	r3, [sp, #20]
 146:Core/Src/main.c ****   RCC_OscInitStruct.HSEState = RCC_HSE_ON;
  91              		.loc 1 146 3 is_stmt 1 view .LVU12
 146:Core/Src/main.c ****   RCC_OscInitStruct.HSEState = RCC_HSE_ON;
  92              		.loc 1 146 36 is_stmt 0 view .LVU13
  93 001a 0122     		movs	r2, #1
  94 001c 0692     		str	r2, [sp, #24]
 147:Core/Src/main.c ****   RCC_OscInitStruct.HSEPredivValue = RCC_HSE_PREDIV_DIV1;
  95              		.loc 1 147 3 is_stmt 1 view .LVU14
 147:Core/Src/main.c ****   RCC_OscInitStruct.HSEPredivValue = RCC_HSE_PREDIV_DIV1;
  96              		.loc 1 147 30 is_stmt 0 view .LVU15
  97 001e 4FF48033 		mov	r3, #65536
  98 0022 0793     		str	r3, [sp, #28]
 148:Core/Src/main.c ****   RCC_OscInitStruct.HSIState = RCC_HSI_ON;
  99              		.loc 1 148 3 is_stmt 1 view .LVU16
 149:Core/Src/main.c ****   RCC_OscInitStruct.PLL.PLLState = RCC_PLL_ON;
 100              		.loc 1 149 3 view .LVU17
 149:Core/Src/main.c ****   RCC_OscInitStruct.PLL.PLLState = RCC_PLL_ON;
 101              		.loc 1 149 30 is_stmt 0 view .LVU18
 102 0024 0A92     		str	r2, [sp, #40]
 150:Core/Src/main.c ****   RCC_OscInitStruct.PLL.PLLSource = RCC_PLLSOURCE_HSE;
 103              		.loc 1 150 3 is_stmt 1 view .LVU19
 150:Core/Src/main.c ****   RCC_OscInitStruct.PLL.PLLSource = RCC_PLLSOURCE_HSE;
 104              		.loc 1 150 34 is_stmt 0 view .LVU20
 105 0026 0222     		movs	r2, #2
 106 0028 0D92     		str	r2, [sp, #52]
 151:Core/Src/main.c ****   RCC_OscInitStruct.PLL.PLLMUL = RCC_PLL_MUL9;
 107              		.loc 1 151 3 is_stmt 1 view .LVU21
 151:Core/Src/main.c ****   RCC_OscInitStruct.PLL.PLLMUL = RCC_PLL_MUL9;
 108              		.loc 1 151 35 is_stmt 0 view .LVU22
 109 002a 0E93     		str	r3, [sp, #56]
 152:Core/Src/main.c ****   if (HAL_RCC_OscConfig(&RCC_OscInitStruct) != HAL_OK)
 110              		.loc 1 152 3 is_stmt 1 view .LVU23
 152:Core/Src/main.c ****   if (HAL_RCC_OscConfig(&RCC_OscInitStruct) != HAL_OK)
ARM GAS  C:\Users\Admin\AppData\Local\Temp\ccXp3ofa.s 			page 9


 111              		.loc 1 152 32 is_stmt 0 view .LVU24
 112 002c 4FF4E013 		mov	r3, #1835008
 113 0030 0F93     		str	r3, [sp, #60]
 153:Core/Src/main.c ****   {
 114              		.loc 1 153 3 is_stmt 1 view .LVU25
 153:Core/Src/main.c ****   {
 115              		.loc 1 153 7 is_stmt 0 view .LVU26
 116 0032 06A8     		add	r0, sp, #24
 117 0034 FFF7FEFF 		bl	HAL_RCC_OscConfig
 118              	.LVL1:
 153:Core/Src/main.c ****   {
 119              		.loc 1 153 6 view .LVU27
 120 0038 80B9     		cbnz	r0, .L7
 160:Core/Src/main.c ****                               |RCC_CLOCKTYPE_PCLK1|RCC_CLOCKTYPE_PCLK2;
 121              		.loc 1 160 3 is_stmt 1 view .LVU28
 160:Core/Src/main.c ****                               |RCC_CLOCKTYPE_PCLK1|RCC_CLOCKTYPE_PCLK2;
 122              		.loc 1 160 31 is_stmt 0 view .LVU29
 123 003a 0F23     		movs	r3, #15
 124 003c 0193     		str	r3, [sp, #4]
 162:Core/Src/main.c ****   RCC_ClkInitStruct.AHBCLKDivider = RCC_SYSCLK_DIV1;
 125              		.loc 1 162 3 is_stmt 1 view .LVU30
 162:Core/Src/main.c ****   RCC_ClkInitStruct.AHBCLKDivider = RCC_SYSCLK_DIV1;
 126              		.loc 1 162 34 is_stmt 0 view .LVU31
 127 003e 0221     		movs	r1, #2
 128 0040 0291     		str	r1, [sp, #8]
 163:Core/Src/main.c ****   RCC_ClkInitStruct.APB1CLKDivider = RCC_HCLK_DIV2;
 129              		.loc 1 163 3 is_stmt 1 view .LVU32
 163:Core/Src/main.c ****   RCC_ClkInitStruct.APB1CLKDivider = RCC_HCLK_DIV2;
 130              		.loc 1 163 35 is_stmt 0 view .LVU33
 131 0042 0023     		movs	r3, #0
 132 0044 0393     		str	r3, [sp, #12]
 164:Core/Src/main.c ****   RCC_ClkInitStruct.APB2CLKDivider = RCC_HCLK_DIV1;
 133              		.loc 1 164 3 is_stmt 1 view .LVU34
 164:Core/Src/main.c ****   RCC_ClkInitStruct.APB2CLKDivider = RCC_HCLK_DIV1;
 134              		.loc 1 164 36 is_stmt 0 view .LVU35
 135 0046 4FF48062 		mov	r2, #1024
 136 004a 0492     		str	r2, [sp, #16]
 165:Core/Src/main.c **** 
 137              		.loc 1 165 3 is_stmt 1 view .LVU36
 165:Core/Src/main.c **** 
 138              		.loc 1 165 36 is_stmt 0 view .LVU37
 139 004c 0593     		str	r3, [sp, #20]
 167:Core/Src/main.c ****   {
 140              		.loc 1 167 3 is_stmt 1 view .LVU38
 167:Core/Src/main.c ****   {
 141              		.loc 1 167 7 is_stmt 0 view .LVU39
 142 004e 01A8     		add	r0, sp, #4
 143 0050 FFF7FEFF 		bl	HAL_RCC_ClockConfig
 144              	.LVL2:
 167:Core/Src/main.c ****   {
 145              		.loc 1 167 6 view .LVU40
 146 0054 20B9     		cbnz	r0, .L8
 171:Core/Src/main.c **** 
 147              		.loc 1 171 1 view .LVU41
 148 0056 11B0     		add	sp, sp, #68
 149              	.LCFI2:
 150              		.cfi_remember_state
ARM GAS  C:\Users\Admin\AppData\Local\Temp\ccXp3ofa.s 			page 10


 151              		.cfi_def_cfa_offset 4
 152              		@ sp needed
 153 0058 5DF804FB 		ldr	pc, [sp], #4
 154              	.L7:
 155              	.LCFI3:
 156              		.cfi_restore_state
 155:Core/Src/main.c ****   }
 157              		.loc 1 155 5 is_stmt 1 view .LVU42
 158 005c FFF7FEFF 		bl	Error_Handler
 159              	.LVL3:
 160              	.L8:
 169:Core/Src/main.c ****   }
 161              		.loc 1 169 5 view .LVU43
 162 0060 FFF7FEFF 		bl	Error_Handler
 163              	.LVL4:
 164              		.cfi_endproc
 165              	.LFE69:
 167              		.global	__aeabi_ui2f
 168              		.section	.text.main,"ax",%progbits
 169              		.align	1
 170              		.global	main
 171              		.syntax unified
 172              		.thumb
 173              		.thumb_func
 175              	main:
 176              	.LFB68:
  73:Core/Src/main.c ****   /* USER CODE BEGIN 1 */
 177              		.loc 1 73 1 view -0
 178              		.cfi_startproc
 179              		@ Volatile: function does not return.
 180              		@ args = 0, pretend = 0, frame = 0
 181              		@ frame_needed = 0, uses_anonymous_args = 0
 182 0000 08B5     		push	{r3, lr}
 183              	.LCFI4:
 184              		.cfi_def_cfa_offset 8
 185              		.cfi_offset 3, -8
 186              		.cfi_offset 14, -4
  81:Core/Src/main.c **** 
 187              		.loc 1 81 3 view .LVU45
 188 0002 FFF7FEFF 		bl	HAL_Init
 189              	.LVL5:
  88:Core/Src/main.c **** 
 190              		.loc 1 88 3 view .LVU46
 191 0006 FFF7FEFF 		bl	SystemClock_Config
 192              	.LVL6:
  95:Core/Src/main.c ****   MX_I2C1_Init();
 193              		.loc 1 95 3 view .LVU47
 194 000a FFF7FEFF 		bl	MX_GPIO_Init
 195              	.LVL7:
  96:Core/Src/main.c ****   MX_TIM1_Init();
 196              		.loc 1 96 3 view .LVU48
 197 000e FFF7FEFF 		bl	MX_I2C1_Init
 198              	.LVL8:
  97:Core/Src/main.c ****   /* USER CODE BEGIN 2 */
 199              		.loc 1 97 3 view .LVU49
 200 0012 FFF7FEFF 		bl	MX_TIM1_Init
 201              	.LVL9:
ARM GAS  C:\Users\Admin\AppData\Local\Temp\ccXp3ofa.s 			page 11


  99:Core/Src/main.c ****   // lcd_init();
 202              		.loc 1 99 3 view .LVU50
 203 0016 1648     		ldr	r0, .L12
 204 0018 FFF7FEFF 		bl	HAL_TIM_Base_Start
 205              	.LVL10:
 206              	.L10:
 106:Core/Src/main.c ****   {
 207              		.loc 1 106 3 discriminator 1 view .LVU51
 113:Core/Src/main.c ****     Presence = DHT11_Check_Response();
 208              		.loc 1 113 5 discriminator 1 view .LVU52
 209 001c FFF7FEFF 		bl	DHT11_Start
 210              	.LVL11:
 114:Core/Src/main.c ****     Rh_byte1 = DHT11_Read();
 211              		.loc 1 114 5 discriminator 1 view .LVU53
 114:Core/Src/main.c ****     Rh_byte1 = DHT11_Read();
 212              		.loc 1 114 16 is_stmt 0 discriminator 1 view .LVU54
 213 0020 FFF7FEFF 		bl	DHT11_Check_Response
 214              	.LVL12:
 114:Core/Src/main.c ****     Rh_byte1 = DHT11_Read();
 215              		.loc 1 114 14 discriminator 1 view .LVU55
 216 0024 134B     		ldr	r3, .L12+4
 217 0026 1870     		strb	r0, [r3]
 115:Core/Src/main.c ****     Rh_byte2 = DHT11_Read();
 218              		.loc 1 115 5 is_stmt 1 discriminator 1 view .LVU56
 115:Core/Src/main.c ****     Rh_byte2 = DHT11_Read();
 219              		.loc 1 115 16 is_stmt 0 discriminator 1 view .LVU57
 220 0028 FFF7FEFF 		bl	DHT11_Read
 221              	.LVL13:
 115:Core/Src/main.c ****     Rh_byte2 = DHT11_Read();
 222              		.loc 1 115 14 discriminator 1 view .LVU58
 223 002c 124C     		ldr	r4, .L12+8
 224 002e 2070     		strb	r0, [r4]
 116:Core/Src/main.c ****     Temp_byte1 = DHT11_Read();
 225              		.loc 1 116 5 is_stmt 1 discriminator 1 view .LVU59
 116:Core/Src/main.c ****     Temp_byte1 = DHT11_Read();
 226              		.loc 1 116 16 is_stmt 0 discriminator 1 view .LVU60
 227 0030 FFF7FEFF 		bl	DHT11_Read
 228              	.LVL14:
 116:Core/Src/main.c ****     Temp_byte1 = DHT11_Read();
 229              		.loc 1 116 14 discriminator 1 view .LVU61
 230 0034 114B     		ldr	r3, .L12+12
 231 0036 1870     		strb	r0, [r3]
 117:Core/Src/main.c ****     Temp_byte2 = DHT11_Read();
 232              		.loc 1 117 5 is_stmt 1 discriminator 1 view .LVU62
 117:Core/Src/main.c ****     Temp_byte2 = DHT11_Read();
 233              		.loc 1 117 18 is_stmt 0 discriminator 1 view .LVU63
 234 0038 FFF7FEFF 		bl	DHT11_Read
 235              	.LVL15:
 117:Core/Src/main.c ****     Temp_byte2 = DHT11_Read();
 236              		.loc 1 117 16 discriminator 1 view .LVU64
 237 003c 104D     		ldr	r5, .L12+16
 238 003e 2870     		strb	r0, [r5]
 118:Core/Src/main.c ****     SUM = DHT11_Read();
 239              		.loc 1 118 5 is_stmt 1 discriminator 1 view .LVU65
 118:Core/Src/main.c ****     SUM = DHT11_Read();
 240              		.loc 1 118 18 is_stmt 0 discriminator 1 view .LVU66
 241 0040 FFF7FEFF 		bl	DHT11_Read
ARM GAS  C:\Users\Admin\AppData\Local\Temp\ccXp3ofa.s 			page 12


 242              	.LVL16:
 118:Core/Src/main.c ****     SUM = DHT11_Read();
 243              		.loc 1 118 16 discriminator 1 view .LVU67
 244 0044 0F4B     		ldr	r3, .L12+20
 245 0046 1870     		strb	r0, [r3]
 119:Core/Src/main.c **** 
 246              		.loc 1 119 5 is_stmt 1 discriminator 1 view .LVU68
 119:Core/Src/main.c **** 
 247              		.loc 1 119 11 is_stmt 0 discriminator 1 view .LVU69
 248 0048 FFF7FEFF 		bl	DHT11_Read
 249              	.LVL17:
 119:Core/Src/main.c **** 
 250              		.loc 1 119 9 discriminator 1 view .LVU70
 251 004c 0E4B     		ldr	r3, .L12+24
 252 004e 1880     		strh	r0, [r3]	@ movhi
 121:Core/Src/main.c ****     RH = Rh_byte1;
 253              		.loc 1 121 5 is_stmt 1 discriminator 1 view .LVU71
 121:Core/Src/main.c ****     RH = Rh_byte1;
 254              		.loc 1 121 10 is_stmt 0 discriminator 1 view .LVU72
 255 0050 2878     		ldrb	r0, [r5]	@ zero_extendqisi2
 256 0052 0E4B     		ldr	r3, .L12+28
 257 0054 1880     		strh	r0, [r3]	@ movhi
 122:Core/Src/main.c **** 
 258              		.loc 1 122 5 is_stmt 1 discriminator 1 view .LVU73
 122:Core/Src/main.c **** 
 259              		.loc 1 122 8 is_stmt 0 discriminator 1 view .LVU74
 260 0056 2478     		ldrb	r4, [r4]	@ zero_extendqisi2
 261 0058 0D4B     		ldr	r3, .L12+32
 262 005a 1C80     		strh	r4, [r3]	@ movhi
 124:Core/Src/main.c ****     Humidity = (float)RH;
 263              		.loc 1 124 5 is_stmt 1 discriminator 1 view .LVU75
 124:Core/Src/main.c ****     Humidity = (float)RH;
 264              		.loc 1 124 19 is_stmt 0 discriminator 1 view .LVU76
 265 005c FFF7FEFF 		bl	__aeabi_ui2f
 266              	.LVL18:
 124:Core/Src/main.c ****     Humidity = (float)RH;
 267              		.loc 1 124 17 discriminator 1 view .LVU77
 268 0060 0C4B     		ldr	r3, .L12+36
 269 0062 1860     		str	r0, [r3]	@ float
 125:Core/Src/main.c ****     // lcd_send_float_number(Temperature, 2);
 270              		.loc 1 125 5 is_stmt 1 discriminator 1 view .LVU78
 125:Core/Src/main.c ****     // lcd_send_float_number(Temperature, 2);
 271              		.loc 1 125 16 is_stmt 0 discriminator 1 view .LVU79
 272 0064 2046     		mov	r0, r4
 273 0066 FFF7FEFF 		bl	__aeabi_ui2f
 274              	.LVL19:
 125:Core/Src/main.c ****     // lcd_send_float_number(Temperature, 2);
 275              		.loc 1 125 14 discriminator 1 view .LVU80
 276 006a 0B4B     		ldr	r3, .L12+40
 277 006c 1860     		str	r0, [r3]	@ float
 106:Core/Src/main.c ****   {
 278              		.loc 1 106 9 is_stmt 1 discriminator 1 view .LVU81
 279 006e D5E7     		b	.L10
 280              	.L13:
 281              		.align	2
 282              	.L12:
 283 0070 00000000 		.word	htim1
ARM GAS  C:\Users\Admin\AppData\Local\Temp\ccXp3ofa.s 			page 13


 284 0074 00000000 		.word	.LANCHOR0
 285 0078 00000000 		.word	.LANCHOR1
 286 007c 00000000 		.word	.LANCHOR2
 287 0080 00000000 		.word	.LANCHOR3
 288 0084 00000000 		.word	.LANCHOR4
 289 0088 00000000 		.word	.LANCHOR5
 290 008c 00000000 		.word	.LANCHOR6
 291 0090 00000000 		.word	.LANCHOR7
 292 0094 00000000 		.word	.LANCHOR8
 293 0098 00000000 		.word	.LANCHOR9
 294              		.cfi_endproc
 295              	.LFE68:
 297              		.global	Presence
 298              		.global	Humidity
 299              		.global	Temperature
 300              		.global	TEMP
 301              		.global	RH
 302              		.global	SUM
 303              		.global	Temp_byte2
 304              		.global	Temp_byte1
 305              		.global	Rh_byte2
 306              		.global	Rh_byte1
 307              		.section	.bss.Humidity,"aw",%nobits
 308              		.align	2
 309              		.set	.LANCHOR9,. + 0
 312              	Humidity:
 313 0000 00000000 		.space	4
 314              		.section	.bss.Presence,"aw",%nobits
 315              		.set	.LANCHOR0,. + 0
 318              	Presence:
 319 0000 00       		.space	1
 320              		.section	.bss.RH,"aw",%nobits
 321              		.align	1
 322              		.set	.LANCHOR7,. + 0
 325              	RH:
 326 0000 0000     		.space	2
 327              		.section	.bss.Rh_byte1,"aw",%nobits
 328              		.set	.LANCHOR1,. + 0
 331              	Rh_byte1:
 332 0000 00       		.space	1
 333              		.section	.bss.Rh_byte2,"aw",%nobits
 334              		.set	.LANCHOR2,. + 0
 337              	Rh_byte2:
 338 0000 00       		.space	1
 339              		.section	.bss.SUM,"aw",%nobits
 340              		.align	1
 341              		.set	.LANCHOR5,. + 0
 344              	SUM:
 345 0000 0000     		.space	2
 346              		.section	.bss.TEMP,"aw",%nobits
 347              		.align	1
 348              		.set	.LANCHOR6,. + 0
 351              	TEMP:
 352 0000 0000     		.space	2
 353              		.section	.bss.Temp_byte1,"aw",%nobits
 354              		.set	.LANCHOR3,. + 0
 357              	Temp_byte1:
ARM GAS  C:\Users\Admin\AppData\Local\Temp\ccXp3ofa.s 			page 14


 358 0000 00       		.space	1
 359              		.section	.bss.Temp_byte2,"aw",%nobits
 360              		.set	.LANCHOR4,. + 0
 363              	Temp_byte2:
 364 0000 00       		.space	1
 365              		.section	.bss.Temperature,"aw",%nobits
 366              		.align	2
 367              		.set	.LANCHOR8,. + 0
 370              	Temperature:
 371 0000 00000000 		.space	4
 372              		.text
 373              	.Letext0:
 374              		.file 3 "d:\\10 2021.10\\arm-none-eabi\\include\\machine\\_default_types.h"
 375              		.file 4 "d:\\10 2021.10\\arm-none-eabi\\include\\sys\\_stdint.h"
 376              		.file 5 "Drivers/CMSIS/Device/ST/STM32F1xx/Include/stm32f103xb.h"
 377              		.file 6 "Drivers/STM32F1xx_HAL_Driver/Inc/stm32f1xx_hal_def.h"
 378              		.file 7 "Drivers/STM32F1xx_HAL_Driver/Inc/stm32f1xx_hal_rcc.h"
 379              		.file 8 "Drivers/STM32F1xx_HAL_Driver/Inc/stm32f1xx_hal_rcc_ex.h"
 380              		.file 9 "Drivers/STM32F1xx_HAL_Driver/Inc/stm32f1xx_hal_dma.h"
 381              		.file 10 "Drivers/STM32F1xx_HAL_Driver/Inc/stm32f1xx_hal_tim.h"
 382              		.file 11 "Core/Inc/tim.h"
 383              		.file 12 "Drivers/STM32F1xx_HAL_Driver/Inc/stm32f1xx_hal.h"
 384              		.file 13 "Core/Inc/gpio.h"
 385              		.file 14 "Core/Inc/i2c.h"
 386              		.file 15 "Core/Inc/dht11.h"
 387              		.file 16 "<built-in>"
ARM GAS  C:\Users\Admin\AppData\Local\Temp\ccXp3ofa.s 			page 15


DEFINED SYMBOLS
                            *ABS*:00000000 main.c
C:\Users\Admin\AppData\Local\Temp\ccXp3ofa.s:18     .text.Error_Handler:00000000 $t
C:\Users\Admin\AppData\Local\Temp\ccXp3ofa.s:24     .text.Error_Handler:00000000 Error_Handler
C:\Users\Admin\AppData\Local\Temp\ccXp3ofa.s:57     .text.SystemClock_Config:00000000 $t
C:\Users\Admin\AppData\Local\Temp\ccXp3ofa.s:63     .text.SystemClock_Config:00000000 SystemClock_Config
C:\Users\Admin\AppData\Local\Temp\ccXp3ofa.s:169    .text.main:00000000 $t
C:\Users\Admin\AppData\Local\Temp\ccXp3ofa.s:175    .text.main:00000000 main
C:\Users\Admin\AppData\Local\Temp\ccXp3ofa.s:283    .text.main:00000070 $d
C:\Users\Admin\AppData\Local\Temp\ccXp3ofa.s:318    .bss.Presence:00000000 Presence
C:\Users\Admin\AppData\Local\Temp\ccXp3ofa.s:312    .bss.Humidity:00000000 Humidity
C:\Users\Admin\AppData\Local\Temp\ccXp3ofa.s:370    .bss.Temperature:00000000 Temperature
C:\Users\Admin\AppData\Local\Temp\ccXp3ofa.s:351    .bss.TEMP:00000000 TEMP
C:\Users\Admin\AppData\Local\Temp\ccXp3ofa.s:325    .bss.RH:00000000 RH
C:\Users\Admin\AppData\Local\Temp\ccXp3ofa.s:344    .bss.SUM:00000000 SUM
C:\Users\Admin\AppData\Local\Temp\ccXp3ofa.s:363    .bss.Temp_byte2:00000000 Temp_byte2
C:\Users\Admin\AppData\Local\Temp\ccXp3ofa.s:357    .bss.Temp_byte1:00000000 Temp_byte1
C:\Users\Admin\AppData\Local\Temp\ccXp3ofa.s:337    .bss.Rh_byte2:00000000 Rh_byte2
C:\Users\Admin\AppData\Local\Temp\ccXp3ofa.s:331    .bss.Rh_byte1:00000000 Rh_byte1
C:\Users\Admin\AppData\Local\Temp\ccXp3ofa.s:308    .bss.Humidity:00000000 $d
C:\Users\Admin\AppData\Local\Temp\ccXp3ofa.s:319    .bss.Presence:00000000 $d
C:\Users\Admin\AppData\Local\Temp\ccXp3ofa.s:321    .bss.RH:00000000 $d
C:\Users\Admin\AppData\Local\Temp\ccXp3ofa.s:332    .bss.Rh_byte1:00000000 $d
C:\Users\Admin\AppData\Local\Temp\ccXp3ofa.s:338    .bss.Rh_byte2:00000000 $d
C:\Users\Admin\AppData\Local\Temp\ccXp3ofa.s:340    .bss.SUM:00000000 $d
C:\Users\Admin\AppData\Local\Temp\ccXp3ofa.s:347    .bss.TEMP:00000000 $d
C:\Users\Admin\AppData\Local\Temp\ccXp3ofa.s:358    .bss.Temp_byte1:00000000 $d
C:\Users\Admin\AppData\Local\Temp\ccXp3ofa.s:364    .bss.Temp_byte2:00000000 $d
C:\Users\Admin\AppData\Local\Temp\ccXp3ofa.s:366    .bss.Temperature:00000000 $d

UNDEFINED SYMBOLS
memset
HAL_RCC_OscConfig
HAL_RCC_ClockConfig
__aeabi_ui2f
HAL_Init
MX_GPIO_Init
MX_I2C1_Init
MX_TIM1_Init
HAL_TIM_Base_Start
DHT11_Start
DHT11_Check_Response
DHT11_Read
htim1
