ARM GAS  C:\Users\Admin\AppData\Local\Temp\ccbqyJvN.s 			page 1


   1              		.cpu cortex-m3
   2              		.arch armv7-m
   3              		.fpu softvfp
   4              		.eabi_attribute 20, 1
   5              		.eabi_attribute 21, 1
   6              		.eabi_attribute 23, 3
   7              		.eabi_attribute 24, 1
   8              		.eabi_attribute 25, 1
   9              		.eabi_attribute 26, 1
  10              		.eabi_attribute 30, 1
  11              		.eabi_attribute 34, 1
  12              		.eabi_attribute 18, 4
  13              		.file	"main.c"
  14              		.text
  15              	.Ltext0:
  16              		.cfi_sections	.debug_frame
  17              		.section	.text.Error_Handler,"ax",%progbits
  18              		.align	1
  19              		.global	Error_Handler
  20              		.syntax unified
  21              		.thumb
  22              		.thumb_func
  24              	Error_Handler:
  25              	.LFB67:
  26              		.file 1 "Core/Src/main.c"
   1:Core/Src/main.c **** /* USER CODE BEGIN Header */
   2:Core/Src/main.c **** /**
   3:Core/Src/main.c ****   ******************************************************************************
   4:Core/Src/main.c ****   * @file           : main.c
   5:Core/Src/main.c ****   * @brief          : Main program body
   6:Core/Src/main.c ****   ******************************************************************************
   7:Core/Src/main.c ****   * @attention
   8:Core/Src/main.c ****   *
   9:Core/Src/main.c ****   * Copyright (c) 2022 STMicroelectronics.
  10:Core/Src/main.c ****   * All rights reserved.
  11:Core/Src/main.c ****   *
  12:Core/Src/main.c ****   * This software is licensed under terms that can be found in the LICENSE file
  13:Core/Src/main.c ****   * in the root directory of this software component.
  14:Core/Src/main.c ****   * If no LICENSE file comes with this software, it is provided AS-IS.
  15:Core/Src/main.c ****   *
  16:Core/Src/main.c ****   ******************************************************************************
  17:Core/Src/main.c ****   */
  18:Core/Src/main.c **** /* USER CODE END Header */
  19:Core/Src/main.c **** /* Includes ------------------------------------------------------------------*/
  20:Core/Src/main.c **** #include "main.h"
  21:Core/Src/main.c **** #include "rtc.h"
  22:Core/Src/main.c **** #include "usart.h"
  23:Core/Src/main.c **** #include "gpio.h"
  24:Core/Src/main.c **** 
  25:Core/Src/main.c **** /* Private includes ----------------------------------------------------------*/
  26:Core/Src/main.c **** /* USER CODE BEGIN Includes */
  27:Core/Src/main.c **** 
  28:Core/Src/main.c **** /* USER CODE END Includes */
  29:Core/Src/main.c **** 
  30:Core/Src/main.c **** /* Private typedef -----------------------------------------------------------*/
  31:Core/Src/main.c **** /* USER CODE BEGIN PTD */
  32:Core/Src/main.c **** 
ARM GAS  C:\Users\Admin\AppData\Local\Temp\ccbqyJvN.s 			page 2


  33:Core/Src/main.c **** /* USER CODE END PTD */
  34:Core/Src/main.c **** 
  35:Core/Src/main.c **** /* Private define ------------------------------------------------------------*/
  36:Core/Src/main.c **** /* USER CODE BEGIN PD */
  37:Core/Src/main.c **** /* USER CODE END PD */
  38:Core/Src/main.c **** 
  39:Core/Src/main.c **** /* Private macro -------------------------------------------------------------*/
  40:Core/Src/main.c **** /* USER CODE BEGIN PM */
  41:Core/Src/main.c **** 
  42:Core/Src/main.c **** /* USER CODE END PM */
  43:Core/Src/main.c **** 
  44:Core/Src/main.c **** /* Private variables ---------------------------------------------------------*/
  45:Core/Src/main.c **** 
  46:Core/Src/main.c **** /* USER CODE BEGIN PV */
  47:Core/Src/main.c **** RTC_TimeTypeDef sTime = {0};
  48:Core/Src/main.c **** RTC_DateTypeDef sDate = {0};
  49:Core/Src/main.c **** /* USER CODE END PV */
  50:Core/Src/main.c **** 
  51:Core/Src/main.c **** /* Private function prototypes -----------------------------------------------*/
  52:Core/Src/main.c **** void SystemClock_Config(void);
  53:Core/Src/main.c **** /* USER CODE BEGIN PFP */
  54:Core/Src/main.c **** 
  55:Core/Src/main.c **** /* USER CODE END PFP */
  56:Core/Src/main.c **** 
  57:Core/Src/main.c **** /* Private user code ---------------------------------------------------------*/
  58:Core/Src/main.c **** /* USER CODE BEGIN 0 */
  59:Core/Src/main.c **** 
  60:Core/Src/main.c **** /* USER CODE END 0 */
  61:Core/Src/main.c **** 
  62:Core/Src/main.c **** /**
  63:Core/Src/main.c ****   * @brief  The application entry point.
  64:Core/Src/main.c ****   * @retval int
  65:Core/Src/main.c ****   */
  66:Core/Src/main.c **** int main(void)
  67:Core/Src/main.c **** {
  68:Core/Src/main.c ****   /* USER CODE BEGIN 1 */
  69:Core/Src/main.c **** 
  70:Core/Src/main.c ****   /* USER CODE END 1 */
  71:Core/Src/main.c **** 
  72:Core/Src/main.c ****   /* MCU Configuration--------------------------------------------------------*/
  73:Core/Src/main.c **** 
  74:Core/Src/main.c ****   /* Reset of all peripherals, Initializes the Flash interface and the Systick. */
  75:Core/Src/main.c ****   HAL_Init();
  76:Core/Src/main.c **** 
  77:Core/Src/main.c ****   /* USER CODE BEGIN Init */
  78:Core/Src/main.c **** 
  79:Core/Src/main.c ****   /* USER CODE END Init */
  80:Core/Src/main.c **** 
  81:Core/Src/main.c ****   /* Configure the system clock */
  82:Core/Src/main.c ****   SystemClock_Config();
  83:Core/Src/main.c **** 
  84:Core/Src/main.c ****   /* USER CODE BEGIN SysInit */
  85:Core/Src/main.c **** 
  86:Core/Src/main.c ****   /* USER CODE END SysInit */
  87:Core/Src/main.c **** 
  88:Core/Src/main.c ****   /* Initialize all configured peripherals */
  89:Core/Src/main.c ****   MX_GPIO_Init();
ARM GAS  C:\Users\Admin\AppData\Local\Temp\ccbqyJvN.s 			page 3


  90:Core/Src/main.c ****   MX_RTC_Init();
  91:Core/Src/main.c ****   MX_USART1_UART_Init();
  92:Core/Src/main.c ****   /* USER CODE BEGIN 2 */
  93:Core/Src/main.c **** 
  94:Core/Src/main.c ****   /* USER CODE END 2 */
  95:Core/Src/main.c **** 
  96:Core/Src/main.c ****   /* Infinite loop */
  97:Core/Src/main.c ****   /* USER CODE BEGIN WHILE */
  98:Core/Src/main.c ****   while (1)
  99:Core/Src/main.c ****   {
 100:Core/Src/main.c ****     /* USER CODE END WHILE */
 101:Core/Src/main.c **** 
 102:Core/Src/main.c ****     /* USER CODE BEGIN 3 */
 103:Core/Src/main.c ****     HAL_RTC_GetTime(&hrtc, &sTime, RTC_FORMAT_BIN);
 104:Core/Src/main.c ****     HAL_RTC_GetDate(&hrtc, &sDate, RTC_FORMAT_BIN);
 105:Core/Src/main.c ****   }
 106:Core/Src/main.c ****   /* USER CODE END 3 */
 107:Core/Src/main.c **** }
 108:Core/Src/main.c **** 
 109:Core/Src/main.c **** /**
 110:Core/Src/main.c ****   * @brief System Clock Configuration
 111:Core/Src/main.c ****   * @retval None
 112:Core/Src/main.c ****   */
 113:Core/Src/main.c **** void SystemClock_Config(void)
 114:Core/Src/main.c **** {
 115:Core/Src/main.c ****   RCC_OscInitTypeDef RCC_OscInitStruct = {0};
 116:Core/Src/main.c ****   RCC_ClkInitTypeDef RCC_ClkInitStruct = {0};
 117:Core/Src/main.c ****   RCC_PeriphCLKInitTypeDef PeriphClkInit = {0};
 118:Core/Src/main.c **** 
 119:Core/Src/main.c ****   /** Initializes the RCC Oscillators according to the specified parameters
 120:Core/Src/main.c ****   * in the RCC_OscInitTypeDef structure.
 121:Core/Src/main.c ****   */
 122:Core/Src/main.c ****   RCC_OscInitStruct.OscillatorType = RCC_OSCILLATORTYPE_HSI|RCC_OSCILLATORTYPE_HSE;
 123:Core/Src/main.c ****   RCC_OscInitStruct.HSEState = RCC_HSE_ON;
 124:Core/Src/main.c ****   RCC_OscInitStruct.HSIState = RCC_HSI_ON;
 125:Core/Src/main.c ****   RCC_OscInitStruct.HSICalibrationValue = RCC_HSICALIBRATION_DEFAULT;
 126:Core/Src/main.c ****   RCC_OscInitStruct.PLL.PLLState = RCC_PLL_NONE;
 127:Core/Src/main.c ****   if (HAL_RCC_OscConfig(&RCC_OscInitStruct) != HAL_OK)
 128:Core/Src/main.c ****   {
 129:Core/Src/main.c ****     Error_Handler();
 130:Core/Src/main.c ****   }
 131:Core/Src/main.c **** 
 132:Core/Src/main.c ****   /** Initializes the CPU, AHB and APB buses clocks
 133:Core/Src/main.c ****   */
 134:Core/Src/main.c ****   RCC_ClkInitStruct.ClockType = RCC_CLOCKTYPE_HCLK|RCC_CLOCKTYPE_SYSCLK
 135:Core/Src/main.c ****                               |RCC_CLOCKTYPE_PCLK1|RCC_CLOCKTYPE_PCLK2;
 136:Core/Src/main.c ****   RCC_ClkInitStruct.SYSCLKSource = RCC_SYSCLKSOURCE_HSI;
 137:Core/Src/main.c ****   RCC_ClkInitStruct.AHBCLKDivider = RCC_SYSCLK_DIV1;
 138:Core/Src/main.c ****   RCC_ClkInitStruct.APB1CLKDivider = RCC_HCLK_DIV1;
 139:Core/Src/main.c ****   RCC_ClkInitStruct.APB2CLKDivider = RCC_HCLK_DIV1;
 140:Core/Src/main.c **** 
 141:Core/Src/main.c ****   if (HAL_RCC_ClockConfig(&RCC_ClkInitStruct, FLASH_LATENCY_0) != HAL_OK)
 142:Core/Src/main.c ****   {
 143:Core/Src/main.c ****     Error_Handler();
 144:Core/Src/main.c ****   }
 145:Core/Src/main.c ****   PeriphClkInit.PeriphClockSelection = RCC_PERIPHCLK_RTC;
 146:Core/Src/main.c ****   PeriphClkInit.RTCClockSelection = RCC_RTCCLKSOURCE_HSE_DIV128;
ARM GAS  C:\Users\Admin\AppData\Local\Temp\ccbqyJvN.s 			page 4


 147:Core/Src/main.c ****   if (HAL_RCCEx_PeriphCLKConfig(&PeriphClkInit) != HAL_OK)
 148:Core/Src/main.c ****   {
 149:Core/Src/main.c ****     Error_Handler();
 150:Core/Src/main.c ****   }
 151:Core/Src/main.c **** }
 152:Core/Src/main.c **** 
 153:Core/Src/main.c **** /* USER CODE BEGIN 4 */
 154:Core/Src/main.c **** 
 155:Core/Src/main.c **** /* USER CODE END 4 */
 156:Core/Src/main.c **** 
 157:Core/Src/main.c **** /**
 158:Core/Src/main.c ****   * @brief  This function is executed in case of error occurrence.
 159:Core/Src/main.c ****   * @retval None
 160:Core/Src/main.c ****   */
 161:Core/Src/main.c **** void Error_Handler(void)
 162:Core/Src/main.c **** {
  27              		.loc 1 162 1 view -0
  28              		.cfi_startproc
  29              		@ Volatile: function does not return.
  30              		@ args = 0, pretend = 0, frame = 0
  31              		@ frame_needed = 0, uses_anonymous_args = 0
  32              		@ link register save eliminated.
 163:Core/Src/main.c ****   /* USER CODE BEGIN Error_Handler_Debug */
 164:Core/Src/main.c ****   /* User can add his own implementation to report the HAL error return state */
 165:Core/Src/main.c ****   __disable_irq();
  33              		.loc 1 165 3 view .LVU1
  34              	.LBB4:
  35              	.LBI4:
  36              		.file 2 "Drivers/CMSIS/Include/cmsis_gcc.h"
   1:Drivers/CMSIS/Include/cmsis_gcc.h **** /**************************************************************************//**
   2:Drivers/CMSIS/Include/cmsis_gcc.h ****  * @file     cmsis_gcc.h
   3:Drivers/CMSIS/Include/cmsis_gcc.h ****  * @brief    CMSIS compiler GCC header file
   4:Drivers/CMSIS/Include/cmsis_gcc.h ****  * @version  V5.0.4
   5:Drivers/CMSIS/Include/cmsis_gcc.h ****  * @date     09. April 2018
   6:Drivers/CMSIS/Include/cmsis_gcc.h ****  ******************************************************************************/
   7:Drivers/CMSIS/Include/cmsis_gcc.h **** /*
   8:Drivers/CMSIS/Include/cmsis_gcc.h ****  * Copyright (c) 2009-2018 Arm Limited. All rights reserved.
   9:Drivers/CMSIS/Include/cmsis_gcc.h ****  *
  10:Drivers/CMSIS/Include/cmsis_gcc.h ****  * SPDX-License-Identifier: Apache-2.0
  11:Drivers/CMSIS/Include/cmsis_gcc.h ****  *
  12:Drivers/CMSIS/Include/cmsis_gcc.h ****  * Licensed under the Apache License, Version 2.0 (the License); you may
  13:Drivers/CMSIS/Include/cmsis_gcc.h ****  * not use this file except in compliance with the License.
  14:Drivers/CMSIS/Include/cmsis_gcc.h ****  * You may obtain a copy of the License at
  15:Drivers/CMSIS/Include/cmsis_gcc.h ****  *
  16:Drivers/CMSIS/Include/cmsis_gcc.h ****  * www.apache.org/licenses/LICENSE-2.0
  17:Drivers/CMSIS/Include/cmsis_gcc.h ****  *
  18:Drivers/CMSIS/Include/cmsis_gcc.h ****  * Unless required by applicable law or agreed to in writing, software
  19:Drivers/CMSIS/Include/cmsis_gcc.h ****  * distributed under the License is distributed on an AS IS BASIS, WITHOUT
  20:Drivers/CMSIS/Include/cmsis_gcc.h ****  * WARRANTIES OR CONDITIONS OF ANY KIND, either express or implied.
  21:Drivers/CMSIS/Include/cmsis_gcc.h ****  * See the License for the specific language governing permissions and
  22:Drivers/CMSIS/Include/cmsis_gcc.h ****  * limitations under the License.
  23:Drivers/CMSIS/Include/cmsis_gcc.h ****  */
  24:Drivers/CMSIS/Include/cmsis_gcc.h **** 
  25:Drivers/CMSIS/Include/cmsis_gcc.h **** #ifndef __CMSIS_GCC_H
  26:Drivers/CMSIS/Include/cmsis_gcc.h **** #define __CMSIS_GCC_H
  27:Drivers/CMSIS/Include/cmsis_gcc.h **** 
  28:Drivers/CMSIS/Include/cmsis_gcc.h **** /* ignore some GCC warnings */
ARM GAS  C:\Users\Admin\AppData\Local\Temp\ccbqyJvN.s 			page 5


  29:Drivers/CMSIS/Include/cmsis_gcc.h **** #pragma GCC diagnostic push
  30:Drivers/CMSIS/Include/cmsis_gcc.h **** #pragma GCC diagnostic ignored "-Wsign-conversion"
  31:Drivers/CMSIS/Include/cmsis_gcc.h **** #pragma GCC diagnostic ignored "-Wconversion"
  32:Drivers/CMSIS/Include/cmsis_gcc.h **** #pragma GCC diagnostic ignored "-Wunused-parameter"
  33:Drivers/CMSIS/Include/cmsis_gcc.h **** 
  34:Drivers/CMSIS/Include/cmsis_gcc.h **** /* Fallback for __has_builtin */
  35:Drivers/CMSIS/Include/cmsis_gcc.h **** #ifndef __has_builtin
  36:Drivers/CMSIS/Include/cmsis_gcc.h ****   #define __has_builtin(x) (0)
  37:Drivers/CMSIS/Include/cmsis_gcc.h **** #endif
  38:Drivers/CMSIS/Include/cmsis_gcc.h **** 
  39:Drivers/CMSIS/Include/cmsis_gcc.h **** /* CMSIS compiler specific defines */
  40:Drivers/CMSIS/Include/cmsis_gcc.h **** #ifndef   __ASM
  41:Drivers/CMSIS/Include/cmsis_gcc.h ****   #define __ASM                                  __asm
  42:Drivers/CMSIS/Include/cmsis_gcc.h **** #endif
  43:Drivers/CMSIS/Include/cmsis_gcc.h **** #ifndef   __INLINE
  44:Drivers/CMSIS/Include/cmsis_gcc.h ****   #define __INLINE                               inline
  45:Drivers/CMSIS/Include/cmsis_gcc.h **** #endif
  46:Drivers/CMSIS/Include/cmsis_gcc.h **** #ifndef   __STATIC_INLINE
  47:Drivers/CMSIS/Include/cmsis_gcc.h ****   #define __STATIC_INLINE                        static inline
  48:Drivers/CMSIS/Include/cmsis_gcc.h **** #endif
  49:Drivers/CMSIS/Include/cmsis_gcc.h **** #ifndef   __STATIC_FORCEINLINE                 
  50:Drivers/CMSIS/Include/cmsis_gcc.h ****   #define __STATIC_FORCEINLINE                   __attribute__((always_inline)) static inline
  51:Drivers/CMSIS/Include/cmsis_gcc.h **** #endif                                           
  52:Drivers/CMSIS/Include/cmsis_gcc.h **** #ifndef   __NO_RETURN
  53:Drivers/CMSIS/Include/cmsis_gcc.h ****   #define __NO_RETURN                            __attribute__((__noreturn__))
  54:Drivers/CMSIS/Include/cmsis_gcc.h **** #endif
  55:Drivers/CMSIS/Include/cmsis_gcc.h **** #ifndef   __USED
  56:Drivers/CMSIS/Include/cmsis_gcc.h ****   #define __USED                                 __attribute__((used))
  57:Drivers/CMSIS/Include/cmsis_gcc.h **** #endif
  58:Drivers/CMSIS/Include/cmsis_gcc.h **** #ifndef   __WEAK
  59:Drivers/CMSIS/Include/cmsis_gcc.h ****   #define __WEAK                                 __attribute__((weak))
  60:Drivers/CMSIS/Include/cmsis_gcc.h **** #endif
  61:Drivers/CMSIS/Include/cmsis_gcc.h **** #ifndef   __PACKED
  62:Drivers/CMSIS/Include/cmsis_gcc.h ****   #define __PACKED                               __attribute__((packed, aligned(1)))
  63:Drivers/CMSIS/Include/cmsis_gcc.h **** #endif
  64:Drivers/CMSIS/Include/cmsis_gcc.h **** #ifndef   __PACKED_STRUCT
  65:Drivers/CMSIS/Include/cmsis_gcc.h ****   #define __PACKED_STRUCT                        struct __attribute__((packed, aligned(1)))
  66:Drivers/CMSIS/Include/cmsis_gcc.h **** #endif
  67:Drivers/CMSIS/Include/cmsis_gcc.h **** #ifndef   __PACKED_UNION
  68:Drivers/CMSIS/Include/cmsis_gcc.h ****   #define __PACKED_UNION                         union __attribute__((packed, aligned(1)))
  69:Drivers/CMSIS/Include/cmsis_gcc.h **** #endif
  70:Drivers/CMSIS/Include/cmsis_gcc.h **** #ifndef   __UNALIGNED_UINT32        /* deprecated */
  71:Drivers/CMSIS/Include/cmsis_gcc.h ****   #pragma GCC diagnostic push
  72:Drivers/CMSIS/Include/cmsis_gcc.h ****   #pragma GCC diagnostic ignored "-Wpacked"
  73:Drivers/CMSIS/Include/cmsis_gcc.h ****   #pragma GCC diagnostic ignored "-Wattributes"
  74:Drivers/CMSIS/Include/cmsis_gcc.h ****   struct __attribute__((packed)) T_UINT32 { uint32_t v; };
  75:Drivers/CMSIS/Include/cmsis_gcc.h ****   #pragma GCC diagnostic pop
  76:Drivers/CMSIS/Include/cmsis_gcc.h ****   #define __UNALIGNED_UINT32(x)                  (((struct T_UINT32 *)(x))->v)
  77:Drivers/CMSIS/Include/cmsis_gcc.h **** #endif
  78:Drivers/CMSIS/Include/cmsis_gcc.h **** #ifndef   __UNALIGNED_UINT16_WRITE
  79:Drivers/CMSIS/Include/cmsis_gcc.h ****   #pragma GCC diagnostic push
  80:Drivers/CMSIS/Include/cmsis_gcc.h ****   #pragma GCC diagnostic ignored "-Wpacked"
  81:Drivers/CMSIS/Include/cmsis_gcc.h ****   #pragma GCC diagnostic ignored "-Wattributes"
  82:Drivers/CMSIS/Include/cmsis_gcc.h ****   __PACKED_STRUCT T_UINT16_WRITE { uint16_t v; };
  83:Drivers/CMSIS/Include/cmsis_gcc.h ****   #pragma GCC diagnostic pop
  84:Drivers/CMSIS/Include/cmsis_gcc.h ****   #define __UNALIGNED_UINT16_WRITE(addr, val)    (void)((((struct T_UINT16_WRITE *)(void *)(addr))-
  85:Drivers/CMSIS/Include/cmsis_gcc.h **** #endif
ARM GAS  C:\Users\Admin\AppData\Local\Temp\ccbqyJvN.s 			page 6


  86:Drivers/CMSIS/Include/cmsis_gcc.h **** #ifndef   __UNALIGNED_UINT16_READ
  87:Drivers/CMSIS/Include/cmsis_gcc.h ****   #pragma GCC diagnostic push
  88:Drivers/CMSIS/Include/cmsis_gcc.h ****   #pragma GCC diagnostic ignored "-Wpacked"
  89:Drivers/CMSIS/Include/cmsis_gcc.h ****   #pragma GCC diagnostic ignored "-Wattributes"
  90:Drivers/CMSIS/Include/cmsis_gcc.h ****   __PACKED_STRUCT T_UINT16_READ { uint16_t v; };
  91:Drivers/CMSIS/Include/cmsis_gcc.h ****   #pragma GCC diagnostic pop
  92:Drivers/CMSIS/Include/cmsis_gcc.h ****   #define __UNALIGNED_UINT16_READ(addr)          (((const struct T_UINT16_READ *)(const void *)(add
  93:Drivers/CMSIS/Include/cmsis_gcc.h **** #endif
  94:Drivers/CMSIS/Include/cmsis_gcc.h **** #ifndef   __UNALIGNED_UINT32_WRITE
  95:Drivers/CMSIS/Include/cmsis_gcc.h ****   #pragma GCC diagnostic push
  96:Drivers/CMSIS/Include/cmsis_gcc.h ****   #pragma GCC diagnostic ignored "-Wpacked"
  97:Drivers/CMSIS/Include/cmsis_gcc.h ****   #pragma GCC diagnostic ignored "-Wattributes"
  98:Drivers/CMSIS/Include/cmsis_gcc.h ****   __PACKED_STRUCT T_UINT32_WRITE { uint32_t v; };
  99:Drivers/CMSIS/Include/cmsis_gcc.h ****   #pragma GCC diagnostic pop
 100:Drivers/CMSIS/Include/cmsis_gcc.h ****   #define __UNALIGNED_UINT32_WRITE(addr, val)    (void)((((struct T_UINT32_WRITE *)(void *)(addr))-
 101:Drivers/CMSIS/Include/cmsis_gcc.h **** #endif
 102:Drivers/CMSIS/Include/cmsis_gcc.h **** #ifndef   __UNALIGNED_UINT32_READ
 103:Drivers/CMSIS/Include/cmsis_gcc.h ****   #pragma GCC diagnostic push
 104:Drivers/CMSIS/Include/cmsis_gcc.h ****   #pragma GCC diagnostic ignored "-Wpacked"
 105:Drivers/CMSIS/Include/cmsis_gcc.h ****   #pragma GCC diagnostic ignored "-Wattributes"
 106:Drivers/CMSIS/Include/cmsis_gcc.h ****   __PACKED_STRUCT T_UINT32_READ { uint32_t v; };
 107:Drivers/CMSIS/Include/cmsis_gcc.h ****   #pragma GCC diagnostic pop
 108:Drivers/CMSIS/Include/cmsis_gcc.h ****   #define __UNALIGNED_UINT32_READ(addr)          (((const struct T_UINT32_READ *)(const void *)(add
 109:Drivers/CMSIS/Include/cmsis_gcc.h **** #endif
 110:Drivers/CMSIS/Include/cmsis_gcc.h **** #ifndef   __ALIGNED
 111:Drivers/CMSIS/Include/cmsis_gcc.h ****   #define __ALIGNED(x)                           __attribute__((aligned(x)))
 112:Drivers/CMSIS/Include/cmsis_gcc.h **** #endif
 113:Drivers/CMSIS/Include/cmsis_gcc.h **** #ifndef   __RESTRICT
 114:Drivers/CMSIS/Include/cmsis_gcc.h ****   #define __RESTRICT                             __restrict
 115:Drivers/CMSIS/Include/cmsis_gcc.h **** #endif
 116:Drivers/CMSIS/Include/cmsis_gcc.h **** 
 117:Drivers/CMSIS/Include/cmsis_gcc.h **** 
 118:Drivers/CMSIS/Include/cmsis_gcc.h **** /* ###########################  Core Function Access  ########################### */
 119:Drivers/CMSIS/Include/cmsis_gcc.h **** /** \ingroup  CMSIS_Core_FunctionInterface
 120:Drivers/CMSIS/Include/cmsis_gcc.h ****     \defgroup CMSIS_Core_RegAccFunctions CMSIS Core Register Access Functions
 121:Drivers/CMSIS/Include/cmsis_gcc.h ****   @{
 122:Drivers/CMSIS/Include/cmsis_gcc.h ****  */
 123:Drivers/CMSIS/Include/cmsis_gcc.h **** 
 124:Drivers/CMSIS/Include/cmsis_gcc.h **** /**
 125:Drivers/CMSIS/Include/cmsis_gcc.h ****   \brief   Enable IRQ Interrupts
 126:Drivers/CMSIS/Include/cmsis_gcc.h ****   \details Enables IRQ interrupts by clearing the I-bit in the CPSR.
 127:Drivers/CMSIS/Include/cmsis_gcc.h ****            Can only be executed in Privileged modes.
 128:Drivers/CMSIS/Include/cmsis_gcc.h ****  */
 129:Drivers/CMSIS/Include/cmsis_gcc.h **** __STATIC_FORCEINLINE void __enable_irq(void)
 130:Drivers/CMSIS/Include/cmsis_gcc.h **** {
 131:Drivers/CMSIS/Include/cmsis_gcc.h ****   __ASM volatile ("cpsie i" : : : "memory");
 132:Drivers/CMSIS/Include/cmsis_gcc.h **** }
 133:Drivers/CMSIS/Include/cmsis_gcc.h **** 
 134:Drivers/CMSIS/Include/cmsis_gcc.h **** 
 135:Drivers/CMSIS/Include/cmsis_gcc.h **** /**
 136:Drivers/CMSIS/Include/cmsis_gcc.h ****   \brief   Disable IRQ Interrupts
 137:Drivers/CMSIS/Include/cmsis_gcc.h ****   \details Disables IRQ interrupts by setting the I-bit in the CPSR.
 138:Drivers/CMSIS/Include/cmsis_gcc.h ****            Can only be executed in Privileged modes.
 139:Drivers/CMSIS/Include/cmsis_gcc.h ****  */
 140:Drivers/CMSIS/Include/cmsis_gcc.h **** __STATIC_FORCEINLINE void __disable_irq(void)
  37              		.loc 2 140 27 view .LVU2
  38              	.LBB5:
ARM GAS  C:\Users\Admin\AppData\Local\Temp\ccbqyJvN.s 			page 7


 141:Drivers/CMSIS/Include/cmsis_gcc.h **** {
 142:Drivers/CMSIS/Include/cmsis_gcc.h ****   __ASM volatile ("cpsid i" : : : "memory");
  39              		.loc 2 142 3 view .LVU3
  40              		.syntax unified
  41              	@ 142 "Drivers/CMSIS/Include/cmsis_gcc.h" 1
  42 0000 72B6     		cpsid i
  43              	@ 0 "" 2
  44              		.thumb
  45              		.syntax unified
  46              	.L2:
  47              	.LBE5:
  48              	.LBE4:
 166:Core/Src/main.c ****   while (1)
  49              		.loc 1 166 3 discriminator 1 view .LVU4
 167:Core/Src/main.c ****   {
 168:Core/Src/main.c ****   }
  50              		.loc 1 168 3 discriminator 1 view .LVU5
 166:Core/Src/main.c ****   while (1)
  51              		.loc 1 166 9 discriminator 1 view .LVU6
  52 0002 FEE7     		b	.L2
  53              		.cfi_endproc
  54              	.LFE67:
  56              		.section	.text.SystemClock_Config,"ax",%progbits
  57              		.align	1
  58              		.global	SystemClock_Config
  59              		.syntax unified
  60              		.thumb
  61              		.thumb_func
  63              	SystemClock_Config:
  64              	.LFB66:
 114:Core/Src/main.c ****   RCC_OscInitTypeDef RCC_OscInitStruct = {0};
  65              		.loc 1 114 1 view -0
  66              		.cfi_startproc
  67              		@ args = 0, pretend = 0, frame = 80
  68              		@ frame_needed = 0, uses_anonymous_args = 0
  69 0000 00B5     		push	{lr}
  70              	.LCFI0:
  71              		.cfi_def_cfa_offset 4
  72              		.cfi_offset 14, -4
  73 0002 95B0     		sub	sp, sp, #84
  74              	.LCFI1:
  75              		.cfi_def_cfa_offset 88
 115:Core/Src/main.c ****   RCC_ClkInitTypeDef RCC_ClkInitStruct = {0};
  76              		.loc 1 115 3 view .LVU8
 115:Core/Src/main.c ****   RCC_ClkInitTypeDef RCC_ClkInitStruct = {0};
  77              		.loc 1 115 22 is_stmt 0 view .LVU9
  78 0004 2822     		movs	r2, #40
  79 0006 0021     		movs	r1, #0
  80 0008 0DEB0200 		add	r0, sp, r2
  81 000c FFF7FEFF 		bl	memset
  82              	.LVL0:
 116:Core/Src/main.c ****   RCC_PeriphCLKInitTypeDef PeriphClkInit = {0};
  83              		.loc 1 116 3 is_stmt 1 view .LVU10
 116:Core/Src/main.c ****   RCC_PeriphCLKInitTypeDef PeriphClkInit = {0};
  84              		.loc 1 116 22 is_stmt 0 view .LVU11
  85 0010 0023     		movs	r3, #0
  86 0012 0593     		str	r3, [sp, #20]
ARM GAS  C:\Users\Admin\AppData\Local\Temp\ccbqyJvN.s 			page 8


  87 0014 0693     		str	r3, [sp, #24]
  88 0016 0793     		str	r3, [sp, #28]
  89 0018 0893     		str	r3, [sp, #32]
  90 001a 0993     		str	r3, [sp, #36]
 117:Core/Src/main.c **** 
  91              		.loc 1 117 3 is_stmt 1 view .LVU12
 117:Core/Src/main.c **** 
  92              		.loc 1 117 28 is_stmt 0 view .LVU13
  93 001c 0193     		str	r3, [sp, #4]
  94 001e 0293     		str	r3, [sp, #8]
  95 0020 0393     		str	r3, [sp, #12]
  96 0022 0493     		str	r3, [sp, #16]
 122:Core/Src/main.c ****   RCC_OscInitStruct.HSEState = RCC_HSE_ON;
  97              		.loc 1 122 3 is_stmt 1 view .LVU14
 122:Core/Src/main.c ****   RCC_OscInitStruct.HSEState = RCC_HSE_ON;
  98              		.loc 1 122 36 is_stmt 0 view .LVU15
  99 0024 0323     		movs	r3, #3
 100 0026 0A93     		str	r3, [sp, #40]
 123:Core/Src/main.c ****   RCC_OscInitStruct.HSIState = RCC_HSI_ON;
 101              		.loc 1 123 3 is_stmt 1 view .LVU16
 123:Core/Src/main.c ****   RCC_OscInitStruct.HSIState = RCC_HSI_ON;
 102              		.loc 1 123 30 is_stmt 0 view .LVU17
 103 0028 4FF48033 		mov	r3, #65536
 104 002c 0B93     		str	r3, [sp, #44]
 124:Core/Src/main.c ****   RCC_OscInitStruct.HSICalibrationValue = RCC_HSICALIBRATION_DEFAULT;
 105              		.loc 1 124 3 is_stmt 1 view .LVU18
 124:Core/Src/main.c ****   RCC_OscInitStruct.HSICalibrationValue = RCC_HSICALIBRATION_DEFAULT;
 106              		.loc 1 124 30 is_stmt 0 view .LVU19
 107 002e 0123     		movs	r3, #1
 108 0030 0E93     		str	r3, [sp, #56]
 125:Core/Src/main.c ****   RCC_OscInitStruct.PLL.PLLState = RCC_PLL_NONE;
 109              		.loc 1 125 3 is_stmt 1 view .LVU20
 125:Core/Src/main.c ****   RCC_OscInitStruct.PLL.PLLState = RCC_PLL_NONE;
 110              		.loc 1 125 41 is_stmt 0 view .LVU21
 111 0032 1023     		movs	r3, #16
 112 0034 0F93     		str	r3, [sp, #60]
 126:Core/Src/main.c ****   if (HAL_RCC_OscConfig(&RCC_OscInitStruct) != HAL_OK)
 113              		.loc 1 126 3 is_stmt 1 view .LVU22
 127:Core/Src/main.c ****   {
 114              		.loc 1 127 3 view .LVU23
 127:Core/Src/main.c ****   {
 115              		.loc 1 127 7 is_stmt 0 view .LVU24
 116 0036 0AA8     		add	r0, sp, #40
 117 0038 FFF7FEFF 		bl	HAL_RCC_OscConfig
 118              	.LVL1:
 127:Core/Src/main.c ****   {
 119              		.loc 1 127 6 view .LVU25
 120 003c B0B9     		cbnz	r0, .L8
 134:Core/Src/main.c ****                               |RCC_CLOCKTYPE_PCLK1|RCC_CLOCKTYPE_PCLK2;
 121              		.loc 1 134 3 is_stmt 1 view .LVU26
 134:Core/Src/main.c ****                               |RCC_CLOCKTYPE_PCLK1|RCC_CLOCKTYPE_PCLK2;
 122              		.loc 1 134 31 is_stmt 0 view .LVU27
 123 003e 0F23     		movs	r3, #15
 124 0040 0593     		str	r3, [sp, #20]
 136:Core/Src/main.c ****   RCC_ClkInitStruct.AHBCLKDivider = RCC_SYSCLK_DIV1;
 125              		.loc 1 136 3 is_stmt 1 view .LVU28
 136:Core/Src/main.c ****   RCC_ClkInitStruct.AHBCLKDivider = RCC_SYSCLK_DIV1;
ARM GAS  C:\Users\Admin\AppData\Local\Temp\ccbqyJvN.s 			page 9


 126              		.loc 1 136 34 is_stmt 0 view .LVU29
 127 0042 0021     		movs	r1, #0
 128 0044 0691     		str	r1, [sp, #24]
 137:Core/Src/main.c ****   RCC_ClkInitStruct.APB1CLKDivider = RCC_HCLK_DIV1;
 129              		.loc 1 137 3 is_stmt 1 view .LVU30
 137:Core/Src/main.c ****   RCC_ClkInitStruct.APB1CLKDivider = RCC_HCLK_DIV1;
 130              		.loc 1 137 35 is_stmt 0 view .LVU31
 131 0046 0791     		str	r1, [sp, #28]
 138:Core/Src/main.c ****   RCC_ClkInitStruct.APB2CLKDivider = RCC_HCLK_DIV1;
 132              		.loc 1 138 3 is_stmt 1 view .LVU32
 138:Core/Src/main.c ****   RCC_ClkInitStruct.APB2CLKDivider = RCC_HCLK_DIV1;
 133              		.loc 1 138 36 is_stmt 0 view .LVU33
 134 0048 0891     		str	r1, [sp, #32]
 139:Core/Src/main.c **** 
 135              		.loc 1 139 3 is_stmt 1 view .LVU34
 139:Core/Src/main.c **** 
 136              		.loc 1 139 36 is_stmt 0 view .LVU35
 137 004a 0991     		str	r1, [sp, #36]
 141:Core/Src/main.c ****   {
 138              		.loc 1 141 3 is_stmt 1 view .LVU36
 141:Core/Src/main.c ****   {
 139              		.loc 1 141 7 is_stmt 0 view .LVU37
 140 004c 05A8     		add	r0, sp, #20
 141 004e FFF7FEFF 		bl	HAL_RCC_ClockConfig
 142              	.LVL2:
 141:Core/Src/main.c ****   {
 143              		.loc 1 141 6 view .LVU38
 144 0052 68B9     		cbnz	r0, .L9
 145:Core/Src/main.c ****   PeriphClkInit.RTCClockSelection = RCC_RTCCLKSOURCE_HSE_DIV128;
 145              		.loc 1 145 3 is_stmt 1 view .LVU39
 145:Core/Src/main.c ****   PeriphClkInit.RTCClockSelection = RCC_RTCCLKSOURCE_HSE_DIV128;
 146              		.loc 1 145 38 is_stmt 0 view .LVU40
 147 0054 0123     		movs	r3, #1
 148 0056 0193     		str	r3, [sp, #4]
 146:Core/Src/main.c ****   if (HAL_RCCEx_PeriphCLKConfig(&PeriphClkInit) != HAL_OK)
 149              		.loc 1 146 3 is_stmt 1 view .LVU41
 146:Core/Src/main.c ****   if (HAL_RCCEx_PeriphCLKConfig(&PeriphClkInit) != HAL_OK)
 150              		.loc 1 146 35 is_stmt 0 view .LVU42
 151 0058 4FF44073 		mov	r3, #768
 152 005c 0293     		str	r3, [sp, #8]
 147:Core/Src/main.c ****   {
 153              		.loc 1 147 3 is_stmt 1 view .LVU43
 147:Core/Src/main.c ****   {
 154              		.loc 1 147 7 is_stmt 0 view .LVU44
 155 005e 01A8     		add	r0, sp, #4
 156 0060 FFF7FEFF 		bl	HAL_RCCEx_PeriphCLKConfig
 157              	.LVL3:
 147:Core/Src/main.c ****   {
 158              		.loc 1 147 6 view .LVU45
 159 0064 30B9     		cbnz	r0, .L10
 151:Core/Src/main.c **** 
 160              		.loc 1 151 1 view .LVU46
 161 0066 15B0     		add	sp, sp, #84
 162              	.LCFI2:
 163              		.cfi_remember_state
 164              		.cfi_def_cfa_offset 4
 165              		@ sp needed
ARM GAS  C:\Users\Admin\AppData\Local\Temp\ccbqyJvN.s 			page 10


 166 0068 5DF804FB 		ldr	pc, [sp], #4
 167              	.L8:
 168              	.LCFI3:
 169              		.cfi_restore_state
 129:Core/Src/main.c ****   }
 170              		.loc 1 129 5 is_stmt 1 view .LVU47
 171 006c FFF7FEFF 		bl	Error_Handler
 172              	.LVL4:
 173              	.L9:
 143:Core/Src/main.c ****   }
 174              		.loc 1 143 5 view .LVU48
 175 0070 FFF7FEFF 		bl	Error_Handler
 176              	.LVL5:
 177              	.L10:
 149:Core/Src/main.c ****   }
 178              		.loc 1 149 5 view .LVU49
 179 0074 FFF7FEFF 		bl	Error_Handler
 180              	.LVL6:
 181              		.cfi_endproc
 182              	.LFE66:
 184              		.section	.text.main,"ax",%progbits
 185              		.align	1
 186              		.global	main
 187              		.syntax unified
 188              		.thumb
 189              		.thumb_func
 191              	main:
 192              	.LFB65:
  67:Core/Src/main.c ****   /* USER CODE BEGIN 1 */
 193              		.loc 1 67 1 view -0
 194              		.cfi_startproc
 195              		@ Volatile: function does not return.
 196              		@ args = 0, pretend = 0, frame = 0
 197              		@ frame_needed = 0, uses_anonymous_args = 0
 198 0000 08B5     		push	{r3, lr}
 199              	.LCFI4:
 200              		.cfi_def_cfa_offset 8
 201              		.cfi_offset 3, -8
 202              		.cfi_offset 14, -4
  75:Core/Src/main.c **** 
 203              		.loc 1 75 3 view .LVU51
 204 0002 FFF7FEFF 		bl	HAL_Init
 205              	.LVL7:
  82:Core/Src/main.c **** 
 206              		.loc 1 82 3 view .LVU52
 207 0006 FFF7FEFF 		bl	SystemClock_Config
 208              	.LVL8:
  89:Core/Src/main.c ****   MX_RTC_Init();
 209              		.loc 1 89 3 view .LVU53
 210 000a FFF7FEFF 		bl	MX_GPIO_Init
 211              	.LVL9:
  90:Core/Src/main.c ****   MX_USART1_UART_Init();
 212              		.loc 1 90 3 view .LVU54
 213 000e FFF7FEFF 		bl	MX_RTC_Init
 214              	.LVL10:
  91:Core/Src/main.c ****   /* USER CODE BEGIN 2 */
 215              		.loc 1 91 3 view .LVU55
ARM GAS  C:\Users\Admin\AppData\Local\Temp\ccbqyJvN.s 			page 11


 216 0012 FFF7FEFF 		bl	MX_USART1_UART_Init
 217              	.LVL11:
 218              	.L12:
  98:Core/Src/main.c ****   {
 219              		.loc 1 98 3 discriminator 1 view .LVU56
 103:Core/Src/main.c ****     HAL_RTC_GetDate(&hrtc, &sDate, RTC_FORMAT_BIN);
 220              		.loc 1 103 5 discriminator 1 view .LVU57
 221 0016 064C     		ldr	r4, .L14
 222 0018 0022     		movs	r2, #0
 223 001a 0649     		ldr	r1, .L14+4
 224 001c 2046     		mov	r0, r4
 225 001e FFF7FEFF 		bl	HAL_RTC_GetTime
 226              	.LVL12:
 104:Core/Src/main.c ****   }
 227              		.loc 1 104 5 discriminator 1 view .LVU58
 228 0022 0022     		movs	r2, #0
 229 0024 0449     		ldr	r1, .L14+8
 230 0026 2046     		mov	r0, r4
 231 0028 FFF7FEFF 		bl	HAL_RTC_GetDate
 232              	.LVL13:
  98:Core/Src/main.c ****   {
 233              		.loc 1 98 9 discriminator 1 view .LVU59
 234 002c F3E7     		b	.L12
 235              	.L15:
 236 002e 00BF     		.align	2
 237              	.L14:
 238 0030 00000000 		.word	hrtc
 239 0034 00000000 		.word	.LANCHOR0
 240 0038 00000000 		.word	.LANCHOR1
 241              		.cfi_endproc
 242              	.LFE65:
 244              		.global	sDate
 245              		.global	sTime
 246              		.section	.bss.sDate,"aw",%nobits
 247              		.align	2
 248              		.set	.LANCHOR1,. + 0
 251              	sDate:
 252 0000 00000000 		.space	4
 253              		.section	.bss.sTime,"aw",%nobits
 254              		.align	2
 255              		.set	.LANCHOR0,. + 0
 258              	sTime:
 259 0000 000000   		.space	3
 260              		.text
 261              	.Letext0:
 262              		.file 3 "d:\\10 2021.10\\arm-none-eabi\\include\\machine\\_default_types.h"
 263              		.file 4 "d:\\10 2021.10\\arm-none-eabi\\include\\sys\\_stdint.h"
 264              		.file 5 "Drivers/CMSIS/Device/ST/STM32F1xx/Include/stm32f103xb.h"
 265              		.file 6 "Drivers/STM32F1xx_HAL_Driver/Inc/stm32f1xx_hal_def.h"
 266              		.file 7 "Drivers/STM32F1xx_HAL_Driver/Inc/stm32f1xx_hal_rcc.h"
 267              		.file 8 "Drivers/STM32F1xx_HAL_Driver/Inc/stm32f1xx_hal_rcc_ex.h"
 268              		.file 9 "Drivers/STM32F1xx_HAL_Driver/Inc/stm32f1xx_hal_rtc.h"
 269              		.file 10 "Core/Inc/rtc.h"
 270              		.file 11 "Drivers/STM32F1xx_HAL_Driver/Inc/stm32f1xx_hal.h"
 271              		.file 12 "Core/Inc/gpio.h"
 272              		.file 13 "Core/Inc/usart.h"
 273              		.file 14 "<built-in>"
ARM GAS  C:\Users\Admin\AppData\Local\Temp\ccbqyJvN.s 			page 12


ARM GAS  C:\Users\Admin\AppData\Local\Temp\ccbqyJvN.s 			page 13


DEFINED SYMBOLS
                            *ABS*:00000000 main.c
C:\Users\Admin\AppData\Local\Temp\ccbqyJvN.s:18     .text.Error_Handler:00000000 $t
C:\Users\Admin\AppData\Local\Temp\ccbqyJvN.s:24     .text.Error_Handler:00000000 Error_Handler
C:\Users\Admin\AppData\Local\Temp\ccbqyJvN.s:57     .text.SystemClock_Config:00000000 $t
C:\Users\Admin\AppData\Local\Temp\ccbqyJvN.s:63     .text.SystemClock_Config:00000000 SystemClock_Config
C:\Users\Admin\AppData\Local\Temp\ccbqyJvN.s:185    .text.main:00000000 $t
C:\Users\Admin\AppData\Local\Temp\ccbqyJvN.s:191    .text.main:00000000 main
C:\Users\Admin\AppData\Local\Temp\ccbqyJvN.s:238    .text.main:00000030 $d
C:\Users\Admin\AppData\Local\Temp\ccbqyJvN.s:251    .bss.sDate:00000000 sDate
C:\Users\Admin\AppData\Local\Temp\ccbqyJvN.s:258    .bss.sTime:00000000 sTime
C:\Users\Admin\AppData\Local\Temp\ccbqyJvN.s:247    .bss.sDate:00000000 $d
C:\Users\Admin\AppData\Local\Temp\ccbqyJvN.s:254    .bss.sTime:00000000 $d

UNDEFINED SYMBOLS
memset
HAL_RCC_OscConfig
HAL_RCC_ClockConfig
HAL_RCCEx_PeriphCLKConfig
HAL_Init
MX_GPIO_Init
MX_RTC_Init
MX_USART1_UART_Init
HAL_RTC_GetTime
HAL_RTC_GetDate
hrtc
