ARM GAS  C:\Users\Admin\AppData\Local\Temp\cczI7tfh.s 			page 1


   1              		.cpu cortex-m3
   2              		.arch armv7-m
   3              		.fpu softvfp
   4              		.eabi_attribute 20, 1
   5              		.eabi_attribute 21, 1
   6              		.eabi_attribute 23, 3
   7              		.eabi_attribute 24, 1
   8              		.eabi_attribute 25, 1
   9              		.eabi_attribute 26, 1
  10              		.eabi_attribute 30, 1
  11              		.eabi_attribute 34, 1
  12              		.eabi_attribute 18, 4
  13              		.file	"tim.c"
  14              		.text
  15              	.Ltext0:
  16              		.cfi_sections	.debug_frame
  17              		.section	.text.MX_TIM1_Init,"ax",%progbits
  18              		.align	1
  19              		.global	MX_TIM1_Init
  20              		.syntax unified
  21              		.thumb
  22              		.thumb_func
  24              	MX_TIM1_Init:
  25              	.LFB65:
  26              		.file 1 "Core/Src/tim.c"
   1:Core/Src/tim.c **** /* USER CODE BEGIN Header */
   2:Core/Src/tim.c **** /**
   3:Core/Src/tim.c ****   ******************************************************************************
   4:Core/Src/tim.c ****   * @file    tim.c
   5:Core/Src/tim.c ****   * @brief   This file provides code for the configuration
   6:Core/Src/tim.c ****   *          of the TIM instances.
   7:Core/Src/tim.c ****   ******************************************************************************
   8:Core/Src/tim.c ****   * @attention
   9:Core/Src/tim.c ****   *
  10:Core/Src/tim.c ****   * Copyright (c) 2023 STMicroelectronics.
  11:Core/Src/tim.c ****   * All rights reserved.
  12:Core/Src/tim.c ****   *
  13:Core/Src/tim.c ****   * This software is licensed under terms that can be found in the LICENSE file
  14:Core/Src/tim.c ****   * in the root directory of this software component.
  15:Core/Src/tim.c ****   * If no LICENSE file comes with this software, it is provided AS-IS.
  16:Core/Src/tim.c ****   *
  17:Core/Src/tim.c ****   ******************************************************************************
  18:Core/Src/tim.c ****   */
  19:Core/Src/tim.c **** /* USER CODE END Header */
  20:Core/Src/tim.c **** /* Includes ------------------------------------------------------------------*/
  21:Core/Src/tim.c **** #include "tim.h"
  22:Core/Src/tim.c **** 
  23:Core/Src/tim.c **** /* USER CODE BEGIN 0 */
  24:Core/Src/tim.c **** 
  25:Core/Src/tim.c **** /* USER CODE END 0 */
  26:Core/Src/tim.c **** 
  27:Core/Src/tim.c **** TIM_HandleTypeDef htim1;
  28:Core/Src/tim.c **** 
  29:Core/Src/tim.c **** /* TIM1 init function */
  30:Core/Src/tim.c **** void MX_TIM1_Init(void)
  31:Core/Src/tim.c **** {
  27              		.loc 1 31 1 view -0
ARM GAS  C:\Users\Admin\AppData\Local\Temp\cczI7tfh.s 			page 2


  28              		.cfi_startproc
  29              		@ args = 0, pretend = 0, frame = 24
  30              		@ frame_needed = 0, uses_anonymous_args = 0
  31 0000 00B5     		push	{lr}
  32              	.LCFI0:
  33              		.cfi_def_cfa_offset 4
  34              		.cfi_offset 14, -4
  35 0002 87B0     		sub	sp, sp, #28
  36              	.LCFI1:
  37              		.cfi_def_cfa_offset 32
  32:Core/Src/tim.c **** 
  33:Core/Src/tim.c ****   /* USER CODE BEGIN TIM1_Init 0 */
  34:Core/Src/tim.c **** 
  35:Core/Src/tim.c ****   /* USER CODE END TIM1_Init 0 */
  36:Core/Src/tim.c **** 
  37:Core/Src/tim.c ****   TIM_ClockConfigTypeDef sClockSourceConfig = {0};
  38              		.loc 1 37 3 view .LVU1
  39              		.loc 1 37 26 is_stmt 0 view .LVU2
  40 0004 0023     		movs	r3, #0
  41 0006 0293     		str	r3, [sp, #8]
  42 0008 0393     		str	r3, [sp, #12]
  43 000a 0493     		str	r3, [sp, #16]
  44 000c 0593     		str	r3, [sp, #20]
  38:Core/Src/tim.c ****   TIM_MasterConfigTypeDef sMasterConfig = {0};
  45              		.loc 1 38 3 is_stmt 1 view .LVU3
  46              		.loc 1 38 27 is_stmt 0 view .LVU4
  47 000e 0093     		str	r3, [sp]
  48 0010 0193     		str	r3, [sp, #4]
  39:Core/Src/tim.c **** 
  40:Core/Src/tim.c ****   /* USER CODE BEGIN TIM1_Init 1 */
  41:Core/Src/tim.c **** 
  42:Core/Src/tim.c ****   /* USER CODE END TIM1_Init 1 */
  43:Core/Src/tim.c ****   htim1.Instance = TIM1;
  49              		.loc 1 43 3 is_stmt 1 view .LVU5
  50              		.loc 1 43 18 is_stmt 0 view .LVU6
  51 0012 1548     		ldr	r0, .L9
  52 0014 154A     		ldr	r2, .L9+4
  53 0016 0260     		str	r2, [r0]
  44:Core/Src/tim.c ****   htim1.Init.Prescaler = 72-1;
  54              		.loc 1 44 3 is_stmt 1 view .LVU7
  55              		.loc 1 44 24 is_stmt 0 view .LVU8
  56 0018 4722     		movs	r2, #71
  57 001a 4260     		str	r2, [r0, #4]
  45:Core/Src/tim.c ****   htim1.Init.CounterMode = TIM_COUNTERMODE_UP;
  58              		.loc 1 45 3 is_stmt 1 view .LVU9
  59              		.loc 1 45 26 is_stmt 0 view .LVU10
  60 001c 8360     		str	r3, [r0, #8]
  46:Core/Src/tim.c ****   htim1.Init.Period = 65535;
  61              		.loc 1 46 3 is_stmt 1 view .LVU11
  62              		.loc 1 46 21 is_stmt 0 view .LVU12
  63 001e 4FF6FF72 		movw	r2, #65535
  64 0022 C260     		str	r2, [r0, #12]
  47:Core/Src/tim.c ****   htim1.Init.ClockDivision = TIM_CLOCKDIVISION_DIV1;
  65              		.loc 1 47 3 is_stmt 1 view .LVU13
  66              		.loc 1 47 28 is_stmt 0 view .LVU14
  67 0024 0361     		str	r3, [r0, #16]
  48:Core/Src/tim.c ****   htim1.Init.RepetitionCounter = 0;
ARM GAS  C:\Users\Admin\AppData\Local\Temp\cczI7tfh.s 			page 3


  68              		.loc 1 48 3 is_stmt 1 view .LVU15
  69              		.loc 1 48 32 is_stmt 0 view .LVU16
  70 0026 4361     		str	r3, [r0, #20]
  49:Core/Src/tim.c ****   htim1.Init.AutoReloadPreload = TIM_AUTORELOAD_PRELOAD_DISABLE;
  71              		.loc 1 49 3 is_stmt 1 view .LVU17
  72              		.loc 1 49 32 is_stmt 0 view .LVU18
  73 0028 8361     		str	r3, [r0, #24]
  50:Core/Src/tim.c ****   if (HAL_TIM_Base_Init(&htim1) != HAL_OK)
  74              		.loc 1 50 3 is_stmt 1 view .LVU19
  75              		.loc 1 50 7 is_stmt 0 view .LVU20
  76 002a FFF7FEFF 		bl	HAL_TIM_Base_Init
  77              	.LVL0:
  78              		.loc 1 50 6 view .LVU21
  79 002e 90B9     		cbnz	r0, .L6
  80              	.L2:
  51:Core/Src/tim.c ****   {
  52:Core/Src/tim.c ****     Error_Handler();
  53:Core/Src/tim.c ****   }
  54:Core/Src/tim.c ****   sClockSourceConfig.ClockSource = TIM_CLOCKSOURCE_INTERNAL;
  81              		.loc 1 54 3 is_stmt 1 view .LVU22
  82              		.loc 1 54 34 is_stmt 0 view .LVU23
  83 0030 4FF48053 		mov	r3, #4096
  84 0034 0293     		str	r3, [sp, #8]
  55:Core/Src/tim.c ****   if (HAL_TIM_ConfigClockSource(&htim1, &sClockSourceConfig) != HAL_OK)
  85              		.loc 1 55 3 is_stmt 1 view .LVU24
  86              		.loc 1 55 7 is_stmt 0 view .LVU25
  87 0036 02A9     		add	r1, sp, #8
  88 0038 0B48     		ldr	r0, .L9
  89 003a FFF7FEFF 		bl	HAL_TIM_ConfigClockSource
  90              	.LVL1:
  91              		.loc 1 55 6 view .LVU26
  92 003e 68B9     		cbnz	r0, .L7
  93              	.L3:
  56:Core/Src/tim.c ****   {
  57:Core/Src/tim.c ****     Error_Handler();
  58:Core/Src/tim.c ****   }
  59:Core/Src/tim.c ****   sMasterConfig.MasterOutputTrigger = TIM_TRGO_RESET;
  94              		.loc 1 59 3 is_stmt 1 view .LVU27
  95              		.loc 1 59 37 is_stmt 0 view .LVU28
  96 0040 0023     		movs	r3, #0
  97 0042 0093     		str	r3, [sp]
  60:Core/Src/tim.c ****   sMasterConfig.MasterSlaveMode = TIM_MASTERSLAVEMODE_DISABLE;
  98              		.loc 1 60 3 is_stmt 1 view .LVU29
  99              		.loc 1 60 33 is_stmt 0 view .LVU30
 100 0044 0193     		str	r3, [sp, #4]
  61:Core/Src/tim.c ****   if (HAL_TIMEx_MasterConfigSynchronization(&htim1, &sMasterConfig) != HAL_OK)
 101              		.loc 1 61 3 is_stmt 1 view .LVU31
 102              		.loc 1 61 7 is_stmt 0 view .LVU32
 103 0046 6946     		mov	r1, sp
 104 0048 0748     		ldr	r0, .L9
 105 004a FFF7FEFF 		bl	HAL_TIMEx_MasterConfigSynchronization
 106              	.LVL2:
 107              		.loc 1 61 6 view .LVU33
 108 004e 40B9     		cbnz	r0, .L8
 109              	.L1:
  62:Core/Src/tim.c ****   {
  63:Core/Src/tim.c ****     Error_Handler();
ARM GAS  C:\Users\Admin\AppData\Local\Temp\cczI7tfh.s 			page 4


  64:Core/Src/tim.c ****   }
  65:Core/Src/tim.c ****   /* USER CODE BEGIN TIM1_Init 2 */
  66:Core/Src/tim.c **** 
  67:Core/Src/tim.c ****   /* USER CODE END TIM1_Init 2 */
  68:Core/Src/tim.c **** 
  69:Core/Src/tim.c **** }
 110              		.loc 1 69 1 view .LVU34
 111 0050 07B0     		add	sp, sp, #28
 112              	.LCFI2:
 113              		.cfi_remember_state
 114              		.cfi_def_cfa_offset 4
 115              		@ sp needed
 116 0052 5DF804FB 		ldr	pc, [sp], #4
 117              	.L6:
 118              	.LCFI3:
 119              		.cfi_restore_state
  52:Core/Src/tim.c ****   }
 120              		.loc 1 52 5 is_stmt 1 view .LVU35
 121 0056 FFF7FEFF 		bl	Error_Handler
 122              	.LVL3:
 123 005a E9E7     		b	.L2
 124              	.L7:
  57:Core/Src/tim.c ****   }
 125              		.loc 1 57 5 view .LVU36
 126 005c FFF7FEFF 		bl	Error_Handler
 127              	.LVL4:
 128 0060 EEE7     		b	.L3
 129              	.L8:
  63:Core/Src/tim.c ****   }
 130              		.loc 1 63 5 view .LVU37
 131 0062 FFF7FEFF 		bl	Error_Handler
 132              	.LVL5:
 133              		.loc 1 69 1 is_stmt 0 view .LVU38
 134 0066 F3E7     		b	.L1
 135              	.L10:
 136              		.align	2
 137              	.L9:
 138 0068 00000000 		.word	.LANCHOR0
 139 006c 002C0140 		.word	1073818624
 140              		.cfi_endproc
 141              	.LFE65:
 143              		.section	.text.HAL_TIM_Base_MspInit,"ax",%progbits
 144              		.align	1
 145              		.global	HAL_TIM_Base_MspInit
 146              		.syntax unified
 147              		.thumb
 148              		.thumb_func
 150              	HAL_TIM_Base_MspInit:
 151              	.LVL6:
 152              	.LFB66:
  70:Core/Src/tim.c **** 
  71:Core/Src/tim.c **** void HAL_TIM_Base_MspInit(TIM_HandleTypeDef* tim_baseHandle)
  72:Core/Src/tim.c **** {
 153              		.loc 1 72 1 is_stmt 1 view -0
 154              		.cfi_startproc
 155              		@ args = 0, pretend = 0, frame = 8
 156              		@ frame_needed = 0, uses_anonymous_args = 0
ARM GAS  C:\Users\Admin\AppData\Local\Temp\cczI7tfh.s 			page 5


 157              		@ link register save eliminated.
  73:Core/Src/tim.c **** 
  74:Core/Src/tim.c ****   if(tim_baseHandle->Instance==TIM1)
 158              		.loc 1 74 3 view .LVU40
 159              		.loc 1 74 20 is_stmt 0 view .LVU41
 160 0000 0268     		ldr	r2, [r0]
 161              		.loc 1 74 5 view .LVU42
 162 0002 094B     		ldr	r3, .L18
 163 0004 9A42     		cmp	r2, r3
 164 0006 00D0     		beq	.L17
 165 0008 7047     		bx	lr
 166              	.L17:
  72:Core/Src/tim.c **** 
 167              		.loc 1 72 1 view .LVU43
 168 000a 82B0     		sub	sp, sp, #8
 169              	.LCFI4:
 170              		.cfi_def_cfa_offset 8
  75:Core/Src/tim.c ****   {
  76:Core/Src/tim.c ****   /* USER CODE BEGIN TIM1_MspInit 0 */
  77:Core/Src/tim.c **** 
  78:Core/Src/tim.c ****   /* USER CODE END TIM1_MspInit 0 */
  79:Core/Src/tim.c ****     /* TIM1 clock enable */
  80:Core/Src/tim.c ****     __HAL_RCC_TIM1_CLK_ENABLE();
 171              		.loc 1 80 5 is_stmt 1 view .LVU44
 172              	.LBB2:
 173              		.loc 1 80 5 view .LVU45
 174              		.loc 1 80 5 view .LVU46
 175 000c 03F56443 		add	r3, r3, #58368
 176 0010 9A69     		ldr	r2, [r3, #24]
 177 0012 42F40062 		orr	r2, r2, #2048
 178 0016 9A61     		str	r2, [r3, #24]
 179              		.loc 1 80 5 view .LVU47
 180 0018 9B69     		ldr	r3, [r3, #24]
 181 001a 03F40063 		and	r3, r3, #2048
 182 001e 0193     		str	r3, [sp, #4]
 183              		.loc 1 80 5 view .LVU48
 184 0020 019B     		ldr	r3, [sp, #4]
 185              	.LBE2:
 186              		.loc 1 80 5 view .LVU49
  81:Core/Src/tim.c ****   /* USER CODE BEGIN TIM1_MspInit 1 */
  82:Core/Src/tim.c **** 
  83:Core/Src/tim.c ****   /* USER CODE END TIM1_MspInit 1 */
  84:Core/Src/tim.c ****   }
  85:Core/Src/tim.c **** }
 187              		.loc 1 85 1 is_stmt 0 view .LVU50
 188 0022 02B0     		add	sp, sp, #8
 189              	.LCFI5:
 190              		.cfi_def_cfa_offset 0
 191              		@ sp needed
 192 0024 7047     		bx	lr
 193              	.L19:
 194 0026 00BF     		.align	2
 195              	.L18:
 196 0028 002C0140 		.word	1073818624
 197              		.cfi_endproc
 198              	.LFE66:
 200              		.section	.text.HAL_TIM_Base_MspDeInit,"ax",%progbits
ARM GAS  C:\Users\Admin\AppData\Local\Temp\cczI7tfh.s 			page 6


 201              		.align	1
 202              		.global	HAL_TIM_Base_MspDeInit
 203              		.syntax unified
 204              		.thumb
 205              		.thumb_func
 207              	HAL_TIM_Base_MspDeInit:
 208              	.LVL7:
 209              	.LFB67:
  86:Core/Src/tim.c **** 
  87:Core/Src/tim.c **** void HAL_TIM_Base_MspDeInit(TIM_HandleTypeDef* tim_baseHandle)
  88:Core/Src/tim.c **** {
 210              		.loc 1 88 1 is_stmt 1 view -0
 211              		.cfi_startproc
 212              		@ args = 0, pretend = 0, frame = 0
 213              		@ frame_needed = 0, uses_anonymous_args = 0
 214              		@ link register save eliminated.
  89:Core/Src/tim.c **** 
  90:Core/Src/tim.c ****   if(tim_baseHandle->Instance==TIM1)
 215              		.loc 1 90 3 view .LVU52
 216              		.loc 1 90 20 is_stmt 0 view .LVU53
 217 0000 0268     		ldr	r2, [r0]
 218              		.loc 1 90 5 view .LVU54
 219 0002 054B     		ldr	r3, .L23
 220 0004 9A42     		cmp	r2, r3
 221 0006 00D0     		beq	.L22
 222              	.L20:
  91:Core/Src/tim.c ****   {
  92:Core/Src/tim.c ****   /* USER CODE BEGIN TIM1_MspDeInit 0 */
  93:Core/Src/tim.c **** 
  94:Core/Src/tim.c ****   /* USER CODE END TIM1_MspDeInit 0 */
  95:Core/Src/tim.c ****     /* Peripheral clock disable */
  96:Core/Src/tim.c ****     __HAL_RCC_TIM1_CLK_DISABLE();
  97:Core/Src/tim.c ****   /* USER CODE BEGIN TIM1_MspDeInit 1 */
  98:Core/Src/tim.c **** 
  99:Core/Src/tim.c ****   /* USER CODE END TIM1_MspDeInit 1 */
 100:Core/Src/tim.c ****   }
 101:Core/Src/tim.c **** }
 223              		.loc 1 101 1 view .LVU55
 224 0008 7047     		bx	lr
 225              	.L22:
  96:Core/Src/tim.c ****   /* USER CODE BEGIN TIM1_MspDeInit 1 */
 226              		.loc 1 96 5 is_stmt 1 view .LVU56
 227 000a 044A     		ldr	r2, .L23+4
 228 000c 9369     		ldr	r3, [r2, #24]
 229 000e 23F40063 		bic	r3, r3, #2048
 230 0012 9361     		str	r3, [r2, #24]
 231              		.loc 1 101 1 is_stmt 0 view .LVU57
 232 0014 F8E7     		b	.L20
 233              	.L24:
 234 0016 00BF     		.align	2
 235              	.L23:
 236 0018 002C0140 		.word	1073818624
 237 001c 00100240 		.word	1073876992
 238              		.cfi_endproc
 239              	.LFE67:
 241              		.global	htim1
 242              		.section	.bss.htim1,"aw",%nobits
ARM GAS  C:\Users\Admin\AppData\Local\Temp\cczI7tfh.s 			page 7


 243              		.align	2
 244              		.set	.LANCHOR0,. + 0
 247              	htim1:
 248 0000 00000000 		.space	72
 248      00000000 
 248      00000000 
 248      00000000 
 248      00000000 
 249              		.text
 250              	.Letext0:
 251              		.file 2 "d:\\10 2021.10\\arm-none-eabi\\include\\machine\\_default_types.h"
 252              		.file 3 "d:\\10 2021.10\\arm-none-eabi\\include\\sys\\_stdint.h"
 253              		.file 4 "Drivers/CMSIS/Device/ST/STM32F1xx/Include/stm32f103xb.h"
 254              		.file 5 "Drivers/STM32F1xx_HAL_Driver/Inc/stm32f1xx_hal_def.h"
 255              		.file 6 "Drivers/STM32F1xx_HAL_Driver/Inc/stm32f1xx_hal_dma.h"
 256              		.file 7 "Drivers/STM32F1xx_HAL_Driver/Inc/stm32f1xx_hal_tim.h"
 257              		.file 8 "Drivers/STM32F1xx_HAL_Driver/Inc/stm32f1xx_hal_tim_ex.h"
 258              		.file 9 "Core/Inc/main.h"
 259              		.file 10 "Core/Inc/tim.h"
ARM GAS  C:\Users\Admin\AppData\Local\Temp\cczI7tfh.s 			page 8


DEFINED SYMBOLS
                            *ABS*:00000000 tim.c
C:\Users\Admin\AppData\Local\Temp\cczI7tfh.s:18     .text.MX_TIM1_Init:00000000 $t
C:\Users\Admin\AppData\Local\Temp\cczI7tfh.s:24     .text.MX_TIM1_Init:00000000 MX_TIM1_Init
C:\Users\Admin\AppData\Local\Temp\cczI7tfh.s:138    .text.MX_TIM1_Init:00000068 $d
C:\Users\Admin\AppData\Local\Temp\cczI7tfh.s:144    .text.HAL_TIM_Base_MspInit:00000000 $t
C:\Users\Admin\AppData\Local\Temp\cczI7tfh.s:150    .text.HAL_TIM_Base_MspInit:00000000 HAL_TIM_Base_MspInit
C:\Users\Admin\AppData\Local\Temp\cczI7tfh.s:196    .text.HAL_TIM_Base_MspInit:00000028 $d
C:\Users\Admin\AppData\Local\Temp\cczI7tfh.s:201    .text.HAL_TIM_Base_MspDeInit:00000000 $t
C:\Users\Admin\AppData\Local\Temp\cczI7tfh.s:207    .text.HAL_TIM_Base_MspDeInit:00000000 HAL_TIM_Base_MspDeInit
C:\Users\Admin\AppData\Local\Temp\cczI7tfh.s:236    .text.HAL_TIM_Base_MspDeInit:00000018 $d
C:\Users\Admin\AppData\Local\Temp\cczI7tfh.s:247    .bss.htim1:00000000 htim1
C:\Users\Admin\AppData\Local\Temp\cczI7tfh.s:243    .bss.htim1:00000000 $d

UNDEFINED SYMBOLS
HAL_TIM_Base_Init
HAL_TIM_ConfigClockSource
HAL_TIMEx_MasterConfigSynchronization
Error_Handler
