ARM GAS  C:\Users\Admin\AppData\Local\Temp\cckU1ol5.s 			page 1


   1              		.cpu cortex-m3
   2              		.arch armv7-m
   3              		.fpu softvfp
   4              		.eabi_attribute 20, 1
   5              		.eabi_attribute 21, 1
   6              		.eabi_attribute 23, 3
   7              		.eabi_attribute 24, 1
   8              		.eabi_attribute 25, 1
   9              		.eabi_attribute 26, 1
  10              		.eabi_attribute 30, 1
  11              		.eabi_attribute 34, 1
  12              		.eabi_attribute 18, 4
  13              		.file	"gpio.c"
  14              		.text
  15              	.Ltext0:
  16              		.cfi_sections	.debug_frame
  17              		.section	.text.MX_GPIO_Init,"ax",%progbits
  18              		.align	1
  19              		.global	MX_GPIO_Init
  20              		.syntax unified
  21              		.thumb
  22              		.thumb_func
  24              	MX_GPIO_Init:
  25              	.LFB65:
  26              		.file 1 "Core/Src/gpio.c"
   1:Core/Src/gpio.c **** /* USER CODE BEGIN Header */
   2:Core/Src/gpio.c **** /**
   3:Core/Src/gpio.c ****   ******************************************************************************
   4:Core/Src/gpio.c ****   * @file    gpio.c
   5:Core/Src/gpio.c ****   * @brief   This file provides code for the configuration
   6:Core/Src/gpio.c ****   *          of all used GPIO pins.
   7:Core/Src/gpio.c ****   ******************************************************************************
   8:Core/Src/gpio.c ****   * @attention
   9:Core/Src/gpio.c ****   *
  10:Core/Src/gpio.c ****   * Copyright (c) 2022 STMicroelectronics.
  11:Core/Src/gpio.c ****   * All rights reserved.
  12:Core/Src/gpio.c ****   *
  13:Core/Src/gpio.c ****   * This software is licensed under terms that can be found in the LICENSE file
  14:Core/Src/gpio.c ****   * in the root directory of this software component.
  15:Core/Src/gpio.c ****   * If no LICENSE file comes with this software, it is provided AS-IS.
  16:Core/Src/gpio.c ****   *
  17:Core/Src/gpio.c ****   ******************************************************************************
  18:Core/Src/gpio.c ****   */
  19:Core/Src/gpio.c **** /* USER CODE END Header */
  20:Core/Src/gpio.c **** 
  21:Core/Src/gpio.c **** /* Includes ------------------------------------------------------------------*/
  22:Core/Src/gpio.c **** #include "gpio.h"
  23:Core/Src/gpio.c **** 
  24:Core/Src/gpio.c **** /* USER CODE BEGIN 0 */
  25:Core/Src/gpio.c **** 
  26:Core/Src/gpio.c **** /* USER CODE END 0 */
  27:Core/Src/gpio.c **** 
  28:Core/Src/gpio.c **** /*----------------------------------------------------------------------------*/
  29:Core/Src/gpio.c **** /* Configure GPIO                                                             */
  30:Core/Src/gpio.c **** /*----------------------------------------------------------------------------*/
  31:Core/Src/gpio.c **** /* USER CODE BEGIN 1 */
  32:Core/Src/gpio.c **** 
ARM GAS  C:\Users\Admin\AppData\Local\Temp\cckU1ol5.s 			page 2


  33:Core/Src/gpio.c **** /* USER CODE END 1 */
  34:Core/Src/gpio.c **** 
  35:Core/Src/gpio.c **** /** Configure pins as
  36:Core/Src/gpio.c ****         * Analog
  37:Core/Src/gpio.c ****         * Input
  38:Core/Src/gpio.c ****         * Output
  39:Core/Src/gpio.c ****         * EVENT_OUT
  40:Core/Src/gpio.c ****         * EXTI
  41:Core/Src/gpio.c **** */
  42:Core/Src/gpio.c **** void MX_GPIO_Init(void)
  43:Core/Src/gpio.c **** {
  27              		.loc 1 43 1 view -0
  28              		.cfi_startproc
  29              		@ args = 0, pretend = 0, frame = 24
  30              		@ frame_needed = 0, uses_anonymous_args = 0
  31 0000 70B5     		push	{r4, r5, r6, lr}
  32              	.LCFI0:
  33              		.cfi_def_cfa_offset 16
  34              		.cfi_offset 4, -16
  35              		.cfi_offset 5, -12
  36              		.cfi_offset 6, -8
  37              		.cfi_offset 14, -4
  38 0002 86B0     		sub	sp, sp, #24
  39              	.LCFI1:
  40              		.cfi_def_cfa_offset 40
  44:Core/Src/gpio.c **** 
  45:Core/Src/gpio.c ****   GPIO_InitTypeDef GPIO_InitStruct = {0};
  41              		.loc 1 45 3 view .LVU1
  42              		.loc 1 45 20 is_stmt 0 view .LVU2
  43 0004 0024     		movs	r4, #0
  44 0006 0294     		str	r4, [sp, #8]
  45 0008 0394     		str	r4, [sp, #12]
  46 000a 0494     		str	r4, [sp, #16]
  47 000c 0594     		str	r4, [sp, #20]
  46:Core/Src/gpio.c **** 
  47:Core/Src/gpio.c ****   /* GPIO Ports Clock Enable */
  48:Core/Src/gpio.c ****   __HAL_RCC_GPIOC_CLK_ENABLE();
  48              		.loc 1 48 3 is_stmt 1 view .LVU3
  49              	.LBB2:
  50              		.loc 1 48 3 view .LVU4
  51              		.loc 1 48 3 view .LVU5
  52 000e 1C4B     		ldr	r3, .L3
  53 0010 9A69     		ldr	r2, [r3, #24]
  54 0012 42F01002 		orr	r2, r2, #16
  55 0016 9A61     		str	r2, [r3, #24]
  56              		.loc 1 48 3 view .LVU6
  57 0018 9A69     		ldr	r2, [r3, #24]
  58 001a 02F01002 		and	r2, r2, #16
  59 001e 0092     		str	r2, [sp]
  60              		.loc 1 48 3 view .LVU7
  61 0020 009A     		ldr	r2, [sp]
  62              	.LBE2:
  63              		.loc 1 48 3 view .LVU8
  49:Core/Src/gpio.c ****   __HAL_RCC_GPIOA_CLK_ENABLE();
  64              		.loc 1 49 3 view .LVU9
  65              	.LBB3:
  66              		.loc 1 49 3 view .LVU10
ARM GAS  C:\Users\Admin\AppData\Local\Temp\cckU1ol5.s 			page 3


  67              		.loc 1 49 3 view .LVU11
  68 0022 9A69     		ldr	r2, [r3, #24]
  69 0024 42F00402 		orr	r2, r2, #4
  70 0028 9A61     		str	r2, [r3, #24]
  71              		.loc 1 49 3 view .LVU12
  72 002a 9B69     		ldr	r3, [r3, #24]
  73 002c 03F00403 		and	r3, r3, #4
  74 0030 0193     		str	r3, [sp, #4]
  75              		.loc 1 49 3 view .LVU13
  76 0032 019B     		ldr	r3, [sp, #4]
  77              	.LBE3:
  78              		.loc 1 49 3 view .LVU14
  50:Core/Src/gpio.c **** 
  51:Core/Src/gpio.c ****   /*Configure GPIO pin Output Level */
  52:Core/Src/gpio.c ****   HAL_GPIO_WritePin(GPIOC, GPIO_PIN_13|GPIO_PIN_14, GPIO_PIN_RESET);
  79              		.loc 1 52 3 view .LVU15
  80 0034 134E     		ldr	r6, .L3+4
  81 0036 2246     		mov	r2, r4
  82 0038 4FF4C041 		mov	r1, #24576
  83 003c 3046     		mov	r0, r6
  84 003e FFF7FEFF 		bl	HAL_GPIO_WritePin
  85              	.LVL0:
  53:Core/Src/gpio.c **** 
  54:Core/Src/gpio.c ****   /*Configure GPIO pins : PC13 PC14 */
  55:Core/Src/gpio.c ****   GPIO_InitStruct.Pin = GPIO_PIN_13|GPIO_PIN_14;
  86              		.loc 1 55 3 view .LVU16
  87              		.loc 1 55 23 is_stmt 0 view .LVU17
  88 0042 4FF4C043 		mov	r3, #24576
  89 0046 0293     		str	r3, [sp, #8]
  56:Core/Src/gpio.c ****   GPIO_InitStruct.Mode = GPIO_MODE_OUTPUT_PP;
  90              		.loc 1 56 3 is_stmt 1 view .LVU18
  91              		.loc 1 56 24 is_stmt 0 view .LVU19
  92 0048 0125     		movs	r5, #1
  93 004a 0395     		str	r5, [sp, #12]
  57:Core/Src/gpio.c ****   GPIO_InitStruct.Pull = GPIO_NOPULL;
  94              		.loc 1 57 3 is_stmt 1 view .LVU20
  95              		.loc 1 57 24 is_stmt 0 view .LVU21
  96 004c 0494     		str	r4, [sp, #16]
  58:Core/Src/gpio.c ****   GPIO_InitStruct.Speed = GPIO_SPEED_FREQ_LOW;
  97              		.loc 1 58 3 is_stmt 1 view .LVU22
  98              		.loc 1 58 25 is_stmt 0 view .LVU23
  99 004e 0223     		movs	r3, #2
 100 0050 0593     		str	r3, [sp, #20]
  59:Core/Src/gpio.c ****   HAL_GPIO_Init(GPIOC, &GPIO_InitStruct);
 101              		.loc 1 59 3 is_stmt 1 view .LVU24
 102 0052 02A9     		add	r1, sp, #8
 103 0054 3046     		mov	r0, r6
 104 0056 FFF7FEFF 		bl	HAL_GPIO_Init
 105              	.LVL1:
  60:Core/Src/gpio.c **** 
  61:Core/Src/gpio.c ****   /*Configure GPIO pin : PA0 */
  62:Core/Src/gpio.c ****   GPIO_InitStruct.Pin = GPIO_PIN_0;
 106              		.loc 1 62 3 view .LVU25
 107              		.loc 1 62 23 is_stmt 0 view .LVU26
 108 005a 0295     		str	r5, [sp, #8]
  63:Core/Src/gpio.c ****   GPIO_InitStruct.Mode = GPIO_MODE_IT_FALLING;
 109              		.loc 1 63 3 is_stmt 1 view .LVU27
ARM GAS  C:\Users\Admin\AppData\Local\Temp\cckU1ol5.s 			page 4


 110              		.loc 1 63 24 is_stmt 0 view .LVU28
 111 005c 0A4B     		ldr	r3, .L3+8
 112 005e 0393     		str	r3, [sp, #12]
  64:Core/Src/gpio.c ****   GPIO_InitStruct.Pull = GPIO_PULLUP;
 113              		.loc 1 64 3 is_stmt 1 view .LVU29
 114              		.loc 1 64 24 is_stmt 0 view .LVU30
 115 0060 0495     		str	r5, [sp, #16]
  65:Core/Src/gpio.c ****   HAL_GPIO_Init(GPIOA, &GPIO_InitStruct);
 116              		.loc 1 65 3 is_stmt 1 view .LVU31
 117 0062 02A9     		add	r1, sp, #8
 118 0064 0948     		ldr	r0, .L3+12
 119 0066 FFF7FEFF 		bl	HAL_GPIO_Init
 120              	.LVL2:
  66:Core/Src/gpio.c **** 
  67:Core/Src/gpio.c ****   /* EXTI interrupt init*/
  68:Core/Src/gpio.c ****   HAL_NVIC_SetPriority(EXTI0_IRQn, 1, 0);
 121              		.loc 1 68 3 view .LVU32
 122 006a 2246     		mov	r2, r4
 123 006c 2946     		mov	r1, r5
 124 006e 0620     		movs	r0, #6
 125 0070 FFF7FEFF 		bl	HAL_NVIC_SetPriority
 126              	.LVL3:
  69:Core/Src/gpio.c ****   HAL_NVIC_EnableIRQ(EXTI0_IRQn);
 127              		.loc 1 69 3 view .LVU33
 128 0074 0620     		movs	r0, #6
 129 0076 FFF7FEFF 		bl	HAL_NVIC_EnableIRQ
 130              	.LVL4:
  70:Core/Src/gpio.c **** 
  71:Core/Src/gpio.c **** }
 131              		.loc 1 71 1 is_stmt 0 view .LVU34
 132 007a 06B0     		add	sp, sp, #24
 133              	.LCFI2:
 134              		.cfi_def_cfa_offset 16
 135              		@ sp needed
 136 007c 70BD     		pop	{r4, r5, r6, pc}
 137              	.L4:
 138 007e 00BF     		.align	2
 139              	.L3:
 140 0080 00100240 		.word	1073876992
 141 0084 00100140 		.word	1073811456
 142 0088 00002110 		.word	270598144
 143 008c 00080140 		.word	1073809408
 144              		.cfi_endproc
 145              	.LFE65:
 147              		.text
 148              	.Letext0:
 149              		.file 2 "d:\\10 2021.10\\arm-none-eabi\\include\\machine\\_default_types.h"
 150              		.file 3 "d:\\10 2021.10\\arm-none-eabi\\include\\sys\\_stdint.h"
 151              		.file 4 "Drivers/CMSIS/Device/ST/STM32F1xx/Include/stm32f103xb.h"
 152              		.file 5 "Drivers/STM32F1xx_HAL_Driver/Inc/stm32f1xx_hal_gpio.h"
 153              		.file 6 "Drivers/STM32F1xx_HAL_Driver/Inc/stm32f1xx_hal_cortex.h"
ARM GAS  C:\Users\Admin\AppData\Local\Temp\cckU1ol5.s 			page 5


DEFINED SYMBOLS
                            *ABS*:00000000 gpio.c
C:\Users\Admin\AppData\Local\Temp\cckU1ol5.s:18     .text.MX_GPIO_Init:00000000 $t
C:\Users\Admin\AppData\Local\Temp\cckU1ol5.s:24     .text.MX_GPIO_Init:00000000 MX_GPIO_Init
C:\Users\Admin\AppData\Local\Temp\cckU1ol5.s:140    .text.MX_GPIO_Init:00000080 $d

UNDEFINED SYMBOLS
HAL_GPIO_WritePin
HAL_GPIO_Init
HAL_NVIC_SetPriority
HAL_NVIC_EnableIRQ
